NIQAdNpGHwSsCEdBIo1UamLNyvtPWbqywF92CWuKiv1VyjIoMoTxGFyNhJJo/WO99dc4sYqNDuQhg7l8TUef2L/837JRkYVjLo8aW6cFYbQa
zOwsC6zC5YISB4X226oymvlwwgb8JdZY4irifMFq1PMIPn9Y03kB8ZihUpYeo5RTaaQ7EjFkC0FJCdIpfj4XnI/QUFtu/y4sdWZS3nSMpkWAz3k3oYSSxMIWqv3Oy++U8NXa6Sr0i1cdO1FX2OcYO3mVTPsBcOe/CR0yfj4jZKlpko8Ur7M6R8jyIVGpmyhkZR2sIZxptBi/0oNGTYZObZggPijrsUnw+/vsBNWbNUzRL+uYi1TDQl0JscN691YLGy31tI4=
qx5Ywb1XyEw47PX+yspWcflwwgb8JdZY4irifMFq1PMIPn9Y03kB8ZihUpYeo5RTaaQ7EjFkC0FJCdIpfj4XnI/QUFtu/y4sdWZS3nSMpkWAz3k3oYSSxMIWqv3Oy++U8NXa6Sr0i1cdO1FX2OcYO3mVTPsBcOe/CR0yfj4jZKlpko8Ur7M6R8jyIVGpmyhkZR2sIZxptBi/0oNGTYZObZggPijrsUnw+/vsBNWbNUzRL+qYi1TDQl0JscN691YLGy31tI4=
+NfvJOukHUxxZKhwkCoGkd/4242Yog+Y1FQMv6lj2N23iAxpRuYQl1yK3XQIqlWXz9wKmm7+Kwzr1eHHH5AncLQJ
RGKwPwb5emdSfov7unl+pE3yyBl1S86ohTwFQ48LXr6TvbozxmOTFRoS7LBgSvXE2t82QIGh4/vcOn2kSFo1h8/M6uqurou8ayWBF1+gB2C0GQ==
9FbuuJNP1FM2ByGUt9e7+JwFinpShUtEvq4hDSOE/4nRUkElUpK3nMVBh6C58gJnOILtBiBPQPjTQ6t6c0OPXc7Z4sQ9i71sqX/ZH3OEeyLVGRkDkkdea0MdbbQW
C+IIsauxo9jr0+gpeJpKAiofg7d6/hliED4MWyvL4NAOT3mBjHjJ3trEDWZhzSvPnMItDOgyxRxPVJoCDgZbxKsd0f8/iDd4tAE=
f9mkseW7cHFFFDhLQsS+miwfg7d6/hliED4MWyvL4NAOT3mBjHjJ3trEDWZhzSvPnMItDOgyxRxPVJoCDgZbxKsd0f8/iDd4tAE=
gaRalydc1DCcFC/sM0hlNy8fg7d6/hliED4MWyvL4NAOT3mBjHjJ3trEDWZhzSvPnMItDOgyxRxPVJoCDgZbxKsd0f8/iDd4tAE=
b51lYQhTNL+XharQdns8XS4fg7d6/hliED4MWyvL4NAOT3mBjHjJ3trEDWZhzSvPnMItDOgyxRxPVJoCDgZbxKsd0f8/iDd4tAE=
5oDZp9S1ARznxsfTrmmcgSkFhbdm5hhiED4MWyvL4NAOT3mBjHjJ3trEDWZhzSvPnMItDOgyxRxPVJoCDgZbxKsd0f8/iDd4tAE=
aaJDA46JDCVz6HBv1Jf9fw+ewy7QctQXm2e4PG6j4S089FFSWkiV6tFhsyP8LnWgWH4dUI8YQk4+KgMoy/HJ0w+EL3S0DQ==
+Q46sX559K3n5IC4TCky+Q6ewy7QctQXm2e4PG6j4S089FFSWkiV6tFhsyP8LnWgWH4dUI8YQk4+KgMoy/HJ0w+EL3S0DQ==
ky0A2qj+rXRXok25BkwArCkfg7V99BhiED4MWyvL4NAOT3mBjHjJ3trEDWZhzSvPnMItDOgyxRxPVJoCDgZbxKsd0f8/iDd4tAE=
4Cg5u50BQNOuCHoAEgFn8w2ewy7QctQXm2e4PG6j4S089FFSWkiV6tFhsyP8LnWgWH4dUI8YQk4+KgMoy/HJ0w+EL3S0DQ==
UBHg8Jccm8QlLHyCWTlSLAyewy7QctQXm2e4PG6j4S089FFSWkiV6tFhsyP8LnWgWH4dUI8YQk4+KgMoy/HJ0w+EL3S0DQ==
FvNqkx5ZKYkXTD8hE+PYlCgFhbdm5hhiED4MWyvL4NAOT3mBjHjJ3trEDWZhzSvPnMItDOgyxRxPVJoCDgZbxKsd0f8/iDd4tAE=
1qLqh/UjHME1vamBNN3a5yAfg7d6/hliED4MWyvL4NAOT3mBjHjJ3trEDWZhzSvPnMItDOgyxRxPVJoCDgZbxKsd0f8/iDd4tAE=
stfz2ZRjP0IjrOo7rf8k+CsFhbdm5hhiED4MWyvL4NAOT3mBjHjJ3trEDWZhzSvPnMItDOgyxRxPVJoCDgZbxKsd0f8/iDd4tAE=
vxf/gcxgmzM0rE7m/xpZVyoFhbdm5hhiED4MWyvL4NAOT3mBjHjJ3trEDWZhzSvPnMItDOgyxRxPVJoCDgZbxKsd0f8/iDd4tAE=
mFjEr2CUZakUUE6oXi0EBwuewy7QctQXm2e4PG6j4S089FFSWkiV6tFhsyP8LnWgWH4dUI8YQk4+KgMoy/HJ0w+EL3S0DQ==
KRrMY4FMhxRv0LuSCki9WAqewy7QctQXm2e4PG6j4S089FFSWkiV6tFhsyP8LnWgWH4dUI8YQk4+KgMoy/HJ0w+EL3S0DQ==
jOQ6WYf/uQn171izRZcrXB5g5slgRrPPEcBvPnR/Po4LNmaj5mAl7/26JW95Reg1pHTbBzv037MPf2WIDfoTVf+zFKv4M7Uxe7QA
cyL+XUvAmUOki8jfy1bxXygfg7V99BhiED4MWyvL4NAOT3mBjHjJ3trEDWZhzSvPnMItDOgyxRxPVJoCDgZbxKsd0f8/iDd4tAE=
I9a18dvrJJL0H2IQxR55W1qx+kifPJNZyHKlMnTwpCs591BZNwyE/dZyuDP8LnWgWH4dUI8YQk4+KgMoy/HJ0w+EL3S0DQ==
C9RO77KMZi1DzgMj/3efqlqx+kifPJNZyHanPHTwpCs591BZNwyE/dZyuDP8LnWgWH4dUI8YQk4+KgMoy/HJ0w+EL3S0DQ==
6EDbBxhmPHRmH9mKk3TGAJdW/wLJQ/Agt/t9Y47JX////zl11i4dZHk0Y7djFLdDh//tOKVayyUH88z7wBOdIXO0CA==
+F6kRGNQxjJN74GfohxwdZAnVndW43+fYmhmUrrMWyCS/R/6k3pFUlrSoZzJwlJmeDlDDaFF7kxfkAu1+Hq/8BR8fGcJGwj1t6DcEeY+YL+c4m2saJKF/E80WqKOppvkq/0Rn79od1i0IQ==
q14gI3kvznNOhijXqicEvDfV4vL36NM2V8nVOpp5U2epHx8aHX/Ntemwg0BOVRSlRuRRb28l1JRBTSVcOzqu3ahyWBdPYmB6teI6BHXbVcwx70Gf6xTjwn1J0cPaN3aLe21VtC4=
yrBq+vSdg4uaeGQvQMyKlvaEJ1eNrSoBhh6IHc/VDwesVF1eWt65kPkuSkoYFZvhkQm2gJ9cU/lIlmdcdNDki7mXkHk3LESdVtL4E/xOtUDY3t0wj/gC7r5KQ8jL0Qlzj2RvVLQt
qoFvuEiXXZjhg+UUZG3onxd+YCxRRiViWuLBrAkSMvb4qeNdYbXOPF9gK8W4qh9glOycN0kr6MW3kDwhpm6ALxxyzXwo4qUMT0R6Uk72O3QrbXFPf1gXaLQR
Fe/ZPDRhubAyUaAwdBkNSCppy9cvmVEZQ08tZlrmybgZBhoS2M3LiTHhBvgfpOOR6H63BDQINKPZv2BBNxS0tTb6KMu8FmWoeLZtyA+AsgYeIhMQC4lZW29MH2y0FQ==
Vz2PBG+W/jRfVtjG+QoYaANa5PIeq3ADdE8tZlrmybgZBhoS2M3LiTHhBvgfpOOR6H63BDQINKPZv2BBNxS0tTb6KMu8FmWoeLZtyA+AsgYeIhMQC4lZW29MH2y0FQ==
MnwB9BDta4ahf6w6LsbS6nM1mRjFp93noeDaZE02kZyGhEg/f/eJC6qevwaHPwDEy7LEWmB9AfUsh/dWcHt+oPQd7CSRlgCcge9vYpZoNtgvZjubTUV3RhNqtBc=
Y76vcq/2bNk5MGPPSgcwn/lwwgb8JdZY4irifMFq1PMIPn9Y03kB8ZihUpYeo5RTaaQ7EjFkC0FJCdIpfj4XnI/QUFtu/y4sdWZS3nSMpkWAz3k3oYSSxMIWqv3Oy++U8NXa6Sr0i1cdO1FX2OcYO3mVTPsBcOe/CR0yfj4jZKlpko8Ur7M6R8jyIVGpmyhkZR2sIZxptBi/0oNGTYZObZggPijrsUnw+/vsBNWbNUzRL+Cfi1TDQl0JscN691YLGy31tI4=
x6pTXiY5hPxA5zI/j4dColqx+kifPJNZyHKlMnTwpCs591BZNwyE/dZyuDP8LnWgWH4dUIoYRU4+KgMoy/HJ0w+EL3S0DQ==
CUPUwLrt+B3nril6D4owTe3Gqw31jDM+uon+BXMQWs7wtWUvJQdpky/bDlCkP+wtk6yVAxsnDAn68zVKXpu4hRL0S6drNI+T/3pVb106wzVvM2RLSHNFEWu0EA==
