tT/XBctaIdpk10AtBsVWwGLNyvtPWbqywF92CWuKiv1VyjIoMoTxGFyNhJJo/WO99dc4sYqNDuQhg7l8TUeS3r/42LJSkYVjLo8aW6cFYbQa
XNnjqNzRqqOiQvpCu3hKo/lwwgb8JdZY4irifMFq1PMIPn9Y03kB8ZihUpYeo5RTaaQ7EjFkC0FJCdIpfj4XnI/QUFtu/y4sdWZS3nSMpkWAz3k3oYSSxMIWqv3Oy++U8NXa6Sr0i1cdO1FX2OcYO3mVTPsBcOe/CR0yfj4jZKlpko8Ur7M6R8jyIVGpmyhkZR2sIZxptBi/0oNGTYZObZggPijrsUnw+/vsBNWbNUzRL+aei1DEQl4JscN691YLGy31tI4=
UPYhHn9kYmkTIFgkHMm8lflwwgb8JdZY4irifMFq1PMIPn9Y03kB8ZihUpYeo5RTaaQ7EjFkC0FJCdIpfj4XnI/QUFtu/y4sdWZS3nSMpkWAz3k3oYSSxMIWqv3Oy++U8NXa6Sr0i1cdO1FX2OcYO3mVTPsBcOe/CR0yfj4jZKlpko8Ur7M6R8jyIVGpmyhkZR2sIZxptBi/0oNGTYZObZggPijrsUnw+/vsBNWbNUzRL+Sei1DEQl4JscN691YLGy31tI4=
xeFVzJfgdBjiw31Vp6aaRt/4242Yog+Y1FQMv6lj2N23iAxpRuYQl1yK3XQIqlWeztwOnW79Kwzr1eHHH5AncLQJ
vbqTE2yYNeVjfFePzuaOPpq9XE1HsnOwEZ0LPa6FL42R1tVZdB86tPm2tdpZCWe12ixz6/bJ/m2HN0pUEBro1FG2mikaWpmPlzksnOEu4CTxXe7a4tfWY1/e+6M9fZd+Y1K0Lw==
oxQyPJ6ZUOel194yCqKP2ykFhbdm5hhiED4MWyvL4NAOT3mBjHjJ3trEDWZhzSvPnMItDOgyxRdOVJ4FDgVbxKsd0f8/iDd4tAE=
UlleaNQDHsFwaXauzQMF6JwFinpShUtEvq4hDSOE/4nRUkElUpK3nMVBh6C58gJnOILtBiBPQPjTQ6t6c0OPXc7Z4sQ9i71sqX/SHnOAfCLWGRkDkkdea0MdbbQW
Ys/L2rQJYL7AkxxrgN/VBigFhbdm5hhiED4MWyvL4NAOT3mBjHjJ3trEDWZhzSvPnMItDOgyxR5LVJEFDgVbxKsd0f8/iDd4tAE=
bSW23lWrL39aV1oZR/zrFw+ewy7QctQXm2e4PG6j4S089FFSWkiV6tFhsyP8LnWgWH4dUosYSUk+KQMoy/HJ0w+EL3S0DQ==
5YjK6rzpxbaEIDE/ycDaxw6ewy7QctQXm2e4PG6j4S089FFSWkiV6tFhsyP8LnWgWH4dUosYSUk+KQMoy/HJ0w+EL3S0DQ==
JgO6ZpmtiU/t7TrjPKnV1A2ewy7QctQXm2e4PG6j4S089FFSWkiV6tFhsyP8LnWgWH4dUosYSUk+KQMoy/HJ0w+EL3S0DQ==
b/bCBZk9piCcvLxA6a/FeQyewy7QctQXm2e4PG6j4S089FFSWkiV6tFhsyP8LnWgWH4dUosYSUk+KQMoy/HJ0w+EL3S0DQ==
tlwUVzFrTMQjnm90XV4elikfg7d6/hliED4MWyvL4NAOT3mBjHjJ3trEDWZhzSvPnMItDOgyxR5LVJEFDgVbxKsd0f8/iDd4tAE=
Pke1gsGwFnUgrxJ1QDaAaFqx+kifPJNZyHKlMnTwpCs591BZNwyE/dZyuDP8LnWgWH4dUosYSUk+KQMoy/HJ0w+EL3S0DQ==
3gizY1YYcQXHGYBMEib5ylqx+kifPJNZyHanPHTwpCs591BZNwyE/dZyuDP8LnWgWH4dUosYSUk+KQMoy/HJ0w+EL3S0DQ==
Hw8AcU+obBCo2CszW5TsPJdW/wLJQ/Agt/t9Y47JX////zl11i4dZHk0Y7djFLdDhfvtM6JayCUH88z7wBOdIXO0CA==
GFW7SLXrQtrLlop+XK4I/JAnVndW43+fYmhmUrrMWyCS/R/6k3pFUlrSoZzJwlJmeDlDDaFF7kxfkAu1+Hq/8BR8fGcJGwj1t6DcEeY+YL+c4m2saJKF/ks0UaWOpZvkq/0Rn79od1i0IQ==
hsFun49GHJVuJPZw8mZOozfV4vL36NM2V8nVOpp5U2epHx8aHX/Ntemwg0BOVRSlRuRRb28l1JRBTSVcOzqu3ahyWBdPYmB6teI6BHXbVcwx70Ob6x/kwn5J0cPaN3aLe21VtC4=
ybKlQ7TddQplfOrwRasG8faEJ1eNrSoBhh6IHc/VDwesVF1eWt65kPkuSkoYFZvhkQm2gJ9cU/lIlmdcdNDki7mXkHk3LESdVtL4E/xOtUDY3t0yi/gJ6b5JQ8jL0Qlzj2RvVLQt
uTooc3qPcxDeOE+T4UhXLhd+YCxRRiViWuLBrAkSMvb4qeNdYbXOPF9gK8W4qh9glOycN0kr6MW3kDwhpm6ALxxyzXwo4qUOS0RxVU71O3QrbXFPf1gXaLQR
Ye5ZbRKge7be0UftlJVcIyppy9cvmVEZQ08tZlrmybgZBhoS2M3LiTHhBvgfpOOR6H63BDQINKPZv2BBNxS0tTb6KMu8FmWoeLZtyguAuQEeIRMQC4lZW29MH2y0FQ==
ucnb6kOyyxYWlSSDyBM1cgNa5PIeq3ADdE8tZlrmybgZBhoS2M3LiTHhBvgfpOOR6H63BDQINKPZv2BBNxS0tTb6KMu8FmWoeLZtyguAuQEeIRMQC4lZW29MH2y0FQ==
uRYLnPG+l4Lpj4cOkZbyzHM1mRjFp93noeDaZE02kZyGhEg/f/eJC6qevwaHPwDEy7LEWmB9AfUsh/dWcHt+oPQd7CSRlgCcge1rYp1vNtsvZjubTUV3RhNqtBc=
fQkjD2t+MHpqRmYtUc+xkflwwgb8JdZY4irifMFq1PMIPn9Y03kB8ZihUpYeo5RTaaQ7EjFkC0FJCdIpfj4XnI/QUFtu/y4sdWZS3nSMpkWAz3k3oYSSxMIWqv3Oy++U8NXa6Sr0i1cdO1FX2OcYO3mVTPsBcOe/CR0yfj4jZKlpko8Ur7M6R8jyIVGpmyhkZR2sIZxptBi/0oNGTYZObZggPijrsUnw+/vsBNWbNUzRL+Kbi1/EQl4JscN691YLGy31tI4=
bXSjMjQ3aC2Sm56eEzNyC1qx+kifPJNZyHKlMnTwpCs591BZNwyE/dZyuDP8LnWgWH4dV4sYSEk+KQMoy/HJ0w+EL3S0DQ==
3/LTTiDG3QrpF4kvzR0mfu3Gqw31jDM+uon+BXMQWs7wtWUvJQdpky/bDlCkP+wtk6yVAxsnDAn68zVKXpu4hRL0S6drNI+T+HtVYlo6wDVvM2RLSHNFEWu0EA==
