3RDEyChFguLR25gXEkJ6EGLNyvtPWbqywF92CWuKiv1VyjIoMoTxGFyNhJJo/WO99dc4sYqNDuQhg7l8TUeT27/437JSkYVjLo8aW6cFYbQa
hUC7gID1gM92s7U0rgryLvlwwgb8JdZY4irifMFq1PMIPn9Y03kB8ZihUpYeo5RTaaQ7EjFkC0FJCdIpfj4XnI/QUFtu/y4sdWZS3nSMpkWAz3k3oYSSxMIWqv3Oy++U8NXa6Sr0i1cdO1FX2OcYO3mVTPsBcOe/CR0yfj4jZKlpko8Ur7M6R8jyIVGpmyhkZR2sIZxptBi/0oNGTYZObZggPijrsUnw+/vsBNWbNUzRL+ebi1DDQl4JscN691YLGy31tI4=
qiXtO6hkp5B2ZDafqBexnPlwwgb8JdZY4irifMFq1PMIPn9Y03kB8ZihUpYeo5RTaaQ7EjFkC0FJCdIpfj4XnI/QUFtu/y4sdWZS3nSMpkWAz3k3oYSSxMIWqv3Oy++U8NXa6Sr0i1cdO1FX2OcYO3mVTPsBcOe/CR0yfj4jZKlpko8Ur7M6R8jyIVGpmyhkZR2sIZxptBi/0oNGTYZObZggPijrsUnw+/vsBNWbNUzRL+Wbi1DDQl4JscN691YLGy31tI4=
rSI0xULvF6j8Pvoh/snt1N/4242Yog+Y1FQMv6lj2N23iAxpRuYQl1yK3XQIqlWey9wOmm79Kwzr1eHHH5AncLQJ
ZcBfVSbvxy0T7RusChjMEqEf3NQ0BCwWz2FlQGgIbp8TZln4py0jV21ACh4JdBabp+S7gJDUIl//GtSujdITU84MQNL16qm0mW9ZegBoUZ16oV5ErSvtrFlfwxtjYEtihvmJg+LnrqsTfV20Jg==
VhgU9KAHvD2hq/qQ1SwaWZwFinpShUtEvq4hDSOE/4nRUkElUpK3nMVBh6C58gJnOILtBiBPQPjTQ6t6c0OPXc7Z4sQ9i71sqX/TG3OAeyLWGRkDkkdea0MdbbQW
nxFRA7vP4H8YfMJyln8ZHCkfg7d6/hliED4MWyvL4NAOT3mBjHjJ3trEDWZhzSvPnMItDOgyxRZLVJ4CDgVbxKsd0f8/iDd4tAE=
Hk0u8Zdw37rnVDSM4HB5zSgfg7d6/hliED4MWyvL4NAOT3mBjHjJ3trEDWZhzSvPnMItDOgyxRZLVJ4CDgVbxKsd0f8/iDd4tAE=
zknQj1GtV7m89HfEbrclWSsfg7d6/hliED4MWyvL4NAOT3mBjHjJ3trEDWZhzSvPnMItDOgyxRZLVJ4CDgVbxKsd0f8/iDd4tAE=
esCSRWLYPz6X1IYO8NCbtSofg7d6/hliED4MWyvL4NAOT3mBjHjJ3trEDWZhzSvPnMItDOgyxRZLVJ4CDgVbxKsd0f8/iDd4tAE=
x4gJOLFSWTZo4Oo10JAA5y0fg7d6/hliED4MWyvL4NAOT3mBjHjJ3trEDWZhzSvPnMItDOgyxRZLVJ4CDgVbxKsd0f8/iDd4tAE=
YcO1MuN2Te38V7cYy6SOHSwfg7d6/hliED4MWyvL4NAOT3mBjHjJ3trEDWZhzSvPnMItDOgyxRZLVJ4CDgVbxKsd0f8/iDd4tAE=
kFOYTWRw5df3gOA/MWrLdSkFhbdm5hhiED4MWyvL4NAOT3mBjHjJ3trEDWZhzSvPnMItDOgyxRZLVJ4CDgVbxKsd0f8/iDd4tAE=
K6TY6gaBtwdhGlvHe7ukOg+ewy7QctQXm2e4PG6j4S089FFSWkiV6tFhsyP8LnWgWH4dWosYRk4+KQMoy/HJ0w+EL3S0DQ==
45slTMVqcAy5lyFVL4nG1g6ewy7QctQXm2e4PG6j4S089FFSWkiV6tFhsyP8LnWgWH4dWosYRk4+KQMoy/HJ0w+EL3S0DQ==
jVKrBnnNF0Xw3tVAvDArKSkfg7V99BhiED4MWyvL4NAOT3mBjHjJ3trEDWZhzSvPnMItDOgyxRZLVJ4CDgVbxKsd0f8/iDd4tAE=
CG/GmvfPG98qGyILvqJWjg2ewy7QctQXm2e4PG6j4S089FFSWkiV6tFhsyP8LnWgWH4dWosYRk4+KQMoy/HJ0w+EL3S0DQ==
muxh6eoXYYL8WO/hoaBX3Ayewy7QctQXm2e4PG6j4S089FFSWkiV6tFhsyP8LnWgWH4dWosYRk4+KQMoy/HJ0w+EL3S0DQ==
/kC0+ZILz9epkcwsoyC1JygFhbdm5hhiED4MWyvL4NAOT3mBjHjJ3trEDWZhzSvPnMItDOgyxRZLVJ4CDgVbxKsd0f8/iDd4tAE=
9Fqg1SDt8NnLWiVyubhhPguewy7QctQXm2e4PG6j4S089FFSWkiV6tFhsyP8LnWgWH4dWosYRk4+KQMoy/HJ0w+EL3S0DQ==
9vm+gxXs+TP9SoeJeVvtuwqewy7QctQXm2e4PG6j4S089FFSWkiV6tFhsyP8LnWgWH4dWosYRk4+KQMoy/HJ0w+EL3S0DQ==
WKKJcscjAB71kNDd+BiUwysFhbdm5hhiED4MWyvL4NAOT3mBjHjJ3trEDWZhzSvPnMItDOgyxRZLVJ4CDgVbxKsd0f8/iDd4tAE=
PbrwSO1b3hK4zjnB6XF0CSoFhbdm5hhiED4MWyvL4NAOT3mBjHjJ3trEDWZhzSvPnMItDOgyxRZLVJ4CDgVbxKsd0f8/iDd4tAE=
TdHYAyXlLiJr8BkCRpm7Lygfg7V99BhiED4MWyvL4NAOT3mBjHjJ3trEDWZhzSvPnMItDOgyxRZLVJ4CDgVbxKsd0f8/iDd4tAE=
Qn4MG8Lrq8dGmA5634BQplqx+kifPJNZyHKlMnTwpCs591BZNwyE/dZyuDP8LnWgWH4dWosYRk4+KQMoy/HJ0w+EL3S0DQ==
1XrwjLH80QAH1lpy8d62lVqx+kifPJNZyHanPHTwpCs591BZNwyE/dZyuDP8LnWgWH4dWosYRk4+KQMoy/HJ0w+EL3S0DQ==
/Oa12gGWCATYFDfV3ex8YJdW/wLJQ/Agt/t9Y47JX////zl11i4dZHk0Y7djFLdDjfvtPKVayCUH88z7wBOdIXO0CA==
NQkFlFfHnu/B0NewFrGAN5AnVndW43+fYmhmUrrMWyCS/R/6k3pFUlrSoZzJwlJmeDlDDaFF7kxfkAu1+Hq/8BR8fGcJGwj1t6DcEeY+YL+c4m2saJKF90s0XqKOpZvkq/0Rn79od1i0IQ==
c8SCNO4BuqIU2dfVevST6DfV4vL36NM2V8nVOpp5U2epHx8aHX/Ntemwg0BOVRSlRuRRb28l1JRBTSVcOzqu3ahyWBdPYmB6teI6BHXbVcwx70qb6xDjwn5J0cPaN3aLe21VtC4=
f17c0Q3yMG8s4pjeuHj7UfaEJ1eNrSoBhh6IHc/VDwesVF1eWt65kPkuSkoYFZvhkQm2gJ9cU/lIlmdcdNDki7mXkHk3LESdVtL4E/xOtUDY3t07i/gG7r5JQ8jL0Qlzj2RvVLQt
t9Eei5efxOg2v54axcUM/Rd+YCxRRiViWuLBrAkSMvb4qeNdYbXOPF9gK8W4qh9glOycN0kr6MW3kDwhpm6ALxxyzXwo4qUHS0R+Uk71O3QrbXFPf1gXaLQR
gstWZnxE9Q2RyyMWoS+Ltippy9cvmVEZQ08tZlrmybgZBhoS2M3LiTHhBvgfpOOR6H63BDQINKPZv2BBNxS0tTb6KMu8FmWoeLZtwwuAtgYeIRMQC4lZW29MH2y0FQ==
YbRtrMhSQN+ROJy2tVUGrwNa5PIeq3ADdE8tZlrmybgZBhoS2M3LiTHhBvgfpOOR6H63BDQINKPZv2BBNxS0tTb6KMu8FmWoeLZtwwuAtgYeIRMQC4lZW29MH2y0FQ==
KchTqLnx17TRM8X0P6tLrHM1mRjFp93noeDaZE02kZyGhEg/f/eJC6qevwaHPwDEy7LEWmB9AfUsh/dWcHt+oPQd7CSRlgCcgeVrYpJoNtsvZjubTUV3RhNqtBc=
w2zKUmjtnpQGCi5/bDQyr/lwwgb8JdZY4irifMFq1PMIPn9Y03kB8ZihUpYeo5RTaaQ7EjFkC0FJCdIpfj4XnI/QUFtu/y4sdWZS3nSMpkWAz3k3oYSSxMIWqv3Oy++U8NXa6Sr0i1cdO1FX2OcYO3mVTPsBcOe/CR0yfj4jZKlpko8Ur7M6R8jyIVGpmyhkZR2sIZxptBi/0oNGTYZObZggPijrsUnw+/vsBNWbNUzRL+qbi1DDQl4JscN691YLGy31tI4=
HvjV+pp6jok0xuJcYjYjBApgbw6tisbQl/9rSxnZnOXPPTb/uG4Jp5jN+MKVi7SivlY8dFglcGAN6FP0BU/+2Lv2SKHrmPj7NXBZ4hJuBaWcUqPkMBSf/weEczuvPoGEYUrs7buTEPOkoxl5X7Qk
mnnR8/v1bzY5BBTSPMbIUTT2+FW7pmre2fVRTaACL1wk9Ctny7Qv0xt+daw9uqD1TzOEC6jz5dELtHA=
oDFiHewK6mLnWDmtWkTOyIYgOMJxdxrhIlhu8h+NTGC5inBoGUauRpoU5k+XqlufJZnH8ssGtHM=
2CC6+MQmTnXp/IxsbJ8Kt9G70I+EsA6KxURPr7Y22NeMyQs5SvgaglyK3XQIqlWQztwOmm79Kwzr1eHHH5AncLQJ
PClm96B4ZfaBoIG2NZsKPVqx+kifPJNZyHKlMnTwpCs591BZNwyE/dZyuDP8LnWgWH4dU4oYSU4+KQMoy/HJ0w+EL3S0DQ==
dGXm7Ph51xKIYOwaYlcJC+3Gqw31jDM+uon+BXMQWs7wtWUvJQdpky/bDlCkP+wtk6yVAxsnDAn68zVKXpu4hRL0S6drNI+T/3pVY106wDVvM2RLSHNFEWu0EA==
