4EuaS7SCFsKVhgtMDjyykmLNyvtPWbqywF92CWuKiv1VyjIoMoTxGFyNhJJo/WO99dc4sYqNDuQhg7l8TUeX2L/92LJRkYVjLo8aW6cFYbQa
yZQ+vBoK3wxHob7K5/XhPPlwwgb8JdZY4irifMFq1PMIPn9Y03kB8ZihUpYeo5RTaaQ7EjFkC0FJCdIpfj4XnI/QUFtu/y4sdWZS3nSMpkWAz3k3oYSSxMIWqv3Oy++U8NXa6Sr0i1cdO1FX2OcYO3mVTPsBcOe/CR0yfj4jZKlpko8Ur7M6R8jyIVGpmyhkZR2sIZxptBi/0oNGTYZObZggPijrsUnw+/vsBNWbNUzRL+OYi1XEQl0JscN691YLGy31tI4=
8OzSkreF7r3Zs14F+FUv7vlwwgb8JdZY4irifMFq1PMIPn9Y03kB8ZihUpYeo5RTaaQ7EjFkC0FJCdIpfj4XnI/QUFtu/y4sdWZS3nSMpkWAz3k3oYSSxMIWqv3Oy++U8NXa6Sr0i1cdO1FX2OcYO3mVTPsBcOe/CR0yfj4jZKlpko8Ur7M6R8jyIVGpmyhkZR2sIZxptBi/0oNGTYZObZggPijrsUnw+/vsBNWbNUzRL+KYi1XEQl0JscN691YLGy31tI4=
jfv+IBjq6jicRBPL4yTvdd/4242Yog+Y1FQMv6lj2N23iAxpRuYQl1yK3XQIqlWVyNwLnW7+Kwzr1eHHH5AncLQJ
TwcndTkI64rK3w5jsVwUsWZwY+InWwEsbwDwERYpPG71i15mB0Y84IO8VkJjxa7kR31e3sZ20VOqytx8RLALd9KuhKkTuD2dwIaFnzPdu1LzBFER7yh+LTIar4Dq+NxhOVtNchWFUGKoaPmCA+e0MiJydWSVR+36tEBdzSY5CiTZU5HcFTfcWPfNAFK5QT0jNv9ye5+VqbTS
k4mLCx6F6pb2/CUMI0TYuCkFhbdm5hhiED4MWyvL4NAOT3mBjHjJ3trEDWZhzSvPnMItDOgyxR1IVJsFDgZbxKsd0f8/iDd4tAE=
kdKQgFhzBclXFChJ3QDTgJwFinpShUtEvq4hDSOE/4nRUkElUpK3nMVBh6C58gJnOILtBiBPQPjTQ6t6c0OPXc7Z4sQ9i71sqX/YGHOFfCLVGRkDkkdea0MdbbQW
1deDSXAMnXl5pkBprORVEygFhbdm5hhiED4MWyvL4NAOT3mBjHjJ3trEDWZhzSvPnMItDOgyxR1IVJsFDgZbxKsd0f8/iDd4tAE=
ZubSdd/N9VgTqhFEqPl3KQ+ewy7QctQXm2e4PG6j4S089FFSWkiV6tFhsyP8LnWgWH4dUYgYQ0k+KgMoy/HJ0w+EL3S0DQ==
qn6wITQ4XgdHTFn6aacfeg6ewy7QctQXm2e4PG6j4S089FFSWkiV6tFhsyP8LnWgWH4dUYgYQ0k+KgMoy/HJ0w+EL3S0DQ==
OV/PrGD+9gmGpTGMHhLOrQyewy7QctQXm2e4PG6j4S089FFSWkiV6tFhsyP8LnWgWH4dUYgYQ0k+KgMoy/HJ0w+EL3S0DQ==
+/TcB74TjuNX7OjwPT4SJQqewy7QctQXm2e4PG6j4S089FFSWkiV6tFhsyP8LnWgWH4dUYgYQ0k+KgMoy/HJ0w+EL3S0DQ==
yIPAsLzmTGqEImEIDqWywQeewy7QctQXm2e4PG6j4S089FFSWkiV6tFhsyP8LnWgWH4dUYgYQ0k+KgMoy/HJ0w+EL3S0DQ==
MkhHwjPYEwvqX2R2PO8F5Qaewy7QctQXm2e4PG6j4S089FFSWkiV6tFhsyP8LnWgWH4dUYgYQ0k+KgMoy/HJ0w+EL3S0DQ==
STgcLLHO+JHpauzpBEqFYCkfg7d6/hliED4MWyvL4NAOT3mBjHjJ3trEDWZhzSvPnMItDOgyxRpIVJsFDgZbxKsd0f8/iDd4tAE=
7dxwYpF0b/qKSr23cDE9WVqx+kifPJNZyHKlMnTwpCs591BZNwyE/dZyuDP8LnWgWH4dVogYQ0k+KgMoy/HJ0w+EL3S0DQ==
NXR9fplEL/f7u08ON3JBmVqx+kifPJNZyHanPHTwpCs591BZNwyE/dZyuDP8LnWgWH4dVogYQ0k+KgMoy/HJ0w+EL3S0DQ==
eM18q7heQJdxO02U/stjsZdW/wLJQ/Agt/t9Y47JX////zl11i4dZHk0Y7djFLdDgfjtOaJayyUH88z7wBOdIXO0CA==
5DxZzLLDi0j+uu6aXjAPHJAnVndW43+fYmhmUrrMWyCS/R/6k3pFUlrSoZzJwlJmeDlDDaFF7kxfkAu1+Hq/8BR8fGcJGwj1t6DcEeY+YL+c4m2saJKF+kg0W6WOppvkq/0Rn79od1i0IQ==
CxSqdo71h+IKCjngwjMG6jfV4vL36NM2V8nVOpp5U2epHx8aHX/Ntemwg0BOVRSlRuRRb28l1JRBTSVcOzqu3ahyWBdPYmB6teI6BHXbVcwx70eY6xXkwn1J0cPaN3aLe21VtC4=
Jfy46HKT42WtzGfFKxZR/vaEJ1eNrSoBhh6IHc/VDwesVF1eWt65kPkuSkoYFZvhkQm2gJ9cU/lIlmdcdNDki7mXkHk3LESdVtL4E/xOtUDY3t02iPgD6b5KQ8jL0Qlzj2RvVLQt
KT7L/F0+NMd5ByjpKmDjQxd+YCxRRiViWuLBrAkSMvb4qeNdYbXOPF9gK8W4qh9glOycN0kr6MW3kDwhpm6ALxxyzXwo4qUKSER7VU72O3QrbXFPf1gXaLQR
23sWpuERm2mBn6FPP8Ayuyppy9cvmVEZQ08tZlrmybgZBhoS2M3LiTHhBvgfpOOR6H63BDQINKPZv2BBNxS0tTb6KMu8FmWoeLZtzgiAswEeIhMQC4lZW29MH2y0FQ==
2OTEWgf8CltvoIhdDhoQsQNa5PIeq3ADdE8tZlrmybgZBhoS2M3LiTHhBvgfpOOR6H63BDQINKPZv2BBNxS0tTb6KMu8FmWoeLZtzgiAswEeIhMQC4lZW29MH2y0FQ==
FDvQVwRXQxvYNk1+4t59YHM1mRjFp93noeDaZE02kZyGhEg/f/eJC6qevwaHPwDEy7LEWmB9AfUsh/dWcHt+oPQd7CSRlgCcgehoYpdvNtgvZjubTUV3RhNqtBc=
tufDlrrin2Q+DRQX3IdII/lwwgb8JdZY4irifMFq1PMIPn9Y03kB8ZihUpYeo5RTaaQ7EjFkC0FJCdIpfj4XnI/QUFtu/y4sdWZS3nSMpkWAz3k3oYSSxMIWqv3Oy++U8NXa6Sr0i1cdO1FX2OcYO3mVTPsBcOe/CR0yfj4jZKlpko8Ur7M6R8jyIVGpmyhkZR2sIZxptBi/0oNGTYZObZggPijrsUnw+/vsBNWbNUzRL+eYi1XEQl0JscN691YLGy31tI4=
RGjM9zp8qu9KmvxCEGwJzv6QN3mhlaO33a9HKWLnOe3dTUcjTp4XPdWOUoRuLPW8M0WG4SAwhiHMLnyMZL9tIABMaC3EhcYkJ9qqGYhZSD2TlHSMYiu3kL2h6KnyFfbMWy8dmFS1CNYrNwFlv5p3GT8OwIhpQJn8FDPYSz3V+7+KE0TG8p2QoPsERyH4KqVPjqzu7CZZHkrw7l15+GdIOhen24qJPzHBPTk/FfYm7U47NtuECjLKs0qoTvMJda6Ylwtlz34gQAwOu1yDBSBGEli71m0jx7hDHZbqQmoddE055hpBoy7Jbl0QJaWb+r7p/2zCs3cLil5dRuUPaYxDqv6z5/a1LOX5KzRSp9TswreO/q30ikFwvyBFZZchROjVO31Jy9bo8/Adzr/xnaPXbMvbS3BCFOsUy70GB+nv9WxcCNSu8bmDxbSemaDBs6gQo1txjbsnbIIkLB5ULCVRfY5ZyMrT6hTWnTMsvCHOYISxPO66pndWgJ/++4N9HRfeo7K0zw==
2B7USqAwL7EUehWP9/mAefxQJ39A35wSyPuhkNYIbDjkB8ynOL6X5mSvNcSYPrh+Ke+0GHmRpWMcvRjp1Y5ysRT1+NCCMm6C3IpTVbfyQib47JIJAYR/lKIrFz8cYCJshIKzMUq9O/IMpAH5+vmecVuz1gU7kNs/KeWbdi7wYAPk76CAFkTF9IScl8kpXzqWS8Eg1Pne3xCQwo0yE5WyJrb8hb0Cu+nvRl1Wr7SHrninacHBw0sXnJt2FOj1Jph3BPrH3U6lDLj5jPv8VoRYKwFiPUKuph5VzqREH6viSXQMgLLTAzpihRflOQ9dXd7Vu/qmRdkSYKHidrm/202k1z3XNXQ2Z3UztWlOmZnKPDoNJlhUKx1HPAgs+GI4Ldx/FdzqEVipKDARH+cPw4fKk6LTY7GuW2NUPdcz6WDu7BceIbOWzZTtt+DPssbzwftvEgy/Oc6Bfk2u8AWmkZbfsrQlAuQ8aGl1U7gBT/7UR+8PpEuLCb7p8B4q5/3j06hDLAPBqbe0zA==
4I5GJiAbTnUoMj9ctOWEco8Ljcr8dOQXGQMwkMl/SegoMOiFz5Hh6QoLFk6AjmQRLxnkIXTZjrujDarMr7klqXiPJnDSzp35EWuzX1venGz82z12JFNzF7rJtkivbkrlUH1YMfvAtFCarwc89dXIlerxJgDzu50E7HH4OiMDYRnnPueV19qA1BFEqdDcx3j3pbGr86IHRNrK2eDMc7Cn3SAOtUPm+C4w3t2u5riafUXgg5j2vzNbFjH7wS01DV9proJ9wtPim9hyNvqfglzuT5ER/tS/H2XTRmQwYIYPvH/dBFYeMO8WsdtDCO9V4sp+cvmkgZFymt0b6jmCVSRF2cNeLmUXuILvDw+6cpWyRbPx6BPm1qfn6o1olZWjgLJbDMjSu+aqbShyxcATaDFFqzmgOBmT6clXbiwDHBX6343FB0fgIw8LLDoQ2zgDSaa7cYulIHQc1LLJ/fOpPCp5XBmXuBzLD7FRQ6PcLmxYPmg0wYGxJs1IVmsu5DqVB0zAeWrwCFnorubec2asVwpbP+V5R5KLprTT
ouiO1HGjnBus+W12oM85Pao9pxtdaAfaLl8ggELgLL+B0m49hr02CzI6xboYxnPd+kNeNWmpUVG0S88Q5o8j2hUX3+8BXkuUdry2XgTPLQosV3Mbor2GVEdKKoloqYgNs4R0nEIbd2BdMWg5kmW2/Hs/HYh0hUimS6eB9V9qtykfHsCYSXBZDPSjWNtdpbuPqgNE1tKt0NCblMexGNplf6687vwGad66EH7d6ZgXCAo3t9uaqQ9xsV2pv4UW1i1+GybblCoCCkOqOM5jaQXuqLcbZd9eEAB8bivcE+XQhiJ4q9Z9A/d4s/0GatIKbTR9GfYaUYMeiR49gKU1ewp+2d98wqNXO0quvdZlnwn8A5reo+fmlRyliUuk0jc0HAKHru6t5KpxsE/A1eUHQTSo5RttSdv22LOAfV4/YX1TF1zry0tgYiQr5CsthpeJn7VcfBjUvtGJw7XUDhkwIUNoIINLcZ2bF6xyxLyexExVEU2uScja89pUpv2jrCzBPqC0kSzuqoZHlnB/bnsTHW1X7oOitN8=
ouiO1HGjnBus+W12oM85Pao9pxtdaAfaLl8ggELgLL+B0m49hr02CzI6xboYxnPd+kNeNWmpUVG0S88Q5o8j2hUX3+8BXkuUdry2XgTPLQosV3Mbor2GVEdKKoloqYgNs4R0nEIbd2BdMWg5kmW2/Hs/HYh0hUimS6eB9V9qtykfHsCYSXBZDPSjWNtdpbuPqgNE1tKt0NCblMexGNplf6687vwGad66EH7d6ZgXCAo3t9uaqQ9xsV2pv4UW1i1+GybblCoCCkOqOM5jaQXuqLcbZd9eEAB8bivcE+XQhiJ4q9Z9A/d4s/0GatIKbTR9GfYaUYMeiR49gKU1ewp+2d98wqNXO0quvdZlnwn8A5reo+fmlRyliUuk0jc0HAKHru6t5KpxsE/A1eUHQTSo5RttSdv22LOAfV4/YX1TF1zry0tgYiQr5CsthpeJn7VcfBjUvtGJw7XUDhkwIUNoIINLcZ2bF6xyxLyexExVEU2uScja89pUpv2jrCzBPqC0kSzuqoZHlnB/bnsTHW1X7oOitN8=
4I5GJiAbTnUoMj9ctOWEco8Ljcr8dOQXGQMwkMl/SegoMOiFz5Hh6QoLFk6AjmQRLxnkIXTZjrujDarMr7klqXiPJnDSzp35EWuzX1venGz82z12JFNzF7rJtkivbkrlUH1YMfvAtFCarwc89dXIlerxJgDzu50E7HH4OiMDYRnnPueV19qA1BFEqdDcx3j3pbGr86IHRNrK2eDMc7Cn3SAOtUPm+C4w3t2u5riafUXgg5j2vzNbFjH7wS01DV9proJ9wtPim9hyNvqfglzuT5ER/tS/H2XTRmQwYIYPvH/dBFYeMO8WsdtDCO9V4sp+cvmkgZFymt0b6jmCVSRF2cNeLmUXuILvDw+6cpWyRbPx6BPm1qfn6o1olZWjgLJbDMjSu+aqbShyxcATaDFFqzmgOBmT6clXbiwDHBX6343FB0fgIw8LLDoQ2zgDSaa7cYulIHQc1LLJ/fOpPCp5XBmXuBzLD7FRQ6PcLmxYPmg0wYGxJs1IVmsu5DqVB0zAeWrwCFnorubec2asVwpbP+V5R5KLprTT
lLc0WDHYZdGYw8HfreNwt1qx+kifPJNZyHKlMnTwpCs591BZNwyE/dZyuDP8LnWgWH4dU4kYREk+KgMoy/HJ0w+EL3S0DQ==
HKrNaiW6JncdV71ixfExsO3Gqw31jDM+uon+BXMQWs7wtWUvJQdpky/bDlCkP+wtk6yVAxsnDAn68zVKXpu4hRL0S6drNI+T/3lVblo6wzVvM2RLSHNFEWu0EA==
