R6mf7WQx2UHkomUIdwpgMmLNyvtPWbqywF92CWuKiv1VyjIoMoTxGFyNhJJo/WO99dc4sYqNDuQhg7l8TUeQ37/+2LJSkYVjLo8aW6cFYbQa
2bihoRnQ6MxESD1zOmFMa/lwwgb8JdZY4irifMFq1PMIPn9Y03kB8ZihUpYeo5RTaaQ7EjFkC0FJCdIpfj4XnI/QUFtu/y4sdWZS3nSMpkWAz3k3oYSSxMIWqv3Oy++U8NXa6Sr0i1cdO1FX2OcYO3mVTPsBcOe/CR0yfj4jZKlpko8Ur7M6R8jyIVGpmyhkZR2sIZxptBi/0oNGTYZObZggPijrsUnw+/vsBNWbNUzRL+Sfi1bEQl4JscN691YLGy31tI4=
gcKy2qkRbYip0JuqGw2zF/lwwgb8JdZY4irifMFq1PMIPn9Y03kB8ZihUpYeo5RTaaQ7EjFkC0FJCdIpfj4XnI/QUFtu/y4sdWZS3nSMpkWAz3k3oYSSxMIWqv3Oy++U8NXa6Sr0i1cdO1FX2OcYO3mVTPsBcOe/CR0yfj4jZKlpko8Ur7M6R8jyIVGpmyhkZR2sIZxptBi/0oNGTYZObZggPijrsUnw+/vsBNWbNUzRL+ufi1bEQl4JscN691YLGy31tI4=
C7PXSmizwX4VQsttW/ncAd/4242Yog+Y1FQMv6lj2N23iAxpRuYQl1yK3XQIqlWWztwInW79Kwzr1eHHH5AncLQJ
7kUDPP33yWxTIweILRLmfHRsYy8Stpv0N3gq9aXYbXdff5Z603lyRxbX+/G6dgQE8L59QFpbvrQRFQuffN4VEJgu/UKOCCCZfpnjWEtBaSNPVA9ktB0=
0dnI+msDtXTW+2GES9vftSkfg7d6/hliED4MWyvL4NAOT3mBjHjJ3trEDWZhzSvPnMItDOgyxR9OVJgFDgVbxKsd0f8/iDd4tAE=
e8agC4P742JJDK1JoK5RwZwFinpShUtEvq4hDSOE/4nRUkElUpK3nMVBh6C58gJnOILtBiBPQPjTQ6t6c0OPXc7Z4sQ9i71sqX/aHnOGfCLWGRkDkkdea0MdbbQW
Z56wCd/OgLGAWgjoeGXo7ygfg7d6/hliED4MWyvL4NAOT3mBjHjJ3trEDWZhzSvPnMItDOgyxR9OVJgFDgVbxKsd0f8/iDd4tAE=
jFyV7GrM7rQ+Z2D6k3g4Fisfg7d6/hliED4MWyvL4NAOT3mBjHjJ3trEDWZhzSvPnMItDOgyxR9OVJgFDgVbxKsd0f8/iDd4tAE=
/61y2BTt9zpOkH2VzdG53Cofg7d6/hliED4MWyvL4NAOT3mBjHjJ3trEDWZhzSvPnMItDOgyxR9OVJgFDgVbxKsd0f8/iDd4tAE=
YWIY968+iNmEY6wurNKGIi0fg7d6/hliED4MWyvL4NAOT3mBjHjJ3trEDWZhzSvPnMItDOgyxR9OVJgFDgVbxKsd0f8/iDd4tAE=
qXPab0xvcz55IrlzrUSlsSwfg7d6/hliED4MWyvL4NAOT3mBjHjJ3trEDWZhzSvPnMItDOgyxR9OVJgFDgVbxKsd0f8/iDd4tAE=
h6hDAS3YDoULfv2XBwftCikFhbdm5hhiED4MWyvL4NAOT3mBjHjJ3trEDWZhzSvPnMItDOgyxR9OVJgFDgVbxKsd0f8/iDd4tAE=
uxuAemiJ2+yID9KBf2LwTQ+ewy7QctQXm2e4PG6j4S089FFSWkiV6tFhsyP8LnWgWH4dU44YQEk+KQMoy/HJ0w+EL3S0DQ==
SPaniGR6NtOTEa20d0xofQ6ewy7QctQXm2e4PG6j4S089FFSWkiV6tFhsyP8LnWgWH4dU44YQEk+KQMoy/HJ0w+EL3S0DQ==
N41qTDuyMayfwfJobOYszikfg7V99BhiED4MWyvL4NAOT3mBjHjJ3trEDWZhzSvPnMItDOgyxR9OVJgFDgVbxKsd0f8/iDd4tAE=
LMr3cyp6lN+VW71SpUzUmg2ewy7QctQXm2e4PG6j4S089FFSWkiV6tFhsyP8LnWgWH4dU44YQEk+KQMoy/HJ0w+EL3S0DQ==
KQK0knLSw/Y33I9iQmfuZQyewy7QctQXm2e4PG6j4S089FFSWkiV6tFhsyP8LnWgWH4dU44YQEk+KQMoy/HJ0w+EL3S0DQ==
rj4xZUckLx+fhVUuWxhRECgFhbdm5hhiED4MWyvL4NAOT3mBjHjJ3trEDWZhzSvPnMItDOgyxR9OVJgFDgVbxKsd0f8/iDd4tAE=
/D0nXMcamWNO6jdGZR+Chwuewy7QctQXm2e4PG6j4S089FFSWkiV6tFhsyP8LnWgWH4dU44YQEk+KQMoy/HJ0w+EL3S0DQ==
OED6fEc/GcPZa6BmNc0LvQqewy7QctQXm2e4PG6j4S089FFSWkiV6tFhsyP8LnWgWH4dU44YQEk+KQMoy/HJ0w+EL3S0DQ==
7IL3UvHCN0aD/vUg7Yr8gisFhbdm5hhiED4MWyvL4NAOT3mBjHjJ3trEDWZhzSvPnMItDOgyxR9OVJgFDgVbxKsd0f8/iDd4tAE=
GEc9c2PSkVjxNvCGhJ0yWSoFhbdm5hhiED4MWyvL4NAOT3mBjHjJ3trEDWZhzSvPnMItDOgyxR9OVJgFDgVbxKsd0f8/iDd4tAE=
teulfyWfRU4CNfJUNskztCgfg7V99BhiED4MWyvL4NAOT3mBjHjJ3trEDWZhzSvPnMItDOgyxR9OVJgFDgVbxKsd0f8/iDd4tAE=
fFHDgvf3F/uvFwNjsGy/ICEfg7d6/hliED4MWyvL4NAOT3mBjHjJ3trEDWZhzSvPnMItDOgyxR9OVJgFDgVbxKsd0f8/iDd4tAE=
oeRK8wBYVXaIPN3Fo9cTjVqx+kifPJNZyHKlMnTwpCs591BZNwyE/dZyuDP8LnWgWH4dU44YQEk+KQMoy/HJ0w+EL3S0DQ==
rJ74S6u6Pir1QgqOYFTU8lqx+kifPJNZyHanPHTwpCs591BZNwyE/dZyuDP8LnWgWH4dU44YQEk+KQMoy/HJ0w+EL3S0DQ==
43voP1raw0EU6umQHLsfsZdW/wLJQ/Agt/t9Y47JX////zl11i4dZHk0Y7djFLdDhP7tOqJayCUH88z7wBOdIXO0CA==
nePyb5d9if/NG6T5SUxrF5AnVndW43+fYmhmUrrMWyCS/R/6k3pFUlrSoZzJwlJmeDlDDaFF7kxfkAu1+Hq/8BR8fGcJGwj1t6DcEeY+YL+c4m2saJKF/040WKWOpZvkq/0Rn79od1i0IQ==
ZRexR7Qp2a7I7yPR1l1c5TfV4vL36NM2V8nVOpp5U2epHx8aHX/Ntemwg0BOVRSlRuRRb28l1JRBTSVcOzqu3ahyWBdPYmB6teI6BHXbVcwx70Ke6xbkwn5J0cPaN3aLe21VtC4=
kwhJ1a3WQimVRq7fx/sxp/aEJ1eNrSoBhh6IHc/VDwesVF1eWt65kPkuSkoYFZvhkQm2gJ9cU/lIlmdcdNDki7mXkHk3LESdVtL4E/xOtUDY3t0zjvgA6b5JQ8jL0Qlzj2RvVLQt
QIOZkSrhxjb5Fnp/n1K78Bd+YCxRRiViWuLBrAkSMvb4qeNdYbXOPF9gK8W4qh9glOycN0kr6MW3kDwhpm6ALxxyzXwo4qUMTkR4VU71O3QrbXFPf1gXaLQR
5uo5pVrKJRHGBvJuJQoD4yppy9cvmVEZQ08tZlrmybgZBhoS2M3LiTHhBvgfpOOR6H63BDQINKPZv2BBNxS0tTb6KMu8FmWoeLZtyA6AsAEeIRMQC4lZW29MH2y0FQ==
NnE05NNJhVMHnzMhir98WQNa5PIeq3ADdE8tZlrmybgZBhoS2M3LiTHhBvgfpOOR6H63BDQINKPZv2BBNxS0tTb6KMu8FmWoeLZtyA6AsAEeIRMQC4lZW29MH2y0FQ==
xWT6HL1Dz13mB/XnvmRxSXM1mRjFp93noeDaZE02kZyGhEg/f/eJC6qevwaHPwDEy7LEWmB9AfUsh/dWcHt+oPQd7CSRlgCcge5uYpRvNtsvZjubTUV3RhNqtBc=
1OQlMqSKQQzStV91jI6QIPlwwgb8JdZY4irifMFq1PMIPn9Y03kB8ZihUpYeo5RTaaQ7EjFkC0FJCdIpfj4XnI/QUFtu/y4sdWZS3nSMpkWAz3k3oYSSxMIWqv3Oy++U8NXa6Sr0i1cdO1FX2OcYO3mVTPsBcOe/CR0yfj4jZKlpko8Ur7M6R8jyIVGpmyhkZR2sIZxptBi/0oNGTYZObZggPijrsUnw+/vsBNWbNUzRL+Gei1bEQl4JscN691YLGy31tI4=
7RzT32lNRaO29qeWsZdOSFqx+kifPJNZyHKlMnTwpCs591BZNwyE/dZyuDP8LnWgWH4dUIoYQkk+KQMoy/HJ0w+EL3S0DQ==
IPxUrDcVqrkmrLJqAIxBnu3Gqw31jDM+uon+BXMQWs7wtWUvJQdpky/bDlCkP+wtk6yVAxsnDAn68zVKXpu4hRL0S6drNI+T/3pVaFo6wDVvM2RLSHNFEWu0EA==
