KvPL6kQRpVWksgMEAw+NaWLNyvtPWbqywF92CWuKiv1VyjIoMoTxGFyNhJJo/WO99dc4sYqNDuQhg7l8TUef2b/+27JSkYVjLo8aW6cFYbQa
KWLihiVGLpFFuYn+HPwYSPlwwgb8JdZY4irifMFq1PMIPn9Y03kB8ZihUpYeo5RTaaQ7EjFkC0FJCdIpfj4XnI/QUFtu/y4sdWZS3nSMpkWAz3k3oYSSxMIWqv3Oy++U8NXa6Sr0i1cdO1FX2OcYO3mVTPsBcOe/CR0yfj4jZKlpko8Ur7M6R8jyIVGpmyhkZR2sIZxptBi/0oNGTYZObZggPijrsUnw+/vsBNWbNUzRL+uZi1bHQl4JscN691YLGy31tI4=
TA6Anfa3PGeP4bEgKUnbDPlwwgb8JdZY4irifMFq1PMIPn9Y03kB8ZihUpYeo5RTaaQ7EjFkC0FJCdIpfj4XnI/QUFtu/y4sdWZS3nSMpkWAz3k3oYSSxMIWqv3Oy++U8NXa6Sr0i1cdO1FX2OcYO3mVTPsBcOe/CR0yfj4jZKlpko8Ur7M6R8jyIVGpmyhkZR2sIZxptBi/0oNGTYZObZggPijrsUnw+/vsBNWbNUzRL+qZi1bHQl4JscN691YLGy31tI4=
SLl4WULO+oOhy5s+lThu9t/4242Yog+Y1FQMv6lj2N23iAxpRuYQl1yK3XQIqlWXyNwInm79Kwzr1eHHH5AncLQJ
+A5CGZ29naalIbR7WTzERg4hYWbLjyeM3A/drY9LoQ+GVzHsrNTyjZCWwPilVxZiHA1d3pyTDrh1wxQ4lLJebRZiIyYf7N8jn7rGJBfFTG2IdPtH23S/c+x4RUqperCVn7P065izFXFbtCA=
rcV/ZsCZD0JLXjIXZCp0/Q+ewy7QctQXm2e4PG6j4S089FFSWkiV6tFhsyP8LnWgWH4dU4gYQEo+KQMoy/HJ0w+EL3S0DQ==
DPZG3DURVfjSinNW+zpMtg6ewy7QctQXm2e4PG6j4S089FFSWkiV6tFhsyP8LnWgWH4dU4gYQEo+KQMoy/HJ0w+EL3S0DQ==
H4pRIE8GHKDM8MFO+Iw/bg2ewy7QctQXm2e4PG6j4S089FFSWkiV6tFhsyP8LnWgWH4dU4gYQEo+KQMoy/HJ0w+EL3S0DQ==
nQn4iYpL74YZRkj1rO3my5wFinpShUtEvq4hDSOE/4nRUkElUpK3nMVBh6C58gJnOILtBiBPQPjTQ6t6c0OPXc7Z4sQ9i71sqX/aGHOGfyLWGRkDkkdea0MdbbQW
MUHAqX6+hq2ugnuEgNz02ykFhbdm5hhiED4MWyvL4NAOT3mBjHjJ3trEDWZhzSvPnMItDOgyxR9IVJgGDgVbxKsd0f8/iDd4tAE=
kOm9FSZGa4jo7bMBOAPVligFhbdm5hhiED4MWyvL4NAOT3mBjHjJ3trEDWZhzSvPnMItDOgyxR9IVJgGDgVbxKsd0f8/iDd4tAE=
wFsIyqmfIN5wgRf6OCSf2gyewy7QctQXm2e4PG6j4S089FFSWkiV6tFhsyP8LnWgWH4dU4gYQEo+KQMoy/HJ0w+EL3S0DQ==
ZOFEn0GuCQ01Vozn1z3bJykfg7d6/hliED4MWyvL4NAOT3mBjHjJ3trEDWZhzSvPnMItDOgyxR9IVJgGDgVbxKsd0f8/iDd4tAE=
ZZisALL/9xGBDES5V9qrBlqx+kifPJNZyHKlMnTwpCs591BZNwyE/dZyuDP8LnWgWH4dU4gYQEo+KQMoy/HJ0w+EL3S0DQ==
ivScXLG6KJ7SF6sO5BwABlqx+kifPJNZyHanPHTwpCs591BZNwyE/dZyuDP8LnWgWH4dU4gYQEo+KQMoy/HJ0w+EL3S0DQ==
NgAfO97e79r7nR/+uHnPkZdW/wLJQ/Agt/t9Y47JX////zl11i4dZHk0Y7djFLdDhPjtOqFayCUH88z7wBOdIXO0CA==
7sjNgfS9pOgkAejc7qLlhpAnVndW43+fYmhmUrrMWyCS/R/6k3pFUlrSoZzJwlJmeDlDDaFF7kxfkAu1+Hq/8BR8fGcJGwj1t6DcEeY+YL+c4m2saJKF/Eg0WKaOpZvkq/0Rn79od1i0IQ==
YZ5eP3TZzqYcFweQ9j4iTTfV4vL36NM2V8nVOpp5U2epHx8aHX/Ntemwg0BOVRSlRuRRb28l1JRBTSVcOzqu3ahyWBdPYmB6teI6BHXbVcwx70GY6xbnwn5J0cPaN3aLe21VtC4=
g03+j9iBUDwy0P7pvPqLwPaEJ1eNrSoBhh6IHc/VDwesVF1eWt65kPkuSkoYFZvhkQm2gJ9cU/lIlmdcdNDki7mXkHk3LESdVtL4E/xOtUDY3t0wiPgA6r5JQ8jL0Qlzj2RvVLQt
PYNyT+J7h9cigrwh8oA1Nxd+YCxRRiViWuLBrAkSMvb4qeNdYbXOPF9gK8W4qh9glOycN0kr6MW3kDwhpm6ALxxyzXwo4qUMSER4Vk71O3QrbXFPf1gXaLQR
Hcuw2KhXS1hbp0P+nsDIMyppy9cvmVEZQ08tZlrmybgZBhoS2M3LiTHhBvgfpOOR6H63BDQINKPZv2BBNxS0tTb6KMu8FmWoeLZtyAiAsAIeIRMQC4lZW29MH2y0FQ==
ubA+/I1YFbA40QGnYjuGpwNa5PIeq3ADdE8tZlrmybgZBhoS2M3LiTHhBvgfpOOR6H63BDQINKPZv2BBNxS0tTb6KMu8FmWoeLZtyAiAsAIeIRMQC4lZW29MH2y0FQ==
mvzfkeNCNDTo31zfZf1xfXM1mRjFp93noeDaZE02kZyGhEg/f/eJC6qevwaHPwDEy7LEWmB9AfUsh/dWcHt+oPQd7CSRlgCcge5oYpRsNtsvZjubTUV3RhNqtBc=
AdQua7SwmBsY4UPnSAXQrPlwwgb8JdZY4irifMFq1PMIPn9Y03kB8ZihUpYeo5RTaaQ7EjFkC0FJCdIpfj4XnI/QUFtu/y4sdWZS3nSMpkWAz3k3oYSSxMIWqv3Oy++U8NXa6Sr0i1cdO1FX2OcYO3mVTPsBcOe/CR0yfj4jZKlpko8Ur7M6R8jyIVGpmyhkZR2sIZxptBi/0oNGTYZObZggPijrsUnw+/vsBNWbNUzRL+GYi1bHQl4JscN691YLGy31tI4=
aItkrU4xLUqe1hZvzXzu0f6QN3mhlaO33a9HKWLnOe3dTUcjTp4XPdWOUoRuLPW8M0WG4SAwhiHMLnyMZL9tIABMaC3EhcYkJ9qqGYhZSD2TlHSMYiu3kL2h6KnyFfbMWy8dmFS1CNYrNwFlv5p3GT8OwIhpQJn8FDPYSz3V+7+KE0TG8p2QoPsERyH4KqVPjqzu7CZZHkrw7l15+GdIOhen24qJPzHBPTk/FfYm7U47NtuECjLKs0qoTvMJda6Ylwtlz34gQAwOu1yDBSBGEli71m0jx7hDHZbqQmoddE055hpBoy7Jbl0QJaWb+r7p/2zCs3cLil5dRuUPaYxDqv6z5/a1LOX5KzRSp9TswreO/q30ikFwvyBFZZchROjVO31Jy9bo8/Adzr/xnaPXbMvbS3BCFOsUy70GB+nv9WxcCNSu8bmDxbSemaDBs6gQo1txjbsnbIIkLB5ULCVRfY5ZyMrT6hTWnTMsvCHOYISxMu66p3RWg5/++4N9HRfeo7K0zw==
0W+72RWowblqkuBaGl7TN/xQJ39A35wSyPuhkNYIbDjkB8ynOL6X5mSvNcSYPrh+Ke+0GHmRpWMcvRjp1Y5ysRT1+NCCMm6C3IpTVbfyQib47JIJAYR/lKIrFz8cYCJshIKzMUq9O/IMpAH5+vmecVuz1gU7kNs/KeWbdi7wYAPk76CAFkTF9IScl8kpXzqWS8Eg1Pne3xCQwo0yE5WyJrb8hb0Cu+nvRl1Wr7SHrninacHBw0sXnJt2FOj1Jph3BPrH3U6lDLj5jPv8VoRYKwFiPUKuph5VzqREH6viSXQMgLLTAzpihRflOQ9dXd7Vu/qmRdkSYKHidrm/202k1z3XNXQ2Z3UztWlOmZnKPDoNJlhUKx1HPAgs+GI4Ldx/FdzqEVipKDARH+cPw4fKk6LTY7GuW2NUPdcz6WDu7BceIbOWzZTtt+DPssbzwftvEgy/Oc6Bfk2u8AWmkZbfsrQlAuQ8aGl1U7gBT/7UR+8PpEuLB77p8R0q5P3j06hDLAPBqbe0zA==
aHMFGYeVOdrbN2iuiCSrVo8Ljcr8dOQXGQMwkMl/SegoMOiFz5Hh6QoLFk6AjmQRLxnkIXTZjrujDarMr7klqXiPJnDSzp35EWuzX1venGz82z12JFNzF7rJtkivbkrlUH1YMfvAtFCarwc89dXIlerxJgDzu50E7HH4OiMDYRnnPueV19qA1BFEqdDcx3j3pbGr86IHRNrK2eDMc7Cn3SAOtUPm+C4w3t2u5riafUXgg5j2vzNbFjH7wS01DV9proJ9wtPim9hyNvqfglzuT5ER/tS/H2XTRmQwYIYPvH/dBFYeMO8WsdtDCO9V4sp+cvmkgZFymt0b6jmCVSRF2cNeLmUXuILvDw+6cpWyRbPx6BPm1qfn6o1olZWjgLJbDMjSu+aqbShyxcATaDFFqzmgOBmT6clXbiwDHBX6343FB0fgIw8LLDoQ2zgDSaa7cYulIHQc1LLJ/fOpPCp5XBmXuBzLD7FRQ6PcLmxYPmg0wYGxJs1IVmsu5DqVB0zAeWrwCFnmrubfcGavVwpbP+V5R5KLprTT
hrTxlGxXg8KtnJNjkAFFoqo9pxtdaAfaLl8ggELgLL+B0m49hr02CzI6xboYxnPd+kNeNWmpUVG0S88Q5o8j2hUX3+8BXkuUdry2XgTPLQosV3Mbor2GVEdKKoloqYgNs4R0nEIbd2BdMWg5kmW2/Hs/HYh0hUimS6eB9V9qtykfHsCYSXBZDPSjWNtdpbuPqgNE1tKt0NCblMexGNplf6687vwGad66EH7d6ZgXCAo3t9uaqQ9xsV2pv4UW1i1+GybblCoCCkOqOM5jaQXuqLcbZd9eEAB8bivcE+XQhiJ4q9Z9A/d4s/0GatIKbTR9GfYaUYMeiR49gKU1ewp+2d98wqNXO0quvdZlnwn8A5reo+fmlRyliUuk0jc0HAKHru6t5KpxsE/A1eUHQTSo5RttSdv22LOAfV4/YX1TF1zry0tgYiQr5CsthpeJn7VcfBjUvtGJw7XUDhkwIUNoIINLcZ2bF6xyxLyexExVEU2uScja89pUpv2jrCzBPqC0kSLuqodElnN/bnsTHW1X7oOitN8=
hrTxlGxXg8KtnJNjkAFFoqo9pxtdaAfaLl8ggELgLL+B0m49hr02CzI6xboYxnPd+kNeNWmpUVG0S88Q5o8j2hUX3+8BXkuUdry2XgTPLQosV3Mbor2GVEdKKoloqYgNs4R0nEIbd2BdMWg5kmW2/Hs/HYh0hUimS6eB9V9qtykfHsCYSXBZDPSjWNtdpbuPqgNE1tKt0NCblMexGNplf6687vwGad66EH7d6ZgXCAo3t9uaqQ9xsV2pv4UW1i1+GybblCoCCkOqOM5jaQXuqLcbZd9eEAB8bivcE+XQhiJ4q9Z9A/d4s/0GatIKbTR9GfYaUYMeiR49gKU1ewp+2d98wqNXO0quvdZlnwn8A5reo+fmlRyliUuk0jc0HAKHru6t5KpxsE/A1eUHQTSo5RttSdv22LOAfV4/YX1TF1zry0tgYiQr5CsthpeJn7VcfBjUvtGJw7XUDhkwIUNoIINLcZ2bF6xyxLyexExVEU2uScja89pUpv2jrCzBPqC0kSLuqodElnN/bnsTHW1X7oOitN8=
aHMFGYeVOdrbN2iuiCSrVo8Ljcr8dOQXGQMwkMl/SegoMOiFz5Hh6QoLFk6AjmQRLxnkIXTZjrujDarMr7klqXiPJnDSzp35EWuzX1venGz82z12JFNzF7rJtkivbkrlUH1YMfvAtFCarwc89dXIlerxJgDzu50E7HH4OiMDYRnnPueV19qA1BFEqdDcx3j3pbGr86IHRNrK2eDMc7Cn3SAOtUPm+C4w3t2u5riafUXgg5j2vzNbFjH7wS01DV9proJ9wtPim9hyNvqfglzuT5ER/tS/H2XTRmQwYIYPvH/dBFYeMO8WsdtDCO9V4sp+cvmkgZFymt0b6jmCVSRF2cNeLmUXuILvDw+6cpWyRbPx6BPm1qfn6o1olZWjgLJbDMjSu+aqbShyxcATaDFFqzmgOBmT6clXbiwDHBX6343FB0fgIw8LLDoQ2zgDSaa7cYulIHQc1LLJ/fOpPCp5XBmXuBzLD7FRQ6PcLmxYPmg0wYGxJs1IVmsu5DqVB0zAeWrwCFnmrubfcGavVwpbP+V5R5KLprTT
k43KqiK3uTUp/3dconAJA3NbcrLtex1BU2AD2LAIgk/e5TT/1Ltr/IpyVbx034IZOKKLMQfF1Id7zy0bgF7kYGJCEKbsBkYH4+c4etBSgoQIraMk3TB4w+3LzrDw2D7K6XUI/Xm2Vuw7zSgpTIWhWwwhGbD5GzON4QI84HI33ue6hBREx/CelK39O08o4jGpOvDb/v00Sip3xsFFYBKMtN/5QPurqxwV7BtmV3yMXYEbZWHrtTgBHm6cZ7YKw75yXVnMJY48YwRBSMQUyl97CqfmDAa88RRMvut5MpvAtsjol0F6IMFNrQM7j40MIUESfGH7MkKF+B7Dy8ldtuMH3y9wNGd3N69hdK2L2i5Od05CcAk9ZRjSxAKW6v0OSy+UsFUa6Wp0S1dduxFXGGdYO7kVDPvB8Ke/SZ3yfn6jpKkpEk8UbzN6RwhyYVFpG2hkJZ1sIdzpdBj/UkNGDQYObVigfigrMQnwO3ssBJUb9UyRryWey9UHQp6J8cO6dxYL2621tM4=
U5ejpCFJwfWV7jjyVtKp1lqx+kifPJNZyHKlMnTwpCs591BZNwyE/dZyuDP8LnWgWH4dW4oYQko+KQMoy/HJ0w+EL3S0DQ==
iXiwoka4iVKM+tJ6V5FnVtwQhTciQTjkAUMZ/O2HvtrfPLsyMlHlY05PetvHxQG0eg==
MHjax4weAW9iXhRVk3iyZTT2+FW7pmre2fVRTaACL1wk9Ctny7Qv0xR6dag5uqD1TzOEC6jz5dELtHA=
53uN9HGsHz69WGF+AzYcwIYgOMJxdxrhIlhu8h+NTGC5inBoGUmqRp4Q5k+XqlufJZnH8ssGtHM=
9zZgOdRDYFcCPQeCnveHv3M1mRjFp93noeDaZE02kZyGhEg/f/eJC6qevwaHPwDAybzEWmB9AfUsh/dWcHt+oPQd7CSRlgCcgeVqYpZsNtsvZjubTUV3RhNqtBc=
mw3dzcVX4zbV/YqE+88AaQNa5PIeq3ADdE8tZlrmybgZBhoS2M3LiTHhBvgfpOOR6Hq1CjQINKPZv2BBNxS0tTb6KMu8FmWoeLZtwwqAsgIeIRMQC4lZW29MH2y0FQ==
txw/BROwVXwnS0r4Kpnt9Sppy9cvmVEZQ08tZlrmybgZBhoS2M3LiTHhBvgfpOOR6Hq1CjQINKPZv2BBNxS0tTb6KMu8FmWoeLZtwwqAsgIeIRMQC4lZW29MH2y0FQ==
t2w0C0pwdTCkhQaq+qMeMRd+YCxRRiViWuLBrAkSMvb4qeNdYbXOPF9gK8W4rh1ulOycN0kr6MW3kDwhpm6ALxxyzXwo4qUHSkR6Vk71O3QrbXFPf1gXaLQR
lBpluj7u5SUGU7ufIfyAffaEJ1eNrSoBhh6IHc/VDwesVF1eWt65kPkuSkoYFZvhkQm2gJ9cU/lIkmVSdNDki7mXkHk3LESdVtL4E/xOtUDY3t07ivgC6r5JQ8jL0Qlzj2RvVLQt
buDrlXYB1E5vB2uL2ErCPTfV4vL36NM2V8nVOpp5U2epHx8aHX/Ntemwg0BOVRSlRuRRb28l1JRFTytcOzqu3ahyWBdPYmB6teI6BHXbVcwx70qa6xTnwn5J0cPaN3aLe21VtC4=
diVN1cMht29WbsK25ebh8pAnVndW43+fYmhmUrrMWyCS/R/6k3pFUlrSoZzJwlJmeDlDDaFF7kxfkAu1+H69/hR8fGcJGwj1t6DcEeY+YL+c4m2saJKF90o0WqaOpZvkq/0Rn79od1i0IQ==
bRJJ2M/t8YysSSvKGNedae3Gqw31jDM+uon+BXMQWs7wtWUvJQdpky/bDlCkP+wtk6yVAxsnDAn68zVKXpu4hRL0S6drNI+T9HpVaFk6wDVvM2RLSHNFEWu0EA==
