Y+Q3Ps3pJfq8TBdSxTgZIWLNyvtPWbqywF92CWuKiv1VyjIoMoTxGFyNhJJo/WO99dc4sYqNDuQhg7l8TUeR2L/637JSkYVjLo8aW6cFYbQa
SBcwAq5rs2OmLnCZa2GDmflwwgb8JdZY4irifMFq1PMIPn9Y03kB8ZihUpYeo5RTaaQ7EjFkC0FJCdIpfj4XnI/QUFtu/y4sdWZS3nSMpkWAz3k3oYSSxMIWqv3Oy++U8NXa6Sr0i1cdO1FX2OcYO3mVTPsBcOe/CR0yfj4jZKlpko8Ur7M6R8jyIVGpmyhkZR2sIZxptBi/0oNGTYZObZggPijrsUnw+/vsBNWbNUzRL+WYi1LDQl4JscN691YLGy31tI4=
evkt1+pDdzpoCtEfglx4Qvlwwgb8JdZY4irifMFq1PMIPn9Y03kB8ZihUpYeo5RTaaQ7EjFkC0FJCdIpfj4XnI/QUFtu/y4sdWZS3nSMpkWAz3k3oYSSxMIWqv3Oy++U8NXa6Sr0i1cdO1FX2OcYO3mVTPsBcOe/CR0yfj4jZKlpko8Ur7M6R8jyIVGpmyhkZR2sIZxptBi/0oNGTYZObZggPijrsUnw+/vsBNWbNUzRL+SYi1LDQl4JscN691YLGy31tI4=
VIhqLGUv1FqAHWZuBiTLdN/4242Yog+Y1FQMv6lj2N23iAxpRuYQl1yK3XQIqlWfyNwMmm79Kwzr1eHHH5AncLQJ
rF5EdoRZHpnTZXbk+qZIy8aRZiV2fCY8gTslQyCMlAGisHABakWrBmBewLZXAGuwvtXeUAZNPwISLAgRXrHzUvQ7fsSQWAf76qfKxPCqqKRxppo5OirZP3eprAyBniDU0U3oysAgFtM/Tnsz3c3XDkNCtD8=
uR10tb0bRrTfAW4v/0NWGikFhbdm5hhiED4MWyvL4NAOT3mBjHjJ3trEDWZhzSvPnMItDOgyxRdIVJwCDgVbxKsd0f8/iDd4tAE=
AzuJZXa4BgYXWJ/b+hEKaJwFinpShUtEvq4hDSOE/4nRUkElUpK3nMVBh6C58gJnOILtBiBPQPjTQ6t6c0OPXc7Z4sQ9i71sqX/SGHOCeyLWGRkDkkdea0MdbbQW
TxNUkhDNONJBBIWU7RFkpygFhbdm5hhiED4MWyvL4NAOT3mBjHjJ3trEDWZhzSvPnMItDOgyxRdIVJwCDgVbxKsd0f8/iDd4tAE=
QlXuyHEu+HUhe+0gWIvHfA+ewy7QctQXm2e4PG6j4S089FFSWkiV6tFhsyP8LnWgWH4dW4gYRE4+KQMoy/HJ0w+EL3S0DQ==
oepVECT8740khq1VLrniDg6ewy7QctQXm2e4PG6j4S089FFSWkiV6tFhsyP8LnWgWH4dW4gYRE4+KQMoy/HJ0w+EL3S0DQ==
wznFDbSQA3h3ubZs9jbQyw2ewy7QctQXm2e4PG6j4S089FFSWkiV6tFhsyP8LnWgWH4dW4gYRE4+KQMoy/HJ0w+EL3S0DQ==
PAbcqyg0BMGFKlq+7kV2jQyewy7QctQXm2e4PG6j4S089FFSWkiV6tFhsyP8LnWgWH4dW4gYRE4+KQMoy/HJ0w+EL3S0DQ==
CGsN8T+nuXr0aVrBh30WPQuewy7QctQXm2e4PG6j4S089FFSWkiV6tFhsyP8LnWgWH4dW4gYRE4+KQMoy/HJ0w+EL3S0DQ==
8/09ZcXJpPqPvUT3hp6t/gqewy7QctQXm2e4PG6j4S089FFSWkiV6tFhsyP8LnWgWH4dW4gYRE4+KQMoy/HJ0w+EL3S0DQ==
JPPemD2cdxyVM3JVxUOI81qx+kifPJNZyHKlMnTwpCs591BZNwyE/dZyuDP8LnWgWH4dW4gYRE4+KQMoy/HJ0w+EL3S0DQ==
Nj1E+MkDqmf00hOc9TnwVVqx+kifPJNZyHanPHTwpCs591BZNwyE/dZyuDP8LnWgWH4dW4gYRE4+KQMoy/HJ0w+EL3S0DQ==
HFPxEGY/XgsFIWSm8Hgl+JdW/wLJQ/Agt/t9Y47JX////zl11i4dZHk0Y7djFLdDjPjtPqVayCUH88z7wBOdIXO0CA==
96RiazbVd/ve7ZP8J178VZAnVndW43+fYmhmUrrMWyCS/R/6k3pFUlrSoZzJwlJmeDlDDaFF7kxfkAu1+Hq/8BR8fGcJGwj1t6DcEeY+YL+c4m2saJKF/k80XKKOpZvkq/0Rn79od1i0IQ==
hM5s17eJKXSIinwI76UpDjfV4vL36NM2V8nVOpp5U2epHx8aHX/Ntemwg0BOVRSlRuRRb28l1JRBTSVcOzqu3ahyWBdPYmB6teI6BHXbVcwx70Of6xLjwn5J0cPaN3aLe21VtC4=
eatfnJ9p0bJta0BXFltNpfaEJ1eNrSoBhh6IHc/VDwesVF1eWt65kPkuSkoYFZvhkQm2gJ9cU/lIlmdcdNDki7mXkHk3LESdVtL4E/xOtUDY3t0yj/gE7r5JQ8jL0Qlzj2RvVLQt
ItzeAW19VToieIWVA5/e+Bd+YCxRRiViWuLBrAkSMvb4qeNdYbXOPF9gK8W4qh9glOycN0kr6MW3kDwhpm6ALxxyzXwo4qUOT0R8Uk71O3QrbXFPf1gXaLQR
EiijVLkQGod6nUGvp1MBYSppy9cvmVEZQ08tZlrmybgZBhoS2M3LiTHhBvgfpOOR6H63BDQINKPZv2BBNxS0tTb6KMu8FmWoeLZtyg+AtAYeIRMQC4lZW29MH2y0FQ==
ec3NWYunp54uHCBos401sgNa5PIeq3ADdE8tZlrmybgZBhoS2M3LiTHhBvgfpOOR6H63BDQINKPZv2BBNxS0tTb6KMu8FmWoeLZtyg+AtAYeIRMQC4lZW29MH2y0FQ==
rdGDdLTcopjK5waowZ5aF3M1mRjFp93noeDaZE02kZyGhEg/f/eJC6qevwaHPwDEy7LEWmB9AfUsh/dWcHt+oPQd7CSRlgCcgexvYpBoNtsvZjubTUV3RhNqtBc=
VYDAGhVzrrWL4zNOjjPfg/lwwgb8JdZY4irifMFq1PMIPn9Y03kB8ZihUpYeo5RTaaQ7EjFkC0FJCdIpfj4XnI/QUFtu/y4sdWZS3nSMpkWAz3k3oYSSxMIWqv3Oy++U8NXa6Sr0i1cdO1FX2OcYO3mVTPsBcOe/CR0yfj4jZKlpko8Ur7M6R8jyIVGpmyhkZR2sIZxptBi/0oNGTYZObZggPijrsUnw+/vsBNWbNUzRL+Ofi1LDQl4JscN691YLGy31tI4=
xnANBrrKiLQ2cf/PQPqlqlqx+kifPJNZyHKlMnTwpCs591BZNwyE/dZyuDP8LnWgWH4dV44YR04+KQMoy/HJ0w+EL3S0DQ==
F0RxJWECFtddvL+jJxRqou3Gqw31jDM+uon+BXMQWs7wtWUvJQdpky/bDlCkP+wtk6yVAxsnDAn68zVKXpu4hRL0S6drNI+T+H5VbV06wDVvM2RLSHNFEWu0EA==
