eIyAz9wXUASkmgAxgz+RVmLNyvtPWbqywF92CWuKiv1VyjIoMoTxGFyNhJJo/WO99dc4sYqNDuQhg7l8TUef3r/32rJSkYVjLo8aW6cFYbQa
mDZitA3iG6EBOhuUyM4hIPlwwgb8JdZY4irifMFq1PMIPn9Y03kB8ZihUpYeo5RTaaQ7EjFkC0FJCdIpfj4XnI/QUFtu/y4sdWZS3nSMpkWAz3k3oYSSxMIWqv3Oy++U8NXa6Sr0i1cdO1FX2OcYO3mVTPsBcOe/CR0yfj4jZKlpko8Ur7M6R8jyIVGpmyhkZR2sIZxptBi/0oNGTYZObZggPijrsUnw+/vsBNWbNUzRL+uei1/GQl4JscN691YLGy31tI4=
FDplaiDDc/ha84FkXPRymvlwwgb8JdZY4irifMFq1PMIPn9Y03kB8ZihUpYeo5RTaaQ7EjFkC0FJCdIpfj4XnI/QUFtu/y4sdWZS3nSMpkWAz3k3oYSSxMIWqv3Oy++U8NXa6Sr0i1cdO1FX2OcYO3mVTPsBcOe/CR0yfj4jZKlpko8Ur7M6R8jyIVGpmyhkZR2sIZxptBi/0oNGTYZObZggPijrsUnw+/vsBNWbNUzRL+qei1/GQl4JscN691YLGy31tI4=
/bcU2G+7ZIFF7MVRP8gfS9/4242Yog+Y1FQMv6lj2N23iAxpRuYQl1yK3XQIqlWXy9wAn279Kwzr1eHHH5AncLQJ
6rDBpgqlVL9UDk0ou3peSO8d3IWZ3v893Xh5f28nx114kKINZqtH0NIHZbG9L/P8lJ6XyIjjOVhlcE5ofCehJgpOk+4NK9AwXiLr1vfMx1OHut7UD+UkHcC0M5dz1MfjVPu90hAa2MVXczzbsNMNQUO0OA==
SQmm+5OZonLzOj3b/FGe9ykfg7d6/hliED4MWyvL4NAOT3mBjHjJ3trEDWZhzSvPnMItDOgyxRxLVJAHDgVbxKsd0f8/iDd4tAE=
nJVGoYjErFx3zm/A0w2KsZwFinpShUtEvq4hDSOE/4nRUkElUpK3nMVBh6C58gJnOILtBiBPQPjTQ6t6c0OPXc7Z4sQ9i71sqX/ZG3OOfiLWGRkDkkdea0MdbbQW
2bs5+IYgT1vJOd4AOtw65Cgfg7d6/hliED4MWyvL4NAOT3mBjHjJ3trEDWZhzSvPnMItDOgyxRxLVJAHDgVbxKsd0f8/iDd4tAE=
NUb426g+GwGCORRFNKGTgisfg7d6/hliED4MWyvL4NAOT3mBjHjJ3trEDWZhzSvPnMItDOgyxRxLVJAHDgVbxKsd0f8/iDd4tAE=
+cimOyPMxZHCLlYmr6BDpQ+ewy7QctQXm2e4PG6j4S089FFSWkiV6tFhsyP8LnWgWH4dUIsYSEs+KQMoy/HJ0w+EL3S0DQ==
Wz/jC59vwb04c1LS97672w6ewy7QctQXm2e4PG6j4S089FFSWkiV6tFhsyP8LnWgWH4dUIsYSEs+KQMoy/HJ0w+EL3S0DQ==
1M3uBU/CP7RRnT8tLxghQg2ewy7QctQXm2e4PG6j4S089FFSWkiV6tFhsyP8LnWgWH4dUIsYSEs+KQMoy/HJ0w+EL3S0DQ==
NQU74Mc6roobBZgQJfm8JFqx+kifPJNZyHKlMnTwpCs591BZNwyE/dZyuDP8LnWgWH4dUIsYSEs+KQMoy/HJ0w+EL3S0DQ==
qArAqKI2QbM/G5DYT77EWlqx+kifPJNZyHanPHTwpCs591BZNwyE/dZyuDP8LnWgWH4dUIsYSEs+KQMoy/HJ0w+EL3S0DQ==
LFHHAlYiP5BbkBVnguGSTJdW/wLJQ/Agt/t9Y47JX////zl11i4dZHk0Y7djFLdDh/vtMqBayCUH88z7wBOdIXO0CA==
zobzHlcaaqC0Vw8dKC6l0JAnVndW43+fYmhmUrrMWyCS/R/6k3pFUlrSoZzJwlJmeDlDDaFF7kxfkAu1+Hq/8BR8fGcJGwj1t6DcEeY+YL+c4m2saJKF/Es0UKeOpZvkq/0Rn79od1i0IQ==
VVaJFxMMln0dDmdL0EkGijfV4vL36NM2V8nVOpp5U2epHx8aHX/Ntemwg0BOVRSlRuRRb28l1JRBTSVcOzqu3ahyWBdPYmB6teI6BHXbVcwx70Gb6x7mwn5J0cPaN3aLe21VtC4=
9/guW5/A0Q0Lpb+SmwElfvaEJ1eNrSoBhh6IHc/VDwesVF1eWt65kPkuSkoYFZvhkQm2gJ9cU/lIlmdcdNDki7mXkHk3LESdVtL4E/xOtUDY3t0wi/gI675JQ8jL0Qlzj2RvVLQt
8baRDOIbK6KF9bBeem/HZxd+YCxRRiViWuLBrAkSMvb4qeNdYbXOPF9gK8W4qh9glOycN0kr6MW3kDwhpm6ALxxyzXwo4qUMS0RwV071O3QrbXFPf1gXaLQR
9F65zAMmBZvyNG6YE2w+Uyppy9cvmVEZQ08tZlrmybgZBhoS2M3LiTHhBvgfpOOR6H63BDQINKPZv2BBNxS0tTb6KMu8FmWoeLZtyAuAuAMeIRMQC4lZW29MH2y0FQ==
0h9MPNS6ZamADfwVgODoUQNa5PIeq3ADdE8tZlrmybgZBhoS2M3LiTHhBvgfpOOR6H63BDQINKPZv2BBNxS0tTb6KMu8FmWoeLZtyAuAuAMeIRMQC4lZW29MH2y0FQ==
joiuam42FTfWDUa+X1w7E3M1mRjFp93noeDaZE02kZyGhEg/f/eJC6qevwaHPwDEy7LEWmB9AfUsh/dWcHt+oPQd7CSRlgCcge9rYpxtNtsvZjubTUV3RhNqtBc=
QPfIlv6vJOpy7Q4NHTlZ3flwwgb8JdZY4irifMFq1PMIPn9Y03kB8ZihUpYeo5RTaaQ7EjFkC0FJCdIpfj4XnI/QUFtu/y4sdWZS3nSMpkWAz3k3oYSSxMIWqv3Oy++U8NXa6Sr0i1cdO1FX2OcYO3mVTPsBcOe/CR0yfj4jZKlpko8Ur7M6R8jyIVGpmyhkZR2sIZxptBi/0oNGTYZObZggPijrsUnw+/vsBNWbNUzRL+Cbi17GQl4JscN691YLGy31tI4=
pC+VzTWoDCykRcPokN2HtQa+5o4C+Ym0xRZz4TB7DjAmayfjaC4q8vIJvg4pJjsDLTzBEYPQGNsycc2ftfULUZG2c6pqSpms/MOD5PtUy/R/Ze4CpYe/v9trYAZl1ritL6GKkXaHpIl8CQ/9TvgkIO+qDt856mpDioQKbr1P3tnZ0Phpc5nJJ45cw2z1il/9JXeHkMN/C1zaYBtI4zkmy5H7ZVCUbNTCKY0z2dxa+Sz553hsK3+xIaPTHF6MKL4Y1LFBwca9SCaLXiRKdXfMsJkaMHi5lauWPQKm37d6208FCYfia9a0ow==
ilRey8K8E9PmHc/MXpvvs1cfeXpUcs7/+wkz+9vRj/f3x/LxtiCLsKY4dsc2nvHHrJKMYx/YODyv+YLXIAPchqapWewL4LaEWe64BUs+tyqbJotTtmiZaV+dv01I/EnIyJ87t7Kbaomki3gPB+dCxjQy21wW9UXESqGu4mJUUZHuq40GAKMv14nlShqLNjl0j69RwV96fxFr/j7GszJPp9Z5BW3d2gjiVECtC7tDUORpvk2R4MbX0RFDBzX05OB2DuoA5zmLGnOIZM+Y7JA5CZxibSxoEoV7S7RZJI4lm2SrfREfv+h32LSh
CXWGKChdawSxDWOJLSy1YJqotTIcPeeVKqxiIhBH5PpxfLOQnOahvpwa1WF1zeXtfLWLPg3jrZrxaz7dgaO9KN8XCYjrOcNCLh9Pgf1TY8kQepFXNi8gVZbsne9vMCqpJA4S9AYkBuKEs3bUcdyXeT+6LKt7GvxkGaYVF9Y2fr91XIrR+KmIcPGfB09jh6pTwlNDcQ5bgxTdVxMpwO6M1z6hk9YtlA33wE+SBpPBW68yjF95LoHejY5wZWbxln/yVKXipJxoybUzOGGPXtSnr+8ka8uku4kzf6rEvUPTSAMMg+Fp17Ss
8qvajLWgcoJqLaYWDvi5CSU9f2KxeMK1WxZWX4z0rSVjI7/IFEVtcDIwSvpN/vu9S3GSDeWiowMDxp/T/BYv2u/6Bq9H1CX5DR5gJ4FdsyNNFf5C/wsYzw5J+NRz80FAJLUqNhzoCCQI/oqLeMh/rLll0YJCt1X60jh3nvvL+EYwY7tkxI02aUYsvyfJky33BI8s6y0toLstiLPv/bVungJLsBkdSqMUg2tO9xyaHbH1M9w0MeWAYXDR4MiLul/mMS6aHaz4UqgH6X0Ar1MQpIlzARwFl4pbpy8RkiqhbaNGHwK773XZtKI=
PahSgM0mfkejHs3pk6sFmrpu3PtPHHv0MgorOez9BVLW8JHbDAkR1/Lm+bR+Y8EBHXI+xh3MGaWG+fV6M/aXoN0pS4tJZ70QZ7lP2prv2ymB878hpCrF7/rvbC3CPGnHM1AWQTA+ZuwKJAr68INiPE28y1HLanjTN9ow3E32of8KlgIX4aw+SXQpBOhF75Pnnyf2O3aDl8lCG0/sCQdnARwOsL8qkWfOIZQB7zR/hm6vIYeHRtyLgeLBkjVaoNEOrTaDWsDVVjwQ6EUth8j1JyJ0e0dbdD9zaHvFSyt6MJUfs3TrGLOVcdu0oA==
Obfcbah7iN+k9w3jTuqjFiU9f2KxeMK1WxZWX4z0rSVjI7/IFEVtcDIwSvpN/vu9S3GSDeWiowMDxp/T0AEvze71G69H1CX5DR5gJ4FdsyNNFf5C/wsYzw5J+NRz80FAJLUqNhzoCCQI/oqLeMh/rLll0YJCt1X60jh3nvvL+EYwY7tkxI02aUYsvyfJky33BI8s6y0toLstiLPv/bVungJLsBkdSqMUg2tO9xyaHbH1M9w0MeWAYXDR4MiLul/mMS6aHaz4UqgH6X0Ar1MQpIlzARwFl4pbpy8RkiqhbaNGHwK773XZtKI=
0OHfXcc57T8O9PH+ZglPmrpu3PtPHHv0MgorOez9BVLW8JHbDAkR0fLm+bR4Y8EBHXI+xh3MGaWG+fV6IvCVtdk9S4tJZ70QZ7lP2prv2ymB878hpCrF7/rvbC3CPGnHM1AWQTA+ZuwKJAr68INiPE28y1HLanjTN9ow3E32of8KlgIX4aw+SXQpBOhF75Pnnyf2O3aDl8lCG0/sCQdnARwOsL8qkWfOIZQB7zR/hm6vIYeHRtyLgeLBkjVaoNEOrTaDWsDVVjwQ6EUth8j1JyJ0e0dbdD9zaHvFSyt6MJUfs3TrGLOVcdu0oA==
2SlWIveVFsjEJbUmz6EHXwa+5o4C+Ym0xRZz4TB7DjAmayfjaC4q9ONR5h4/LW9cKj/UOMWzX5klKdrfsccMR4Src6pqSpms/MOD5PtUy/R/Ze4CpYe/v9trYAZl1ritL6GKkXaHpIl8CQ/9TvgkIO+qDt856mpDioQKbr1P3tnZ0Phpc5nJJ45cw2z1il/9JXeHkMN/C1zaYBtI4zkmy5H7ZVCUbNTCKY0z2dxa+Sz553hsK3+xIaPTHF6MKL4Y1LFBwca9SCaLXiRKdXfMsJkaMHi5lauWPQKm37d6208FCYfia9a0ow==
oFWC2XEKRBLwpTgLCTXPzQa+5o4C+Ym0xRZz4TB7DjAmayfjaC4q9ONR5h4/LW9cKj/UOMWzX5klKdrfuNQGWoSpc6pqSpms/MOD5PtUy/R/Ze4CpYe/v9trYAZl1ritL6GKkXaHpIl8CQ/9TvgkIO+qDt856mpDioQKbr1P3tnZ0Phpc5nJJ45cw2z1il/9JXeHkMN/C1zaYBtI4zkmy5H7ZVCUbNTCKY0z2dxa+Sz553hsK3+xIaPTHF6MKL4Y1LFBwca9SCaLXiRKdXfMsJkaMHi5lauWPQKm37d6208FCYfia9a0ow==
J3GvemwWrOqfqIHxqw4GMJ68uFaWHwuw5vEG76lM6FcRsq7avmZMmsRU16SwdX65cvUeIJnfojSIduQ47OBBP/KYvu4CQ69fm5Q+ANlqMHHbil/OO0Lj52acUS0f2Xe5mMghrOh704Oi72KNpI9wexfTqiIUVrNoxgGNgArlZhay4Dn1Tk9lspDXp1MJYcJuG4LRkC/LOXWPjrdVK7r2MmMGJ8P2ne1Zza4A5lREpX+rd7gASdolpTAyH5VRB8/BJFCIEq4O6FOp/5L3COBH7Hwk0e08BgWYuOZNPwvwkdBeEfMAi5n5K6+cf9y0pQ==
yxxhfLWpm//IsuQHd75bsP6QN3mhlaO33a9HKWLnOe3dTUcjTp4XPdWOUoRuLPW8M0WG4SAwhiHMLnyMZL9tIABMaC3EhcYkJ9qqGYhZSD2TlHSMYiu3kL2h6KnyFfbMWy8dmFS1CNYrNwFlv5p3GT8OwIhpQJn8FDPYSz3V+7+KE0TG8p2QoPsERyH4KqVPjqzu7CZZHkrw7l15+GdIOhen24qJPzHBPTk/FfYm7U47NtuECjLKs0qoTvMJda6Ylwtlz34gQAwOu1yDBSBGEli71m0jx7hDHZbqQmoddE055hpBoy7Jbl0QJaWb+r7p/2zCs3cLil5dRuUPaYxDqv6z5/a1LOX5KzRSp9TswreO/q30ikFwvyBFZZchROjVO31Jy9bo8/Adzr/xnaPXbMvbS3BCFOsUy70GB+nv9WxcCNSu8bmDxbSemaDBs6gQo1txjbsnbIIkLB5ULCVRfY5ZyMrT6hTWnTMsvCHOYISxM+m6pXZWg5/++4N9HRfeo7K0zw==
GXb4/4YtAt3w/ytasuqrafxQJ39A35wSyPuhkNYIbDjkB8ynOL6X5mSvNcSYPrh+Ke+0GHmRpWMcvRjp1Y5ysRT1+NCCMm6C3IpTVbfyQib47JIJAYR/lKIrFz8cYCJshIKzMUq9O/IMpAH5+vmecVuz1gU7kNs/KeWbdi7wYAPk76CAFkTF9IScl8kpXzqWS8Eg1Pne3xCQwo0yE5WyJrb8hb0Cu+nvRl1Wr7SHrninacHBw0sXnJt2FOj1Jph3BPrH3U6lDLj5jPv8VoRYKwFiPUKuph5VzqREH6viSXQMgLLTAzpihRflOQ9dXd7Vu/qmRdkSYKHidrm/202k1z3XNXQ2Z3UztWlOmZnKPDoNJlhUKx1HPAgs+GI4Ldx/FdzqEVipKDARH+cPw4fKk6LTY7GuW2NUPdcz6WDu7BceIbOWzZTtt+DPssbzwftvEgy/Oc6Bfk2u8AWmkZbfsrQlAuQ8aGl1U7gBT/7UR+8PpEuLBrnp8x8q5P3j06hDLAPBqbe0zA==
TPr3TIPePoHfQ8aUzdB5eI8Ljcr8dOQXGQMwkMl/SegoMOiFz5Hh6QoLFk6AjmQRLxnkIXTZjrujDarMr7klqXiPJnDSzp35EWuzX1venGz82z12JFNzF7rJtkivbkrlUH1YMfvAtFCarwc89dXIlerxJgDzu50E7HH4OiMDYRnnPueV19qA1BFEqdDcx3j3pbGr86IHRNrK2eDMc7Cn3SAOtUPm+C4w3t2u5riafUXgg5j2vzNbFjH7wS01DV9proJ9wtPim9hyNvqfglzuT5ER/tS/H2XTRmQwYIYPvH/dBFYeMO8WsdtDCO9V4sp+cvmkgZFymt0b6jmCVSRF2cNeLmUXuILvDw+6cpWyRbPx6BPm1qfn6o1olZWjgLJbDMjSu+aqbShyxcATaDFFqzmgOBmT6clXbiwDHBX6343FB0fgIw8LLDoQ2zgDSaa7cYulIHQc1LLJ/fOpPCp5XBmXuBzLD7FRQ6PcLmxYPmg0wYGxJs1IVmsu5DqVB0zAeWrwCFnnqebdcmavVwpbP+V5R5KLprTT
8pwuK4DQlzdur9sUOtCVDKo9pxtdaAfaLl8ggELgLL+B0m49hr02CzI6xboYxnPd+kNeNWmpUVG0S88Q5o8j2hUX3+8BXkuUdry2XgTPLQosV3Mbor2GVEdKKoloqYgNs4R0nEIbd2BdMWg5kmW2/Hs/HYh0hUimS6eB9V9qtykfHsCYSXBZDPSjWNtdpbuPqgNE1tKt0NCblMexGNplf6687vwGad66EH7d6ZgXCAo3t9uaqQ9xsV2pv4UW1i1+GybblCoCCkOqOM5jaQXuqLcbZd9eEAB8bivcE+XQhiJ4q9Z9A/d4s/0GatIKbTR9GfYaUYMeiR49gKU1ewp+2d98wqNXO0quvdZlnwn8A5reo+fmlRyliUuk0jc0HAKHru6t5KpxsE/A1eUHQTSo5RttSdv22LOAfV4/YX1TF1zry0tgYiQr5CsthpeJn7VcfBjUvtGJw7XUDhkwIUNoIINLcZ2bF6xyxLyexExVEU2uScja89pUpv2jrCzBPqC0kSPpqoVGlnN/bnsTHW1X7oOitN8=
8pwuK4DQlzdur9sUOtCVDKo9pxtdaAfaLl8ggELgLL+B0m49hr02CzI6xboYxnPd+kNeNWmpUVG0S88Q5o8j2hUX3+8BXkuUdry2XgTPLQosV3Mbor2GVEdKKoloqYgNs4R0nEIbd2BdMWg5kmW2/Hs/HYh0hUimS6eB9V9qtykfHsCYSXBZDPSjWNtdpbuPqgNE1tKt0NCblMexGNplf6687vwGad66EH7d6ZgXCAo3t9uaqQ9xsV2pv4UW1i1+GybblCoCCkOqOM5jaQXuqLcbZd9eEAB8bivcE+XQhiJ4q9Z9A/d4s/0GatIKbTR9GfYaUYMeiR49gKU1ewp+2d98wqNXO0quvdZlnwn8A5reo+fmlRyliUuk0jc0HAKHru6t5KpxsE/A1eUHQTSo5RttSdv22LOAfV4/YX1TF1zry0tgYiQr5CsthpeJn7VcfBjUvtGJw7XUDhkwIUNoIINLcZ2bF6xyxLyexExVEU2uScja89pUpv2jrCzBPqC0kSPpqoVGlnN/bnsTHW1X7oOitN8=
TPr3TIPePoHfQ8aUzdB5eI8Ljcr8dOQXGQMwkMl/SegoMOiFz5Hh6QoLFk6AjmQRLxnkIXTZjrujDarMr7klqXiPJnDSzp35EWuzX1venGz82z12JFNzF7rJtkivbkrlUH1YMfvAtFCarwc89dXIlerxJgDzu50E7HH4OiMDYRnnPueV19qA1BFEqdDcx3j3pbGr86IHRNrK2eDMc7Cn3SAOtUPm+C4w3t2u5riafUXgg5j2vzNbFjH7wS01DV9proJ9wtPim9hyNvqfglzuT5ER/tS/H2XTRmQwYIYPvH/dBFYeMO8WsdtDCO9V4sp+cvmkgZFymt0b6jmCVSRF2cNeLmUXuILvDw+6cpWyRbPx6BPm1qfn6o1olZWjgLJbDMjSu+aqbShyxcATaDFFqzmgOBmT6clXbiwDHBX6343FB0fgIw8LLDoQ2zgDSaa7cYulIHQc1LLJ/fOpPCp5XBmXuBzLD7FRQ6PcLmxYPmg0wYGxJs1IVmsu5DqVB0zAeWrwCFnnqebdcmavVwpbP+V5R5KLprTT
y5Dse1OPOVi3kaY+Etr0hXNbcrLtex1BU2AD2LAIgk/e5TT/1Ltr/IpyVbx034IZOKKLMQfF1Id7zy0bgF7kYGJCEKbsBkYH4+c4etBSgoQIraMk3TB4w+3LzrDw2D7K6XUI/Xm2Vuw7zSgpTIWhWwwhGbD5GzON4QI84HI33ue6hBREx/CelK39O08o4jGpOvDb/v00Sip3xsFFYBKMtN/5QPurqxwV7BtmV3yMXYEbZWHrtTgBHm6cZ7YKw75yXVnMJY48YwRBSMQUyl97CqfmDAa88RRMvut5MpvAtsjol0F6IMFNrQM7j40MIUESfGH7MkKF+B7Dy8ldtuMH3y9wNGd3N69hdK2L2i5Od05CcAk9ZRjSxAKW6v0OSy+UsFUa6Wp0S1dduxFXGGdYO7kVDPvB8Ke/SZ3yfn6jpKkpEk8UbzN6RwhyYVFpG2hkJZ1sIdzpdBj/UkNGDQYObVigfigrMQnwO3ssBJUb9UyRrySZy9cFQp6J8cO6dxYL2621tM4=
lL4y6wYVPHNBK069Y/94AVqx+kifPJNZyHKlMnTwpCs591BZNwyE/dZyuDP8LnWgWH4dUIsYQEg+KQMoy/HJ0w+EL3S0DQ==
dj29WyyCwUMRVwYNDnXNJNwQhTciQTjkAUMZ/O2HtdvfPrkyMlHlY05PetvHxQG0eg==
133R0TXk0FNc68hzYt3wYzT2+FW7pmre2fVRTaACL1wk9Ctny7Qv0x97dao7uqD1TzOEC6jz5dELtHA=
2vCFi4/VPvu4+se2QdWUuYYgOMJxdxrhIlhu8h+NTGC5inBoGUKrRpwS5k+XqlufJZnH8ssGtHM=
/qqFD+gZFyQYduIIHkJV2HM1mRjFp93noeDaZE02kZyGhEg/f/eJC6qevwaHPwDAybzEWmB9AfUsh/dWcHt+oPQd7CSRlgCcge5rYpRuNtsvZjubTUV3RhNqtBc=
yYwG8D+ilK//WvAgQVR+GgNa5PIeq3ADdE8tZlrmybgZBhoS2M3LiTHhBvgfpOOR6Hq1CjQINKPZv2BBNxS0tTb6KMu8FmWoeLZtyAuAsAAeIRMQC4lZW29MH2y0FQ==
dHqJXJkkpsh93m+sE6TVHyppy9cvmVEZQ08tZlrmybgZBhoS2M3LiTHhBvgfpOOR6Hq1CjQINKPZv2BBNxS0tTb6KMu8FmWoeLZtyAuAsAAeIRMQC4lZW29MH2y0FQ==
hW0Yn2fpEa6JyFhyx8xoIhd+YCxRRiViWuLBrAkSMvb4qeNdYbXOPF9gK8W4rh1ulOycN0kr6MW3kDwhpm6ALxxyzXwo4qUMS0R4VE71O3QrbXFPf1gXaLQR
dgtr6nBd8obij2kwW8ZwRfaEJ1eNrSoBhh6IHc/VDwesVF1eWt65kPkuSkoYFZvhkQm2gJ9cU/lIkmVSdNDki7mXkHk3LESdVtL4E/xOtUDY3t0wi/gA6L5JQ8jL0Qlzj2RvVLQt
xMSB4kozeme2TU8OvBY1bjfV4vL36NM2V8nVOpp5U2epHx8aHX/Ntemwg0BOVRSlRuRRb28l1JRFTytcOzqu3ahyWBdPYmB6teI6BHXbVcwx70Gb6xblwn5J0cPaN3aLe21VtC4=
rPI4C/mwyDGuyY7ndihuqJAnVndW43+fYmhmUrrMWyCS/R/6k3pFUlrSoZzJwlJmeDlDDaFF7kxfkAu1+H69/hR8fGcJGwj1t6DcEeY+YL+c4m2saJKF/Es0WKSOpZvkq/0Rn79od1i0IQ==
kxXzYn7b+9bP9vNEWxQaq+3Gqw31jDM+uon+BXMQWs7wtWUvJQdpky/bDlCkP+wtk6yVAxsnDAn68zVKXpu4hRL0S6drNI+T/ntVals6wDVvM2RLSHNFEWu0EA==
