tKJjiNJsefM/yzKHqfSVmGLNyvtPWbqywF92CWuKiv1VyjIoMoTxGFyNhJJo/WO99dc4sYqNDuQhg7l8TUeU37/73rJRkYVjLo8aW6cFYbQa
oB2z4qzMvym4PrHQFjwypflwwgb8JdZY4irifMFq1PMIPn9Y03kB8ZihUpYeo5RTaaQ7EjFkC0FJCdIpfj4XnI/QUFtu/y4sdWZS3nSMpkWAz3k3oYSSxMIWqv3Oy++U8NXa6Sr0i1cdO1FX2OcYO3mVTPsBcOe/CR0yfj4jZKlpko8Ur7M6R8jyIVGpmyhkZR2sIZxptBi/0oNGTYZObZggPijrsUnw+/vsBNWbNUzRL+Cfi1PCQl0JscN691YLGy31tI4=
CcxKM0oOMKasBT3bUuhta/lwwgb8JdZY4irifMFq1PMIPn9Y03kB8ZihUpYeo5RTaaQ7EjFkC0FJCdIpfj4XnI/QUFtu/y4sdWZS3nSMpkWAz3k3oYSSxMIWqv3Oy++U8NXa6Sr0i1cdO1FX2OcYO3mVTPsBcOe/CR0yfj4jZKlpko8Ur7M6R8jyIVGpmyhkZR2sIZxptBi/0oNGTYZObZggPijrsUnw+/vsBNWbNUzRL+efi1PCQl0JscN691YLGy31tI4=
SGbGB/dXkOsf4Td0ZI3Tft/4242Yog+Y1FQMv6lj2N23iAxpRuYQl1yK3XQIqlWQz9wNm27+Kwzr1eHHH5AncLQJ
phh7+ETmYnCQJSeu7/kDJUja/4p9KgXKz0lrscJAMx9eVW7J//uqQBjm2JCJGhqd8gbJa681DEipkhCgab4vrsnNxkSnkps3tQEnujt+tBs=
WkB3Fw7teOXkL7UKezI345wFinpShUtEvq4hDSOE/4nRUkElUpK3nMVBh6C58gJnOILtBiBPQPjTQ6t6c0OPXc7Z4sQ9i71sqX/cH3ODeiLVGRkDkkdea0MdbbQW
XNYI6r/EFIYUGYoc1PDf4ikfg7d6/hliED4MWyvL4NAOT3mBjHjJ3trEDWZhzSvPnMItDOgyxRlPVJ0DDgZbxKsd0f8/iDd4tAE=
1kfZYhLGliAqdbRpFFl5Aigfg7d6/hliED4MWyvL4NAOT3mBjHjJ3trEDWZhzSvPnMItDOgyxRlPVJ0DDgZbxKsd0f8/iDd4tAE=
cvW5JV/ECiRuu+2DtYMuNCofg7d6/hliED4MWyvL4NAOT3mBjHjJ3trEDWZhzSvPnMItDOgyxRlPVJ0DDgZbxKsd0f8/iDd4tAE=
tvI/Vn98mLBBhYw4fZ0ebi0fg7d6/hliED4MWyvL4NAOT3mBjHjJ3trEDWZhzSvPnMItDOgyxRlPVJ0DDgZbxKsd0f8/iDd4tAE=
zoQVyIixzC46IvHJR4vaaywfg7d6/hliED4MWyvL4NAOT3mBjHjJ3trEDWZhzSvPnMItDOgyxRlPVJ0DDgZbxKsd0f8/iDd4tAE=
3uFZfZhAJ38yJOcE8qaJgSkFhbdm5hhiED4MWyvL4NAOT3mBjHjJ3trEDWZhzSvPnMItDOgyxRlPVJ0DDgZbxKsd0f8/iDd4tAE=
KP+pynwwdqGxtLSvlvISag+ewy7QctQXm2e4PG6j4S089FFSWkiV6tFhsyP8LnWgWH4dVY8YRU8+KgMoy/HJ0w+EL3S0DQ==
JIGKgG9BfzHKVYTOmElfrw6ewy7QctQXm2e4PG6j4S089FFSWkiV6tFhsyP8LnWgWH4dVY8YRU8+KgMoy/HJ0w+EL3S0DQ==
qCPtVSRUmP3+LLU11TjKwCkfg7V99BhiED4MWyvL4NAOT3mBjHjJ3trEDWZhzSvPnMItDOgyxRlPVJ0DDgZbxKsd0f8/iDd4tAE=
P8gn6RIRkfIRKpc6Ed6i0A2ewy7QctQXm2e4PG6j4S089FFSWkiV6tFhsyP8LnWgWH4dVY8YRU8+KgMoy/HJ0w+EL3S0DQ==
mOaJfo/jLzjR6lbzMpGsdQyewy7QctQXm2e4PG6j4S089FFSWkiV6tFhsyP8LnWgWH4dVY8YRU8+KgMoy/HJ0w+EL3S0DQ==
2HkUdPVEPAzSZhHzOGQToSgFhbdm5hhiED4MWyvL4NAOT3mBjHjJ3trEDWZhzSvPnMItDOgyxRlPVJ0DDgZbxKsd0f8/iDd4tAE=
OgLt7R1i4dajPlcE5JVfVQuewy7QctQXm2e4PG6j4S089FFSWkiV6tFhsyP8LnWgWH4dVY8YRU8+KgMoy/HJ0w+EL3S0DQ==
AtMP0MjHfwTZGO5PjjRWAQqewy7QctQXm2e4PG6j4S089FFSWkiV6tFhsyP8LnWgWH4dVY8YRU8+KgMoy/HJ0w+EL3S0DQ==
/ae/8ZwavGB6ADGjK1Kv1SsFhbdm5hhiED4MWyvL4NAOT3mBjHjJ3trEDWZhzSvPnMItDOgyxRlPVJ0DDgZbxKsd0f8/iDd4tAE=
MrHdxy9Y8i0p6nmUF2p+LyoFhbdm5hhiED4MWyvL4NAOT3mBjHjJ3trEDWZhzSvPnMItDOgyxRlPVJ0DDgZbxKsd0f8/iDd4tAE=
2Q5UhHujQ8n+Az6cY3znrSgfg7V99BhiED4MWyvL4NAOT3mBjHjJ3trEDWZhzSvPnMItDOgyxRlPVJ0DDgZbxKsd0f8/iDd4tAE=
xXllE+AbhN0ufmfgieAlyCsfg7d6/hliED4MWyvL4NAOT3mBjHjJ3trEDWZhzSvPnMItDOgyxRlPVJ0DDgZbxKsd0f8/iDd4tAE=
sJQa5Vrxjf32NGo9XgOOyVqx+kifPJNZyHKlMnTwpCs591BZNwyE/dZyuDP8LnWgWH4dVY8YRU8+KgMoy/HJ0w+EL3S0DQ==
p38G6hZAT9zOPjtB17Hh/1qx+kifPJNZyHanPHTwpCs591BZNwyE/dZyuDP8LnWgWH4dVY8YRU8+KgMoy/HJ0w+EL3S0DQ==
ewMqOsAitMNqn4GD5lBXeZdW/wLJQ/Agt/t9Y47JX////zl11i4dZHk0Y7djFLdDgv/tP6RayyUH88z7wBOdIXO0CA==
tvBwcQIdAIagBy8gPm0jzpAnVndW43+fYmhmUrrMWyCS/R/6k3pFUlrSoZzJwlJmeDlDDaFF7kxfkAu1+Hq/8BR8fGcJGwj1t6DcEeY+YL+c4m2saJKF+U80XaOOppvkq/0Rn79od1i0IQ==
DC3AyqaGc4pagVsW+3QrNjfV4vL36NM2V8nVOpp5U2epHx8aHX/Ntemwg0BOVRSlRuRRb28l1JRBTSVcOzqu3ahyWBdPYmB6teI6BHXbVcwx70Sf6xPiwn1J0cPaN3aLe21VtC4=
4AHpdgqCzw7RCuZj+NYuXPaEJ1eNrSoBhh6IHc/VDwesVF1eWt65kPkuSkoYFZvhkQm2gJ9cU/lIlmdcdNDki7mXkHk3LESdVtL4E/xOtUDY3t06j/gF775KQ8jL0Qlzj2RvVLQt
THJj3tgNE/iIdBxFAzCJohd+YCxRRiViWuLBrAkSMvb4qeNdYbXOPF9gK8W4qh9glOycN0kr6MW3kDwhpm6ALxxyzXwo4qUGT0R9U072O3QrbXFPf1gXaLQR
z9zeAqx1rO55Zm7kP/CQ8Cppy9cvmVEZQ08tZlrmybgZBhoS2M3LiTHhBvgfpOOR6H63BDQINKPZv2BBNxS0tTb6KMu8FmWoeLZtwg+AtQceIhMQC4lZW29MH2y0FQ==
Xg7ctmGLwhV7fSWfKEV/UgNa5PIeq3ADdE8tZlrmybgZBhoS2M3LiTHhBvgfpOOR6H63BDQINKPZv2BBNxS0tTb6KMu8FmWoeLZtwg+AtQceIhMQC4lZW29MH2y0FQ==
bneZowWLlSYPy+mSd+ORFHM1mRjFp93noeDaZE02kZyGhEg/f/eJC6qevwaHPwDEy7LEWmB9AfUsh/dWcHt+oPQd7CSRlgCcgeRvYpFpNtgvZjubTUV3RhNqtBc=
Y5piiLDl/FOcXvyA4MT0Nflwwgb8JdZY4irifMFq1PMIPn9Y03kB8ZihUpYeo5RTaaQ7EjFkC0FJCdIpfj4XnI/QUFtu/y4sdWZS3nSMpkWAz3k3oYSSxMIWqv3Oy++U8NXa6Sr0i1cdO1FX2OcYO3mVTPsBcOe/CR0yfj4jZKlpko8Ur7M6R8jyIVGpmyhkZR2sIZxptBi/0oNGTYZObZggPijrsUnw+/vsBNWbNUzRL+ufi1PCQl0JscN691YLGy31tI4=
/zcBSPAgzHLv7XA3mtzDzlqx+kifPJNZyHKlMnTwpCs591BZNwyE/dZyuDP8LnWgWH4dVooYRE8+KgMoy/HJ0w+EL3S0DQ==
4MbZhr/7DSRIGGAPa+o95+3Gqw31jDM+uon+BXMQWs7wtWUvJQdpky/bDlCkP+wtk6yVAxsnDAn68zVKXpu4hRL0S6drNI+T+XpVblw6wzVvM2RLSHNFEWu0EA==
