a04rxZ1UVYR5zuSAkQ51UwSCt5QBY2eUjCoXscJHPgJsVW3J2sTxVRiz3o+JPxqd8gbTfL4Of1KjkBKie6gjp8fAzkulgIsxtQEnujtyswk=
kotGZzTTL7OUgDc+Vij5nYV90rCuxreYjtmx2bl0UraF3TI9F4/QcoWCJeNJL+7lJ+msT9c81NKOQLihuZEAZELEzYJut6Lz+rVW7ltj3PMxMZgjDzRJdKcLbFyYbOpNvCNh5FUssLSyNLe7CU/lHXITQaScHOKVC+NYmGi/u+DedObidWirvDJciONZarVICLRsSjliZ03jJheflVxohB0G05xQNA6pe6xp5qsMYsYj5OJzLzxeTx2s60X9XRceI/6znQ==
KUWe+uWhOVzA6HbN8hJwiIV90rCuxreYjtmx2bl0UraF3TI9F4/QcoWCJeNJL+7lJ+msT9c81NKOQLihuZEAZELEzYJut6Lz+rVW7ltj3PMxMZgjDzRJdKcLbFyYbOpNvCNh5FUssLSyNLe7CU/lHXITQaScHOKVC+NYmGi/u+DedObidWirvDJciONZarVICLRsSjliZ03jJheflVxohB0G05xQNA6pe6xp5qsMYsYj5Ot0LzxeTx2s60X9XRceI/6znQ==
UVIgBQPWxedyxgbnQc3EsxHwceNAc3KpuDEXxJ2rN7XGfkhz0iuOF6vpSz6fdbfZwRWDeu4zB/PY78oblyV9sxg=
VOJEmbAQRcYQ5FEnz52c1NizdA0R6nVPQTt8XCprBw1w0UBIVYFZAUgw+qs52cLcg3C7ejBYKidCgPf7LRtPV/tu4XO6335uTp2N6xd3XBgTE3RtV37hs4MM4ilXvbj8s3+WgJyxt/ZPH8gXHEQHG/b2zhhTvE+6OsQfigleW/rWPTGym/85Sy/8v7Cz1w==
qwUY/JSrI++bS5Xw/ZR2ns7RUkHLkaU+ij8oliEVVX1vSIfeqgD3Pklqsz7GWflGO4sxr//41wSzYw==
SiBizcVhm9osx/P6bVt2649d8kREad3BNHTEIZs7jcWdZlk5Qbk3mQXieJ+hQ54jnMPxyQuzbg==
UVIgBQPWxedyxgbnQc3EsxHwceNAc3KpuDEXxJ2rN7XGfkhz0iuOF6vpSz6fdbfZwRWDeu4zB/PY78oblyV9sxg=
UVIgBQPWxedyxgbnQc3EsxHwceNAc3KpuDEXxJ2rN7XGfkhz0iuOF6vpSz6fdbfZwRWDeu4zB/PY78oblyV9sxg=
UVIgBQPWxedyxgbnQc3EsxHwceNAc3KpuDEXxJ2rN7XGfkhz0iuOF6vpSz6fdbfZwRWDeu4zB/PY78oblyV9sxg=
UhqyCyE6X4koGiG6Xu0ZDxHwceNAc3KpuDEXxJ2rN7XGfkhz0iuOF6vpSz6fdbfYwRWDeu4zB/PY78oblyV9sxg=
50aLh3lltfOgXhi/Z//wlfrAoBn2jzM/4JazGXkAHcm/smU4IR0iiWTBSwTja+I3iLmCFVUsDx/t9RxKWpuQjzSHUa1pNo2B7XhbYVEyzDd9I2JLSHNFEWezAg==
sXrlCgPjbrgve8iuZtVd1vctNglVOD0TPIsWSdypi1QRI7M1QvbE406zandPkbdOUz1zmAVdT0rSCyPT/PfWC5stebMc
CwCepg88yryF9Gd2t5wudPctNglVOD0TPI8UR9ypi1QRI7M1QvbE406zandPkbdOUz1zmAVdT0rSCyPT/PfWC5stebMc
+FDj7mWZZUfXWhKWKz7Bhk47P8skqSmS7OYRH9DlbjEOld5OULYQJEZ+T2arjGJGI2To9C+8Xs8dLOvF/d0XniN+sx0=
J2hoQRyYJrZNIOHVCNSzVKMCD28adnpdb5oJScb6zlIUILI+L7LV9EmgYWdPkbdOUz1zmAVdT0rSCyPT/PfWC5stebMc
d+QBTbzyZ2K0cqkcMkvL7KECD28adnpdb5oJScb6zlIUILI+L7LV9EmgYWdPkbdOUz1zmAVdT0rSCyPT/PfWC5stebMc
nMJZMdac5A28GbubOPrXnE46P8skqSmS7OYRH9DlbjEOld5OULYQJEZ+T2arjGJGI2To9C+8Xs8dLOvF/d0XniN+sx0=
+FDj7mWZZUfXWhKWKz7Bhk47P8skqSmS7OYRH9DlbjEOld5OULYQJEZ+T2arjGJGI2To9C+8Xs8dLOvF/d0XniN+sx0=
J2hoQRyYJrZNIOHVCNSzVKMCD28adnpdb5oJScb6zlIUILI+L7LV9EmgYWdPkbdOUz1zmAVdT0rSCyPT/PfWC5stebMc
d+QBTbzyZ2K0cqkcMkvL7KECD28adnpdb5oJScb6zlIUILI+L7LV9EmgYWdPkbdOUz1zmAVdT0rSCyPT/PfWC5stebMc
nMJZMdac5A28GbubOPrXnE46P8skqSmS7OYRH9DlbjEOld5OULYQJEZ+T2arjGJGI2To9C+8Xs8dLOvF/d0XniN+sx0=
+FDj7mWZZUfXWhKWKz7Bhk47P8skqSmS7OYRH9DlbjEOld5OULYQJEZ+T2arjGJGI2To9C+8Xs8dLOvF/d0XniN+sx0=
J2hoQRyYJrZNIOHVCNSzVKMCD28adnpdb5oJScb6zlIUILI+L7LV9EmgYWdPkbdOUz1zmAVdT0rSCyPT/PfWC5stebMc
d+QBTbzyZ2K0cqkcMkvL7KECD28adnpdb5oJScb6zlIUILI+L7LV9EmgYWdPkbdOUz1zmAVdT0rSCyPT/PfWC5stebMc
nMJZMdac5A28GbubOPrXnE46P8skqSmS7OYRH9DlbjEOld5OULYQJEZ+T2arjGJGI2To9C+8Xs8dLOvF/d0XniN+sx0=
CwCepg88yryF9Gd2t5wudPctNglVOD0TPI8UR9ypi1QRI7M1QvbE406zandPkbdOUz1zmAVdT0rSCyPT/PfWC5stebMc
sXrlCgPjbrgve8iuZtVd1vctNglVOD0TPIsWSdypi1QRI7M1QvbE406zandPkbdOUz1zmAVdT0rSCyPT/PfWC5stebMc
CwCepg88yryF9Gd2t5wudPctNglVOD0TPI8UR9ypi1QRI7M1QvbE406zandPkbdOUz1zmAVdT0rSCyPT/PfWC5stebMc
MgZ9Hd3qfmNxOB4KFlzNpk47P8skqSmS7OYRH9DlbjEOld5OULYQJEZ+T2arjGJGI2Tv9C+8Xs8dLOvF/d0XniN+sx0=
mtvrzwyTJAPVZ9bB7qNce6MCD28adnpdb5oJScb6zlIUILI+L7LV9EmgYWdPkbdOUz1znwVdT0rSCyPT/PfWC5stebMc
BXTyCncrB7qkx/rPvGE2z6ECD28adnpdb5oJScb6zlIUILI+L7LV9EmgYWdPkbdOUz1znwVdT0rSCyPT/PfWC5stebMc
ckrXQOqHkPKvhpGrMdDdLU46P8skqSmS7OYRH9DlbjEOld5OULYQJEZ+T2arjGJGI2Tv9C+8Xs8dLOvF/d0XniN+sx0=
9gTHpDhqL1mX9qALqZk3efctNglVOD0TPIsWSdypi1QRI7M1QvbE406zandPkbdOUz1znwVdT0rSCyPT/PfWC5stebMc
UtOIkPzcxJBnSxRo7DFh2PctNglVOD0TPI8UR9ypi1QRI7M1QvbE406zandPkbdOUz1znwVdT0rSCyPT/PfWC5stebMc
2lSMhx82nC9EvcK3gH6wKXWAsKSysZNiK4DVNoJiQmycdAQKD1COqt7xj1UaAA7uXPNaJyEHzo5UeWQZC0rri7lzQz8Dc3QzrO8AaG/RV84z/VOf5R3vynJLw9PcN3aLe21Zszw=
8NlKMNAgQMC6DK5Q34W8L97mHVsP/TH2VppOO6iJMNm6w8pOEk1uk7ewndNaVSKpzS138NWd+mmPS0NSYAC33F2k3yIRV9eBiR9Ahuss4ibjRO/U79zeb13M66U9fZd+Y16zPQ==
uymXTmKPVRd1+/5XmI0Gp0p6IHCJwnqDnwjZr54OohiqVyuuqNvv6t7IsqqvV0M8YWEAidrBGbVl6g831qRcSg14V1UFs9cvjf/NLxqLQnOuGOFN2Xa9Yf1/S0GhcryXjaPy65izFXFXszI=
MgZ9Hd3qfmNxOB4KFlzNpk47P8skqSmS7OYRH9DlbjEOld5OULYQJEZ+T2arjGJGI2Tv9C+8Xs8dLOvF/d0XniN+sx0=
mtvrzwyTJAPVZ9bB7qNce6MCD28adnpdb5oJScb6zlIUILI+L7LV9EmgYWdPkbdOUz1znwVdT0rSCyPT/PfWC5stebMc
BXTyCncrB7qkx/rPvGE2z6ECD28adnpdb5oJScb6zlIUILI+L7LV9EmgYWdPkbdOUz1znwVdT0rSCyPT/PfWC5stebMc
ckrXQOqHkPKvhpGrMdDdLU46P8skqSmS7OYRH9DlbjEOld5OULYQJEZ+T2arjGJGI2Tv9C+8Xs8dLOvF/d0XniN+sx0=
9gTHpDhqL1mX9qALqZk3efctNglVOD0TPIsWSdypi1QRI7M1QvbE406zandPkbdOUz1znwVdT0rSCyPT/PfWC5stebMc
UtOIkPzcxJBnSxRo7DFh2PctNglVOD0TPI8UR9ypi1QRI7M1QvbE406zandPkbdOUz1znwVdT0rSCyPT/PfWC5stebMc
9gTHpDhqL1mX9qALqZk3efctNglVOD0TPIsWSdypi1QRI7M1QvbE406zandPkbdOUz1znwVdT0rSCyPT/PfWC5stebMc
S4wHZ9caRMsMLKgwmfnAfNG70I+EsA6KxURPr7Y22NeUzQh2D/EfrTqQ13YKqEeGz9IDlmbxKR770+HHH5AnfLMb
CJdWcJkWC3lbL3e7BC69aCYziATcsfy14eDQY1E31oqTlEAPOuvCCKCgv1OUcUmK3L7RR2B9Duk+jd5WYG5wvPYmjz6blAKek/xubJ9kPtctdCudTUV3RhNmswU=
P40eQ2HQ5oiRQKR2y/wNFdeZf31gS2c+jXImUyzFiBS9r2hTfUSwBlZekalfOHew/5fcXB1rejRXIQYKfuTlXu0sbP30OTvd3pSgoer1rqFupd5+MCbDO2KUzxaLnCLWw1TuxM8sHt89XGs13c3XDkNOsy0=
+uLjaqe+6nChKG3rFzUZAJGTh++VDSi/sMAj8jWL5MeZTjpAn2hSFgF908jXnZ2iZyxLNejNFmG5gGnDCOPK6aABXyQl+9+1rq7wExobltcTeYMeh4UfXiklm5qmo/+zwB+Cu291VbMw
mtFbU2jjxDfIa1nNmH6oI5yzTw1KpHa8NZdfPKyFLM6+mdZMJwQ87vO+ipIeRCnpyy1xpKqO52G9GRFlQwDo1E201QNUR4eDlRVfhuss4ibjRO7U79zeb13M66U9fZd+Y16zPQ==
YhUCkfSOdXV0pdyFai+w1jHe5PvT8cM9bd3TNrhiRmGEUl4WDWXH+KO1gUJbRB/lHPVaIXV43ZNcSzZJPGnr1LFjUzUiNmRjrvMKd2/RV84z/VOe5R3vynJLw9PcN3aLe21Zszw=
IHY4ySG9y6R+d9kIaelyPSy9lQathGIWMZ3jiGd9LSL3zJt1uC0GYamguYNYQ1pp0KGvZFXbL7XejgDTartmV4PZU97XpQ9eOUVLWvbDbzNwfzJ7XxVlswA=
D2f6tacKnjnon5hWsjGZ98kSiGRQhmA3s5FmFjWV/5iLRUkCE5S3hYRlwqHt6EUzNJv+CXRZA/TJU6s1WgacQ8bDwrcngb9uq23LHn2NdyraGwsTlEdea0MdYbME
J73WXpfgHu3K7fAty+ahIOAhp0FhtEEthJFmFjWV/5iLRUkCE5S3hYRlwqHt6EUzNJv+CXRZA/TJU6s1WgacQ8bDwrcngb9uq23LHn2NdyraGwsTlEdea0MdYbME
4kvVnEWFzGr8JEdLpLG6D4V90rCuxreYjtmx2bl0UraF3TI9F4/QcoWCJeNJL+7lJ+msT9c81NKOQLihuZEAZELEzYJut6Lz+rVW7ltj3PMxMZgjDzRJdKcLbFyYbOpNvCNh5FUssLSyNLe7CU/lHXITQaScHOKVC+NYmGi/u+DedObidWirvDJciONZarVICLRsSjliZ03jJheflVxohB0G05xQNA6pe6xp5qsMYsYj5O50LzxeTx2s60X9XRceI/6znQ==
uxyY9lG9GXR3I5llpWASo/ctNglVOD0TPI8UR9ypi1QRI7M1QvbE406zandPkbdOUz1zkwFdTkrSCyPT/PfWC5stebMc
4g54UiVg7RemCEe+9esVcHWAsKSysZNiK4DVNoJiQmycdAQKD1COqt7xj1UaAA7uXPNaJyEHzo5UeWQZC0rri7lzQz8Dc3QzrO8AaG/RV84z/VOT4R3uynJLw9PcN3aLe21Zszw=
4nP/X57uwj7N87krDgq91d7mHVsP/TH2VppOO6iJMNm6w8pOEk1uk7ewndNaVSKpzS138NWd+mmPS0NSYAC33F2k3yIRV9eBiR9Ahuss4ibjROPQ793eb13M66U9fZd+Y16zPQ==
AtAdDG2CAHTKXn1wIJCq0Ep6IHCJwnqDnwjZr54OohiqVyuuqNvv6t7IsqqvV0M8YWEAidrBGbVl6g831qRcSg14V1UFs9cvjf/NLxqLQnOuGOFN2Xa9Yf1zT0GgcryXjaPy65izFXFXszI=
uxyY9lG9GXR3I5llpWASo/ctNglVOD0TPI8UR9ypi1QRI7M1QvbE406zandPkbdOUz1zkwFdTkrSCyPT/PfWC5stebMc
4g54UiVg7RemCEe+9esVcHWAsKSysZNiK4DVNoJiQmycdAQKD1COqt7xj1UaAA7uXPNaJyEHzo5UeWQZC0rri7lzQz8Dc3QzrO8AaG/RV84z/VOT4R3uynJLw9PcN3aLe21Zszw=
4nP/X57uwj7N87krDgq91d7mHVsP/TH2VppOO6iJMNm6w8pOEk1uk7ewndNaVSKpzS138NWd+mmPS0NSYAC33F2k3yIRV9eBiR9Ahuss4ibjROPQ793eb13M66U9fZd+Y16zPQ==
AtAdDG2CAHTKXn1wIJCq0Ep6IHCJwnqDnwjZr54OohiqVyuuqNvv6t7IsqqvV0M8YWEAidrBGbVl6g831qRcSg14V1UFs9cvjf/NLxqLQnOuGOFN2Xa9Yf1zT0GgcryXjaPy65izFXFXszI=
uxyY9lG9GXR3I5llpWASo/ctNglVOD0TPI8UR9ypi1QRI7M1QvbE406zandPkbdOUz1zkwFdTkrSCyPT/PfWC5stebMc
4g54UiVg7RemCEe+9esVcHWAsKSysZNiK4DVNoJiQmycdAQKD1COqt7xj1UaAA7uXPNaJyEHzo5UeWQZC0rri7lzQz8Dc3QzrO8AaG/RV84z/VOT4R3uynJLw9PcN3aLe21Zszw=
4nP/X57uwj7N87krDgq91d7mHVsP/TH2VppOO6iJMNm6w8pOEk1uk7ewndNaVSKpzS138NWd+mmPS0NSYAC33F2k3yIRV9eBiR9Ahuss4ibjROPQ793eb13M66U9fZd+Y16zPQ==
AtAdDG2CAHTKXn1wIJCq0Ep6IHCJwnqDnwjZr54OohiqVyuuqNvv6t7IsqqvV0M8YWEAidrBGbVl6g831qRcSg14V1UFs9cvjf/NLxqLQnOuGOFN2Xa9Yf1zT0GgcryXjaPy65izFXFXszI=
uxyY9lG9GXR3I5llpWASo/ctNglVOD0TPI8UR9ypi1QRI7M1QvbE406zandPkbdOUz1zkwFdTkrSCyPT/PfWC5stebMc
uxyY9lG9GXR3I5llpWASo/ctNglVOD0TPI8UR9ypi1QRI7M1QvbE406zandPkbdOUz1zkwFdTkrSCyPT/PfWC5stebMc
Yw2/bfh7iuqjQpgrKjVbKgl+bz9ce25+TeGGoEQFOva3uedQLrXOPFEuKcXx5ApvievfN0sw48mJ2Sxxv2yiBHlox34q4LceQ05zX0b5OWY7a3FPf1gXZLMD
