0vanyzy2SyQF18Z4DCrk/WLNyvtPWbqywF92CWuKiv1VyjIoMoTxGFyNhJJo/WO99dc4sYqNDuQhg7l8TUeU3r/+2bJSkYVjLo8aW6cFYbQa
O1n2GTYQvCDkRD4QbDZZuPlwwgb8JdZY4irifMFq1PMIPn9Y03kB8ZihUpYeo5RTaaQ7EjFkC0FJCdIpfj4XnI/QUFtu/y4sdWZS3nSMpkWAz3k3oYSSxMIWqv3Oy++U8NXa6Sr0i1cdO1FX2OcYO3mVTPsBcOe/CR0yfj4jZKlpko8Ur7M6R8jyIVGpmyhkZR2sIZxptBi/0oNGTYZObZggPijrsUnw+/vsBNWbNUzRL+Cei1bFQl4JscN691YLGy31tI4=
0YywO8bhgTas5rrHe4+BP/lwwgb8JdZY4irifMFq1PMIPn9Y03kB8ZihUpYeo5RTaaQ7EjFkC0FJCdIpfj4XnI/QUFtu/y4sdWZS3nSMpkWAz3k3oYSSxMIWqv3Oy++U8NXa6Sr0i1cdO1FX2OcYO3mVTPsBcOe/CR0yfj4jZKlpko8Ur7M6R8jyIVGpmyhkZR2sIZxptBi/0oNGTYZObZggPijrsUnw+/vsBNWbNUzRL+eei1bFQl4JscN691YLGy31tI4=
tuaVYbP0Y8+Vfye5T1H2tt/4242Yog+Y1FQMv6lj2N23iAxpRuYQl1yK3XQIqlWQztwInG79Kwzr1eHHH5AncLQJ
ucf3DQzE8sTH9RzpifqMqgcI5cWKN0Wksx7Hz+usoET5ueCEmo5i7fsTGH0OC/9gCsedYWUP2+ycnp/YoMPhiJ2wltjEh8lWgs4bXqXLKMCG4tOGr6yvQ4+61sTnBfzN+PRr5wu0b1PbfjUq+7pgdQ8zRIvo8yVRS7Qw
QV95YxSbxQnOPxFdzcWNRCkFhbdm5hhiED4MWyvL4NAOT3mBjHjJ3trEDWZhzSvPnMItDOgyxRhOVJgEDgVbxKsd0f8/iDd4tAE=
zTz+l61wlp1X+7RazZkZCZwFinpShUtEvq4hDSOE/4nRUkElUpK3nMVBh6C58gJnOILtBiBPQPjTQ6t6c0OPXc7Z4sQ9i71sqX/dHnOGfSLWGRkDkkdea0MdbbQW
pIS5sfad8yWWQzJx2CN+XQ+ewy7QctQXm2e4PG6j4S089FFSWkiV6tFhsyP8LnWgWH4dVI4YQEg+KQMoy/HJ0w+EL3S0DQ==
L7m3/fhjnvozJJGsmHqAaw6ewy7QctQXm2e4PG6j4S089FFSWkiV6tFhsyP8LnWgWH4dVI4YQEg+KQMoy/HJ0w+EL3S0DQ==
sF6RoCoK4and0i7g8ZkQ5g2ewy7QctQXm2e4PG6j4S089FFSWkiV6tFhsyP8LnWgWH4dVI4YQEg+KQMoy/HJ0w+EL3S0DQ==
kkyD1T3t4JlhL6lJp6Kpvikfg7V99BhiED4MWyvL4NAOT3mBjHjJ3trEDWZhzSvPnMItDOgyxRhOVJgEDgVbxKsd0f8/iDd4tAE=
u3bTQk8fDdE4pu8AzUPMA1qx+kifPJNZyHKlMnTwpCs591BZNwyE/dZyuDP8LnWgWH4dVI4YQEg+KQMoy/HJ0w+EL3S0DQ==
tJFhGgCLPohThXKis/Kqp1qx+kifPJNZyHanPHTwpCs591BZNwyE/dZyuDP8LnWgWH4dVI4YQEg+KQMoy/HJ0w+EL3S0DQ==
9yTKgtiq+POEVlDJcyMwi5dW/wLJQ/Agt/t9Y47JX////zl11i4dZHk0Y7djFLdDg/7tOqNayCUH88z7wBOdIXO0CA==
4NGc5gpMSfSZAeLbSa7ucZAnVndW43+fYmhmUrrMWyCS/R/6k3pFUlrSoZzJwlJmeDlDDaFF7kxfkAu1+Hq/8BR8fGcJGwj1t6DcEeY+YL+c4m2saJKF+U40WKSOpZvkq/0Rn79od1i0IQ==
YfGgrnBMeDJ6qUCL1Av+AjfV4vL36NM2V8nVOpp5U2epHx8aHX/Ntemwg0BOVRSlRuRRb28l1JRBTSVcOzqu3ahyWBdPYmB6teI6BHXbVcwx70Se6xblwn5J0cPaN3aLe21VtC4=
1b+GSYhSB4Co4mJGxcyvm/aEJ1eNrSoBhh6IHc/VDwesVF1eWt65kPkuSkoYFZvhkQm2gJ9cU/lIlmdcdNDki7mXkHk3LESdVtL4E/xOtUDY3t01jvgA6L5JQ8jL0Qlzj2RvVLQt
mDt5wSOXEJVbKTza02Delxd+YCxRRiViWuLBrAkSMvb4qeNdYbXOPF9gK8W4qh9glOycN0kr6MW3kDwhpm6ALxxyzXwo4qUJTkR4VE71O3QrbXFPf1gXaLQR
1KIios9X7xvpK7yFNF84YCppy9cvmVEZQ08tZlrmybgZBhoS2M3LiTHhBvgfpOOR6H63BDQINKPZv2BBNxS0tTb6KMu8FmWoeLZtzQ6AsAAeIRMQC4lZW29MH2y0FQ==
yFgPMetaKaL7Pb3KLbkXXwNa5PIeq3ADdE8tZlrmybgZBhoS2M3LiTHhBvgfpOOR6H63BDQINKPZv2BBNxS0tTb6KMu8FmWoeLZtzQ6AsAAeIRMQC4lZW29MH2y0FQ==
usLvLe8mBAP9fMz9oEa0UHM1mRjFp93noeDaZE02kZyGhEg/f/eJC6qevwaHPwDEy7LEWmB9AfUsh/dWcHt+oPQd7CSRlgCcgetuYpRuNtsvZjubTUV3RhNqtBc=
9tD3vGSZEuyics9DxGOpXPlwwgb8JdZY4irifMFq1PMIPn9Y03kB8ZihUpYeo5RTaaQ7EjFkC0FJCdIpfj4XnI/QUFtu/y4sdWZS3nSMpkWAz3k3oYSSxMIWqv3Oy++U8NXa6Sr0i1cdO1FX2OcYO3mVTPsBcOe/CR0yfj4jZKlpko8Ur7M6R8jyIVGpmyhkZR2sIZxptBi/0oNGTYZObZggPijrsUnw+/vsBNWbNUzRL+Sei1bFQl4JscN691YLGy31tI4=
Z2V8D0PY35Pu/g2L88CyZwa+5o4C+Ym0xRZz4TB7DjAmayfjaC4q8vIJvg4pJjsDLTzBEYPQGNsycc2ftfULUZG2c6pqSpms/MOD5PtUy/R/Ze4CpYe/v9trYAZl1ritL6GKkXaHpIl8CQ/9TvgkIO+qDt856mpDioQKbr1P3tnZ0Phpc5nJJ45cw2z1il/9JXeHkMN/C1zaYBtI4zkmy5H7ZVCUbNTCKY0z2dxa+Sz553hsK3+xIaPTHF6MKL4Y1LFBwca9SCaLXiRKdXfMsJkaMHi5mamWPwKm37d6208FCYfia9a0ow==
33exHnW212ds3oQv4eP2K1cfeXpUcs7/+wkz+9vRj/f3x/LxtiCLsKY4dsc2nvHHrJKMYx/YODyv+YLXIAPchqapWewL4LaEWe64BUs+tyqbJotTtmiZaV+dv01I/EnIyJ87t7Kbaomki3gPB+dCxjQy21wW9UXESqGu4mJUUZHuq40GAKMv14nlShqLNjl0j69RwV96fxFr/j7GszJPp9Z5BW3d2gjiVECtC7tDUORpvk2R4MbX0RFDBzX05OB2DuoA5zmLGnOIZM+Y7JA5CZxibSxoEoV3SbRbJI4lm2SrfREfv+h32LSh
oLemHF0EbvZzM1naNGpIPpqotTIcPeeVKqxiIhBH5PpxfLOQnOahvpwa1WF1zeXtfLWLPg3jrZrxaz7dgaO9KN8XCYjrOcNCLh9Pgf1TY8kQepFXNi8gVZbsne9vMCqpJA4S9AYkBuKEs3bUcdyXeT+6LKt7GvxkGaYVF9Y2fr91XIrR+KmIcPGfB09jh6pTwlNDcQ5bgxTdVxMpwO6M1z6hk9YtlA33wE+SBpPBW68yjF95LoHejY5wZWbxln/yVKXipJxoybUzOGGPXtSnr+8ka8uouYkxf6rEvUPTSAMMg+Fp17Ss
isC5KUymh5mCOOsf6neCiSU9f2KxeMK1WxZWX4z0rSVjI7/IFEVtcDIwSvpN/vu9S3GSDeWiowMDxp/T/BYv2u/6Bq9H1CX5DR5gJ4FdsyNNFf5C/wsYzw5J+NRz80FAJLUqNhzoCCQI/oqLeMh/rLll0YJCt1X60jh3nvvL+EYwY7tkxI02aUYsvyfJky33BI8s6y0toLstiLPv/bVungJLsBkdSqMUg2tO9xyaHbH1M9w0MeWAYXDR4MiLul/mMS6aHaz4UqgH6X0Ar1MQpIlzARwFl4ZZpy0RkiqhbaNGHwK773XZtKI=
2oo+ZSiJK6NzWz81pcuwsbpu3PtPHHv0MgorOez9BVLW8JHbDAkR1/Lm+bR+Y8EBHXI+xh3MGaWG+fV6M/aXoN0pS4tJZ70QZ7lP2prv2ymB878hpCrF7/rvbC3CPGnHM1AWQTA+ZuwKJAr68INiPE28y1HLanjTN9ow3E32of8KlgIX4aw+SXQpBOhF75Pnnyf2O3aDl8lCG0/sCQdnARwOsL8qkWfOIZQB7zR/hm6vIYeHRtyLgeLBkjVaoNEOrTaDWsDVVjwQ6EUth8j1JyJ0e0dbdD9zZHnFSSt6MJUfs3TrGLOVcdu0oA==
T+YRBrew6qSLHZtIg1Nn9iU9f2KxeMK1WxZWX4z0rSVjI7/IFEVtcDIwSvpN/vu9S3GSDeWiowMDxp/T0AEvze71G69H1CX5DR5gJ4FdsyNNFf5C/wsYzw5J+NRz80FAJLUqNhzoCCQI/oqLeMh/rLll0YJCt1X60jh3nvvL+EYwY7tkxI02aUYsvyfJky33BI8s6y0toLstiLPv/bVungJLsBkdSqMUg2tO9xyaHbH1M9w0MeWAYXDR4MiLul/mMS6aHaz4UqgH6X0Ar1MQpIlzARwFl4ZZpy0RkiqhbaNGHwK773XZtKI=
e9r/U3Sl3VjYmHhA6SxoNbpu3PtPHHv0MgorOez9BVLW8JHbDAkR0fLm+bR4Y8EBHXI+xh3MGaWG+fV6IvCVtdk9S4tJZ70QZ7lP2prv2ymB878hpCrF7/rvbC3CPGnHM1AWQTA+ZuwKJAr68INiPE28y1HLanjTN9ow3E32of8KlgIX4aw+SXQpBOhF75Pnnyf2O3aDl8lCG0/sCQdnARwOsL8qkWfOIZQB7zR/hm6vIYeHRtyLgeLBkjVaoNEOrTaDWsDVVjwQ6EUth8j1JyJ0e0dbdD9zZHnFSSt6MJUfs3TrGLOVcdu0oA==
LM5tDEjemPG5QtZ1MEWJcAa+5o4C+Ym0xRZz4TB7DjAmayfjaC4q9ONR5h4/LW9cKj/UOMWzX5klKdrfsccMR4Src6pqSpms/MOD5PtUy/R/Ze4CpYe/v9trYAZl1ritL6GKkXaHpIl8CQ/9TvgkIO+qDt856mpDioQKbr1P3tnZ0Phpc5nJJ45cw2z1il/9JXeHkMN/C1zaYBtI4zkmy5H7ZVCUbNTCKY0z2dxa+Sz553hsK3+xIaPTHF6MKL4Y1LFBwca9SCaLXiRKdXfMsJkaMHi5mamWPwKm37d6208FCYfia9a0ow==
OCb5tcR/LOIc361C5eOQcga+5o4C+Ym0xRZz4TB7DjAmayfjaC4q9ONR5h4/LW9cKj/UOMWzX5klKdrfuNQGWoSpc6pqSpms/MOD5PtUy/R/Ze4CpYe/v9trYAZl1ritL6GKkXaHpIl8CQ/9TvgkIO+qDt856mpDioQKbr1P3tnZ0Phpc5nJJ45cw2z1il/9JXeHkMN/C1zaYBtI4zkmy5H7ZVCUbNTCKY0z2dxa+Sz553hsK3+xIaPTHF6MKL4Y1LFBwca9SCaLXiRKdXfMsJkaMHi5mamWPwKm37d6208FCYfia9a0ow==
nQ/CiQlrwLQ/KjILwgVSBJ68uFaWHwuw5vEG76lM6FcRsq7avmZMmsRU16SwdX65cvUeIJnfojSIduQ47OBBP/KYvu4CQ69fm5Q+ANlqMHHbil/OO0Lj52acUS0f2Xe5mMghrOh704Oi72KNpI9wexfTqiIUVrNoxgGNgArlZhay4Dn1Tk9lspDXp1MJYcJuG4LRkC/LOXWPjrdVK7r2MmMGJ8P2ne1Zza4A5lREpX+rd7gASdolpTAyH5VRB8/BJFCIEq4O6FOp/5L3COBH7Hwk0e08BgWYuOZNMwnwk9BeEfMAi5n5K6+cf9y0pQ==
yKgykrCACxtwtXpEXetO9Vqx+kifPJNZyHKlMnTwpCs591BZNwyE/dZyuDP8LnWgWH4dUY4YQ0g+KQMoy/HJ0w+EL3S0DQ==
6TtoOP7NnjG3xRW+9KpH49wQhTciQTjkAUMZ/O2HtN7fPbkyMlHlY05PetvHxQG0eg==
uDvwjV6DJ/cxsT4HbeumUDT2+FW7pmre2fVRTaACL1wk9Ctny7Qv0x5+dak7uqD1TzOEC6jz5dELtHA=
JpsiIigq903hiIia0uJ8kIYgOMJxdxrhIlhu8h+NTGC5inBoGUOuRp8S5k+XqlufJZnH8ssGtHM=
NjuDgvgajP4nXAxa5J0/DHM1mRjFp93noeDaZE02kZyGhEg/f/eJC6qevwaHPwDAybzEWmB9AfUsh/dWcHt+oPQd7CSRlgCcge9uYpduNtsvZjubTUV3RhNqtBc=
br4WzhtYrpZRc8f4wLsRwQNa5PIeq3ADdE8tZlrmybgZBhoS2M3LiTHhBvgfpOOR6Hq1CjQINKPZv2BBNxS0tTb6KMu8FmWoeLZtyQ6AswAeIRMQC4lZW29MH2y0FQ==
kslaXG9bf6svnqqFZdIcnCppy9cvmVEZQ08tZlrmybgZBhoS2M3LiTHhBvgfpOOR6Hq1CjQINKPZv2BBNxS0tTb6KMu8FmWoeLZtyQ6AswAeIRMQC4lZW29MH2y0FQ==
r4l7XVbOGLS0mT0afiKXkhd+YCxRRiViWuLBrAkSMvb4qeNdYbXOPF9gK8W4rh1ulOycN0kr6MW3kDwhpm6ALxxyzXwo4qUNTkR7VE71O3QrbXFPf1gXaLQR
uYRjSpWyGPmC1WQ14qj9XPaEJ1eNrSoBhh6IHc/VDwesVF1eWt65kPkuSkoYFZvhkQm2gJ9cU/lIkmVSdNDki7mXkHk3LESdVtL4E/xOtUDY3t0xjvgD6L5JQ8jL0Qlzj2RvVLQt
5jmXQ7cAzGA64Qx37QarhjfV4vL36NM2V8nVOpp5U2epHx8aHX/Ntemwg0BOVRSlRuRRb28l1JRFTytcOzqu3ahyWBdPYmB6teI6BHXbVcwx70Ce6xXlwn5J0cPaN3aLe21VtC4=
dVnKCGMEyTm5DbIgAvIBEpAnVndW43+fYmhmUrrMWyCS/R/6k3pFUlrSoZzJwlJmeDlDDaFF7kxfkAu1+H69/hR8fGcJGwj1t6DcEeY+YL+c4m2saJKF/U40W6SOpZvkq/0Rn79od1i0IQ==
VEA47oYTsb2zkR0K7Owueu3Gqw31jDM+uon+BXMQWs7wtWUvJQdpky/bDlCkP+wtk6yVAxsnDAn68zVKXpu4hRL0S6drNI+T/n5VaVs6wDVvM2RLSHNFEWu0EA==
