WHczu16jWMrWUuR1u79GVWLNyvtPWbqywF92CWuKiv1VyjIoMoTxGFyNhJJo/WO99dc4sYqNDuQhg7l8TUee3r/637JSkYVjLo8aW6cFYbQa
gsSZPn3QhwqU1bNN7EhdTvlwwgb8JdZY4irifMFq1PMIPn9Y03kB8ZihUpYeo5RTaaQ7EjFkC0FJCdIpfj4XnI/QUFtu/y4sdWZS3nSMpkWAz3k3oYSSxMIWqv3Oy++U8NXa6Sr0i1cdO1FX2OcYO3mVTPsBcOe/CR0yfj4jZKlpko8Ur7M6R8jyIVGpmyhkZR2sIZxptBi/0oNGTYZObZggPijrsUnw+/vsBNWbNUzRL+Obi1HDQl4JscN691YLGy31tI4=
8vSvqVGkoNIQBaiKDwNvuvlwwgb8JdZY4irifMFq1PMIPn9Y03kB8ZihUpYeo5RTaaQ7EjFkC0FJCdIpfj4XnI/QUFtu/y4sdWZS3nSMpkWAz3k3oYSSxMIWqv3Oy++U8NXa6Sr0i1cdO1FX2OcYO3mVTPsBcOe/CR0yfj4jZKlpko8Ur7M6R8jyIVGpmyhkZR2sIZxptBi/0oNGTYZObZggPijrsUnw+/vsBNWbNUzRL+Kbi1HDQl4JscN691YLGy31tI4=
7U/zIi9/dEHMLFuNicW+Bt/4242Yog+Y1FQMv6lj2N23iAxpRuYQl1yK3XQIqlWVy9wPmm79Kwzr1eHHH5AncLQJ
yoVU3iQZme7zhIaqzho/Q/nop4pJlMFwFDJ41kN3sEUiCfsyuKIgkn9sG6SGyd5UDkEvdgoQKPW2ncMGjGc+AFiU10+y26pgWEZYMMk6Gr2ypknL7xUMaOkykAApmyuOi2xG5+eymxf1oacae160Ow==
G4zl49NYtvN9F+KxZSBgb5wFinpShUtEvq4hDSOE/4nRUkElUpK3nMVBh6C58gJnOILtBiBPQPjTQ6t6c0OPXc7Z4sQ9i71sqX/YG3OBeyLWGRkDkkdea0MdbbQW
IN6M/FHvWrrhZynOI4MyVSkfg7V99BhiED4MWyvL4NAOT3mBjHjJ3trEDWZhzSvPnMItDOgyxR1LVJ8CDgVbxKsd0f8/iDd4tAE=
RlAgEtx9fHnksm9m45nY+C0fg7d6/hliED4MWyvL4NAOT3mBjHjJ3trEDWZhzSvPnMItDOgyxR1LVJ8CDgVbxKsd0f8/iDd4tAE=
3DP5BPQeWX5qSzLqmF2dBSkdibd/8AdiED4MWyvL4NAOT3mBjHjJ3trEDWZhzSvPnMItDOgyxR1LVJ8CDgVbxKsd0f8/iDd4tAE=
/hStNfyYlMxgjQdK5gNJN1qx+kifPJNZyHKlMnTwpCs591BZNwyE/dZyuDP8LnWgWH4dUYsYR04+KQMoy/HJ0w+EL3S0DQ==
XsQN8Naii5mWtOhkC7R8Nlqx+kifPJNZyHanPHTwpCs591BZNwyE/dZyuDP8LnWgWH4dUYsYR04+KQMoy/HJ0w+EL3S0DQ==
JK26TZ1s+kX54W7/9/DmjpdW/wLJQ/Agt/t9Y47JX////zl11i4dZHk0Y7djFLdDhvvtPaVayCUH88z7wBOdIXO0CA==
SBnzOb97GHR9emq4pEVSmpAnVndW43+fYmhmUrrMWyCS/R/6k3pFUlrSoZzJwlJmeDlDDaFF7kxfkAu1+Hq/8BR8fGcJGwj1t6DcEeY+YL+c4m2saJKF+ks0X6KOpZvkq/0Rn79od1i0IQ==
H0L64g5hrE36DMHbYAueHjfV4vL36NM2V8nVOpp5U2epHx8aHX/Ntemwg0BOVRSlRuRRb28l1JRBTSVcOzqu3ahyWBdPYmB6teI6BHXbVcwx70eb6xHjwn5J0cPaN3aLe21VtC4=
unFZRYQSJTf3yKWp3p7lnvaEJ1eNrSoBhh6IHc/VDwesVF1eWt65kPkuSkoYFZvhkQm2gJ9cU/lIlmdcdNDki7mXkHk3LESdVtL4E/xOtUDY3t02i/gH7r5JQ8jL0Qlzj2RvVLQt
OUN4hNK4EQ4DbwEMmOOGdhd+YCxRRiViWuLBrAkSMvb4qeNdYbXOPF9gK8W4qh9glOycN0kr6MW3kDwhpm6ALxxyzXwo4qUKS0R/Uk71O3QrbXFPf1gXaLQR
zv58tRJwdX6R4OBUkzpOdCppy9cvmVEZQ08tZlrmybgZBhoS2M3LiTHhBvgfpOOR6H63BDQINKPZv2BBNxS0tTb6KMu8FmWoeLZtzguAtwYeIRMQC4lZW29MH2y0FQ==
59OBS6DpfH4gOCf+JMSySANa5PIeq3ADdE8tZlrmybgZBhoS2M3LiTHhBvgfpOOR6H63BDQINKPZv2BBNxS0tTb6KMu8FmWoeLZtzguAtwYeIRMQC4lZW29MH2y0FQ==
HIue6Q9xeKAF/9GyrkR0UnM1mRjFp93noeDaZE02kZyGhEg/f/eJC6qevwaHPwDEy7LEWmB9AfUsh/dWcHt+oPQd7CSRlgCcgehrYpNoNtsvZjubTUV3RhNqtBc=
25inYr3DvhTdn4aDI2nY8Plwwgb8JdZY4irifMFq1PMIPn9Y03kB8ZihUpYeo5RTaaQ7EjFkC0FJCdIpfj4XnI/QUFtu/y4sdWZS3nSMpkWAz3k3oYSSxMIWqv3Oy++U8NXa6Sr0i1cdO1FX2OcYO3mVTPsBcOe/CR0yfj4jZKlpko8Ur7M6R8jyIVGpmyhkZR2sIZxptBi/0oNGTYZObZggPijrsUnw+/vsBNWbNUzRL+ebi1HDQl4JscN691YLGy31tI4=
iudpUV9trI0N9+D6qa0s11qx+kifPJNZyHKlMnTwpCs591BZNwyE/dZyuDP8LnWgWH4dUY8YR04+KQMoy/HJ0w+EL3S0DQ==
g8tBp3WJGYL9HUD8gv4P4u3Gqw31jDM+uon+BXMQWs7wtWUvJQdpky/bDlCkP+wtk6yVAxsnDAn68zVKXpu4hRL0S6drNI+T/n9VbV06wDVvM2RLSHNFEWu0EA==
