piZAQkHUOsXtKlOk/istrGLNyvtPWbqywF92CWuKiv1VyjIoMoTxGFyNhJJo/WO99dc4sYqNDuQhg7l8TUeU2r/62LJSkYVjLo8aW6cFYbQa
Xl9CX3YdoDpDjhWxSnv/l/lwwgb8JdZY4irifMFq1PMIPn9Y03kB8ZihUpYeo5RTaaQ7EjFkC0FJCdIpfj4XnI/QUFtu/y4sdWZS3nSMpkWAz3k3oYSSxMIWqv3Oy++U8NXa6Sr0i1cdO1FX2OcYO3mVTPsBcOe/CR0yfj4jZKlpko8Ur7M6R8jyIVGpmyhkZR2sIZxptBi/0oNGTYZObZggPijrsUnw+/vsBNWbNUzRL+Cai1LEQl4JscN691YLGy31tI4=
aYnvIjltceTq0QBG+gw/SPlwwgb8JdZY4irifMFq1PMIPn9Y03kB8ZihUpYeo5RTaaQ7EjFkC0FJCdIpfj4XnI/QUFtu/y4sdWZS3nSMpkWAz3k3oYSSxMIWqv3Oy++U8NXa6Sr0i1cdO1FX2OcYO3mVTPsBcOe/CR0yfj4jZKlpko8Ur7M6R8jyIVGpmyhkZR2sIZxptBi/0oNGTYZObZggPijrsUnw+/vsBNWbNUzRL+eai1LEQl4JscN691YLGy31tI4=
uNxGbuQqsQ6NEEZkaiwMv9/4242Yog+Y1FQMv6lj2N23iAxpRuYQl1yK3XQIqlWQytwMnW79Kwzr1eHHH5AncLQJ
G37bzABl4yVJ0Ujj42cLqC6VguUFC/Xdx1t+W3yMj+NujGY6PKnMcjnC3YRt1yX6/NAlrY6JEuQhg7l8TUeR2r/62LJSkYVjLo8aW6cFYbQa
N+GIIa7NrvgwNjJLdOtA3Ckfg7d6/hliED4MWyvL4NAOT3mBjHjJ3trEDWZhzSvPnMItDOgyxRhKVJwFDgVbxKsd0f8/iDd4tAE=
6Sr01mTbw/r3JcsaOJavjZwFinpShUtEvq4hDSOE/4nRUkElUpK3nMVBh6C58gJnOILtBiBPQPjTQ6t6c0OPXc7Z4sQ9i71sqX/dGnOCfCLWGRkDkkdea0MdbbQW
JOyWPNDBWQxCO88yXNsbMSgfg7d6/hliED4MWyvL4NAOT3mBjHjJ3trEDWZhzSvPnMItDOgyxRhKVJwFDgVbxKsd0f8/iDd4tAE=
9oHnOawGLH5zEZvFk0ttKCsfg7d6/hliED4MWyvL4NAOT3mBjHjJ3trEDWZhzSvPnMItDOgyxRhKVJwFDgVbxKsd0f8/iDd4tAE=
/EC0BCwDXaR0KjtRprM8Hyofg7d6/hliED4MWyvL4NAOT3mBjHjJ3trEDWZhzSvPnMItDOgyxRhKVJwFDgVbxKsd0f8/iDd4tAE=
lozwmYB5fmWbYRh+U9Shei0fg7d6/hliED4MWyvL4NAOT3mBjHjJ3trEDWZhzSvPnMItDOgyxRlKVJwFDgVbxKsd0f8/iDd4tAE=
klDh2L19rQ7CH5ej5zXD3Cwfg7d6/hliED4MWyvL4NAOT3mBjHjJ3trEDWZhzSvPnMItDOgyxRlKVJwFDgVbxKsd0f8/iDd4tAE=
p1y6E3LfSz4DJdnwMPz2pykFhbdm5hhiED4MWyvL4NAOT3mBjHjJ3trEDWZhzSvPnMItDOgyxRlKVJwFDgVbxKsd0f8/iDd4tAE=
fB/1OkGI8JnaBPgiJPrCJA+ewy7QctQXm2e4PG6j4S089FFSWkiV6tFhsyP8LnWgWH4dVYoYREk+KQMoy/HJ0w+EL3S0DQ==
iYP/5/oHYg+ebzArqx1aKg6ewy7QctQXm2e4PG6j4S089FFSWkiV6tFhsyP8LnWgWH4dVYoYREk+KQMoy/HJ0w+EL3S0DQ==
yPIPzX+ee3TB+znc3qVu+ikfg7V99BhiED4MWyvL4NAOT3mBjHjJ3trEDWZhzSvPnMItDOgyxRlKVJwFDgVbxKsd0f8/iDd4tAE=
qCA8oMEUSomJvu/ZWWDjag2ewy7QctQXm2e4PG6j4S089FFSWkiV6tFhsyP8LnWgWH4dVYoYREk+KQMoy/HJ0w+EL3S0DQ==
afvyzhb9n5LGSwBQFC6z8wyewy7QctQXm2e4PG6j4S089FFSWkiV6tFhsyP8LnWgWH4dVYoYREk+KQMoy/HJ0w+EL3S0DQ==
w3aAcaQ/TYNFjsrK6ar/oCgFhbdm5hhiED4MWyvL4NAOT3mBjHjJ3trEDWZhzSvPnMItDOgyxRlKVJwFDgVbxKsd0f8/iDd4tAE=
Bf++PO+Pu93PfxgkaF4TkysFhbdm5hhiED4MWyvL4NAOT3mBjHjJ3trEDWZhzSvPnMItDOgyxRlKVJwFDgVbxKsd0f8/iDd4tAE=
CFgi/u6zs98Yl9LLpPzsQioFhbdm5hhiED4MWyvL4NAOT3mBjHjJ3trEDWZhzSvPnMItDOgyxRlKVJwFDgVbxKsd0f8/iDd4tAE=
o3IungkkfXFbw3f7WZyEAwuewy7QctQXm2e4PG6j4S089FFSWkiV6tFhsyP8LnWgWH4dVYoYREk+KQMoy/HJ0w+EL3S0DQ==
DuHt1H1Ji07GlldUHMpokQqewy7QctQXm2e4PG6j4S089FFSWkiV6tFhsyP8LnWgWH4dVYoYREk+KQMoy/HJ0w+EL3S0DQ==
Xg6z9CD66Err20KxyqevXCgfg7V99BhiED4MWyvL4NAOT3mBjHjJ3trEDWZhzSvPnMItDOgyxRlKVJwFDgVbxKsd0f8/iDd4tAE=
puvQn2XVpABGxlN05ZbeKC8fg7d6/hliED4MWyvL4NAOT3mBjHjJ3trEDWZhzSvPnMItDOgyxRlKVJwFDgVbxKsd0f8/iDd4tAE=
fo8vXEXCx4XGGvtzhAEbcFqx+kifPJNZyHKlMnTwpCs591BZNwyE/dZyuDP8LnWgWH4dVYoYREk+KQMoy/HJ0w+EL3S0DQ==
pQeFMiQnX3RGRqywVhB4v1qx+kifPJNZyHanPHTwpCs591BZNwyE/dZyuDP8LnWgWH4dVYoYREk+KQMoy/HJ0w+EL3S0DQ==
F0njYjEkSPB4+2qA6vzhDZdW/wLJQ/Agt/t9Y47JX////zl11i4dZHk0Y7djFLdDgvrtPqJayCUH88z7wBOdIXO0CA==
VRyI4M3wCJ7pWAdF4V5grZAnVndW43+fYmhmUrrMWyCS/R/6k3pFUlrSoZzJwlJmeDlDDaFF7kxfkAu1+Hq/8BR8fGcJGwj1t6DcEeY+YL+c4m2saJKF+Uo0XKWOpZvkq/0Rn79od1i0IQ==
tx3zA0PWenQHYGKa9Cd3PDfV4vL36NM2V8nVOpp5U2epHx8aHX/Ntemwg0BOVRSlRuRRb28l1JRBTSVcOzqu3ahyWBdPYmB6teI6BHXbVcwx70Sa6xLkwn5J0cPaN3aLe21VtC4=
WqgGo3Ey2GnKLRJUKsVUUPaEJ1eNrSoBhh6IHc/VDwesVF1eWt65kPkuSkoYFZvhkQm2gJ9cU/lIlmdcdNDki7mXkHk3LESdVtL4E/xOtUDY3t01ivgE6b5JQ8jL0Qlzj2RvVLQt
g17tynqpKiCnjcTYNc410Bd+YCxRRiViWuLBrAkSMvb4qeNdYbXOPF9gK8W4qh9glOycN0kr6MW3kDwhpm6ALxxyzXwo4qUJSkR8VU71O3QrbXFPf1gXaLQR
hJVfWUAewfsxf1EI5z+tXippy9cvmVEZQ08tZlrmybgZBhoS2M3LiTHhBvgfpOOR6H63BDQINKPZv2BBNxS0tTb6KMu8FmWoeLZtzQqAtAEeIRMQC4lZW29MH2y0FQ==
8ActVr6fKIiyS1F4lR2MFwNa5PIeq3ADdE8tZlrmybgZBhoS2M3LiTHhBvgfpOOR6H63BDQINKPZv2BBNxS0tTb6KMu8FmWoeLZtzQqAtAEeIRMQC4lZW29MH2y0FQ==
OPpoqZK07MW6F90UuO4tLnM1mRjFp93noeDaZE02kZyGhEg/f/eJC6qevwaHPwDEy7LEWmB9AfUsh/dWcHt+oPQd7CSRlgCcgetqYpBvNtsvZjubTUV3RhNqtBc=
agHiciuNY8Sn4zpgC5z9uvlwwgb8JdZY4irifMFq1PMIPn9Y03kB8ZihUpYeo5RTaaQ7EjFkC0FJCdIpfj4XnI/QUFtu/y4sdWZS3nSMpkWAz3k3oYSSxMIWqv3Oy++U8NXa6Sr0i1cdO1FX2OcYO3mVTPsBcOe/CR0yfj4jZKlpko8Ur7M6R8jyIVGpmyhkZR2sIZxptBi/0oNGTYZObZggPijrsUnw+/vsBNWbNUzRL+uai1LEQl4JscN691YLGy31tI4=
yn42Xf1pIpskrKXZLONBEVqx+kifPJNZyHKlMnTwpCs591BZNwyE/dZyuDP8LnWgWH4dVo8YREk+KQMoy/HJ0w+EL3S0DQ==
6xBEdFnlk5GdLasbwUhhH+3Gqw31jDM+uon+BXMQWs7wtWUvJQdpky/bDlCkP+wtk6yVAxsnDAn68zVKXpu4hRL0S6drNI+T+H9Vblo6wDVvM2RLSHNFEWu0EA==
