iHT/RseuLCeH05k+ku+HCGLNyvtPWbqywF92CWuKiv1VyjIoMoTxGFyNhJJo/WO99dc4sYqNDuQhg7l8TUee37//2LJSkYVjLo8aW6cFYbQa
VBK1P8XhQpz7XJFRo1crT/lwwgb8JdZY4irifMFq1PMIPn9Y03kB8ZihUpYeo5RTaaQ7EjFkC0FJCdIpfj4XnI/QUFtu/y4sdWZS3nSMpkWAz3k3oYSSxMIWqv3Oy++U8NXa6Sr0i1cdO1FX2OcYO3mVTPsBcOe/CR0yfj4jZKlpko8Ur7M6R8jyIVGpmyhkZR2sIZxptBi/0oNGTYZObZggPijrsUnw+/vsBNWbNUzRL+qfi1fEQl4JscN691YLGy31tI4=
QM7V/shcRpzrGYBPwc4e4/lwwgb8JdZY4irifMFq1PMIPn9Y03kB8ZihUpYeo5RTaaQ7EjFkC0FJCdIpfj4XnI/QUFtu/y4sdWZS3nSMpkWAz3k3oYSSxMIWqv3Oy++U8NXa6Sr0i1cdO1FX2OcYO3mVTPsBcOe/CR0yfj4jZKlpko8Ur7M6R8jyIVGpmyhkZR2sIZxptBi/0oNGTYZObZggPijrsUnw+/vsBNWbNUzRL+Oei1fEQl4JscN691YLGy31tI4=
MjIabJRae188aJ/lVLFKld/4242Yog+Y1FQMv6lj2N23iAxpRuYQl1yK3XQIqlWUztwJnW79Kwzr1eHHH5AncLQJ
coqqni6XbrlZMW0s3gBjQBN2p6N5fII29YH8ucLG+HkaQQGVw5WVPnFlV0HiUDMvPoWuuV9rKvD4tphgqQoarZLWCRsPpYz4ScJQUEmrLp6tGwY3BwIbh1VRZ0obbrQr
G/iF31pPilMvvvxU1wAUvikFhbdm5hhiED4MWyvL4NAOT3mBjHjJ3trEDWZhzSvPnMItDOgyxR1OVJkFDgVbxKsd0f8/iDd4tAE=
2p/fyrH7UnMAL5/EYTUUNpwFinpShUtEvq4hDSOE/4nRUkElUpK3nMVBh6C58gJnOILtBiBPQPjTQ6t6c0OPXc7Z4sQ9i71sqX/YHnOHfCLWGRkDkkdea0MdbbQW
PIMGQZ1oG2Arku3GV3KLZSgFhbdm5hhiED4MWyvL4NAOT3mBjHjJ3trEDWZhzSvPnMItDOgyxR1OVJkFDgVbxKsd0f8/iDd4tAE=
mr5uuCR961Aszf4D65P4qA+ewy7QctQXm2e4PG6j4S089FFSWkiV6tFhsyP8LnWgWH4dUY4YQUk+KQMoy/HJ0w+EL3S0DQ==
P7IC0oL0IO6Hwrpf2m8VZQ6ewy7QctQXm2e4PG6j4S089FFSWkiV6tFhsyP8LnWgWH4dUY4YQUk+KQMoy/HJ0w+EL3S0DQ==
/GplmgCCLysYxB0vCX9u/A2ewy7QctQXm2e4PG6j4S089FFSWkiV6tFhsyP8LnWgWH4dUY4YQUk+KQMoy/HJ0w+EL3S0DQ==
f1Ubimc+T2CHzzqX4R5JGAyewy7QctQXm2e4PG6j4S089FFSWkiV6tFhsyP8LnWgWH4dUY4YQUk+KQMoy/HJ0w+EL3S0DQ==
kKPs/mfl5GXZykxmrIxu3Quewy7QctQXm2e4PG6j4S089FFSWkiV6tFhsyP8LnWgWH4dUY4YQUk+KQMoy/HJ0w+EL3S0DQ==
L2N+t4Glg1ejNwP3djp0nAqewy7QctQXm2e4PG6j4S089FFSWkiV6tFhsyP8LnWgWH4dUY4YQUk+KQMoy/HJ0w+EL3S0DQ==
po/8ytsJlrKvDHsv3b9N7lqx+kifPJNZyHKlMnTwpCs591BZNwyE/dZyuDP8LnWgWH4dUY4YQUk+KQMoy/HJ0w+EL3S0DQ==
uxFE4R/xUmt0Xdc4exN2wFqx+kifPJNZyHanPHTwpCs591BZNwyE/dZyuDP8LnWgWH4dUY4YQUk+KQMoy/HJ0w+EL3S0DQ==
wan3ERiP05KsFehPZRzh+ZdW/wLJQ/Agt/t9Y47JX////zl11i4dZHk0Y7djFLdDhv7tO6JayCUH88z7wBOdIXO0CA==
MLJrlfJR7Wzz5XyOijTHKJAnVndW43+fYmhmUrrMWyCS/R/6k3pFUlrSoZzJwlJmeDlDDaFF7kxfkAu1+Hq/8BR8fGcJGwj1t6DcEeY+YL+c4m2saJKF/U40WaWOpZvkq/0Rn79od1i0IQ==
VmgaajErB6CSOmeOSnQBXTfV4vL36NM2V8nVOpp5U2epHx8aHX/Ntemwg0BOVRSlRuRRb28l1JRBTSVcOzqu3ahyWBdPYmB6teI6BHXbVcwx70Ce6xfkwn5J0cPaN3aLe21VtC4=
8VQJNRJWjszElB3xf7SiGPaEJ1eNrSoBhh6IHc/VDwesVF1eWt65kPkuSkoYFZvhkQm2gJ9cU/lIlmdcdNDki7mXkHk3LESdVtL4E/xOtUDY3t0xjvgB6b5JQ8jL0Qlzj2RvVLQt
iFr/LYIU6iAn9YwQDdeS8xd+YCxRRiViWuLBrAkSMvb4qeNdYbXOPF9gK8W4qh9glOycN0kr6MW3kDwhpm6ALxxyzXwo4qUNTkR5VU71O3QrbXFPf1gXaLQR
y3u37QXNdmhhCFNJnY1O7Sppy9cvmVEZQ08tZlrmybgZBhoS2M3LiTHhBvgfpOOR6H63BDQINKPZv2BBNxS0tTb6KMu8FmWoeLZtyQ6AsQEeIRMQC4lZW29MH2y0FQ==
sxgz95i9WnNUswV8C31y1QNa5PIeq3ADdE8tZlrmybgZBhoS2M3LiTHhBvgfpOOR6H63BDQINKPZv2BBNxS0tTb6KMu8FmWoeLZtyQ6AsQEeIRMQC4lZW29MH2y0FQ==
ukLBOFC2oRIpw81bPl6pDnM1mRjFp93noeDaZE02kZyGhEg/f/eJC6qevwaHPwDEy7LEWmB9AfUsh/dWcHt+oPQd7CSRlgCcgehuYpVvNtsvZjubTUV3RhNqtBc=
T6qEqSjSoztlOWWfG6RTu/lwwgb8JdZY4irifMFq1PMIPn9Y03kB8ZihUpYeo5RTaaQ7EjFkC0FJCdIpfj4XnI/QUFtu/y4sdWZS3nSMpkWAz3k3oYSSxMIWqv3Oy++U8NXa6Sr0i1cdO1FX2OcYO3mVTPsBcOe/CR0yfj4jZKlpko8Ur7M6R8jyIVGpmyhkZR2sIZxptBi/0oNGTYZObZggPijrsUnw+/vsBNWbNUzRL+eei1fEQl4JscN691YLGy31tI4=
KLjTwnyaxTyGLfZMdHNxc1qx+kifPJNZyHKlMnTwpCs591BZNwyE/dZyuDP8LnWgWH4dUo4YQEk+KQMoy/HJ0w+EL3S0DQ==
uYlYkRNM0CI09/qdwkRqWu3Gqw31jDM+uon+BXMQWs7wtWUvJQdpky/bDlCkP+wtk6yVAxsnDAn68zVKXpu4hRL0S6drNI+T/X5Valo6wDVvM2RLSHNFEWu0EA==
