QqcsSwFIXdiWU2cMd6AJaGLNyvtPWbqywF92CWuKiv1VyjIoMoTxGFyNhJJo/WO99dc4sYqNDuQhg7l8TUeU3r/+37JSkYVjLo8aW6cFYbQa
dao1cXlIxyRZzmcJI1R5IPlwwgb8JdZY4irifMFq1PMIPn9Y03kB8ZihUpYeo5RTaaQ7EjFkC0FJCdIpfj4XnI/QUFtu/y4sdWZS3nSMpkWAz3k3oYSSxMIWqv3Oy++U8NXa6Sr0i1cdO1FX2OcYO3mVTPsBcOe/CR0yfj4jZKlpko8Ur7M6R8jyIVGpmyhkZR2sIZxptBi/0oNGTYZObZggPijrsUnw+/vsBNWbNUzRL+Cei1bDQl4JscN691YLGy31tI4=
QWNPmrdkVdXDaR+TDP3Epflwwgb8JdZY4irifMFq1PMIPn9Y03kB8ZihUpYeo5RTaaQ7EjFkC0FJCdIpfj4XnI/QUFtu/y4sdWZS3nSMpkWAz3k3oYSSxMIWqv3Oy++U8NXa6Sr0i1cdO1FX2OcYO3mVTPsBcOe/CR0yfj4jZKlpko8Ur7M6R8jyIVGpmyhkZR2sIZxptBi/0oNGTYZObZggPijrsUnw+/vsBNWbNUzRL+eei1bDQl4JscN691YLGy31tI4=
7NN7t7bTN7ar/iuJPo/w9t/4242Yog+Y1FQMv6lj2N23iAxpRuYQl1yK3XQIqlWQztwImm79Kwzr1eHHH5AncLQJ
XyYeGP/gGJbTRtVDxpjiQlFf/vldEP/z6NSF7H6Tx+uQnc485esY3qOmF8dLLPnMERR7jLbR3lweeQ8eekhoPWZlI648/76IyCx3p0IDaigIPjgY+SIataKeaaOfTUygOcpwqJkGrgYc1OYPF2pbX6XZxzJLRrQz
rAVIio/XYSvz81UsFT//Gw+ewy7QctQXm2e4PG6j4S089FFSWkiV6tFhsyP8LnWgWH4dVI4YQE4+KQMoy/HJ0w+EL3S0DQ==
i1fd1EWSo783bwgx35BcOQ2ewy7QctQXm2e4PG6j4S089FFSWkiV6tFhsyP8LnWgWH4dVI4YQE4+KQMoy/HJ0w+EL3S0DQ==
2d1WmNew3tXbqd0PdWoG8ZwFinpShUtEvq4hDSOE/4nRUkElUpK3nMVBh6C58gJnOILtBiBPQPjTQ6t6c0OPXc7Z4sQ9i71sqX/dHnOGeyLWGRkDkkdea0MdbbQW
c4bMkKDGW0G4mnEPMDqkGigfg7d6/hliED4MWyvL4NAOT3mBjHjJ3trEDWZhzSvPnMItDOgyxRhOVJgCDgVbxKsd0f8/iDd4tAE=
9x8FCwJXIRq0iAWzWCVKMSkfg7d6/hliED4MWyvL4NAOT3mBjHjJ3trEDWZhzSvPnMItDOgyxRlOVJgCDgVbxKsd0f8/iDd4tAE=
a9yklC8zSjZLpHXVYhDnWSkfg7V99BhiED4MWyvL4NAOT3mBjHjJ3trEDWZhzSvPnMItDOgyxRlOVJgCDgVbxKsd0f8/iDd4tAE=
yp/npR4Gav+VkFWQSiaZiiofg7d6/hliED4MWyvL4NAOT3mBjHjJ3trEDWZhzSvPnMItDOgyxRlOVJgCDgVbxKsd0f8/iDd4tAE=
y8t/8Iq42fSuP6OJ0wQjiVqx+kifPJNZyHKlMnTwpCs591BZNwyE/dZyuDP8LnWgWH4dVY4YQE4+KQMoy/HJ0w+EL3S0DQ==
YRZ4r+mo6a3SFhTvC04Mrlqx+kifPJNZyHanPHTwpCs591BZNwyE/dZyuDP8LnWgWH4dVY4YQE4+KQMoy/HJ0w+EL3S0DQ==
Jf5YCJoFx6XJHlCLJrz8A5dW/wLJQ/Agt/t9Y47JX////zl11i4dZHk0Y7djFLdDgv7tOqVayCUH88z7wBOdIXO0CA==
H59Q+tCdHieEDw5uP+F7VZAnVndW43+fYmhmUrrMWyCS/R/6k3pFUlrSoZzJwlJmeDlDDaFF7kxfkAu1+Hq/8BR8fGcJGwj1t6DcEeY+YL+c4m2saJKF+U40WKKOpZvkq/0Rn79od1i0IQ==
SRPRa38CtNv9wbj0Kb6ZfTfV4vL36NM2V8nVOpp5U2epHx8aHX/Ntemwg0BOVRSlRuRRb28l1JRBTSVcOzqu3ahyWBdPYmB6teI6BHXbVcwx70Se6xbjwn5J0cPaN3aLe21VtC4=
5t8nHUSIfQj5hJ00tJby0PaEJ1eNrSoBhh6IHc/VDwesVF1eWt65kPkuSkoYFZvhkQm2gJ9cU/lIlmdcdNDki7mXkHk3LESdVtL4E/xOtUDY3t01jvgA7r5JQ8jL0Qlzj2RvVLQt
Z6rVbfQydHenIrvdN61bdBd+YCxRRiViWuLBrAkSMvb4qeNdYbXOPF9gK8W4qh9glOycN0kr6MW3kDwhpm6ALxxyzXwo4qUJTkR4Uk71O3QrbXFPf1gXaLQR
PpUbeElHJ/iyS/5Lk0qi/yppy9cvmVEZQ08tZlrmybgZBhoS2M3LiTHhBvgfpOOR6H63BDQINKPZv2BBNxS0tTb6KMu8FmWoeLZtzQ6AsAYeIRMQC4lZW29MH2y0FQ==
Pfm/V1zrwWMqh0FqGq1gFANa5PIeq3ADdE8tZlrmybgZBhoS2M3LiTHhBvgfpOOR6H63BDQINKPZv2BBNxS0tTb6KMu8FmWoeLZtzQ6AsAYeIRMQC4lZW29MH2y0FQ==
TLGgaRZhaSIYlktRBoFp53M1mRjFp93noeDaZE02kZyGhEg/f/eJC6qevwaHPwDEy7LEWmB9AfUsh/dWcHt+oPQd7CSRlgCcgetuYpRoNtsvZjubTUV3RhNqtBc=
HhVKbETr6Fc1mTVQgpfVkvlwwgb8JdZY4irifMFq1PMIPn9Y03kB8ZihUpYeo5RTaaQ7EjFkC0FJCdIpfj4XnI/QUFtu/y4sdWZS3nSMpkWAz3k3oYSSxMIWqv3Oy++U8NXa6Sr0i1cdO1FX2OcYO3mVTPsBcOe/CR0yfj4jZKlpko8Ur7M6R8jyIVGpmyhkZR2sIZxptBi/0oNGTYZObZggPijrsUnw+/vsBNWbNUzRL+Sei1bDQl4JscN691YLGy31tI4=
/byVrCo3518juo308BDsOFqx+kifPJNZyHKlMnTwpCs591BZNwyE/dZyuDP8LnWgWH4dW48YQ04+KQMoy/HJ0w+EL3S0DQ==
wT1rwq3v0KELyd79ds3jE+3Gqw31jDM+uon+BXMQWs7wtWUvJQdpky/bDlCkP+wtk6yVAxsnDAn68zVKXpu4hRL0S6drNI+T9H9VaV06wDVvM2RLSHNFEWu0EA==
