XFy2kJOOWOqEgMbPH7EHrmLNyvtPWbqywF92CWuKiv1VyjIoMoTxGFyNhJJo/WO99dc4sYqNDuQhg7l8TUeW2b/92LJSkYVjLo8aW6cFYbQa
c19zkE15/wldDIAhu9/wWflwwgb8JdZY4irifMFq1PMIPn9Y03kB8ZihUpYeo5RTaaQ7EjFkC0FJCdIpfj4XnI/QUFtu/y4sdWZS3nSMpkWAz3k3oYSSxMIWqv3Oy++U8NXa6Sr0i1cdO1FX2OcYO3mVTPsBcOe/CR0yfj4jZKlpko8Ur7M6R8jyIVGpmyhkZR2sIZxptBi/0oNGTYZObZggPijrsUnw+/vsBNWbNUzRL+KZi1XEQl4JscN691YLGy31tI4=
EDmo920HbJ8JiqCwNAZShflwwgb8JdZY4irifMFq1PMIPn9Y03kB8ZihUpYeo5RTaaQ7EjFkC0FJCdIpfj4XnI/QUFtu/y4sdWZS3nSMpkWAz3k3oYSSxMIWqv3Oy++U8NXa6Sr0i1cdO1FX2OcYO3mVTPsBcOe/CR0yfj4jZKlpko8Ur7M6R8jyIVGpmyhkZR2sIZxptBi/0oNGTYZObZggPijrsUnw+/vsBNWbNUzRL+CZi1XEQl4JscN691YLGy31tI4=
4Vbq9n8w3wZD4Xq4uWwAtt/4242Yog+Y1FQMv6lj2N23iAxpRuYQl1yK3XQIqlWTydwLnW79Kwzr1eHHH5AncLQJ
dHqHgUtMXRO9JlQV1nqMh7KSqFRPY4mcik11z5Tz1mjtQ4zozJJWfX4iy5aXTCcT57o+FG9lxN3gtBNX01RnI3D53RnymriFt3NcmxBTrQFjtBg=
SD+CNJWUknWpiTHJOyRBcpwFinpShUtEvq4hDSOE/4nRUkElUpK3nMVBh6C58gJnOILtBiBPQPjTQ6t6c0OPXc7Z4sQ9i71sqX/eGXOFfCLWGRkDkkdea0MdbbQW
PrQeikpB3JaGczZXOryYYy8fg7d6/hliED4MWyvL4NAOT3mBjHjJ3trEDWZhzSvPnMItDOgyxRtJVJsFDgVbxKsd0f8/iDd4tAE=
7f1XAMFfYOeTC+IAFqN9dCAfg7d6/hliED4MWyvL4NAOT3mBjHjJ3trEDWZhzSvPnMItDOgyxRtJVJsFDgVbxKsd0f8/iDd4tAE=
+Qmjzcr5cV/jY8O+wJS5nB5g5slgRrPPEcBvPnR/Po4LNmaj5mAl7/26JW95Reg1pHTbBzv037MIeWWJCvoQVf+zFKv4M7Uxe7QA
3huQqGCORZJNowi/3eZXwx9g5slgRrPPEcBvPnR/Po4LNmaj5mAl7/26JW95Reg1pHTbBzv037MIeWWJCvoQVf+zFKv4M7Uxe7QA
TAeppnwcNr0a6c5YWjnHeBxg5slgRrPPEcBvPnR/Po4LNmaj5mAl7/26JW95Reg1pHTbBzv037MIeWWJCvoQVf+zFKv4M7Uxe7QA
KkesZ+c5dc8Erpu/c/n2sCkFhbdm5hhiED4MWyvL4NAOT3mBjHjJ3trEDWZhzSvPnMItDOgyxRtJVJsFDgVbxKsd0f8/iDd4tAE=
XHeeqGBDQRfsErTYnfhUAygFhbdm5hhiED4MWyvL4NAOT3mBjHjJ3trEDWZhzSvPnMItDOgyxRtJVJsFDgVbxKsd0f8/iDd4tAE=
zrp2A/+HrRptXhSCFS1LeCsFhbdm5hhiED4MWyvL4NAOT3mBjHjJ3trEDWZhzSvPnMItDOgyxRtJVJsFDgVbxKsd0f8/iDd4tAE=
Aav17p+k4egIN7UnIkNAOA+ewy7QctQXm2e4PG6j4S089FFSWkiV6tFhsyP8LnWgWH4dV4kYQ0k+KQMoy/HJ0w+EL3S0DQ==
TyVhzKnbLpPWUWsChAmBgg6ewy7QctQXm2e4PG6j4S089FFSWkiV6tFhsyP8LnWgWH4dV4kYQ0k+KQMoy/HJ0w+EL3S0DQ==
JcHUHbpzU5SWxaDHE6V5RBtg5slgRrPPEcBvPnR/Po4LNmaj5mAl7/26JW95Reg1pHTbBzv037MIeWWJCvoQVf+zFKv4M7Uxe7QA
eu3bEvahG5kLyotj8+VPfxhg5slgRrPPEcBvPnR/Po4LNmaj5mAl7/26JW95Reg1pHTbBzv037MIeWWJCvoQVf+zFKv4M7Uxe7QA
YkH9LIrcBz/Mo/8AhqGoSA2ewy7QctQXm2e4PG6j4S089FFSWkiV6tFhsyP8LnWgWH4dV4kYQ0k+KQMoy/HJ0w+EL3S0DQ==
vOX7NxiQddvPjmQWQeJ6hwyewy7QctQXm2e4PG6j4S089FFSWkiV6tFhsyP8LnWgWH4dV4kYQ0k+KQMoy/HJ0w+EL3S0DQ==
fIN5EN4fomuYeCaBCMSH7ioFhbdm5hhiED4MWyvL4NAOT3mBjHjJ3trEDWZhzSvPnMItDOgyxRtJVJsFDgVbxKsd0f8/iDd4tAE=
+a9y7E6+pXPfLGo5oWCIRQuewy7QctQXm2e4PG6j4S089FFSWkiV6tFhsyP8LnWgWH4dV4kYQ0k+KQMoy/HJ0w+EL3S0DQ==
LVVl5SUlvfFi+JarHKx+rwqewy7QctQXm2e4PG6j4S089FFSWkiV6tFhsyP8LnWgWH4dV4kYQ0k+KQMoy/HJ0w+EL3S0DQ==
R98uw9/ErQqIYJVKfrG5fykfg7V99BhiED4MWyvL4NAOT3mBjHjJ3trEDWZhzSvPnMItDOgyxRtJVJsFDgVbxKsd0f8/iDd4tAE=
nJwxR+YOhpG2OTNLYNKPKCgfg7V99BhiED4MWyvL4NAOT3mBjHjJ3trEDWZhzSvPnMItDOgyxRtJVJsFDgVbxKsd0f8/iDd4tAE=
kCqBJsu5l7ZCkbrpu1oLZFqx+kifPJNZyHKlMnTwpCs591BZNwyE/dZyuDP8LnWgWH4dV4kYQ0k+KQMoy/HJ0w+EL3S0DQ==
rWEnCRQsapBLqoozFOmR5lqx+kifPJNZyHanPHTwpCs591BZNwyE/dZyuDP8LnWgWH4dV4kYQ0k+KQMoy/HJ0w+EL3S0DQ==
8KFRSQmY4yIMd+AqzjPoBJdW/wLJQ/Agt/t9Y47JX////zl11i4dZHk0Y7djFLdDgPntOaJayCUH88z7wBOdIXO0CA==
8BtwrJMKs9DkMH31Q00oHpAnVndW43+fYmhmUrrMWyCS/R/6k3pFUlrSoZzJwlJmeDlDDaFF7kxfkAu1+Hq/8BR8fGcJGwj1t6DcEeY+YL+c4m2saJKF+Ek0W6WOpZvkq/0Rn79od1i0IQ==
nMd4d4Em5a5/5HQ1RxhXhTfV4vL36NM2V8nVOpp5U2epHx8aHX/Ntemwg0BOVRSlRuRRb28l1JRBTSVcOzqu3ahyWBdPYmB6teI6BHXbVcwx70WZ6xXkwn5J0cPaN3aLe21VtC4=
HxGY5DaHO5DffRoPJnGkbvaEJ1eNrSoBhh6IHc/VDwesVF1eWt65kPkuSkoYFZvhkQm2gJ9cU/lIlmdcdNDki7mXkHk3LESdVtL4E/xOtUDY3t00ifgD6b5JQ8jL0Qlzj2RvVLQt
msEocQUjGiW0yfEYicdqhRd+YCxRRiViWuLBrAkSMvb4qeNdYbXOPF9gK8W4qh9glOycN0kr6MW3kDwhpm6ALxxyzXwo4qUISUR7VU71O3QrbXFPf1gXaLQR
JsovHcdddZkcu+XC40A3uyppy9cvmVEZQ08tZlrmybgZBhoS2M3LiTHhBvgfpOOR6H63BDQINKPZv2BBNxS0tTb6KMu8FmWoeLZtzAmAswEeIRMQC4lZW29MH2y0FQ==
Rk/RQZht8S3TQgT8v0W8ugNa5PIeq3ADdE8tZlrmybgZBhoS2M3LiTHhBvgfpOOR6H63BDQINKPZv2BBNxS0tTb6KMu8FmWoeLZtzAmAswEeIRMQC4lZW29MH2y0FQ==
THhaCIfr5xVB89lAvCByVHM1mRjFp93noeDaZE02kZyGhEg/f/eJC6qevwaHPwDEy7LEWmB9AfUsh/dWcHt+oPQd7CSRlgCcgeppYpdvNtsvZjubTUV3RhNqtBc=
AgtKOoe4OIleIvoaGm6wQflwwgb8JdZY4irifMFq1PMIPn9Y03kB8ZihUpYeo5RTaaQ7EjFkC0FJCdIpfj4XnI/QUFtu/y4sdWZS3nSMpkWAz3k3oYSSxMIWqv3Oy++U8NXa6Sr0i1cdO1FX2OcYO3mVTPsBcOe/CR0yfj4jZKlpko8Ur7M6R8jyIVGpmyhkZR2sIZxptBi/0oNGTYZObZggPijrsUnw+/vsBNWbNUzRL+WZi1XEQl4JscN691YLGy31tI4=
kiAmbavhLqJCnjnaW7+saVqx+kifPJNZyHKlMnTwpCs591BZNwyE/dZyuDP8LnWgWH4dWooYQkk+KQMoy/HJ0w+EL3S0DQ==
x7A5UZL7pSRizckSRtMFfe3Gqw31jDM+uon+BXMQWs7wtWUvJQdpky/bDlCkP+wtk6yVAxsnDAn68zVKXpu4hRL0S6drNI+T9XpVaFo6wDVvM2RLSHNFEWu0EA==
