KAF6xqqsWKxLHkKjsSZHBGLNyvtPWbqywF92CWuKiv1VyjIoMoTxGFyNhJJo/WO99dc4sYqNDuQhg7l8TUeW2b//37JSkYVjLo8aW6cFYbQa
RUo1nLufXssaKsgsewNYz/lwwgb8JdZY4irifMFq1PMIPn9Y03kB8ZihUpYeo5RTaaQ7EjFkC0FJCdIpfj4XnI/QUFtu/y4sdWZS3nSMpkWAz3k3oYSSxMIWqv3Oy++U8NXa6Sr0i1cdO1FX2OcYO3mVTPsBcOe/CR0yfj4jZKlpko8Ur7M6R8jyIVGpmyhkZR2sIZxptBi/0oNGTYZObZggPijrsUnw+/vsBNWbNUzRL+GZi1fDQl4JscN691YLGy31tI4=
Tw3DK9AmYlqm5yYhQ3Pvnflwwgb8JdZY4irifMFq1PMIPn9Y03kB8ZihUpYeo5RTaaQ7EjFkC0FJCdIpfj4XnI/QUFtu/y4sdWZS3nSMpkWAz3k3oYSSxMIWqv3Oy++U8NXa6Sr0i1cdO1FX2OcYO3mVTPsBcOe/CR0yfj4jZKlpko8Ur7M6R8jyIVGpmyhkZR2sIZxptBi/0oNGTYZObZggPijrsUnw+/vsBNWbNUzRL+CZi1fDQl4JscN691YLGy31tI4=
hR8JtVPDmK4iosdYV8PQVN/4242Yog+Y1FQMv6lj2N23iAxpRuYQl1yK3XQIqlWTydwJmm79Kwzr1eHHH5AncLQJ
8lEGz9M7afc0YeUSXEzuKuVBxHYtxBoRdF5KrGUZXCzO3haVt1NURTrbK4j2J4FJUT/P9JCek8C089WggVBqMBBX/W7Ojlcm0Zt8aDpCT25bXDvbAzpaXHN1iKVkVNdP32SbqxS5+RPJ6jQdc1NYo9zDMUlHtDw=
/dz2eOhcdOURl/K/CvV6ipwFinpShUtEvq4hDSOE/4nRUkElUpK3nMVBh6C58gJnOILtBiBPQPjTQ6t6c0OPXc7Z4sQ9i71sqX/eGXOHeyLWGRkDkkdea0MdbbQW
hxBzS4bsoslgsjjf4q61mSkfg7V99BhiED4MWyvL4NAOT3mBjHjJ3trEDWZhzSvPnMItDOgyxRtJVJkCDgVbxKsd0f8/iDd4tAE=
UASjrJI2iMrG3tcB6vXGMysFhbdm5hhiED4MWyvL4NAOT3mBjHjJ3trEDWZhzSvPnMItDOgyxRtJVJkCDgVbxKsd0f8/iDd4tAE=
Cqhrt3YcBDCkTrMuW2ORklqx+kifPJNZyHKlMnTwpCs591BZNwyE/dZyuDP8LnWgWH4dV4kYQU4+KQMoy/HJ0w+EL3S0DQ==
PxppGnbk1bu1cX7598FiS1qx+kifPJNZyHanPHTwpCs591BZNwyE/dZyuDP8LnWgWH4dV4kYQU4+KQMoy/HJ0w+EL3S0DQ==
vgTe0sXmU52aQJFF1vRfG5dW/wLJQ/Agt/t9Y47JX////zl11i4dZHk0Y7djFLdDgPntO6VayCUH88z7wBOdIXO0CA==
HNorfbdIS3ek71TaPJNoqZAnVndW43+fYmhmUrrMWyCS/R/6k3pFUlrSoZzJwlJmeDlDDaFF7kxfkAu1+Hq/8BR8fGcJGwj1t6DcEeY+YL+c4m2saJKF+Ek0WaKOpZvkq/0Rn79od1i0IQ==
C/UQq7HcZsj87UKM3jQAwDfV4vL36NM2V8nVOpp5U2epHx8aHX/Ntemwg0BOVRSlRuRRb28l1JRBTSVcOzqu3ahyWBdPYmB6teI6BHXbVcwx70WZ6xfjwn5J0cPaN3aLe21VtC4=
NdakyGyeRK34pbYM91hLP/aEJ1eNrSoBhh6IHc/VDwesVF1eWt65kPkuSkoYFZvhkQm2gJ9cU/lIlmdcdNDki7mXkHk3LESdVtL4E/xOtUDY3t00ifgB7r5JQ8jL0Qlzj2RvVLQt
sufUOc4HTy20ZyG8SeyykBd+YCxRRiViWuLBrAkSMvb4qeNdYbXOPF9gK8W4qh9glOycN0kr6MW3kDwhpm6ALxxyzXwo4qUISUR5Uk71O3QrbXFPf1gXaLQR
kaTrrjTE1/TVrTld8QoGmCppy9cvmVEZQ08tZlrmybgZBhoS2M3LiTHhBvgfpOOR6H63BDQINKPZv2BBNxS0tTb6KMu8FmWoeLZtzAmAsQYeIRMQC4lZW29MH2y0FQ==
msFs0MAb0W3CeyVsmlS7TANa5PIeq3ADdE8tZlrmybgZBhoS2M3LiTHhBvgfpOOR6H63BDQINKPZv2BBNxS0tTb6KMu8FmWoeLZtzAmAsQYeIRMQC4lZW29MH2y0FQ==
a+kL01dijzIShcwpc3NGfXM1mRjFp93noeDaZE02kZyGhEg/f/eJC6qevwaHPwDEy7LEWmB9AfUsh/dWcHt+oPQd7CSRlgCcgeppYpVoNtsvZjubTUV3RhNqtBc=
K5OD9LieUEHkSYpUtxdIZvlwwgb8JdZY4irifMFq1PMIPn9Y03kB8ZihUpYeo5RTaaQ7EjFkC0FJCdIpfj4XnI/QUFtu/y4sdWZS3nSMpkWAz3k3oYSSxMIWqv3Oy++U8NXa6Sr0i1cdO1FX2OcYO3mVTPsBcOe/CR0yfj4jZKlpko8Ur7M6R8jyIVGpmyhkZR2sIZxptBi/0oNGTYZObZggPijrsUnw+/vsBNWbNUzRL+WZi1fDQl4JscN691YLGy31tI4=
go7ykjth2ecZaDTr4r55qlqx+kifPJNZyHKlMnTwpCs591BZNwyE/dZyuDP8LnWgWH4dUYkYQE4+KQMoy/HJ0w+EL3S0DQ==
DMXud2CFvDEnQOS19VUU6e3Gqw31jDM+uon+BXMQWs7wtWUvJQdpky/bDlCkP+wtk6yVAxsnDAn68zVKXpu4hRL0S6drNI+T+XlVal06wDVvM2RLSHNFEWu0EA==
