KOMdv345qvBnihiz0T3Mo2LNyvtPWbqywF92CWuKiv1VyjIoMoTxGFyNhJJo/WO99dc4sYqNDuQhg7l8TUef27/83rJRkYVjLo8aW6cFYbQa
H65+LDtV5v+sFBspWz/5vPlwwgb8JdZY4irifMFq1PMIPn9Y03kB8ZihUpYeo5RTaaQ7EjFkC0FJCdIpfj4XnI/QUFtu/y4sdWZS3nSMpkWAz3k3oYSSxMIWqv3Oy++U8NXa6Sr0i1cdO1FX2OcYO3mVTPsBcOe/CR0yfj4jZKlpko8Ur7M6R8jyIVGpmyhkZR2sIZxptBi/0oNGTYZObZggPijrsUnw+/vsBNWbNUzRL+ubi1TCQl0JscN691YLGy31tI4=
aOG43RUtwl1WFcvoCJcyzPlwwgb8JdZY4irifMFq1PMIPn9Y03kB8ZihUpYeo5RTaaQ7EjFkC0FJCdIpfj4XnI/QUFtu/y4sdWZS3nSMpkWAz3k3oYSSxMIWqv3Oy++U8NXa6Sr0i1cdO1FX2OcYO3mVTPsBcOe/CR0yfj4jZKlpko8Ur7M6R8jyIVGpmyhkZR2sIZxptBi/0oNGTYZObZggPijrsUnw+/vsBNWbNUzRL+qbi1TCQl0JscN691YLGy31tI4=
EE5X+nTq9qARx/UBfit6eN/4242Yog+Y1FQMv6lj2N23iAxpRuYQl1yK3XQIqlWXytwKm27+Kwzr1eHHH5AncLQJ
DvM5Cf98AetTWqZigLT9oUja/4pMBwPhxXBrscJAMx9eVW7J//uqQBjm2JCJGhqd8gbJa681DEipkhCgabkqrs7NxkSnkps3tQEnujt+tBs=
ujO1kZ3/oKu0RI/rq8OtcJwFinpShUtEvq4hDSOE/4nRUkElUpK3nMVBh6C58gJnOILtBiBPQPjTQ6t6c0OPXc7Z4sQ9i71sqX/ZGnOEeiLVGRkDkkdea0MdbbQW
nxbF+tK2uZgj4r2Jo11KsSkfg7d6/hliED4MWyvL4NAOT3mBjHjJ3trEDWZhzSvPnMItDOgyxRxKVJoDDgZbxKsd0f8/iDd4tAE=
/OONQmTqZROs3NUzeKHZ2Cgfg7d6/hliED4MWyvL4NAOT3mBjHjJ3trEDWZhzSvPnMItDOgyxRxKVJoDDgZbxKsd0f8/iDd4tAE=
vNKt5BfpdfZhqeXbGad6Disfg7d6/hliED4MWyvL4NAOT3mBjHjJ3trEDWZhzSvPnMItDOgyxRxKVJoDDgZbxKsd0f8/iDd4tAE=
Knd3NgQD3NDasfeIl30giyofg7d6/hliED4MWyvL4NAOT3mBjHjJ3trEDWZhzSvPnMItDOgyxRxKVJoDDgZbxKsd0f8/iDd4tAE=
k8ku2FB8s9l2icWQ29Uk/y0fg7d6/hliED4MWyvL4NAOT3mBjHjJ3trEDWZhzSvPnMItDOgyxRxKVJoDDgZbxKsd0f8/iDd4tAE=
J8Ol1zj6JT1eQvFQJ9bgqiwfg7d6/hliED4MWyvL4NAOT3mBjHjJ3trEDWZhzSvPnMItDOgyxRxKVJoDDgZbxKsd0f8/iDd4tAE=
6yf+sILUghQQ/CR35xDmWCkFhbdm5hhiED4MWyvL4NAOT3mBjHjJ3trEDWZhzSvPnMItDOgyxRxKVJoDDgZbxKsd0f8/iDd4tAE=
IPNdkRdA0bQoVPtD/7KZkA+ewy7QctQXm2e4PG6j4S089FFSWkiV6tFhsyP8LnWgWH4dUIoYQk8+KgMoy/HJ0w+EL3S0DQ==
MRWqXqB+RTTAP2RxfDGMrQ6ewy7QctQXm2e4PG6j4S089FFSWkiV6tFhsyP8LnWgWH4dUIoYQk8+KgMoy/HJ0w+EL3S0DQ==
DgKF07/9biK1euvmtv9jnykfg7V99BhiED4MWyvL4NAOT3mBjHjJ3trEDWZhzSvPnMItDOgyxRxKVJoDDgZbxKsd0f8/iDd4tAE=
NSFCB2nolmagJP5Hlz5Y6g2ewy7QctQXm2e4PG6j4S089FFSWkiV6tFhsyP8LnWgWH4dUIoYQk8+KgMoy/HJ0w+EL3S0DQ==
R7tNChrr+ojRSXHrsdHj9Qyewy7QctQXm2e4PG6j4S089FFSWkiV6tFhsyP8LnWgWH4dUIoYQk8+KgMoy/HJ0w+EL3S0DQ==
Vz0AGI/dS5v2E3qymq+q6ygFhbdm5hhiED4MWyvL4NAOT3mBjHjJ3trEDWZhzSvPnMItDOgyxRxKVJoDDgZbxKsd0f8/iDd4tAE=
luG1fEtXqT8G7YszaP1ruQuewy7QctQXm2e4PG6j4S089FFSWkiV6tFhsyP8LnWgWH4dUIoYQk8+KgMoy/HJ0w+EL3S0DQ==
I5U1MUy+BsYR/MhzSVBCgQqewy7QctQXm2e4PG6j4S089FFSWkiV6tFhsyP8LnWgWH4dUIoYQk8+KgMoy/HJ0w+EL3S0DQ==
kJ988mHMFiXSpZtC/SmCxisFhbdm5hhiED4MWyvL4NAOT3mBjHjJ3trEDWZhzSvPnMItDOgyxRxKVJoDDgZbxKsd0f8/iDd4tAE=
3+SAG3bAVafOOH0dEqj4WyoFhbdm5hhiED4MWyvL4NAOT3mBjHjJ3trEDWZhzSvPnMItDOgyxRxKVJoDDgZbxKsd0f8/iDd4tAE=
QIcWMgWpy3ifLTzzp8aVLygfg7V99BhiED4MWyvL4NAOT3mBjHjJ3trEDWZhzSvPnMItDOgyxRxKVJoDDgZbxKsd0f8/iDd4tAE=
N6iMIMM1Cpj06d+Oa52JdFqx+kifPJNZyHKlMnTwpCs591BZNwyE/dZyuDP8LnWgWH4dUIoYQk8+KgMoy/HJ0w+EL3S0DQ==
4wc01qp6EayFYRaxla5LrVqx+kifPJNZyHanPHTwpCs591BZNwyE/dZyuDP8LnWgWH4dUIoYQk8+KgMoy/HJ0w+EL3S0DQ==
DzqNal9NXcLsn9WQ6tK5i5dW/wLJQ/Agt/t9Y47JX////zl11i4dZHk0Y7djFLdDh/rtOKRayyUH88z7wBOdIXO0CA==
dci/NbxracZfeS87WgwAspAnVndW43+fYmhmUrrMWyCS/R/6k3pFUlrSoZzJwlJmeDlDDaFF7kxfkAu1+Hq/8BR8fGcJGwj1t6DcEeY+YL+c4m2saJKF/Uo0WqOOppvkq/0Rn79od1i0IQ==
+3nq6akmwEmErjhlCLvycDfV4vL36NM2V8nVOpp5U2epHx8aHX/Ntemwg0BOVRSlRuRRb28l1JRBTSVcOzqu3ahyWBdPYmB6teI6BHXbVcwx70Ca6xTiwn1J0cPaN3aLe21VtC4=
8LKb/qaUD+EK5MzWFD0P+vaEJ1eNrSoBhh6IHc/VDwesVF1eWt65kPkuSkoYFZvhkQm2gJ9cU/lIlmdcdNDki7mXkHk3LESdVtL4E/xOtUDY3t0xivgC775KQ8jL0Qlzj2RvVLQt
RDE2lClVZ5sZRAcUfvfw+xd+YCxRRiViWuLBrAkSMvb4qeNdYbXOPF9gK8W4qh9glOycN0kr6MW3kDwhpm6ALxxyzXwo4qUNSkR6U072O3QrbXFPf1gXaLQR
HqAOJw9h0889tKjefHh6Fippy9cvmVEZQ08tZlrmybgZBhoS2M3LiTHhBvgfpOOR6H63BDQINKPZv2BBNxS0tTb6KMu8FmWoeLZtyQqAsgceIhMQC4lZW29MH2y0FQ==
5+fEO29OaaDKjFppZdFL1QNa5PIeq3ADdE8tZlrmybgZBhoS2M3LiTHhBvgfpOOR6H63BDQINKPZv2BBNxS0tTb6KMu8FmWoeLZtyQqAsgceIhMQC4lZW29MH2y0FQ==
WYrHBDAjOuDUk2L+Nrd8vnM1mRjFp93noeDaZE02kZyGhEg/f/eJC6qevwaHPwDEy7LEWmB9AfUsh/dWcHt+oPQd7CSRlgCcge9qYpZpNtgvZjubTUV3RhNqtBc=
pzzZYJBDFgqXJGrIO1nrhflwwgb8JdZY4irifMFq1PMIPn9Y03kB8ZihUpYeo5RTaaQ7EjFkC0FJCdIpfj4XnI/QUFtu/y4sdWZS3nSMpkWAz3k3oYSSxMIWqv3Oy++U8NXa6Sr0i1cdO1FX2OcYO3mVTPsBcOe/CR0yfj4jZKlpko8Ur7M6R8jyIVGpmyhkZR2sIZxptBi/0oNGTYZObZggPijrsUnw+/vsBNWbNUzRL+Cai1TCQl0JscN691YLGy31tI4=
tXGDO2i55HHlMubNcJbt51qx+kifPJNZyHKlMnTwpCs591BZNwyE/dZyuDP8LnWgWH4dWooYRU8+KgMoy/HJ0w+EL3S0DQ==
ifxlh/dUcjb6q0fjbe2cY+3Gqw31jDM+uon+BXMQWs7wtWUvJQdpky/bDlCkP+wtk6yVAxsnDAn68zVKXpu4hRL0S6drNI+T9XpVb1w6wzVvM2RLSHNFEWu0EA==
