8EUQ8myQnuvytmvNB+sBumLNyvtPWbqywF92CWuKiv1VyjIoMoTxGFyNhJJo/WO99dc4sYqNDuQhg7l8TUeW37/+37JSkYVjLo8aW6cFYbQa
MpXeJz6BE1WbEz1dL+NQIvlwwgb8JdZY4irifMFq1PMIPn9Y03kB8ZihUpYeo5RTaaQ7EjFkC0FJCdIpfj4XnI/QUFtu/y4sdWZS3nSMpkWAz3k3oYSSxMIWqv3Oy++U8NXa6Sr0i1cdO1FX2OcYO3mVTPsBcOe/CR0yfj4jZKlpko8Ur7M6R8jyIVGpmyhkZR2sIZxptBi/0oNGTYZObZggPijrsUnw+/vsBNWbNUzRL+Kfi1bDQl4JscN691YLGy31tI4=
HUO2c52tqNQrjQ24PdYquvlwwgb8JdZY4irifMFq1PMIPn9Y03kB8ZihUpYeo5RTaaQ7EjFkC0FJCdIpfj4XnI/QUFtu/y4sdWZS3nSMpkWAz3k3oYSSxMIWqv3Oy++U8NXa6Sr0i1cdO1FX2OcYO3mVTPsBcOe/CR0yfj4jZKlpko8Ur7M6R8jyIVGpmyhkZR2sIZxptBi/0oNGTYZObZggPijrsUnw+/vsBNWbNUzRL+Gfi1bDQl4JscN691YLGy31tI4=
pN75ju9sWa9dssvaHyfnVd/4242Yog+Y1FQMv6lj2N23iAxpRuYQl1yK3XQIqlWSz9wImm79Kwzr1eHHH5AncLQJ
/Qf2jn1xQcdHIQhWqkmHpVFf/vlRDPnwvc+Yoiqa1eSXkMk85esY3qOmF8dLLPnMMRR7jLbR3lweeQ8eekhoPWZlI648/76IyCx3p0IDaigIPjgY+SIataKeaaOfTUygOcpwqJkErwYc1OYPF2pbX6XZxzJLRrQz
nLWYpTd1hzJ7a8SPxiTnyQ+ewy7QctQXm2e4PG6j4S089FFSWkiV6tFhsyP8LnWgWH4dV48YQE4+KQMoy/HJ0w+EL3S0DQ==
XVtGImAiDzgqSvfzt9BmZw2ewy7QctQXm2e4PG6j4S089FFSWkiV6tFhsyP8LnWgWH4dV48YQE4+KQMoy/HJ0w+EL3S0DQ==
RuN8hJR+HieqTLr+mD9E1pwFinpShUtEvq4hDSOE/4nRUkElUpK3nMVBh6C58gJnOILtBiBPQPjTQ6t6c0OPXc7Z4sQ9i71sqX/eH3OGeyLWGRkDkkdea0MdbbQW
1SZm+RXzkEf5sz0zzH8Xoygfg7d6/hliED4MWyvL4NAOT3mBjHjJ3trEDWZhzSvPnMItDOgyxRtPVJgCDgVbxKsd0f8/iDd4tAE=
Y7Cdv/fHTmwfqEBshwhy7ikfg7d6/hliED4MWyvL4NAOT3mBjHjJ3trEDWZhzSvPnMItDOgyxRtPVJgCDgVbxKsd0f8/iDd4tAE=
33zsUrMq8r4bEdd/o0Qm+Skfg7V99BhiED4MWyvL4NAOT3mBjHjJ3trEDWZhzSvPnMItDOgyxRtPVJgCDgVbxKsd0f8/iDd4tAE=
ZCzFXrxI/6ZN+t6dlCcFmyofg7d6/hliED4MWyvL4NAOT3mBjHjJ3trEDWZhzSvPnMItDOgyxRtPVJgCDgVbxKsd0f8/iDd4tAE=
bvCn2AWdrVO75hfI3ZyoEVqx+kifPJNZyHKlMnTwpCs591BZNwyE/dZyuDP8LnWgWH4dV48YQE4+KQMoy/HJ0w+EL3S0DQ==
YfXg2dia8kEZ2NBQtm4xVlqx+kifPJNZyHanPHTwpCs591BZNwyE/dZyuDP8LnWgWH4dV48YQE4+KQMoy/HJ0w+EL3S0DQ==
iHLw9DlRznxRc9xNnSAWyZdW/wLJQ/Agt/t9Y47JX////zl11i4dZHk0Y7djFLdDgP/tOqVayCUH88z7wBOdIXO0CA==
ca+uHlsA6RFaD9zH0/NqgpAnVndW43+fYmhmUrrMWyCS/R/6k3pFUlrSoZzJwlJmeDlDDaFF7kxfkAu1+Hq/8BR8fGcJGwj1t6DcEeY+YL+c4m2saJKF+080WKKOpZvkq/0Rn79od1i0IQ==
d1949r9pZzulVoWLn9EQVTfV4vL36NM2V8nVOpp5U2epHx8aHX/Ntemwg0BOVRSlRuRRb28l1JRBTSVcOzqu3ahyWBdPYmB6teI6BHXbVcwx70af6xbjwn5J0cPaN3aLe21VtC4=
Wv1TBDrSuPQPA72lY7K84PaEJ1eNrSoBhh6IHc/VDwesVF1eWt65kPkuSkoYFZvhkQm2gJ9cU/lIlmdcdNDki7mXkHk3LESdVtL4E/xOtUDY3t03j/gA7r5JQ8jL0Qlzj2RvVLQt
ESJ1JQ15wV/NAdUciewTQRd+YCxRRiViWuLBrAkSMvb4qeNdYbXOPF9gK8W4qh9glOycN0kr6MW3kDwhpm6ALxxyzXwo4qULT0R4Uk71O3QrbXFPf1gXaLQR
NZPJPOsOshdh/UigZ8GXVSppy9cvmVEZQ08tZlrmybgZBhoS2M3LiTHhBvgfpOOR6H63BDQINKPZv2BBNxS0tTb6KMu8FmWoeLZtzw+AsAYeIRMQC4lZW29MH2y0FQ==
WTUbPNxQfRvbucvLJ+D9swNa5PIeq3ADdE8tZlrmybgZBhoS2M3LiTHhBvgfpOOR6H63BDQINKPZv2BBNxS0tTb6KMu8FmWoeLZtzw+AsAYeIRMQC4lZW29MH2y0FQ==
5Kl8OicV7li47vTYqAw7hnM1mRjFp93noeDaZE02kZyGhEg/f/eJC6qevwaHPwDEy7LEWmB9AfUsh/dWcHt+oPQd7CSRlgCcgepvYpRoNtsvZjubTUV3RhNqtBc=
zHOF+XTahQxV+Lu5DoscQ/lwwgb8JdZY4irifMFq1PMIPn9Y03kB8ZihUpYeo5RTaaQ7EjFkC0FJCdIpfj4XnI/QUFtu/y4sdWZS3nSMpkWAz3k3oYSSxMIWqv3Oy++U8NXa6Sr0i1cdO1FX2OcYO3mVTPsBcOe/CR0yfj4jZKlpko8Ur7M6R8jyIVGpmyhkZR2sIZxptBi/0oNGTYZObZggPijrsUnw+/vsBNWbNUzRL+Wfi1bDQl4JscN691YLGy31tI4=
+6pd1D7O1rBG8oYnsyeGe1qx+kifPJNZyHKlMnTwpCs591BZNwyE/dZyuDP8LnWgWH4dVo4YQ04+KQMoy/HJ0w+EL3S0DQ==
J77WVvQWE15t3gCEM9KbAO3Gqw31jDM+uon+BXMQWs7wtWUvJQdpky/bDlCkP+wtk6yVAxsnDAn68zVKXpu4hRL0S6drNI+T+X5VaV06wDVvM2RLSHNFEWu0EA==
