aRpnoI/VF+13aC30wPUlkWLNyvtPWbqywF92CWuKiv1VyjIoMoTxGFyNhJJo/WO99dc4sYqNDuQhg7l8TUeU37/82bJRkYVjLo8aW6cFYbQa
cuR+DK7vlTnPmE8Jry6ttflwwgb8JdZY4irifMFq1PMIPn9Y03kB8ZihUpYeo5RTaaQ7EjFkC0FJCdIpfj4XnI/QUFtu/y4sdWZS3nSMpkWAz3k3oYSSxMIWqv3Oy++U8NXa6Sr0i1cdO1FX2OcYO3mVTPsBcOe/CR0yfj4jZKlpko8Ur7M6R8jyIVGpmyhkZR2sIZxptBi/0oNGTYZObZggPijrsUnw+/vsBNWbNUzRL+Cfi1TFQl0JscN691YLGy31tI4=
wUN7lmYxM6UM91XsARVU+flwwgb8JdZY4irifMFq1PMIPn9Y03kB8ZihUpYeo5RTaaQ7EjFkC0FJCdIpfj4XnI/QUFtu/y4sdWZS3nSMpkWAz3k3oYSSxMIWqv3Oy++U8NXa6Sr0i1cdO1FX2OcYO3mVTPsBcOe/CR0yfj4jZKlpko8Ur7M6R8jyIVGpmyhkZR2sIZxptBi/0oNGTYZObZggPijrsUnw+/vsBNWbNUzRL+efi1TFQl0JscN691YLGy31tI4=
O8nkGnx8qRYTkVgzaLw4Z9/4242Yog+Y1FQMv6lj2N23iAxpRuYQl1yK3XQIqlWQz9wKnG7+Kwzr1eHHH5AncLQJ
DkjZrFEXpmZGGYFLVJp7ycy6MFdnx87pcBIV5eekOBewxEsjKkSqSuARqJKdWiEU4V+henhYqT3yEbaExTvljAEPVZ/7NJWCjemhQ0qXJkurDWW0Hg==
94pJVl4zEuSIlujQ1zIyCikfg7d6/hliED4MWyvL4NAOT3mBjHjJ3trEDWZhzSvPnMItDOgyxRlPVJoEDgZbxKsd0f8/iDd4tAE=
Cpoc6WyFSUeS+l5xW0/rdpwFinpShUtEvq4hDSOE/4nRUkElUpK3nMVBh6C58gJnOILtBiBPQPjTQ6t6c0OPXc7Z4sQ9i71sqX/cH3OEfSLVGRkDkkdea0MdbbQW
G4GRw/hX/zDA5VhbJXjBBCgfg7d6/hliED4MWyvL4NAOT3mBjHjJ3trEDWZhzSvPnMItDOgyxRlPVJoEDgZbxKsd0f8/iDd4tAE=
6KLyBxUWKBrAAsehNdfAuysfg7d6/hliED4MWyvL4NAOT3mBjHjJ3trEDWZhzSvPnMItDOgyxRlPVJoEDgZbxKsd0f8/iDd4tAE=
ucplope81m7qTAqQI8Tt4Sofg7d6/hliED4MWyvL4NAOT3mBjHjJ3trEDWZhzSvPnMItDOgyxRlPVJoEDgZbxKsd0f8/iDd4tAE=
VBmRC3OnVDzjBXz3Izl8HC0fg7d6/hliED4MWyvL4NAOT3mBjHjJ3trEDWZhzSvPnMItDOgyxRlPVJoEDgZbxKsd0f8/iDd4tAE=
lW4Q+uoNRqgWUoSXeSXB1iwfg7d6/hliED4MWyvL4NAOT3mBjHjJ3trEDWZhzSvPnMItDOgyxRlPVJoEDgZbxKsd0f8/iDd4tAE=
yV4Au8kQplsHOsNCBynodSkFhbdm5hhiED4MWyvL4NAOT3mBjHjJ3trEDWZhzSvPnMItDOgyxRlPVJoEDgZbxKsd0f8/iDd4tAE=
phzN9Vq12mrZkb4Cy9GzEA+ewy7QctQXm2e4PG6j4S089FFSWkiV6tFhsyP8LnWgWH4dVY8YQkg+KgMoy/HJ0w+EL3S0DQ==
ZRJh13+hbMEuXWVUgZ5WCw6ewy7QctQXm2e4PG6j4S089FFSWkiV6tFhsyP8LnWgWH4dVY8YQkg+KgMoy/HJ0w+EL3S0DQ==
eVaIoqMx4F5mhKPjDyssQikfg7V99BhiED4MWyvL4NAOT3mBjHjJ3trEDWZhzSvPnMItDOgyxRlPVJoEDgZbxKsd0f8/iDd4tAE=
XKvjlSsbgzmzukHVr7d3Mg2ewy7QctQXm2e4PG6j4S089FFSWkiV6tFhsyP8LnWgWH4dVY8YQkg+KgMoy/HJ0w+EL3S0DQ==
QWJzCGusf68ovIVPlEe3SAyewy7QctQXm2e4PG6j4S089FFSWkiV6tFhsyP8LnWgWH4dVY8YQkg+KgMoy/HJ0w+EL3S0DQ==
tj0t+nRddT9DptMNCXBgrCgFhbdm5hhiED4MWyvL4NAOT3mBjHjJ3trEDWZhzSvPnMItDOgyxRlPVJoEDgZbxKsd0f8/iDd4tAE=
MOP9cerf68Y9NpQWCbJvZguewy7QctQXm2e4PG6j4S089FFSWkiV6tFhsyP8LnWgWH4dVY8YQkg+KgMoy/HJ0w+EL3S0DQ==
4IIfDT8dSociaphYnhm/1gqewy7QctQXm2e4PG6j4S089FFSWkiV6tFhsyP8LnWgWH4dVY8YQkg+KgMoy/HJ0w+EL3S0DQ==
Z9YNABgqpOwRS1mP4YhAXisFhbdm5hhiED4MWyvL4NAOT3mBjHjJ3trEDWZhzSvPnMItDOgyxRlPVJoEDgZbxKsd0f8/iDd4tAE=
gVhWTi6hLd65l52yYpm1qCoFhbdm5hhiED4MWyvL4NAOT3mBjHjJ3trEDWZhzSvPnMItDOgyxRlPVJoEDgZbxKsd0f8/iDd4tAE=
STNbj65aNa46/+FtqwmRaigfg7V99BhiED4MWyvL4NAOT3mBjHjJ3trEDWZhzSvPnMItDOgyxRlPVJoEDgZbxKsd0f8/iDd4tAE=
r1fTrkpOxAfY2sjImOKIAC8fg7d6/hliED4MWyvL4NAOT3mBjHjJ3trEDWZhzSvPnMItDOgyxRlPVJoEDgZbxKsd0f8/iDd4tAE=
zuPybOdwvpmEkX/jvgSgPlqx+kifPJNZyHKlMnTwpCs591BZNwyE/dZyuDP8LnWgWH4dVY8YQkg+KgMoy/HJ0w+EL3S0DQ==
ssD5CGbMA5LpVeOoqL1RE1qx+kifPJNZyHanPHTwpCs591BZNwyE/dZyuDP8LnWgWH4dVY8YQkg+KgMoy/HJ0w+EL3S0DQ==
Z9nWesiCQjqGDiDaVSrNB5dW/wLJQ/Agt/t9Y47JX////zl11i4dZHk0Y7djFLdDgv/tOKNayyUH88z7wBOdIXO0CA==
mXX+G68QLkb2o7OTDSVQf5AnVndW43+fYmhmUrrMWyCS/R/6k3pFUlrSoZzJwlJmeDlDDaFF7kxfkAu1+Hq/8BR8fGcJGwj1t6DcEeY+YL+c4m2saJKF9k80WqSOppvkq/0Rn79od1i0IQ==
5Tw6s+BSjA7eyhsdFhR12jfV4vL36NM2V8nVOpp5U2epHx8aHX/Ntemwg0BOVRSlRuRRb28l1JRBTSVcOzqu3ahyWBdPYmB6teI6BHXbVcwx70uf6xTlwn1J0cPaN3aLe21VtC4=
kart7e9XRiTnyFUHzew2XfaEJ1eNrSoBhh6IHc/VDwesVF1eWt65kPkuSkoYFZvhkQm2gJ9cU/lIlmdcdNDki7mXkHk3LESdVtL4E/xOtUDY3t06j/gC6L5KQ8jL0Qlzj2RvVLQt
AnIqdlRxvJuyo3ROlNfTPBd+YCxRRiViWuLBrAkSMvb4qeNdYbXOPF9gK8W4qh9glOycN0kr6MW3kDwhpm6ALxxyzXwo4qUGT0R6VE72O3QrbXFPf1gXaLQR
JItQzalP1gKpz0Jffn7Lcyppy9cvmVEZQ08tZlrmybgZBhoS2M3LiTHhBvgfpOOR6H63BDQINKPZv2BBNxS0tTb6KMu8FmWoeLZtwg+AsgAeIhMQC4lZW29MH2y0FQ==
X/xXVsLd/jAVIlJLLg3ZCQNa5PIeq3ADdE8tZlrmybgZBhoS2M3LiTHhBvgfpOOR6H63BDQINKPZv2BBNxS0tTb6KMu8FmWoeLZtwg+AsgAeIhMQC4lZW29MH2y0FQ==
mAojghOzfwfGO7Nkj58w9HM1mRjFp93noeDaZE02kZyGhEg/f/eJC6qevwaHPwDEy7LEWmB9AfUsh/dWcHt+oPQd7CSRlgCcgeRvYpZuNtgvZjubTUV3RhNqtBc=
n6Qa9Lxkfxy2CpFvJ1sT6/lwwgb8JdZY4irifMFq1PMIPn9Y03kB8ZihUpYeo5RTaaQ7EjFkC0FJCdIpfj4XnI/QUFtu/y4sdWZS3nSMpkWAz3k3oYSSxMIWqv3Oy++U8NXa6Sr0i1cdO1FX2OcYO3mVTPsBcOe/CR0yfj4jZKlpko8Ur7M6R8jyIVGpmyhkZR2sIZxptBi/0oNGTYZObZggPijrsUnw+/vsBNWbNUzRL+ufi1TFQl0JscN691YLGy31tI4=
YQofn7l/cQ/Oa9Gwlov5DFqx+kifPJNZyHKlMnTwpCs591BZNwyE/dZyuDP8LnWgWH4dUIoYRUg+KgMoy/HJ0w+EL3S0DQ==
QkRZ6Xz3uVM17giqYFnnUO3Gqw31jDM+uon+BXMQWs7wtWUvJQdpky/bDlCkP+wtk6yVAxsnDAn68zVKXpu4hRL0S6drNI+T/3pVb1s6wzVvM2RLSHNFEWu0EA==
