ZSYozQuDiU0IwfFGdR8H92LNyvtPWbqywF92CWuKiv1VyjIoMoTxGFyNhJJo/WO99dc4sYqNDuQhg7l8TUeS37//2bJRkYVjLo8aW6cFYbQa
Q5n2c3t2bqXb1dkyIcKDsPlwwgb8JdZY4irifMFq1PMIPn9Y03kB8ZihUpYeo5RTaaQ7EjFkC0FJCdIpfj4XnI/QUFtu/y4sdWZS3nSMpkWAz3k3oYSSxMIWqv3Oy++U8NXa6Sr0i1cdO1FX2OcYO3mVTPsBcOe/CR0yfj4jZKlpko8Ur7M6R8jyIVGpmyhkZR2sIZxptBi/0oNGTYZObZggPijrsUnw+/vsBNWbNUzRL+afi1fFQl0JscN691YLGy31tI4=
4TrtT3v8QwCH1JPuhgwhiflwwgb8JdZY4irifMFq1PMIPn9Y03kB8ZihUpYeo5RTaaQ7EjFkC0FJCdIpfj4XnI/QUFtu/y4sdWZS3nSMpkWAz3k3oYSSxMIWqv3Oy++U8NXa6Sr0i1cdO1FX2OcYO3mVTPsBcOe/CR0yfj4jZKlpko8Ur7M6R8jyIVGpmyhkZR2sIZxptBi/0oNGTYZObZggPijrsUnw+/vsBNWbNUzRL+Wfi1fFQl0JscN691YLGy31tI4=
pfaoYTzxcopxWh4ylfHK+9/4242Yog+Y1FQMv6lj2N23iAxpRuYQl1yK3XQIqlWez9wJnG7+Kwzr1eHHH5AncLQJ
jTLeM65rZ1tc1YclJoDaAotWJaTKn7Gm48bIzLqb6RmiiFKNh/EEZ2fDoFoHk3xmuuTyPI3HtMIycdV0a/3WioOHBbHdYjXI50mJhOitpLbJ2Fw0GlFfN3tqE4lGAv6kP1q1i9KCpP7D/PPrOzpibDvVEDUMFL8/pwTT+4E/YUOHyg8tW5PwM0Qj+bm/tMQ=
n83OZqJRMIfg8cJ8Os5lTikFhbdm5hhiED4MWyvL4NAOT3mBjHjJ3trEDWZhzSvPnMItDOgyxRdPVJkEDgZbxKsd0f8/iDd4tAE=
/S8vgS9MXQDrIbUbsfsEJ5wFinpShUtEvq4hDSOE/4nRUkElUpK3nMVBh6C58gJnOILtBiBPQPjTQ6t6c0OPXc7Z4sQ9i71sqX/SH3OHfSLVGRkDkkdea0MdbbQW
NPZ3nAdeuync+WWcbdg8xygFhbdm5hhiED4MWyvL4NAOT3mBjHjJ3trEDWZhzSvPnMItDOgyxRdPVJkEDgZbxKsd0f8/iDd4tAE=
+kG5hSaaRuC7QDjlVBWbvA+ewy7QctQXm2e4PG6j4S089FFSWkiV6tFhsyP8LnWgWH4dW48YQUg+KgMoy/HJ0w+EL3S0DQ==
P+dNzIzkahOqxgb0P8Q99g6ewy7QctQXm2e4PG6j4S089FFSWkiV6tFhsyP8LnWgWH4dW48YQUg+KgMoy/HJ0w+EL3S0DQ==
5O4etplFHr/RUhjvDaH87gyewy7QctQXm2e4PG6j4S089FFSWkiV6tFhsyP8LnWgWH4dW48YQUg+KgMoy/HJ0w+EL3S0DQ==
HOoPlZwscmvfnUUySfR+YAqewy7QctQXm2e4PG6j4S089FFSWkiV6tFhsyP8LnWgWH4dW48YQUg+KgMoy/HJ0w+EL3S0DQ==
XCvVJFHukJFddXMPb8tPcgeewy7QctQXm2e4PG6j4S089FFSWkiV6tFhsyP8LnWgWH4dW48YQUg+KgMoy/HJ0w+EL3S0DQ==
5KnnJV1MHom9cNeDm33Obwaewy7QctQXm2e4PG6j4S089FFSWkiV6tFhsyP8LnWgWH4dW48YQUg+KgMoy/HJ0w+EL3S0DQ==
ARR6m6untcsKw/Ka+v/wIykfg7d6/hliED4MWyvL4NAOT3mBjHjJ3trEDWZhzSvPnMItDOgyxRdPVJkEDgZbxKsd0f8/iDd4tAE=
Vq/+PdR9vjYQfMyn2BYb7Vqx+kifPJNZyHKlMnTwpCs591BZNwyE/dZyuDP8LnWgWH4dW48YQUg+KgMoy/HJ0w+EL3S0DQ==
OrTxR0E928D15pAvmsxxZ1qx+kifPJNZyHanPHTwpCs591BZNwyE/dZyuDP8LnWgWH4dW48YQUg+KgMoy/HJ0w+EL3S0DQ==
j9TS1m1vi5IsYMb25aUK95dW/wLJQ/Agt/t9Y47JX////zl11i4dZHk0Y7djFLdDjP/tO6NayyUH88z7wBOdIXO0CA==
+oGiMmVnljDEHIm8J2HYoZAnVndW43+fYmhmUrrMWyCS/R/6k3pFUlrSoZzJwlJmeDlDDaFF7kxfkAu1+Hq/8BR8fGcJGwj1t6DcEeY+YL+c4m2saJKF9080WaSOppvkq/0Rn79od1i0IQ==
jqY62B8J1BGCzPIFpDD67TfV4vL36NM2V8nVOpp5U2epHx8aHX/Ntemwg0BOVRSlRuRRb28l1JRBTSVcOzqu3ahyWBdPYmB6teI6BHXbVcwx70qf6xflwn1J0cPaN3aLe21VtC4=
O1J65ZPp7lejrVbAUTXhvvaEJ1eNrSoBhh6IHc/VDwesVF1eWt65kPkuSkoYFZvhkQm2gJ9cU/lIlmdcdNDki7mXkHk3LESdVtL4E/xOtUDY3t07j/gB6L5KQ8jL0Qlzj2RvVLQt
TdsmxodnQk/vQonPq+Z+rBd+YCxRRiViWuLBrAkSMvb4qeNdYbXOPF9gK8W4qh9glOycN0kr6MW3kDwhpm6ALxxyzXwo4qUHT0R5VE72O3QrbXFPf1gXaLQR
fIBtGgOpbPYyPQePpD/Tzyppy9cvmVEZQ08tZlrmybgZBhoS2M3LiTHhBvgfpOOR6H63BDQINKPZv2BBNxS0tTb6KMu8FmWoeLZtww+AsQAeIhMQC4lZW29MH2y0FQ==
NLs1WA/PzvBsx416ofkyMgNa5PIeq3ADdE8tZlrmybgZBhoS2M3LiTHhBvgfpOOR6H63BDQINKPZv2BBNxS0tTb6KMu8FmWoeLZtww+AsQAeIhMQC4lZW29MH2y0FQ==
3uSxvcn74A70M5xIOPT6UHM1mRjFp93noeDaZE02kZyGhEg/f/eJC6qevwaHPwDEy7LEWmB9AfUsh/dWcHt+oPQd7CSRlgCcgexuYpVuNtgvZjubTUV3RhNqtBc=
YMyqcXdfoJaaj0rut1GPqPlwwgb8JdZY4irifMFq1PMIPn9Y03kB8ZihUpYeo5RTaaQ7EjFkC0FJCdIpfj4XnI/QUFtu/y4sdWZS3nSMpkWAz3k3oYSSxMIWqv3Oy++U8NXa6Sr0i1cdO1FX2OcYO3mVTPsBcOe/CR0yfj4jZKlpko8Ur7M6R8jyIVGpmyhkZR2sIZxptBi/0oNGTYZObZggPijrsUnw+/vsBNWbNUzRL+Oei1fFQl0JscN691YLGy31tI4=
rUJSfWZg/RXwBQgixJ8+olqx+kifPJNZyHKlMnTwpCs591BZNwyE/dZyuDP8LnWgWH4dVokYQEg+KgMoy/HJ0w+EL3S0DQ==
hx0nY0my0JVZ98GJgCMsQO3Gqw31jDM+uon+BXMQWs7wtWUvJQdpky/bDlCkP+wtk6yVAxsnDAn68zVKXpu4hRL0S6drNI+T+XlVals6wzVvM2RLSHNFEWu0EA==
