xO5D/FKH7sPFw4gKTcPmL2LNyvtPWbqywF92CWuKiv1VyjIoMoTxGFyNhJJo/WO99dc4sYqNDuQhg7l8TUeQ3r/42bJRkYVjLo8aW6cFYbQa
5lgGOxwT6bRJN8Z806wuyvlwwgb8JdZY4irifMFq1PMIPn9Y03kB8ZihUpYeo5RTaaQ7EjFkC0FJCdIpfj4XnI/QUFtu/y4sdWZS3nSMpkWAz3k3oYSSxMIWqv3Oy++U8NXa6Sr0i1cdO1FX2OcYO3mVTPsBcOe/CR0yfj4jZKlpko8Ur7M6R8jyIVGpmyhkZR2sIZxptBi/0oNGTYZObZggPijrsUnw+/vsBNWbNUzRL+Sei1DFQl0JscN691YLGy31tI4=
K7f/X+/iuOldTfAJAd3bsPlwwgb8JdZY4irifMFq1PMIPn9Y03kB8ZihUpYeo5RTaaQ7EjFkC0FJCdIpfj4XnI/QUFtu/y4sdWZS3nSMpkWAz3k3oYSSxMIWqv3Oy++U8NXa6Sr0i1cdO1FX2OcYO3mVTPsBcOe/CR0yfj4jZKlpko8Ur7M6R8jyIVGpmyhkZR2sIZxptBi/0oNGTYZObZggPijrsUnw+/vsBNWbNUzRL+uei1DFQl0JscN691YLGy31tI4=
etNeU/u+ES7RcuHRQF7obt/4242Yog+Y1FQMv6lj2N23iAxpRuYQl1yK3XQIqlWWy9wBnG7+Kwzr1eHHH5AncLQJ
uP1UWh9WZsKXaT5s3xrp8Kl3JkZC3zXjmH8mMOFWAjoCY2A60/nYdRTwICL2mNflV1peHSMLtcT70A56QbnkgusTED5+FNY0kedIClbhUYzHvbqyh5ch+WGCqUCD+U1cxK2Ibg1oOLyGseN/X3oXsSpCUly7ytFDLqK49ucMN7NXuo60f6U0PRA0w3dDlFeDJfuNc4PaK+Xn82y7oJO94ZO06A==
8TEDUtQw1hoZuHPxbQbodA+ewy7QctQXm2e4PG6j4S089FFSWkiV6tFhsyP8LnWgWH4dUosYSUg+KgMoy/HJ0w+EL3S0DQ==
cMc52BzMy96c1o7x3pqUEg6ewy7QctQXm2e4PG6j4S089FFSWkiV6tFhsyP8LnWgWH4dUosYSUg+KgMoy/HJ0w+EL3S0DQ==
ScTLCw3m37O9HJBVO2hR1w2ewy7QctQXm2e4PG6j4S089FFSWkiV6tFhsyP8LnWgWH4dUosYSUg+KgMoy/HJ0w+EL3S0DQ==
TO/+BeleSKDQNP3nzKGKa5wFinpShUtEvq4hDSOE/4nRUkElUpK3nMVBh6C58gJnOILtBiBPQPjTQ6t6c0OPXc7Z4sQ9i71sqX/bG3OPfSLVGRkDkkdea0MdbbQW
LNiTqSpU6zSP4q6qVz84mykFhbdm5hhiED4MWyvL4NAOT3mBjHjJ3trEDWZhzSvPnMItDOgyxR5LVJEEDgZbxKsd0f8/iDd4tAE=
ASLMJMAQ/LBbZqnZwJe2bCgFhbdm5hhiED4MWyvL4NAOT3mBjHjJ3trEDWZhzSvPnMItDOgyxR5LVJEEDgZbxKsd0f8/iDd4tAE=
jEaHzNvFvOnZll+fCFWBkQyewy7QctQXm2e4PG6j4S089FFSWkiV6tFhsyP8LnWgWH4dUosYSUg+KgMoy/HJ0w+EL3S0DQ==
RiNeYhEEhzx46sUeANQvaSkfg7d6/hliED4MWyvL4NAOT3mBjHjJ3trEDWZhzSvPnMItDOgyxR5LVJEEDgZbxKsd0f8/iDd4tAE=
wbI2+Jhz55OcS9Ks7+P9S1qx+kifPJNZyHKlMnTwpCs591BZNwyE/dZyuDP8LnWgWH4dUosYSUg+KgMoy/HJ0w+EL3S0DQ==
+i+FgHuEe6VAPU5nPUHXN1qx+kifPJNZyHanPHTwpCs591BZNwyE/dZyuDP8LnWgWH4dUosYSUg+KgMoy/HJ0w+EL3S0DQ==
14JMholobS/s2h0/Fgd2y5dW/wLJQ/Agt/t9Y47JX////zl11i4dZHk0Y7djFLdDhfvtM6NayyUH88z7wBOdIXO0CA==
CYfPL9NmWQmL4vEy0HlN25AnVndW43+fYmhmUrrMWyCS/R/6k3pFUlrSoZzJwlJmeDlDDaFF7kxfkAu1+Hq/8BR8fGcJGwj1t6DcEeY+YL+c4m2saJKF/0s0UaSOppvkq/0Rn79od1i0IQ==
FsfZu6xi3WOD/zqwWbkQpzfV4vL36NM2V8nVOpp5U2epHx8aHX/Ntemwg0BOVRSlRuRRb28l1JRBTSVcOzqu3ahyWBdPYmB6teI6BHXbVcwx70Kb6x/lwn1J0cPaN3aLe21VtC4=
UvK1pgcdI+7zGEcCb9qwWPaEJ1eNrSoBhh6IHc/VDwesVF1eWt65kPkuSkoYFZvhkQm2gJ9cU/lIlmdcdNDki7mXkHk3LESdVtL4E/xOtUDY3t0zi/gJ6L5KQ8jL0Qlzj2RvVLQt
/0TFi/n0S3YaqskQ4gtFWRd+YCxRRiViWuLBrAkSMvb4qeNdYbXOPF9gK8W4qh9glOycN0kr6MW3kDwhpm6ALxxyzXwo4qUPS0RxVE72O3QrbXFPf1gXaLQR
e33G6Gm940DMQeUPSNSGtSppy9cvmVEZQ08tZlrmybgZBhoS2M3LiTHhBvgfpOOR6H63BDQINKPZv2BBNxS0tTb6KMu8FmWoeLZtywuAuQAeIhMQC4lZW29MH2y0FQ==
2vnB7Ykc+gNtNPX/opYpQwNa5PIeq3ADdE8tZlrmybgZBhoS2M3LiTHhBvgfpOOR6H63BDQINKPZv2BBNxS0tTb6KMu8FmWoeLZtywuAuQAeIhMQC4lZW29MH2y0FQ==
mYSczUAyGlmtAplzb42NS3M1mRjFp93noeDaZE02kZyGhEg/f/eJC6qevwaHPwDEy7LEWmB9AfUsh/dWcHt+oPQd7CSRlgCcge1rYp1uNtgvZjubTUV3RhNqtBc=
JaGfoyZN3vmkF8p7azG6wvlwwgb8JdZY4irifMFq1PMIPn9Y03kB8ZihUpYeo5RTaaQ7EjFkC0FJCdIpfj4XnI/QUFtu/y4sdWZS3nSMpkWAz3k3oYSSxMIWqv3Oy++U8NXa6Sr0i1cdO1FX2OcYO3mVTPsBcOe/CR0yfj4jZKlpko8Ur7M6R8jyIVGpmyhkZR2sIZxptBi/0oNGTYZObZggPijrsUnw+/vsBNWbNUzRL+Kbi1/FQl0JscN691YLGy31tI4=
TRE+yi7Bdg6imBk4vBEPgVqx+kifPJNZyHKlMnTwpCs591BZNwyE/dZyuDP8LnWgWH4dVIkYSUg+KgMoy/HJ0w+EL3S0DQ==
ANHUKNymrZbRGW3LSW0C6u3Gqw31jDM+uon+BXMQWs7wtWUvJQdpky/bDlCkP+wtk6yVAxsnDAn68zVKXpu4hRL0S6drNI+T+3lVY1s6wzVvM2RLSHNFEWu0EA==
