4WGIDudJ4lcOesMXWvwya2LNyvtPWbqywF92CWuKiv1VyjIoMoTxGFyNhJJo/WO99dc4sYqNDuQhg7l8TUeU27/737JRkYVjLo8aW6cFYbQa
tmmT+CRW3NKK1AVFYTNDG/lwwgb8JdZY4irifMFq1PMIPn9Y03kB8ZihUpYeo5RTaaQ7EjFkC0FJCdIpfj4XnI/QUFtu/y4sdWZS3nSMpkWAz3k3oYSSxMIWqv3Oy++U8NXa6Sr0i1cdO1FX2OcYO3mVTPsBcOe/CR0yfj4jZKlpko8Ur7M6R8jyIVGpmyhkZR2sIZxptBi/0oNGTYZObZggPijrsUnw+/vsBNWbNUzRL+Cbi1PDQl0JscN691YLGy31tI4=
Fdn0dcg8cY3qRy5462ECzflwwgb8JdZY4irifMFq1PMIPn9Y03kB8ZihUpYeo5RTaaQ7EjFkC0FJCdIpfj4XnI/QUFtu/y4sdWZS3nSMpkWAz3k3oYSSxMIWqv3Oy++U8NXa6Sr0i1cdO1FX2OcYO3mVTPsBcOe/CR0yfj4jZKlpko8Ur7M6R8jyIVGpmyhkZR2sIZxptBi/0oNGTYZObZggPijrsUnw+/vsBNWbNUzRL+ebi1PDQl0JscN691YLGy31tI4=
cX9gfiiyDMwSkP+9OjxKQd/4242Yog+Y1FQMv6lj2N23iAxpRuYQl1yK3XQIqlWQy9wNmm7+Kwzr1eHHH5AncLQJ
VKML40dqg9c1LShw2uRzPbKSqFRKMY6Qk011z5Tz1mjtQ4zozJJWfX4iy5aXTCcT57o+FG9lxN3gtBNX01RnI3L73R/1mruFt3NcmxBTrQFjtBg=
XRgJfB6QAtuDpyJEzjK32ykfg7d6/hliED4MWyvL4NAOT3mBjHjJ3trEDWZhzSvPnMItDOgyxRlLVJ0CDgZbxKsd0f8/iDd4tAE=
cu73mqJnv0gjD7Maupqm7JwFinpShUtEvq4hDSOE/4nRUkElUpK3nMVBh6C58gJnOILtBiBPQPjTQ6t6c0OPXc7Z4sQ9i71sqX/cG3ODeyLVGRkDkkdea0MdbbQW
gkVcfzM/9I+k6QvPKD+wQCgfg7d6/hliED4MWyvL4NAOT3mBjHjJ3trEDWZhzSvPnMItDOgyxRlLVJ0CDgZbxKsd0f8/iDd4tAE=
5Cqi662Ty2iI8A5XRUCuvisfg7d6/hliED4MWyvL4NAOT3mBjHjJ3trEDWZhzSvPnMItDOgyxRlLVJ0CDgZbxKsd0f8/iDd4tAE=
sMSJk85yqfgjsn+M4jDUPSofg7d6/hliED4MWyvL4NAOT3mBjHjJ3trEDWZhzSvPnMItDOgyxRlLVJ0CDgZbxKsd0f8/iDd4tAE=
w8ToqHQ1F9Op145+wuHGzy0fg7d6/hliED4MWyvL4NAOT3mBjHjJ3trEDWZhzSvPnMItDOgyxRlLVJ0CDgZbxKsd0f8/iDd4tAE=
cqEy7vDnr1ABUM0hfuRAhCwfg7d6/hliED4MWyvL4NAOT3mBjHjJ3trEDWZhzSvPnMItDOgyxRlLVJ0CDgZbxKsd0f8/iDd4tAE=
Y2Zqt/2BVXRb4cekZzejtikFhbdm5hhiED4MWyvL4NAOT3mBjHjJ3trEDWZhzSvPnMItDOgyxRlLVJ0CDgZbxKsd0f8/iDd4tAE=
L2CTjspvDjy47luV/Tl76w+ewy7QctQXm2e4PG6j4S089FFSWkiV6tFhsyP8LnWgWH4dVYsYRU4+KgMoy/HJ0w+EL3S0DQ==
t+1b6PXLVSE6OlAh6ldf5w6ewy7QctQXm2e4PG6j4S089FFSWkiV6tFhsyP8LnWgWH4dVYsYRU4+KgMoy/HJ0w+EL3S0DQ==
FHdiOSenAPFAYV3sYPdZHikfg7V99BhiED4MWyvL4NAOT3mBjHjJ3trEDWZhzSvPnMItDOgyxRlLVJ0CDgZbxKsd0f8/iDd4tAE=
XFPiHkhLnViiv3QmeALEwA2ewy7QctQXm2e4PG6j4S089FFSWkiV6tFhsyP8LnWgWH4dVYsYRU4+KgMoy/HJ0w+EL3S0DQ==
iLpRHSYTmm5Pvv4Ml9Y/xwyewy7QctQXm2e4PG6j4S089FFSWkiV6tFhsyP8LnWgWH4dVYsYRU4+KgMoy/HJ0w+EL3S0DQ==
6Xxm8oaAk/hDNfZs8x81ISgFhbdm5hhiED4MWyvL4NAOT3mBjHjJ3trEDWZhzSvPnMItDOgyxRlLVJ0CDgZbxKsd0f8/iDd4tAE=
bmVHxVDJ/Z9Usw3hu2zztAuewy7QctQXm2e4PG6j4S089FFSWkiV6tFhsyP8LnWgWH4dVYsYRU4+KgMoy/HJ0w+EL3S0DQ==
NnGdLndncC+60gpr+oXC1wqewy7QctQXm2e4PG6j4S089FFSWkiV6tFhsyP8LnWgWH4dVYsYRU4+KgMoy/HJ0w+EL3S0DQ==
J5GA3OX3D9CI4W52XqlM8ysFhbdm5hhiED4MWyvL4NAOT3mBjHjJ3trEDWZhzSvPnMItDOgyxRlLVJ0CDgZbxKsd0f8/iDd4tAE=
5XwFhyc20u4V/rOdRgULoSoFhbdm5hhiED4MWyvL4NAOT3mBjHjJ3trEDWZhzSvPnMItDOgyxRlLVJ0CDgZbxKsd0f8/iDd4tAE=
rildL+MMxUlhFwdkhDM+DSgfg7V99BhiED4MWyvL4NAOT3mBjHjJ3trEDWZhzSvPnMItDOgyxRlLVJ0CDgZbxKsd0f8/iDd4tAE=
Mm6DC4f1lBfiO99XAvn8ilqx+kifPJNZyHKlMnTwpCs591BZNwyE/dZyuDP8LnWgWH4dVYsYRU4+KgMoy/HJ0w+EL3S0DQ==
8fK9+gxrxuS4yp8RmYG/7lqx+kifPJNZyHanPHTwpCs591BZNwyE/dZyuDP8LnWgWH4dVYsYRU4+KgMoy/HJ0w+EL3S0DQ==
A0e+As/B4LHawlKoqWX3hZdW/wLJQ/Agt/t9Y47JX////zl11i4dZHk0Y7djFLdDgvvtP6VayyUH88z7wBOdIXO0CA==
Y4U5LzOWsLKUWzoxcCJIgZAnVndW43+fYmhmUrrMWyCS/R/6k3pFUlrSoZzJwlJmeDlDDaFF7kxfkAu1+Hq/8BR8fGcJGwj1t6DcEeY+YL+c4m2saJKF9ks0XaKOppvkq/0Rn79od1i0IQ==
dm3+zOK/u67d1Z3PyfCQSzfV4vL36NM2V8nVOpp5U2epHx8aHX/Ntemwg0BOVRSlRuRRb28l1JRBTSVcOzqu3ahyWBdPYmB6teI6BHXbVcwx70ub6xPjwn1J0cPaN3aLe21VtC4=
Q5m2XuHdoz1uuPmwvWdu7/aEJ1eNrSoBhh6IHc/VDwesVF1eWt65kPkuSkoYFZvhkQm2gJ9cU/lIlmdcdNDki7mXkHk3LESdVtL4E/xOtUDY3t06i/gF7r5KQ8jL0Qlzj2RvVLQt
dJY+/iJYJDkQt7/s1Ir1aRd+YCxRRiViWuLBrAkSMvb4qeNdYbXOPF9gK8W4qh9glOycN0kr6MW3kDwhpm6ALxxyzXwo4qUGS0R9Uk72O3QrbXFPf1gXaLQR
r5pqsui2XtdtV09wrLU8Ryppy9cvmVEZQ08tZlrmybgZBhoS2M3LiTHhBvgfpOOR6H63BDQINKPZv2BBNxS0tTb6KMu8FmWoeLZtwguAtQYeIhMQC4lZW29MH2y0FQ==
+9ulu6E28RThZsPxb6VFZgNa5PIeq3ADdE8tZlrmybgZBhoS2M3LiTHhBvgfpOOR6H63BDQINKPZv2BBNxS0tTb6KMu8FmWoeLZtwguAtQYeIhMQC4lZW29MH2y0FQ==
TVy3P3a9oICGcJZxrjdkTXM1mRjFp93noeDaZE02kZyGhEg/f/eJC6qevwaHPwDEy7LEWmB9AfUsh/dWcHt+oPQd7CSRlgCcgeRrYpFoNtgvZjubTUV3RhNqtBc=
G1nky/UtbMkqClP7TNjP/vlwwgb8JdZY4irifMFq1PMIPn9Y03kB8ZihUpYeo5RTaaQ7EjFkC0FJCdIpfj4XnI/QUFtu/y4sdWZS3nSMpkWAz3k3oYSSxMIWqv3Oy++U8NXa6Sr0i1cdO1FX2OcYO3mVTPsBcOe/CR0yfj4jZKlpko8Ur7M6R8jyIVGpmyhkZR2sIZxptBi/0oNGTYZObZggPijrsUnw+/vsBNWbNUzRL+ubi1PDQl0JscN691YLGy31tI4=
qfe4NV9UqwWt4cT8Xz1vSP6QN3mhlaO33a9HKWLnOe3dTUcjTp4XPdWOUoRuLPW8M0WG4SAwhiHMLnyMZL9tIABMaC3EhcYkJ9qqGYhZSD2TlHSMYiu3kL2h6KnyFfbMWy8dmFS1CNYrNwFlv5p3GT8OwIhpQJn8FDPYSz3V+7+KE0TG8p2QoPsERyH4KqVPjqzu7CZZHkrw7l15+GdIOhen24qJPzHBPTk/FfYm7U47NtuECjLKs0qoTvMJda6Ylwtlz34gQAwOu1yDBSBGEli71m0jx7hDHZbqQmoddE055hpBoy7Jbl0QJaWb+r7p/2zCs3cLil5dRuUPaYxDqv6z5/a1LOX5KzRSp9TswreO/q30ikFwvyBFZZchROjVO31Jy9bo8/Adzr/xnaPXbMvbS3BCFOsUy70GB+nv9WxcCNSu8bmDxbSemaDBs6gQo1txjbsnbIIkLB5ULCVRfY5ZyMrT6hTWnTMsvCHOYISxNui6oHBWgJ/++4N9HRfeo7K0zw==
5gfBj2UfCSLQdE174oFDr/xQJ39A35wSyPuhkNYIbDjkB8ynOL6X5mSvNcSYPrh+Ke+0GHmRpWMcvRjp1Y5ysRT1+NCCMm6C3IpTVbfyQib47JIJAYR/lKIrFz8cYCJshIKzMUq9O/IMpAH5+vmecVuz1gU7kNs/KeWbdi7wYAPk76CAFkTF9IScl8kpXzqWS8Eg1Pne3xCQwo0yE5WyJrb8hb0Cu+nvRl1Wr7SHrninacHBw0sXnJt2FOj1Jph3BPrH3U6lDLj5jPv8VoRYKwFiPUKuph5VzqREH6viSXQMgLLTAzpihRflOQ9dXd7Vu/qmRdkSYKHidrm/202k1z3XNXQ2Z3UztWlOmZnKPDoNJlhUKx1HPAgs+GI4Ldx/FdzqEVipKDARH+cPw4fKk6LTY7GuW2NUPdcz6WDu7BceIbOWzZTtt+DPssbzwftvEgy/Oc6Bfk2u8AWmkZbfsrQlAuQ8aGl1U7gBT/7UR+8PpEuLA7jp9hkq5/3j06hDLAPBqbe0zA==
7n8xU2YfNHk/73CBCtjWZo8Ljcr8dOQXGQMwkMl/SegoMOiFz5Hh6QoLFk6AjmQRLxnkIXTZjrujDarMr7klqXiPJnDSzp35EWuzX1venGz82z12JFNzF7rJtkivbkrlUH1YMfvAtFCarwc89dXIlerxJgDzu50E7HH4OiMDYRnnPueV19qA1BFEqdDcx3j3pbGr86IHRNrK2eDMc7Cn3SAOtUPm+C4w3t2u5riafUXgg5j2vzNbFjH7wS01DV9proJ9wtPim9hyNvqfglzuT5ER/tS/H2XTRmQwYIYPvH/dBFYeMO8WsdtDCO9V4sp+cvmkgZFymt0b6jmCVSRF2cNeLmUXuILvDw+6cpWyRbPx6BPm1qfn6o1olZWjgLJbDMjSu+aqbShyxcATaDFFqzmgOBmT6clXbiwDHBX6343FB0fgIw8LLDoQ2zgDSaa7cYulIHQc1LLJ/fOpPCp5XBmXuBzLD7FRQ6PcLmxYPmg0wYGxJs1IVmsu5DqVB0zAeWrwCFniqObYdGasVwpbP+V5R5KLprTT
Quj5k5Hb5cq4Y6vKF/wOEqo9pxtdaAfaLl8ggELgLL+B0m49hr02CzI6xboYxnPd+kNeNWmpUVG0S88Q5o8j2hUX3+8BXkuUdry2XgTPLQosV3Mbor2GVEdKKoloqYgNs4R0nEIbd2BdMWg5kmW2/Hs/HYh0hUimS6eB9V9qtykfHsCYSXBZDPSjWNtdpbuPqgNE1tKt0NCblMexGNplf6687vwGad66EH7d6ZgXCAo3t9uaqQ9xsV2pv4UW1i1+GybblCoCCkOqOM5jaQXuqLcbZd9eEAB8bivcE+XQhiJ4q9Z9A/d4s/0GatIKbTR9GfYaUYMeiR49gKU1ewp+2d98wqNXO0quvdZlnwn8A5reo+fmlRyliUuk0jc0HAKHru6t5KpxsE/A1eUHQTSo5RttSdv22LOAfV4/YX1TF1zry0tgYiQr5CsthpeJn7VcfBjUvtGJw7XUDhkwIUNoIINLcZ2bF6xyxLyexExVEU2uScja89pUpv2jrCzBPqC0kSboqoBAlnB/bnsTHW1X7oOitN8=
Quj5k5Hb5cq4Y6vKF/wOEqo9pxtdaAfaLl8ggELgLL+B0m49hr02CzI6xboYxnPd+kNeNWmpUVG0S88Q5o8j2hUX3+8BXkuUdry2XgTPLQosV3Mbor2GVEdKKoloqYgNs4R0nEIbd2BdMWg5kmW2/Hs/HYh0hUimS6eB9V9qtykfHsCYSXBZDPSjWNtdpbuPqgNE1tKt0NCblMexGNplf6687vwGad66EH7d6ZgXCAo3t9uaqQ9xsV2pv4UW1i1+GybblCoCCkOqOM5jaQXuqLcbZd9eEAB8bivcE+XQhiJ4q9Z9A/d4s/0GatIKbTR9GfYaUYMeiR49gKU1ewp+2d98wqNXO0quvdZlnwn8A5reo+fmlRyliUuk0jc0HAKHru6t5KpxsE/A1eUHQTSo5RttSdv22LOAfV4/YX1TF1zry0tgYiQr5CsthpeJn7VcfBjUvtGJw7XUDhkwIUNoIINLcZ2bF6xyxLyexExVEU2uScja89pUpv2jrCzBPqC0kSboqoBAlnB/bnsTHW1X7oOitN8=
7n8xU2YfNHk/73CBCtjWZo8Ljcr8dOQXGQMwkMl/SegoMOiFz5Hh6QoLFk6AjmQRLxnkIXTZjrujDarMr7klqXiPJnDSzp35EWuzX1venGz82z12JFNzF7rJtkivbkrlUH1YMfvAtFCarwc89dXIlerxJgDzu50E7HH4OiMDYRnnPueV19qA1BFEqdDcx3j3pbGr86IHRNrK2eDMc7Cn3SAOtUPm+C4w3t2u5riafUXgg5j2vzNbFjH7wS01DV9proJ9wtPim9hyNvqfglzuT5ER/tS/H2XTRmQwYIYPvH/dBFYeMO8WsdtDCO9V4sp+cvmkgZFymt0b6jmCVSRF2cNeLmUXuILvDw+6cpWyRbPx6BPm1qfn6o1olZWjgLJbDMjSu+aqbShyxcATaDFFqzmgOBmT6clXbiwDHBX6343FB0fgIw8LLDoQ2zgDSaa7cYulIHQc1LLJ/fOpPCp5XBmXuBzLD7FRQ6PcLmxYPmg0wYGxJs1IVmsu5DqVB0zAeWrwCFniqObYdGasVwpbP+V5R5KLprTT
HLwBavD9K0SmUgKF3WpvQlqx+kifPJNZyHKlMnTwpCs591BZNwyE/dZyuDP8LnWgWH4dUIoYRU8+KgMoy/HJ0w+EL3S0DQ==
4TUQvOmm6XpSvFGu7U4Lf+3Gqw31jDM+uon+BXMQWs7wtWUvJQdpky/bDlCkP+wtk6yVAxsnDAn68zVKXpu4hRL0S6drNI+T/3pVb1w6wzVvM2RLSHNFEWu0EA==
