XIH5mEkNxFL+AoWnOOkGU2LNyvtPWbqywF92CWuKiv1VyjIoMoTxGFyNhJJo/WO99dc4sYqNDuQhg7l8TUeU2b/63rJRkYVjLo8aW6cFYbQa
FLQ3XfrPvszWBIAfR2BZrPlwwgb8JdZY4irifMFq1PMIPn9Y03kB8ZihUpYeo5RTaaQ7EjFkC0FJCdIpfj4XnI/QUFtu/y4sdWZS3nSMpkWAz3k3oYSSxMIWqv3Oy++U8NXa6Sr0i1cdO1FX2OcYO3mVTPsBcOe/CR0yfj4jZKlpko8Ur7M6R8jyIVGpmyhkZR2sIZxptBi/0oNGTYZObZggPijrsUnw+/vsBNWbNUzRL+CZi1LCQl0JscN691YLGy31tI4=
HWBb1fcHTNDjRPqfdsXZnPlwwgb8JdZY4irifMFq1PMIPn9Y03kB8ZihUpYeo5RTaaQ7EjFkC0FJCdIpfj4XnI/QUFtu/y4sdWZS3nSMpkWAz3k3oYSSxMIWqv3Oy++U8NXa6Sr0i1cdO1FX2OcYO3mVTPsBcOe/CR0yfj4jZKlpko8Ur7M6R8jyIVGpmyhkZR2sIZxptBi/0oNGTYZObZggPijrsUnw+/vsBNWbNUzRL+eZi1LCQl0JscN691YLGy31tI4=
l3YtOLpRHJKc0zhRoT6hwt/4242Yog+Y1FQMv6lj2N23iAxpRuYQl1yK3XQIqlWRydwMm27+Kwzr1eHHH5AncLQJ
vOvdQX36rXmPn2i0HT2yhuvsyTEdjLewRn4w4ZKoW+U6HHPbFpm+vSdHyqSwSigEMYaaGXqKWd83yazsQf6gdBFj6eoAgZaw/657U50tV64DYrQf
tvzRrXnmpgtegeWt28Wr+Skfg7d6/hliED4MWyvL4NAOT3mBjHjJ3trEDWZhzSvPnMItDOgyxRlJVJwDDgZbxKsd0f8/iDd4tAE=
u8lFIBcBNsP/TNoBOe9zyJwFinpShUtEvq4hDSOE/4nRUkElUpK3nMVBh6C58gJnOILtBiBPQPjTQ6t6c0OPXc7Z4sQ9i71sqX/cGXOCeiLVGRkDkkdea0MdbbQW
tAy4eT1zkwvL1Jhbkztisygfg7d6/hliED4MWyvL4NAOT3mBjHjJ3trEDWZhzSvPnMItDOgyxRlJVJwDDgZbxKsd0f8/iDd4tAE=
1hXcHmHJHLhU13DvL+MwVysfg7d6/hliED4MWyvL4NAOT3mBjHjJ3trEDWZhzSvPnMItDOgyxRlJVJwDDgZbxKsd0f8/iDd4tAE=
Vcsph1vJdNSlx2PbPZxIzA+ewy7QctQXm2e4PG6j4S089FFSWkiV6tFhsyP8LnWgWH4dVYkYRE8+KgMoy/HJ0w+EL3S0DQ==
aK03wM6KCxlbYpb/nKSXFg6ewy7QctQXm2e4PG6j4S089FFSWkiV6tFhsyP8LnWgWH4dVYkYRE8+KgMoy/HJ0w+EL3S0DQ==
YBcQe0OKlWZ+1/Z6PGFgVw2ewy7QctQXm2e4PG6j4S089FFSWkiV6tFhsyP8LnWgWH4dVYkYRE8+KgMoy/HJ0w+EL3S0DQ==
zvavLQiVvhahaUfRZ3lXsFqx+kifPJNZyHKlMnTwpCs591BZNwyE/dZyuDP8LnWgWH4dVYkYRE8+KgMoy/HJ0w+EL3S0DQ==
cOOvjAkzv4REUZRqpM+KLFqx+kifPJNZyHanPHTwpCs591BZNwyE/dZyuDP8LnWgWH4dVYkYRE8+KgMoy/HJ0w+EL3S0DQ==
QFud0L1lSQCLMm43smngapdW/wLJQ/Agt/t9Y47JX////zl11i4dZHk0Y7djFLdDgvntPqRayyUH88z7wBOdIXO0CA==
UGzLn+hPJZ3jrL0Q+P7WAZAnVndW43+fYmhmUrrMWyCS/R/6k3pFUlrSoZzJwlJmeDlDDaFF7kxfkAu1+Hq/8BR8fGcJGwj1t6DcEeY+YL+c4m2saJKF9kk0XKOOppvkq/0Rn79od1i0IQ==
XuYTejDwhJTbjh51gbm1FjfV4vL36NM2V8nVOpp5U2epHx8aHX/Ntemwg0BOVRSlRuRRb28l1JRBTSVcOzqu3ahyWBdPYmB6teI6BHXbVcwx70uZ6xLiwn1J0cPaN3aLe21VtC4=
Ef06qnIuu40aJxkD4/RF2/aEJ1eNrSoBhh6IHc/VDwesVF1eWt65kPkuSkoYFZvhkQm2gJ9cU/lIlmdcdNDki7mXkHk3LESdVtL4E/xOtUDY3t06ifgE775KQ8jL0Qlzj2RvVLQt
SdmB2czohUoVSU9HYfIEXhd+YCxRRiViWuLBrAkSMvb4qeNdYbXOPF9gK8W4qh9glOycN0kr6MW3kDwhpm6ALxxyzXwo4qUGSUR8U072O3QrbXFPf1gXaLQR
qdWKjek0Mr9SrHkKTRdpYCppy9cvmVEZQ08tZlrmybgZBhoS2M3LiTHhBvgfpOOR6H63BDQINKPZv2BBNxS0tTb6KMu8FmWoeLZtwgmAtAceIhMQC4lZW29MH2y0FQ==
RrxqYjgfNVk4Cavm1x7YdwNa5PIeq3ADdE8tZlrmybgZBhoS2M3LiTHhBvgfpOOR6H63BDQINKPZv2BBNxS0tTb6KMu8FmWoeLZtwgmAtAceIhMQC4lZW29MH2y0FQ==
9C3Yk0UibitfL0S2r1Bvk3M1mRjFp93noeDaZE02kZyGhEg/f/eJC6qevwaHPwDEy7LEWmB9AfUsh/dWcHt+oPQd7CSRlgCcgeRpYpBpNtgvZjubTUV3RhNqtBc=
M4VKcdnU2GI1KmeQT73yp/lwwgb8JdZY4irifMFq1PMIPn9Y03kB8ZihUpYeo5RTaaQ7EjFkC0FJCdIpfj4XnI/QUFtu/y4sdWZS3nSMpkWAz3k3oYSSxMIWqv3Oy++U8NXa6Sr0i1cdO1FX2OcYO3mVTPsBcOe/CR0yfj4jZKlpko8Ur7M6R8jyIVGpmyhkZR2sIZxptBi/0oNGTYZObZggPijrsUnw+/vsBNWbNUzRL+uZi1LCQl0JscN691YLGy31tI4=
RQ6vYFRtrji6otKH6Ehn+1qx+kifPJNZyHKlMnTwpCs591BZNwyE/dZyuDP8LnWgWH4dU44YR08+KgMoy/HJ0w+EL3S0DQ==
LskyB2ZIZkzagPkyYiG0WdwQhTciQTjkAUMZ/O2Htt7fOb4yMVHlY05PetvHxQG0eg==
ZhOgTXTQtjg7yKiqkmyZRzT2+FW7pmre2fVRTaACL1wk9Ctny7Qv0xx+da08uqP1TzOEC6jz5dELtHA=
8zY7rWr3EQYvIU9FNbKOnYYgOMJxdxrhIlhu8h+NTGC5inBoGUGuRpsV5kyXqlufJZnH8ssGtHM=
eNZjE3t4ucRsWxAQAE/MBnM1mRjFp93noeDaZE02kZyGhEg/f/eJC6qevwaHPwDAybzEWmB9AfUsh/dWcHt+oPQd7CSRlgCcge1uYpNpNtgvZjubTUV3RhNqtBc=
XCUd8BpAN8eYjpmiQiDMTANa5PIeq3ADdE8tZlrmybgZBhoS2M3LiTHhBvgfpOOR6Hq1CjQINKPZv2BBNxS0tTb6KMu8FmWoeLZtyw6AtwceIhMQC4lZW29MH2y0FQ==
7zbn7TOuDRrcLJHOQEdTUCppy9cvmVEZQ08tZlrmybgZBhoS2M3LiTHhBvgfpOOR6Hq1CjQINKPZv2BBNxS0tTb6KMu8FmWoeLZtyw6AtwceIhMQC4lZW29MH2y0FQ==
4Zk3uLqZgGxCocuHCbyl5Bd+YCxRRiViWuLBrAkSMvb4qeNdYbXOPF9gK8W4rh1ulOycN0kr6MW3kDwhpm6ALxxyzXwo4qUPTkR/U072O3QrbXFPf1gXaLQR
fwpOIeskEEfCFpwH4kVdhfaEJ1eNrSoBhh6IHc/VDwesVF1eWt65kPkuSkoYFZvhkQm2gJ9cU/lIkmVSdNDki7mXkHk3LESdVtL4E/xOtUDY3t0zjvgH775KQ8jL0Qlzj2RvVLQt
j4S+ZbpLm2eZrlYGHnTibzfV4vL36NM2V8nVOpp5U2epHx8aHX/Ntemwg0BOVRSlRuRRb28l1JRFTytcOzqu3ahyWBdPYmB6teI6BHXbVcwx70Ke6xHiwn1J0cPaN3aLe21VtC4=
9f5vkHCsIkArSHqDUm3wQ5AnVndW43+fYmhmUrrMWyCS/R/6k3pFUlrSoZzJwlJmeDlDDaFF7kxfkAu1+H69/hR8fGcJGwj1t6DcEeY+YL+c4m2saJKF/040X6OOppvkq/0Rn79od1i0IQ==
6GrgCnN0HKyNOjmz7g2ok+3Gqw31jDM+uon+BXMQWs7wtWUvJQdpky/bDlCkP+wtk6yVAxsnDAn68zVKXpu4hRL0S6drNI+T/H5VbVw6wzVvM2RLSHNFEWu0EA==
