X7Q61+MvlL7C2Oqa0oWWJgSCt5QBY2eUjCoXscJHPgJsVW3J2sTxVRiz3o+JPxqd8gbTfL4Of1KjkBKie6gopMfBzkulgIsxtQEnujtyswk=
zsJQoutUwOisleZt/sv8tYV90rCuxreYjtmx2bl0UraF3TI9F4/QcoWCJeNJL+7lJ+msT9c81NKOQLihuZEAZELEzYJut6Lz+rVW7ltj3PMxMZgjDzRJdKcLbFyYbOpNvCNh5FUssLSyNLe7CU/lHXITQaScHOKVC+NYmGi/u+DedObidWirvDJciONZarVICLRsSjliZ03jJheflVxohB0G05xQNA6pe6xp5qsMYsYj5OhwLz1eTx2s60X9XRceI/6znQ==
yN+pb28lA2rGCdczWT0OwYV90rCuxreYjtmx2bl0UraF3TI9F4/QcoWCJeNJL+7lJ+msT9c81NKOQLihuZEAZELEzYJut6Lz+rVW7ltj3PMxMZgjDzRJdKcLbFyYbOpNvCNh5FUssLSyNLe7CU/lHXITQaScHOKVC+NYmGi/u+DedObidWirvDJciONZarVICLRsSjliZ03jJheflVxohB0G05xQNA6pe6xp5qsMYsYj5O9wLz1eTx2s60X9XRceI/6znQ==
KWpeCjnCzCwI9v9iI0o9bRHwceNAc3KpuDEXxJ2rN7XGfkhz0iuOF6vpSz6fdbfcxRWCeu4zB/PY78oblyV9sxg=
J2M4kwum/QEGHWuzaTsp5tizdA0R6nVPQTt8XCprBw1w0UBIVYFZAUgw+qs52cLcg3C7ejBYKidCgPf7LRtPV/tu4XO6335uTp2N6xd3XBgTE3RtV37hs4MM4ilXvbj8s3+WgJyxt/ZPH8gXHEQHG/b2zhhTvE+6OsQfigxaW/vWPTGym/85Sy/8v7Cz1w==
87VceUL0oQprYWEmCIGdtM7RUkHLkaU+ij8oliEVVX1vSIfeqgD3Pkxusz/GWflGO4sxr//41wSzYw==
vHX7SvhervVB9WqifQRkm49d8kREad3BNHTEIZs7jcWdZlk5QbwzmQTieJ+hQ54jnMPxyQuzbg==
KWpeCjnCzCwI9v9iI0o9bRHwceNAc3KpuDEXxJ2rN7XGfkhz0iuOF6vpSz6fdbfcxRWCeu4zB/PY78oblyV9sxg=
KWpeCjnCzCwI9v9iI0o9bRHwceNAc3KpuDEXxJ2rN7XGfkhz0iuOF6vpSz6fdbfcxRWCeu4zB/PY78oblyV9sxg=
KWpeCjnCzCwI9v9iI0o9bRHwceNAc3KpuDEXxJ2rN7XGfkhz0iuOF6vpSz6fdbfcxRWCeu4zB/PY78oblyV9sxg=
KWpeCjnCzCwI9v9iI0o9bRHwceNAc3KpuDEXxJ2rN7XGfkhz0iuOF6vpSz6fdbfcxRWCeu4zB/PY78oblyV9sxg=
pYDonsWu29ZtVlwnCcQozfrAoBn2jzM/4JazGXkAHcm/smU4IR0iiWTBSwTja+I3iLmCFVUsDx/t9RxKWpuQjzSHUa1pNo2B7XxfYVAyzDd9I2JLSHNFEWezAg==
aqy315PQoIgK1y9xfdK5rvctNglVOD0TPIsWSdypi1QRI7M1QvbE406zandPkbdOUz1znAFdTkrSCyPT/PfWC5stebMc
wBmtHliOQvQmFj7EtqVwRPctNglVOD0TPI8UR9ypi1QRI7M1QvbE406zandPkbdOUz1znAFdTkrSCyPT/PfWC5stebMc
OvJRlLuRy8/BAPrq3MX5pE47P8skqSmS7OYRH9DlbjEOld5OULYQJEZ+T2arjGJGI2Ts8C+9Xs8dLOvF/d0XniN+sx0=
p6I5JFFXIHjinzAFc03XyaMCD28adnpdb5oJScb6zlIUILI+L7LV9EmgYWdPkbdOUz1znAFdTkrSCyPT/PfWC5stebMc
DdfJtcE/pyTbT1dyhVbU1aECD28adnpdb5oJScb6zlIUILI+L7LV9EmgYWdPkbdOUz1znAFdTkrSCyPT/PfWC5stebMc
r0kN3cuSbJ7OV8Ai90VVDU46P8skqSmS7OYRH9DlbjEOld5OULYQJEZ+T2arjGJGI2Ts8C+9Xs8dLOvF/d0XniN+sx0=
6izapU0fxWF5qeDaOYnT8047P8skqSmS7OYRH9DlbjEOld5OULYQJEZ+T2arjGJGI2Tj8C+9Xs8dLOvF/d0XniN+sx0=
S+Kx43lzQFL3fXzAEhtUO6MCD28adnpdb5oJScb6zlIUILI+L7LV9EmgYWdPkbdOUz1zkwFdTkrSCyPT/PfWC5stebMc
Up0Z/CDNOOag/Feo4Um5PKECD28adnpdb5oJScb6zlIUILI+L7LV9EmgYWdPkbdOUz1zkwFdTkrSCyPT/PfWC5stebMc
vLKzc6jueHWPrRdN1cHjk046P8skqSmS7OYRH9DlbjEOld5OULYQJEZ+T2arjGJGI2Tj8C+9Xs8dLOvF/d0XniN+sx0=
6izapU0fxWF5qeDaOYnT8047P8skqSmS7OYRH9DlbjEOld5OULYQJEZ+T2arjGJGI2Tj8C+9Xs8dLOvF/d0XniN+sx0=
S+Kx43lzQFL3fXzAEhtUO6MCD28adnpdb5oJScb6zlIUILI+L7LV9EmgYWdPkbdOUz1zkwFdTkrSCyPT/PfWC5stebMc
Up0Z/CDNOOag/Feo4Um5PKECD28adnpdb5oJScb6zlIUILI+L7LV9EmgYWdPkbdOUz1zkwFdTkrSCyPT/PfWC5stebMc
vLKzc6jueHWPrRdN1cHjk046P8skqSmS7OYRH9DlbjEOld5OULYQJEZ+T2arjGJGI2Tj8C+9Xs8dLOvF/d0XniN+sx0=
uxyY9lG9GXR3I5llpWASo/ctNglVOD0TPI8UR9ypi1QRI7M1QvbE406zandPkbdOUz1zkwFdTkrSCyPT/PfWC5stebMc
P4582OvR2/kiSkpI7O7h4/ctNglVOD0TPIsWSdypi1QRI7M1QvbE406zandPkbdOUz1zkwFdTkrSCyPT/PfWC5stebMc
uxyY9lG9GXR3I5llpWASo/ctNglVOD0TPI8UR9ypi1QRI7M1QvbE406zandPkbdOUz1zkwFdTkrSCyPT/PfWC5stebMc
6izapU0fxWF5qeDaOYnT8047P8skqSmS7OYRH9DlbjEOld5OULYQJEZ+T2arjGJGI2Tj8C+9Xs8dLOvF/d0XniN+sx0=
S+Kx43lzQFL3fXzAEhtUO6MCD28adnpdb5oJScb6zlIUILI+L7LV9EmgYWdPkbdOUz1zkwFdTkrSCyPT/PfWC5stebMc
Up0Z/CDNOOag/Feo4Um5PKECD28adnpdb5oJScb6zlIUILI+L7LV9EmgYWdPkbdOUz1zkwFdTkrSCyPT/PfWC5stebMc
vLKzc6jueHWPrRdN1cHjk046P8skqSmS7OYRH9DlbjEOld5OULYQJEZ+T2arjGJGI2Tj8C+9Xs8dLOvF/d0XniN+sx0=
P4582OvR2/kiSkpI7O7h4/ctNglVOD0TPIsWSdypi1QRI7M1QvbE406zandPkbdOUz1zkwFdTkrSCyPT/PfWC5stebMc
uxyY9lG9GXR3I5llpWASo/ctNglVOD0TPI8UR9ypi1QRI7M1QvbE406zandPkbdOUz1zkwFdTkrSCyPT/PfWC5stebMc
4g54UiVg7RemCEe+9esVcHWAsKSysZNiK4DVNoJiQmycdAQKD1COqt7xj1UaAA7uXPNaJyEHzo5UeWQZC0rri7lzQz8Dc3QzrO8AaG/RV84z/VOT4R3uynJLw9PcN3aLe21Zszw=
4nP/X57uwj7N87krDgq91d7mHVsP/TH2VppOO6iJMNm6w8pOEk1uk7ewndNaVSKpzS138NWd+mmPS0NSYAC33F2k3yIRV9eBiR9Ahuss4ibjROPQ793eb13M66U9fZd+Y16zPQ==
AtAdDG2CAHTKXn1wIJCq0Ep6IHCJwnqDnwjZr54OohiqVyuuqNvv6t7IsqqvV0M8YWEAidrBGbVl6g831qRcSg14V1UFs9cvjf/NLxqLQnOuGOFN2Xa9Yf1zT0GgcryXjaPy65izFXFXszI=
6izapU0fxWF5qeDaOYnT8047P8skqSmS7OYRH9DlbjEOld5OULYQJEZ+T2arjGJGI2Tj8C+9Xs8dLOvF/d0XniN+sx0=
S+Kx43lzQFL3fXzAEhtUO6MCD28adnpdb5oJScb6zlIUILI+L7LV9EmgYWdPkbdOUz1zkwFdTkrSCyPT/PfWC5stebMc
Up0Z/CDNOOag/Feo4Um5PKECD28adnpdb5oJScb6zlIUILI+L7LV9EmgYWdPkbdOUz1zkwFdTkrSCyPT/PfWC5stebMc
vLKzc6jueHWPrRdN1cHjk046P8skqSmS7OYRH9DlbjEOld5OULYQJEZ+T2arjGJGI2Tj8C+9Xs8dLOvF/d0XniN+sx0=
P4582OvR2/kiSkpI7O7h4/ctNglVOD0TPIsWSdypi1QRI7M1QvbE406zandPkbdOUz1zkwFdTkrSCyPT/PfWC5stebMc
uxyY9lG9GXR3I5llpWASo/ctNglVOD0TPI8UR9ypi1QRI7M1QvbE406zandPkbdOUz1zkwFdTkrSCyPT/PfWC5stebMc
P4582OvR2/kiSkpI7O7h4/ctNglVOD0TPIsWSdypi1QRI7M1QvbE406zandPkbdOUz1zkwFdTkrSCyPT/PfWC5stebMc
3PHrrPYN8kCpTbqrbLQj79G70I+EsA6KxURPr7Y22NeUzQh2D/EfrTqQ13YKqEeGw9YDl2bxKR770+HHH5AnfLMb
K5553j39ZKOdP6GLJ0U30SYziATcsfy14eDQY1E31oqTlEAPOuvCCKCgv1OUcUmK3L7RR2B9Duk+jd5WYG5wvPYmjz6blAKek/xiaJ9lPtctdCudTUV3RhNmswU=
/BcF3SJyVoYXgU3yYg6xONeZf31gS2c+jXImUyzFiBS9r2hTfUSwBlZekalfOHew/5fcXB1rejRXIQYKfuTlXu0sbP30OTvd3pSgoer1rqFupd5+MCbDO2KUzxaLnCLWw1TiwM8tHt89XGs13c3XDkNOsy0=
k56pUxuljbcnXCSxOsZvWpGTh++VDSi/sMAj8jWL5MeZTjpAn2hSFgF908jXnZ2iZyxLNejNFmG5gGnDCOPK6aABXyQl+9+1rq7wExobltcTeYMeh4UfUi0lmpqmo/+zwB+Cu291VbMw
Hmva9q7z+n7TOiJ3vycCd5yzTw1KpHa8NZdfPKyFLM6+mdZMJwQ87vO+ipIeRCnpyy1xpKqO52G9GRFlQwDo1E201QNUR4eDlRVfhuss4ibjROLQ793eb13M66U9fZd+Y16zPQ==
lzADDS2Xb8a3NbkdfpN8VDHe5PvT8cM9bd3TNrhiRmGEUl4WDWXH+KO1gUJbRB/lHPVaIXV43ZNcSzZJPGnr1LFjUzUiNmRjrvMKd2/RV84z/VOS4R3uynJLw9PcN3aLe21Zszw=
sTg4yKm3uVrxqGpadVNHWCy9lQathGIWMZ3jiGd9LSL3zJt1uC0GYamguYNYQ1pp0KGvZFXbL7XejgDTartmV4PZU97XpQ9SPUVKWvbDbzNwfzJ7XxVlswA=
lavl1e0j8P1QJO0a2PBqq8kSiGRQhmA3s5FmFjWV/5iLRUkCE5S3hYRlwqHt6EUzNJv+CXRZA/TJU6s1WgacQ8bDwrcngb9uq23LEnmNdiraGwsTlEdea0MdYbME
qiIZ3B5pVGN88rMBi2DNluAhp0FhtEEthJFmFjWV/5iLRUkCE5S3hYRlwqHt6EUzNJv+CXRZA/TJU6s1WgacQ8bDwrcngb9uq23LEnmNdiraGwsTlEdea0MdYbME
uAuGsb6FF+vUfbyduWsQzYV90rCuxreYjtmx2bl0UraF3TI9F4/QcoWCJeNJL+7lJ+msT9c81NKOQLihuZEAZELEzYJut6Lz+rVW7ltj3PMxMZgjDzRJdKcLbFyYbOpNvCNh5FUssLSyNLe7CU/lHXITQaScHOKVC+NYmGi/u+DedObidWirvDJciONZarVICLRsSjliZ03jJheflVxohB0G05xQNA6pe6xp5qsMYsYj5OJwLz1eTx2s60X9XRceI/6znQ==
zkRXWxENx71OG5mBp+DoiPctNglVOD0TPI8UR9ypi1QRI7M1QvbE406zandPkbdOUz1zkwVdTkrSCyPT/PfWC5stebMc
g0sHje5zpwS5UtQtNaSqh3WAsKSysZNiK4DVNoJiQmycdAQKD1COqt7xj1UaAA7uXPNaJyEHzo5UeWQZC0rri7lzQz8Dc3QzrO8AaG/RV84z/VOT5R3uynJLw9PcN3aLe21Zszw=
i8HseB+T7oMf/oPv+JVb0d7mHVsP/TH2VppOO6iJMNm6w8pOEk1uk7ewndNaVSKpzS138NWd+mmPS0NSYAC33F2k3yIRV9eBiR9Ahuss4ibjROPU793eb13M66U9fZd+Y16zPQ==
1yBEJRu1Kz0uT0VTTlfrfEp6IHCJwnqDnwjZr54OohiqVyuuqNvv6t7IsqqvV0M8YWEAidrBGbVl6g831qRcSg14V1UFs9cvjf/NLxqLQnOuGOFN2Xa9Yf1zS0GgcryXjaPy65izFXFXszI=
sT4LF3kFCjOpd+5isjmOXfctNglVOD0TPI8UR9ypi1QRI7M1QvbE406zandPkbdOUz1zkgVdTkrSCyPT/PfWC5stebMc
x9EXvjdxazwYKY/pXw3sVHWAsKSysZNiK4DVNoJiQmycdAQKD1COqt7xj1UaAA7uXPNaJyEHzo5UeWQZC0rri7lzQz8Dc3QzrO8AaG/RV84z/VOS5R3uynJLw9PcN3aLe21Zszw=
S192Z7zalyiMQovApnD/wN7mHVsP/TH2VppOO6iJMNm6w8pOEk1uk7ewndNaVSKpzS138NWd+mmPS0NSYAC33F2k3yIRV9eBiR9Ahuss4ibjROLU793eb13M66U9fZd+Y16zPQ==
sXYET0Y68LaEl+JWZ20jgUp6IHCJwnqDnwjZr54OohiqVyuuqNvv6t7IsqqvV0M8YWEAidrBGbVl6g831qRcSg14V1UFs9cvjf/NLxqLQnOuGOFN2Xa9Yf1yS0GgcryXjaPy65izFXFXszI=
sT4LF3kFCjOpd+5isjmOXfctNglVOD0TPI8UR9ypi1QRI7M1QvbE406zandPkbdOUz1zkgVdTkrSCyPT/PfWC5stebMc
x9EXvjdxazwYKY/pXw3sVHWAsKSysZNiK4DVNoJiQmycdAQKD1COqt7xj1UaAA7uXPNaJyEHzo5UeWQZC0rri7lzQz8Dc3QzrO8AaG/RV84z/VOS5R3uynJLw9PcN3aLe21Zszw=
S192Z7zalyiMQovApnD/wN7mHVsP/TH2VppOO6iJMNm6w8pOEk1uk7ewndNaVSKpzS138NWd+mmPS0NSYAC33F2k3yIRV9eBiR9Ahuss4ibjROLU793eb13M66U9fZd+Y16zPQ==
sXYET0Y68LaEl+JWZ20jgUp6IHCJwnqDnwjZr54OohiqVyuuqNvv6t7IsqqvV0M8YWEAidrBGbVl6g831qRcSg14V1UFs9cvjf/NLxqLQnOuGOFN2Xa9Yf1yS0GgcryXjaPy65izFXFXszI=
sT4LF3kFCjOpd+5isjmOXfctNglVOD0TPI8UR9ypi1QRI7M1QvbE406zandPkbdOUz1zkgVdTkrSCyPT/PfWC5stebMc
sT4LF3kFCjOpd+5isjmOXfctNglVOD0TPI8UR9ypi1QRI7M1QvbE406zandPkbdOUz1zkgVdTkrSCyPT/PfWC5stebMc
fW2tr+iXn3EOSa8V/hDflwl+bz9ce25+TeGGoEQFOva3uedQLrXOPFEuKcXx5ApvievfN0sw48mJ2Sxxv2yiBHlox34q4LceQkpzX0b5OWY7a3FPf1gXZLMD
