LhM876q2UKKSanPpMaDnmWLNyvtPWbqywF92CWuKiv1VyjIoMoTxGFyNhJJo/WO99dc4sYqNDuQhg7l8TUeS2L/52bJSkYVjLo8aW6cFYbQa
VucGN1yHhqZvXOwBTuJX5vlwwgb8JdZY4irifMFq1PMIPn9Y03kB8ZihUpYeo5RTaaQ7EjFkC0FJCdIpfj4XnI/QUFtu/y4sdWZS3nSMpkWAz3k3oYSSxMIWqv3Oy++U8NXa6Sr0i1cdO1FX2OcYO3mVTPsBcOe/CR0yfj4jZKlpko8Ur7M6R8jyIVGpmyhkZR2sIZxptBi/0oNGTYZObZggPijrsUnw+/vsBNWbNUzRL+aYi1HFQl4JscN691YLGy31tI4=
ahD4wULTFsJK1zZzvEvHUvlwwgb8JdZY4irifMFq1PMIPn9Y03kB8ZihUpYeo5RTaaQ7EjFkC0FJCdIpfj4XnI/QUFtu/y4sdWZS3nSMpkWAz3k3oYSSxMIWqv3Oy++U8NXa6Sr0i1cdO1FX2OcYO3mVTPsBcOe/CR0yfj4jZKlpko8Ur7M6R8jyIVGpmyhkZR2sIZxptBi/0oNGTYZObZggPijrsUnw+/vsBNWbNUzRL+WYi1HFQl4JscN691YLGy31tI4=
/jzEsTsA2agb0qZnSC09Lt/4242Yog+Y1FQMv6lj2N23iAxpRuYQl1yK3XQIqlWeyNwPnG79Kwzr1eHHH5AncLQJ
aK8CREGCZ2d/zoZs710PvJq9XE1HsnOwEZ0LPa6FL42R1tVZdB86tPm2tdpYCWe12ixz6/bJ/m2HN0pUEBro1FG2mikaWpmPlzksnOEu4CTxXOja49bWY1/e+6M9fZd+Y1K0Lw==
oWZ0EQeB1MygSzUM7inpTikFhbdm5hhiED4MWyvL4NAOT3mBjHjJ3trEDWZhzSvPnMItDOgyxRZIVJ8EDgVbxKsd0f8/iDd4tAE=
DSTN4Fiko1TYAt5ghCY+F5wFinpShUtEvq4hDSOE/4nRUkElUpK3nMVBh6C58gJnOILtBiBPQPjTQ6t6c0OPXc7Z4sQ9i71sqX/TGHOBfSLWGRkDkkdea0MdbbQW
UaB60q1rwU4buZkDBFpBiSgFhbdm5hhiED4MWyvL4NAOT3mBjHjJ3trEDWZhzSvPnMItDOgyxRZIVJ8EDgVbxKsd0f8/iDd4tAE=
X1U5bCxvQ2odPc9Kn7q3qg+ewy7QctQXm2e4PG6j4S089FFSWkiV6tFhsyP8LnWgWH4dWogYR0g+KQMoy/HJ0w+EL3S0DQ==
huKMlmXazF+4c+jVjEXW+w6ewy7QctQXm2e4PG6j4S089FFSWkiV6tFhsyP8LnWgWH4dWogYR0g+KQMoy/HJ0w+EL3S0DQ==
EgAFN8Zz3zH78dbzACRksA2ewy7QctQXm2e4PG6j4S089FFSWkiV6tFhsyP8LnWgWH4dWogYR0g+KQMoy/HJ0w+EL3S0DQ==
hdQ/lpolwyYkqWaB9expLwyewy7QctQXm2e4PG6j4S089FFSWkiV6tFhsyP8LnWgWH4dWogYR0g+KQMoy/HJ0w+EL3S0DQ==
bA5mZ33EZ3QK2D5IrMt3LSkfg7d6/hliED4MWyvL4NAOT3mBjHjJ3trEDWZhzSvPnMItDOgyxRdIVJ8EDgVbxKsd0f8/iDd4tAE=
hK3QiLS1VkOsuttBQk6Wzlqx+kifPJNZyHKlMnTwpCs591BZNwyE/dZyuDP8LnWgWH4dW4gYR0g+KQMoy/HJ0w+EL3S0DQ==
dcODioq0GM/E0WSVPG3Ca1qx+kifPJNZyHanPHTwpCs591BZNwyE/dZyuDP8LnWgWH4dW4gYR0g+KQMoy/HJ0w+EL3S0DQ==
da0rRWo42HnL/OmQNu9+o5dW/wLJQ/Agt/t9Y47JX////zl11i4dZHk0Y7djFLdDjPjtPaNayCUH88z7wBOdIXO0CA==
lhfkdnzoY4JDJn82/7kcP5AnVndW43+fYmhmUrrMWyCS/R/6k3pFUlrSoZzJwlJmeDlDDaFF7kxfkAu1+Hq/8BR8fGcJGwj1t6DcEeY+YL+c4m2saJKF90g0X6SOpZvkq/0Rn79od1i0IQ==
vjabizlSPvhZFjW838EDlTfV4vL36NM2V8nVOpp5U2epHx8aHX/Ntemwg0BOVRSlRuRRb28l1JRBTSVcOzqu3ahyWBdPYmB6teI6BHXbVcwx70qY6xHlwn5J0cPaN3aLe21VtC4=
fosKLv1ez/c3pURj380cNvaEJ1eNrSoBhh6IHc/VDwesVF1eWt65kPkuSkoYFZvhkQm2gJ9cU/lIlmdcdNDki7mXkHk3LESdVtL4E/xOtUDY3t07iPgH6L5JQ8jL0Qlzj2RvVLQt
rGU7HCPbcIi4Bh88el6dzBd+YCxRRiViWuLBrAkSMvb4qeNdYbXOPF9gK8W4qh9glOycN0kr6MW3kDwhpm6ALxxyzXwo4qUHSER/VE71O3QrbXFPf1gXaLQR
cZ3mdzjzgPqoOe4tcOXgiSppy9cvmVEZQ08tZlrmybgZBhoS2M3LiTHhBvgfpOOR6H63BDQINKPZv2BBNxS0tTb6KMu8FmWoeLZtwwiAtwAeIRMQC4lZW29MH2y0FQ==
GlJjd6iw+74dFEbd4bwEnwNa5PIeq3ADdE8tZlrmybgZBhoS2M3LiTHhBvgfpOOR6H63BDQINKPZv2BBNxS0tTb6KMu8FmWoeLZtwwiAtwAeIRMQC4lZW29MH2y0FQ==
Tn4cN1Wh8fCoKdnTQ/V5jXM1mRjFp93noeDaZE02kZyGhEg/f/eJC6qevwaHPwDEy7LEWmB9AfUsh/dWcHt+oPQd7CSRlgCcgeVoYpNuNtsvZjubTUV3RhNqtBc=
l8iwHkw8LRc+lJ2GTeDuwflwwgb8JdZY4irifMFq1PMIPn9Y03kB8ZihUpYeo5RTaaQ7EjFkC0FJCdIpfj4XnI/QUFtu/y4sdWZS3nSMpkWAz3k3oYSSxMIWqv3Oy++U8NXa6Sr0i1cdO1FX2OcYO3mVTPsBcOe/CR0yfj4jZKlpko8Ur7M6R8jyIVGpmyhkZR2sIZxptBi/0oNGTYZObZggPijrsUnw+/vsBNWbNUzRL+qYi1HFQl4JscN691YLGy31tI4=
45S9g0De2WIlHexK5iruL/6QN3mhlaO33a9HKWLnOe3dTUcjTp4XPdWOUoRuLPW8M0WG4SAwhiHMLnyMZL9tIABMaC3EhcYkJ9qqGYhZSD2TlHSMYiu3kL2h6KnyFfbMWy8dmFS1CNYrNwFlv5p3GT8OwIhpQJn8FDPYSz3V+7+KE0TG8p2QoPsERyH4KqVPjqzu7CZZHkrw7l15+GdIOhen24qJPzHBPTk/FfYm7U47NtuECjLKs0qoTvMJda6Ylwtlz34gQAwOu1yDBSBGEli71m0jx7hDHZbqQmoddE055hpBoy7Jbl0QJaWb+r7p/2zCs3cLil5dRuUPaYxDqv6z5/a1LOX5KzRSp9TswreO/q30ikFwvyBFZZchROjVO31Jy9bo8/Adzr/xnaPXbMvbS3BCFOsUy70GB+nv9WxcCNSu8bmDxbSemaDBs6gQo1txjbsnbIIkLB5ULCVRfY5ZyMrT6hTWnTMsvCHOYISxN+u6rXZWg5/++4N9HRfeo7K0zw==
8Ex1qnTQyZugEn3zI66mVPxQJ39A35wSyPuhkNYIbDjkB8ynOL6X5mSvNcSYPrh+Ke+0GHmRpWMcvRjp1Y5ysRT1+NCCMm6C3IpTVbfyQib47JIJAYR/lKIrFz8cYCJshIKzMUq9O/IMpAH5+vmecVuz1gU7kNs/KeWbdi7wYAPk76CAFkTF9IScl8kpXzqWS8Eg1Pne3xCQwo0yE5WyJrb8hb0Cu+nvRl1Wr7SHrninacHBw0sXnJt2FOj1Jph3BPrH3U6lDLj5jPv8VoRYKwFiPUKuph5VzqREH6viSXQMgLLTAzpihRflOQ9dXd7Vu/qmRdkSYKHidrm/202k1z3XNXQ2Z3UztWlOmZnKPDoNJlhUKx1HPAgs+GI4Ldx/FdzqEVipKDARH+cPw4fKk6LTY7GuW2NUPdcz6WDu7BceIbOWzZTtt+DPssbzwftvEgy/Oc6Bfk2u8AWmkZbfsrQlAuQ8aGl1U7gBT/7UR+8PpEuLArvp+x8q5P3j06hDLAPBqbe0zA==
m/8o8xfmr4OzR5N9+7VBTY8Ljcr8dOQXGQMwkMl/SegoMOiFz5Hh6QoLFk6AjmQRLxnkIXTZjrujDarMr7klqXiPJnDSzp35EWuzX1venGz82z12JFNzF7rJtkivbkrlUH1YMfvAtFCarwc89dXIlerxJgDzu50E7HH4OiMDYRnnPueV19qA1BFEqdDcx3j3pbGr86IHRNrK2eDMc7Cn3SAOtUPm+C4w3t2u5riafUXgg5j2vzNbFjH7wS01DV9proJ9wtPim9hyNvqfglzuT5ER/tS/H2XTRmQwYIYPvH/dBFYeMO8WsdtDCO9V4sp+cvmkgZFymt0b6jmCVSRF2cNeLmUXuILvDw+6cpWyRbPx6BPm1qfn6o1olZWjgLJbDMjSu+aqbShyxcATaDFFqzmgOBmT6clXbiwDHBX6343FB0fgIw8LLDoQ2zgDSaa7cYulIHQc1LLJ/fOpPCp5XBmXuBzLD7FRQ6PcLmxYPmg0wYGxJs1IVmsu5DqVB0zAeWrwCFnjq+bVcmavVwpbP+V5R5KLprTT
o1YbKx38pKkaDRWG1CGGE6o9pxtdaAfaLl8ggELgLL+B0m49hr02CzI6xboYxnPd+kNeNWmpUVG0S88Q5o8j2hUX3+8BXkuUdry2XgTPLQosV3Mbor2GVEdKKoloqYgNs4R0nEIbd2BdMWg5kmW2/Hs/HYh0hUimS6eB9V9qtykfHsCYSXBZDPSjWNtdpbuPqgNE1tKt0NCblMexGNplf6687vwGad66EH7d6ZgXCAo3t9uaqQ9xsV2pv4UW1i1+GybblCoCCkOqOM5jaQXuqLcbZd9eEAB8bivcE+XQhiJ4q9Z9A/d4s/0GatIKbTR9GfYaUYMeiR49gKU1ewp+2d98wqNXO0quvdZlnwn8A5reo+fmlRyliUuk0jc0HAKHru6t5KpxsE/A1eUHQTSo5RttSdv22LOAfV4/YX1TF1zry0tgYiQr5CsthpeJn7VcfBjUvtGJw7XUDhkwIUNoIINLcZ2bF6xyxLyexExVEU2uScja89pUpv2jrCzBPqC0kSfrqo1GlnN/bnsTHW1X7oOitN8=
o1YbKx38pKkaDRWG1CGGE6o9pxtdaAfaLl8ggELgLL+B0m49hr02CzI6xboYxnPd+kNeNWmpUVG0S88Q5o8j2hUX3+8BXkuUdry2XgTPLQosV3Mbor2GVEdKKoloqYgNs4R0nEIbd2BdMWg5kmW2/Hs/HYh0hUimS6eB9V9qtykfHsCYSXBZDPSjWNtdpbuPqgNE1tKt0NCblMexGNplf6687vwGad66EH7d6ZgXCAo3t9uaqQ9xsV2pv4UW1i1+GybblCoCCkOqOM5jaQXuqLcbZd9eEAB8bivcE+XQhiJ4q9Z9A/d4s/0GatIKbTR9GfYaUYMeiR49gKU1ewp+2d98wqNXO0quvdZlnwn8A5reo+fmlRyliUuk0jc0HAKHru6t5KpxsE/A1eUHQTSo5RttSdv22LOAfV4/YX1TF1zry0tgYiQr5CsthpeJn7VcfBjUvtGJw7XUDhkwIUNoIINLcZ2bF6xyxLyexExVEU2uScja89pUpv2jrCzBPqC0kSfrqo1GlnN/bnsTHW1X7oOitN8=
m/8o8xfmr4OzR5N9+7VBTY8Ljcr8dOQXGQMwkMl/SegoMOiFz5Hh6QoLFk6AjmQRLxnkIXTZjrujDarMr7klqXiPJnDSzp35EWuzX1venGz82z12JFNzF7rJtkivbkrlUH1YMfvAtFCarwc89dXIlerxJgDzu50E7HH4OiMDYRnnPueV19qA1BFEqdDcx3j3pbGr86IHRNrK2eDMc7Cn3SAOtUPm+C4w3t2u5riafUXgg5j2vzNbFjH7wS01DV9proJ9wtPim9hyNvqfglzuT5ER/tS/H2XTRmQwYIYPvH/dBFYeMO8WsdtDCO9V4sp+cvmkgZFymt0b6jmCVSRF2cNeLmUXuILvDw+6cpWyRbPx6BPm1qfn6o1olZWjgLJbDMjSu+aqbShyxcATaDFFqzmgOBmT6clXbiwDHBX6343FB0fgIw8LLDoQ2zgDSaa7cYulIHQc1LLJ/fOpPCp5XBmXuBzLD7FRQ6PcLmxYPmg0wYGxJs1IVmsu5DqVB0zAeWrwCFnjq+bVcmavVwpbP+V5R5KLprTT
ZmIeTOYXrwECkcypst1gG/xQJ39A35wSyPuhkNYIbDjkB8ynOL6X5mSvNcSYPrh+Ke+0GHmRpWMcvRjo1Y5ysRL75M+IL26C3I9ZU6rqQib47JIJAYR/lKIrFz8cYCJshIKzMUq9O/IMpAH5+vmecVuz1gU7kNs/KeWbdi7wYAPk76CAFkTF9IScl8kpXzqWS8Eg1Pne3xCQwo0yE5WyJrb8hb0Cu+nvRl1Wr7SHrninacHBw0sXnJt2FOj1Jph3BPrH3U6lDLj5jPv8VoRYKwFiPUKuph5VzqREH6viSXQMgLLTAzpihRflOQ9dXd7Vu/qmRdkSYKHidrm/202k1z3XNXQ2Z3UztWlOmZnKPDoNJlhUKx1HPAgs+GI4Ldx/FdzqEVipKDARH+cPw4fKk6LTY7GuW2NUPdcz6WDu7BceIbOWzZTtt+DPssbzwftvEgy/Oc6Bfk2u8AWmkZbfsrQlAuQ8aGl1U7gBT/7UR+8PpEuLArvp+x8q5P3j06hDLAPBqbe0zA==
qkpNAbpEI3STblCA4ONgRPxQJ39A35wSyPuhkNYIbDjkB8ynOL6X5mSvNcSYPrh+Ke+0GHmRpWMcvRjo1Y5ysRT1+NCCMm6C3IpTVbfyQib47JIJAYR/lKIrFz8cYCJshIKzMUq9O/IMpAH5+vmecVuz1gU7kNs/KeWbdi7wYAPk76CAFkTF9IScl8kpXzqWS8Eg1Pne3xCQwo0yE5WyJrb8hb0Cu+nvRl1Wr7SHrninacHBw0sXnJt2FOj1Jph3BPrH3U6lDLj5jPv8VoRYKwFiPUKuph5VzqREH6viSXQMgLLTAzpihRflOQ9dXd7Vu/qmRdkSYKHidrm/202k1z3XNXQ2Z3UztWlOmZnKPDoNJlhUKx1HPAgs+GI4Ldx/FdzqEVipKDARH+cPw4fKk6LTY7GuW2NUPdcz6WDu7BceIbOWzZTtt+DPssbzwftvEgy/Oc6Bfk2u8AWmkZbfsrQlAuQ8aGl1U7gBT/7UR+8PpEuLArvp+x8q5P3j06hDLAPBqbe0zA==
8QTpw3BcLvR7wt3h/B/7wCTBTzmSkzOYmfm+ZDbQu3N2EEaa3NsBsWTwI/6S+VKChzlre+V6LfvEXBiw3MPtM5Bxs58Q1XZdSkQIsuQWbiIxMd2iCOI6JGDdK6RVgNAjFTsWcMiIZqqBZQD9caa+DOMdEGkU9dk7pJGRMHHr2y1ZsmSgCmeGx5KUHETP4La09a1DD3BSiQnSAFN+dYTiSg+2mQVYwlRUN+lI+6O7dHW0S16XpHylYbPV6Ws9SGm+1iy/dvITZlJ1ScQlhixLJJmYPNQS78Oqz5aEhjRBvKxGG6Hyo5DuqICHSXoo0aVN2+u3zVRROXLU0XOyynUQvnt7kR3Os1//B2A8Z38nh0Es/fOadv7P7qqAgb3tqHqkeuayvTab93RYRRLpYmQjNwXrKZfAl6DbEaWEe0mAzx/xLSq+hnN8iQECRxRnI1Jn0KKZkbGr0MRN7eShVFnc+Aeim4Y1VlYNMLB2KCMh4RDjqxREzWuNLDkfqBtDL+3iJjmpg8InTivzvb20xg==
w6zi/h1rwcrGr6tswZDu41qx+kifPJNZyHKlMnTwpCs591BZNwyE/dZyuDP8LnWgWH4dVosYSUg+KQMoy/HJ0w+EL3S0DQ==
OhipDCf614WopFhC8yWbge3Gqw31jDM+uon+BXMQWs7wtWUvJQdpky/bDlCkP+wtk6yVAxsnDAn68zVKXpu4hRL0S6drNI+T+XtVY1s6wDVvM2RLSHNFEWu0EA==
