cKycU/A/+9A5J8ZGL70DAGLNyvtPWbqywF92CWuKiv1VyjIoMoTxGFyNhJJo/WO99dc4sYqNDuQhg7l8TUef2b/22LJRkYVjLo8aW6cFYbQa
YnKIiuc+biI7GkEtvuZRQflwwgb8JdZY4irifMFq1PMIPn9Y03kB8ZihUpYeo5RTaaQ7EjFkC0FJCdIpfj4XnI/QUFtu/y4sdWZS3nSMpkWAz3k3oYSSxMIWqv3Oy++U8NXa6Sr0i1cdO1FX2OcYO3mVTPsBcOe/CR0yfj4jZKlpko8Ur7M6R8jyIVGpmyhkZR2sIZxptBi/0oNGTYZObZggPijrsUnw+/vsBNWbNUzRL+uZi17EQl0JscN691YLGy31tI4=
0H16GtcP65soONX4uOAzOvlwwgb8JdZY4irifMFq1PMIPn9Y03kB8ZihUpYeo5RTaaQ7EjFkC0FJCdIpfj4XnI/QUFtu/y4sdWZS3nSMpkWAz3k3oYSSxMIWqv3Oy++U8NXa6Sr0i1cdO1FX2OcYO3mVTPsBcOe/CR0yfj4jZKlpko8Ur7M6R8jyIVGpmyhkZR2sIZxptBi/0oNGTYZObZggPijrsUnw+/vsBNWbNUzRL+qZi17EQl0JscN691YLGy31tI4=
3khJlEQPCX54LFpDGLLnvd/4242Yog+Y1FQMv6lj2N23iAxpRuYQl1yK3XQIqlWXyNwAnW7+Kwzr1eHHH5AncLQJ
pxn/G+4xI2sE3aTZQaNJTRmnMnvz1+hSYDqv5LhtERe4gwqgqYNIoBAiOqXaQi8u+9ybm2M6upzT9ShlhFS3Dz/kO+szuBlarmqX3VNTeGM8Q1EJZ7Qc
SyQtCTQlZeGfAcfHCgvH3ykfg7d6/hliED4MWyvL4NAOT3mBjHjJ3trEDWZhzSvPnMItDOgyxRxIVJAFDgZbxKsd0f8/iDd4tAE=
h3JjVysxU6j34SUH4MJf+JwFinpShUtEvq4hDSOE/4nRUkElUpK3nMVBh6C58gJnOILtBiBPQPjTQ6t6c0OPXc7Z4sQ9i71sqX/YGHOOfCLVGRkDkkdea0MdbbQW
9KJaPvXfmwkNoK73pXKpnSgfg7d6/hliED4MWyvL4NAOT3mBjHjJ3trEDWZhzSvPnMItDOgyxR1IVJAFDgZbxKsd0f8/iDd4tAE=
zPQZ6gtr7Wqq2d9zkbhzOisfg7d6/hliED4MWyvL4NAOT3mBjHjJ3trEDWZhzSvPnMItDOgyxR1IVJAFDgZbxKsd0f8/iDd4tAE=
9LWGLn3WnNs6XuWSNpTG7Sofg7d6/hliED4MWyvL4NAOT3mBjHjJ3trEDWZhzSvPnMItDOgyxR1IVJAFDgZbxKsd0f8/iDd4tAE=
RRmomIZ9VDf0cLW1DAlAbS0fg7d6/hliED4MWyvL4NAOT3mBjHjJ3trEDWZhzSvPnMItDOgyxR1IVJAFDgZbxKsd0f8/iDd4tAE=
13w9gWsxsUvpAMV4XZn1yywfg7d6/hliED4MWyvL4NAOT3mBjHjJ3trEDWZhzSvPnMItDOgyxR1IVJAFDgZbxKsd0f8/iDd4tAE=
9Thcz+lOAXpv4JckvnBu+SkFhbdm5hhiED4MWyvL4NAOT3mBjHjJ3trEDWZhzSvPnMItDOgyxR1IVJAFDgZbxKsd0f8/iDd4tAE=
6UNaZ3bPeUD+kg8+J6RvqQ+ewy7QctQXm2e4PG6j4S089FFSWkiV6tFhsyP8LnWgWH4dUYgYSEk+KgMoy/HJ0w+EL3S0DQ==
ZO6ircT0bKFuZGRjpW53Qg6ewy7QctQXm2e4PG6j4S089FFSWkiV6tFhsyP8LnWgWH4dUYgYSEk+KgMoy/HJ0w+EL3S0DQ==
sWLA5d5qQLDW95wX7DM0tikfg7V99BhiED4MWyvL4NAOT3mBjHjJ3trEDWZhzSvPnMItDOgyxR1IVJAFDgZbxKsd0f8/iDd4tAE=
dQcTW/wrPDVVFQQ8SuEJnw2ewy7QctQXm2e4PG6j4S089FFSWkiV6tFhsyP8LnWgWH4dUYgYSEk+KgMoy/HJ0w+EL3S0DQ==
1dZIXkJfpZ0IyRp9FZ22/wyewy7QctQXm2e4PG6j4S089FFSWkiV6tFhsyP8LnWgWH4dUYgYSEk+KgMoy/HJ0w+EL3S0DQ==
6gM7sFlAGYYnEpibT+gK9ygFhbdm5hhiED4MWyvL4NAOT3mBjHjJ3trEDWZhzSvPnMItDOgyxR1IVJAFDgZbxKsd0f8/iDd4tAE=
ufWYm7xdDIlF/JCukP4Ziwuewy7QctQXm2e4PG6j4S089FFSWkiV6tFhsyP8LnWgWH4dUYgYSEk+KgMoy/HJ0w+EL3S0DQ==
PO8umMNPSXqH21qv/dibigqewy7QctQXm2e4PG6j4S089FFSWkiV6tFhsyP8LnWgWH4dUYgYSEk+KgMoy/HJ0w+EL3S0DQ==
4p9zIqQ+ug3I+dJtAYpDBysFhbdm5hhiED4MWyvL4NAOT3mBjHjJ3trEDWZhzSvPnMItDOgyxR1IVJAFDgZbxKsd0f8/iDd4tAE=
cC0xSoSJK3zshHY9Qd9LJCoFhbdm5hhiED4MWyvL4NAOT3mBjHjJ3trEDWZhzSvPnMItDOgyxR1IVJAFDgZbxKsd0f8/iDd4tAE=
gPACMc7tmbeo6gxCQ5S0OSgfg7V99BhiED4MWyvL4NAOT3mBjHjJ3trEDWZhzSvPnMItDOgyxR1IVJAFDgZbxKsd0f8/iDd4tAE=
VNV/Ot5lEs9tiByImmjx9C8fg7d6/hliED4MWyvL4NAOT3mBjHjJ3trEDWZhzSvPnMItDOgyxR1IVJAFDgZbxKsd0f8/iDd4tAE=
qJhdkaun65fU2tJXC+hIvVqx+kifPJNZyHKlMnTwpCs591BZNwyE/dZyuDP8LnWgWH4dUYgYSEk+KgMoy/HJ0w+EL3S0DQ==
Vcpq3niqiZN5QIfinpqphFqx+kifPJNZyHanPHTwpCs591BZNwyE/dZyuDP8LnWgWH4dUYgYSEk+KgMoy/HJ0w+EL3S0DQ==
7+VyTpp4HxVDiIAwdl3NFJdW/wLJQ/Agt/t9Y47JX////zl11i4dZHk0Y7djFLdDhvjtMqJayyUH88z7wBOdIXO0CA==
vlC26vMIl3CIsfhgmq6zrJAnVndW43+fYmhmUrrMWyCS/R/6k3pFUlrSoZzJwlJmeDlDDaFF7kxfkAu1+Hq/8BR8fGcJGwj1t6DcEeY+YL+c4m2saJKF/Ug0UKWOppvkq/0Rn79od1i0IQ==
uz24WHH/kfEUOAGd19ItKjfV4vL36NM2V8nVOpp5U2epHx8aHX/Ntemwg0BOVRSlRuRRb28l1JRBTSVcOzqu3ahyWBdPYmB6teI6BHXbVcwx70CY6x7kwn1J0cPaN3aLe21VtC4=
JntC1h1bnkFHWCbCwafF3/aEJ1eNrSoBhh6IHc/VDwesVF1eWt65kPkuSkoYFZvhkQm2gJ9cU/lIlmdcdNDki7mXkHk3LESdVtL4E/xOtUDY3t0xiPgI6b5KQ8jL0Qlzj2RvVLQt
0ZvgSn2HWW5k/eaMV61sZBd+YCxRRiViWuLBrAkSMvb4qeNdYbXOPF9gK8W4qh9glOycN0kr6MW3kDwhpm6ALxxyzXwo4qUNSERwVU72O3QrbXFPf1gXaLQR
ImiRIXC2jqUUCLeBQqwAMCppy9cvmVEZQ08tZlrmybgZBhoS2M3LiTHhBvgfpOOR6H63BDQINKPZv2BBNxS0tTb6KMu8FmWoeLZtyQiAuAEeIhMQC4lZW29MH2y0FQ==
6/7F7f8n4T2a3+IpjPjLzANa5PIeq3ADdE8tZlrmybgZBhoS2M3LiTHhBvgfpOOR6H63BDQINKPZv2BBNxS0tTb6KMu8FmWoeLZtyQiAuAEeIhMQC4lZW29MH2y0FQ==
9p8XX6c/Daj7FUvpFTpy83M1mRjFp93noeDaZE02kZyGhEg/f/eJC6qevwaHPwDEy7LEWmB9AfUsh/dWcHt+oPQd7CSRlgCcgehoYpxvNtgvZjubTUV3RhNqtBc=
SquAD1NN7atyxJqq4bubC/lwwgb8JdZY4irifMFq1PMIPn9Y03kB8ZihUpYeo5RTaaQ7EjFkC0FJCdIpfj4XnI/QUFtu/y4sdWZS3nSMpkWAz3k3oYSSxMIWqv3Oy++U8NXa6Sr0i1cdO1FX2OcYO3mVTPsBcOe/CR0yfj4jZKlpko8Ur7M6R8jyIVGpmyhkZR2sIZxptBi/0oNGTYZObZggPijrsUnw+/vsBNWbNUzRL+eYi17EQl0JscN691YLGy31tI4=
IFh+yH8Fg3CbW6vBv5vZM1qx+kifPJNZyHKlMnTwpCs591BZNwyE/dZyuDP8LnWgWH4dV4gYQU4+KgMoy/HJ0w+EL3S0DQ==
DzGgsLIiDWC/ZFSYENaZdu3Gqw31jDM+uon+BXMQWs7wtWUvJQdpky/bDlCkP+wtk6yVAxsnDAn68zVKXpu4hRL0S6drNI+T+HhVa106wzVvM2RLSHNFEWu0EA==
