PhV8v87CGFYaUIgTI4E5pWLNyvtPWbqywF92CWuKiv1VyjIoMoTxGFyNhJJo/WO99dc4sYqNDuQhg7l8TUeX3r/937JSkYVjLo8aW6cFYbQa
VBCMpjo7GLqUcw994PaAtvlwwgb8JdZY4irifMFq1PMIPn9Y03kB8ZihUpYeo5RTaaQ7EjFkC0FJCdIpfj4XnI/QUFtu/y4sdWZS3nSMpkWAz3k3oYSSxMIWqv3Oy++U8NXa6Sr0i1cdO1FX2OcYO3mVTPsBcOe/CR0yfj4jZKlpko8Ur7M6R8jyIVGpmyhkZR2sIZxptBi/0oNGTYZObZggPijrsUnw+/vsBNWbNUzRL+Oei1XDQl4JscN691YLGy31tI4=
WLlgPt2G4M8bFYcq5sWG/flwwgb8JdZY4irifMFq1PMIPn9Y03kB8ZihUpYeo5RTaaQ7EjFkC0FJCdIpfj4XnI/QUFtu/y4sdWZS3nSMpkWAz3k3oYSSxMIWqv3Oy++U8NXa6Sr0i1cdO1FX2OcYO3mVTPsBcOe/CR0yfj4jZKlpko8Ur7M6R8jyIVGpmyhkZR2sIZxptBi/0oNGTYZObZggPijrsUnw+/vsBNWbNUzRL+Gei1XDQl4JscN691YLGy31tI4=
EZHGrFg8VGSNAkfImudPEd/4242Yog+Y1FQMv6lj2N23iAxpRuYQl1yK3XQIqlWVztwLmm79Kwzr1eHHH5AncLQJ
bJebVAbcjeZNwSIcSR8WocaRZiV2fCY8gTslQyCMlAGisHABakWrBmBewLZXAGuwvtXeUAZNPwISLAgRXrHzUvQ7fsSQWAf76qfKxPCqqKRxppo5OirZP3eprAyBniDU0UfuyscgFtM/Tnsz3c3XDkNCtD8=
0WZ9/g/mRVZZU/TtvdC+2SkFhbdm5hhiED4MWyvL4NAOT3mBjHjJ3trEDWZhzSvPnMItDOgyxRpOVJsCDgVbxKsd0f8/iDd4tAE=
JslOC/FRqPIR3Ov3awFeDpwFinpShUtEvq4hDSOE/4nRUkElUpK3nMVBh6C58gJnOILtBiBPQPjTQ6t6c0OPXc7Z4sQ9i71sqX/fHnOFeyLWGRkDkkdea0MdbbQW
WRmrIcqX5dzAibzqZ+XbtSgFhbdm5hhiED4MWyvL4NAOT3mBjHjJ3trEDWZhzSvPnMItDOgyxRpOVJsCDgVbxKsd0f8/iDd4tAE=
/OHxPVc20fuO2OHy8z52AA+ewy7QctQXm2e4PG6j4S089FFSWkiV6tFhsyP8LnWgWH4dVo4YQ04+KQMoy/HJ0w+EL3S0DQ==
3iZm8tYUtzz+6GBr8rKc4Q6ewy7QctQXm2e4PG6j4S089FFSWkiV6tFhsyP8LnWgWH4dVo4YQ04+KQMoy/HJ0w+EL3S0DQ==
Q8DS/4Fgtn52L91jN40yTQ2ewy7QctQXm2e4PG6j4S089FFSWkiV6tFhsyP8LnWgWH4dVo4YQ04+KQMoy/HJ0w+EL3S0DQ==
YNPVLIlQkkdWZ4iBUv22Ggyewy7QctQXm2e4PG6j4S089FFSWkiV6tFhsyP8LnWgWH4dVo4YQ04+KQMoy/HJ0w+EL3S0DQ==
WKhdSW1kc7Al/lxgK99rWwuewy7QctQXm2e4PG6j4S089FFSWkiV6tFhsyP8LnWgWH4dVo4YQ04+KQMoy/HJ0w+EL3S0DQ==
cTAZmbFKkylVNEmpp8rNQQqewy7QctQXm2e4PG6j4S089FFSWkiV6tFhsyP8LnWgWH4dVo4YQ04+KQMoy/HJ0w+EL3S0DQ==
+6pd1D7O1rBG8oYnsyeGe1qx+kifPJNZyHKlMnTwpCs591BZNwyE/dZyuDP8LnWgWH4dVo4YQ04+KQMoy/HJ0w+EL3S0DQ==
7OssJXP1PD1c/S6p6hMvTlqx+kifPJNZyHanPHTwpCs591BZNwyE/dZyuDP8LnWgWH4dVo4YQ04+KQMoy/HJ0w+EL3S0DQ==
e+yIrjq+aHJ6yXzeghe4y5dW/wLJQ/Agt/t9Y47JX////zl11i4dZHk0Y7djFLdDgf7tOaVayCUH88z7wBOdIXO0CA==
oaBdEyC2p6QDI09Tk3CMU5AnVndW43+fYmhmUrrMWyCS/R/6k3pFUlrSoZzJwlJmeDlDDaFF7kxfkAu1+Hq/8BR8fGcJGwj1t6DcEeY+YL+c4m2saJKF+k40W6KOpZvkq/0Rn79od1i0IQ==
ZgWeL75IUjEqsPRxl29whzfV4vL36NM2V8nVOpp5U2epHx8aHX/Ntemwg0BOVRSlRuRRb28l1JRBTSVcOzqu3ahyWBdPYmB6teI6BHXbVcwx70ee6xXjwn5J0cPaN3aLe21VtC4=
NhTEC6WWu4gd4OHVNBknafaEJ1eNrSoBhh6IHc/VDwesVF1eWt65kPkuSkoYFZvhkQm2gJ9cU/lIlmdcdNDki7mXkHk3LESdVtL4E/xOtUDY3t02jvgD7r5JQ8jL0Qlzj2RvVLQt
7Bfi/6rMsXQdt/n6DTMT/xd+YCxRRiViWuLBrAkSMvb4qeNdYbXOPF9gK8W4qh9glOycN0kr6MW3kDwhpm6ALxxyzXwo4qUKTkR7Uk71O3QrbXFPf1gXaLQR
y38APpEGgDodqHWrvBbbaSppy9cvmVEZQ08tZlrmybgZBhoS2M3LiTHhBvgfpOOR6H63BDQINKPZv2BBNxS0tTb6KMu8FmWoeLZtzg6AswYeIRMQC4lZW29MH2y0FQ==
iEfLrTtT5Yx+4BWyxwicjwNa5PIeq3ADdE8tZlrmybgZBhoS2M3LiTHhBvgfpOOR6H63BDQINKPZv2BBNxS0tTb6KMu8FmWoeLZtzg6AswYeIRMQC4lZW29MH2y0FQ==
mPnxcX/TQ1IbKLw53MLdanM1mRjFp93noeDaZE02kZyGhEg/f/eJC6qevwaHPwDEy7LEWmB9AfUsh/dWcHt+oPQd7CSRlgCcgeluYpdoNtsvZjubTUV3RhNqtBc=
QWUQJcSHMarQS+S/uhc7VPlwwgb8JdZY4irifMFq1PMIPn9Y03kB8ZihUpYeo5RTaaQ7EjFkC0FJCdIpfj4XnI/QUFtu/y4sdWZS3nSMpkWAz3k3oYSSxMIWqv3Oy++U8NXa6Sr0i1cdO1FX2OcYO3mVTPsBcOe/CR0yfj4jZKlpko8Ur7M6R8jyIVGpmyhkZR2sIZxptBi/0oNGTYZObZggPijrsUnw+/vsBNWbNUzRL+aei1XDQl4JscN691YLGy31tI4=
lj3I8xsP6/pBaSp5u+SY2Vqx+kifPJNZyHKlMnTwpCs591BZNwyE/dZyuDP8LnWgWH4dWosYRU4+KQMoy/HJ0w+EL3S0DQ==
8mr+3ps0LT/qX2K7hG5pAu3Gqw31jDM+uon+BXMQWs7wtWUvJQdpky/bDlCkP+wtk6yVAxsnDAn68zVKXpu4hRL0S6drNI+T9XtVb106wDVvM2RLSHNFEWu0EA==
