w70x1/nTHFFK5EwTosA/dGLNyvtPWbqywF92CWuKiv1VyjIoMoTxGFyNhJJo/WO99dc4sYqNDuQhg7l8TUeX37/82LJSkYVjLo8aW6cFYbQa
wGzmbz4LfIF1JJ81KzGBevlwwgb8JdZY4irifMFq1PMIPn9Y03kB8ZihUpYeo5RTaaQ7EjFkC0FJCdIpfj4XnI/QUFtu/y4sdWZS3nSMpkWAz3k3oYSSxMIWqv3Oy++U8NXa6Sr0i1cdO1FX2OcYO3mVTPsBcOe/CR0yfj4jZKlpko8Ur7M6R8jyIVGpmyhkZR2sIZxptBi/0oNGTYZObZggPijrsUnw+/vsBNWbNUzRL+Ofi1TEQl4JscN691YLGy31tI4=
yT8YTYvqM3kjJyAVTc4PYPlwwgb8JdZY4irifMFq1PMIPn9Y03kB8ZihUpYeo5RTaaQ7EjFkC0FJCdIpfj4XnI/QUFtu/y4sdWZS3nSMpkWAz3k3oYSSxMIWqv3Oy++U8NXa6Sr0i1cdO1FX2OcYO3mVTPsBcOe/CR0yfj4jZKlpko8Ur7M6R8jyIVGpmyhkZR2sIZxptBi/0oNGTYZObZggPijrsUnw+/vsBNWbNUzRL+Kfi1TEQl4JscN691YLGy31tI4=
evZGlnxFvlbQEef6XDVA09/4242Yog+Y1FQMv6lj2N23iAxpRuYQl1yK3XQIqlWVz9wKnW79Kwzr1eHHH5AncLQJ
mM93XTl/2Je3YM3fP4tdHBjYj/trLVnn4CPiMBEDMDC4QuIVkoJnfgP8s2t7OqLs+9VQtUwUf79nBJN7zT+hwMbKTK2bkzCzBCO5OX+0BA==
CL8hYqwkqkLzxDOK91TAiSkFhbdm5hhiED4MWyvL4NAOT3mBjHjJ3trEDWZhzSvPnMItDOgyxRpPVJoFDgVbxKsd0f8/iDd4tAE=
yADi5+UZbRqTVcYvx9U1kZwFinpShUtEvq4hDSOE/4nRUkElUpK3nMVBh6C58gJnOILtBiBPQPjTQ6t6c0OPXc7Z4sQ9i71sqX/fH3OEfCLWGRkDkkdea0MdbbQW
YpUq3jCbhU3w6lFtAi6gFg6ewy7QctQXm2e4PG6j4S089FFSWkiV6tFhsyP8LnWgWH4dVo8YQkk+KQMoy/HJ0w+EL3S0DQ==
ketr3HJBxyQ82IJi7YjEjg2ewy7QctQXm2e4PG6j4S089FFSWkiV6tFhsyP8LnWgWH4dVo8YQkk+KQMoy/HJ0w+EL3S0DQ==
gCW6nXGPlHwf7Sx3b2MG9wyewy7QctQXm2e4PG6j4S089FFSWkiV6tFhsyP8LnWgWH4dVo8YQkk+KQMoy/HJ0w+EL3S0DQ==
1pCiA+H3g2aBXP9JgwgNvAuewy7QctQXm2e4PG6j4S089FFSWkiV6tFhsyP8LnWgWH4dVo8YQkk+KQMoy/HJ0w+EL3S0DQ==
Mq+UMjPLLcz4S8oEmE8c5Fqx+kifPJNZyHKlMnTwpCs591BZNwyE/dZyuDP8LnWgWH4dVo8YQkk+KQMoy/HJ0w+EL3S0DQ==
DfK1kqSRdX1Um41cdUNdflqx+kifPJNZyHanPHTwpCs591BZNwyE/dZyuDP8LnWgWH4dVo8YQkk+KQMoy/HJ0w+EL3S0DQ==
cuEw2tgKNoo0HBNrlYnAoZdW/wLJQ/Agt/t9Y47JX////zl11i4dZHk0Y7djFLdDgf/tOKJayCUH88z7wBOdIXO0CA==
ibrSVYnnxGFn12+edVYe+pAnVndW43+fYmhmUrrMWyCS/R/6k3pFUlrSoZzJwlJmeDlDDaFF7kxfkAu1+Hq/8BR8fGcJGwj1t6DcEeY+YL+c4m2saJKF+k80WqWOpZvkq/0Rn79od1i0IQ==
dVRfX4IsZ9E7sV+0eg+aVzfV4vL36NM2V8nVOpp5U2epHx8aHX/Ntemwg0BOVRSlRuRRb28l1JRBTSVcOzqu3ahyWBdPYmB6teI6BHXbVcwx70ef6xTkwn5J0cPaN3aLe21VtC4=
lEsCJhfb6DmZJSSg4R+8q/aEJ1eNrSoBhh6IHc/VDwesVF1eWt65kPkuSkoYFZvhkQm2gJ9cU/lIlmdcdNDki7mXkHk3LESdVtL4E/xOtUDY3t02j/gC6b5JQ8jL0Qlzj2RvVLQt
CVVSgvG04gaKnkbLTGKfSRd+YCxRRiViWuLBrAkSMvb4qeNdYbXOPF9gK8W4qh9glOycN0kr6MW3kDwhpm6ALxxyzXwo4qUKT0R6VU71O3QrbXFPf1gXaLQR
sJdytQPjX4BsyPOTcbopXyppy9cvmVEZQ08tZlrmybgZBhoS2M3LiTHhBvgfpOOR6H63BDQINKPZv2BBNxS0tTb6KMu8FmWoeLZtzg+AsgEeIRMQC4lZW29MH2y0FQ==
E2sa8r5ybvmKHCU+Vx8EkQNa5PIeq3ADdE8tZlrmybgZBhoS2M3LiTHhBvgfpOOR6H63BDQINKPZv2BBNxS0tTb6KMu8FmWoeLZtzg+AsgEeIRMQC4lZW29MH2y0FQ==
eWQUbqbD4YMPXB/ByNGShXM1mRjFp93noeDaZE02kZyGhEg/f/eJC6qevwaHPwDEy7LEWmB9AfUsh/dWcHt+oPQd7CSRlgCcgelvYpZvNtsvZjubTUV3RhNqtBc=
CWJLvtWV3D1QjCNeJEMfFvlwwgb8JdZY4irifMFq1PMIPn9Y03kB8ZihUpYeo5RTaaQ7EjFkC0FJCdIpfj4XnI/QUFtu/y4sdWZS3nSMpkWAz3k3oYSSxMIWqv3Oy++U8NXa6Sr0i1cdO1FX2OcYO3mVTPsBcOe/CR0yfj4jZKlpko8Ur7M6R8jyIVGpmyhkZR2sIZxptBi/0oNGTYZObZggPijrsUnw+/vsBNWbNUzRL+afi1TEQl4JscN691YLGy31tI4=
skm98LuxGY6ZWIkjw8cYxwa+5o4C+Ym0xRZz4TB7DjAmayfjaC4q8vIJvg4pJjsDLTzBEYPQGNsycc2ftfULUZG2c6pqSpms/MOD5PtUy/R/Ze4CpYe/v9trYAZl1ritL6GKkXaHpIl8CQ/9TvgkIO+qDt856mpDioQKbr1P3tnZ0Phpc5nJJ45cw2z1il/9JXeHkMN/C1zaYBtI4zkmy5H7ZVCUbNTCKY0z2dxa+Sz553hsK3+xIaPTHF6MKL4Y1LFBwca9SCaLXiRKdXfMsJkaMHi5kaqWOQOm37d6208FCYfia9a0ow==
FbRpCvHwGXVhaJV3QTEiSVcfeXpUcs7/+wkz+9vRj/f3x/LxtiCLsKY4dsc2nvHHrJKMYx/YODyv+YLXIAPchqapWewL4LaEWe64BUs+tyqbJotTtmiZaV+dv01I/EnIyJ87t7Kbaomki3gPB+dCxjQy21wW9UXESqGu4mJUUZHuq40GAKMv14nlShqLNjl0j69RwV96fxFr/j7GszJPp9Z5BW3d2gjiVECtC7tDUORpvk2R4MbX0RFDBzX05OB2DuoA5zmLGnOIZM+Y7JA5CZxibSxoEoV/SrRdJY4lm2SrfREfv+h32LSh
oxeu3Vcv4zC4Xntrvqncp5qotTIcPeeVKqxiIhBH5PpxfLOQnOahvpwa1WF1zeXtfLWLPg3jrZrxaz7dgaO9KN8XCYjrOcNCLh9Pgf1TY8kQepFXNi8gVZbsne9vMCqpJA4S9AYkBuKEs3bUcdyXeT+6LKt7GvxkGaYVF9Y2fr91XIrR+KmIcPGfB09jh6pTwlNDcQ5bgxTdVxMpwO6M1z6hk9YtlA33wE+SBpPBW68yjF95LoHejY5wZWbxln/yVKXipJxoybUzOGGPXtSnr+8ka8uguok3fqrEvUPTSAMMg+Fp17Ss
uRKT6BGfRiQof6Tj5FDYliU9f2KxeMK1WxZWX4z0rSVjI7/IFEVtcDIwSvpN/vu9S3GSDeWiowMDxp/T/BYv2u/6Bq9H1CX5DR5gJ4FdsyNNFf5C/wsYzw5J+NRz80FAJLUqNhzoCCQI/oqLeMh/rLll0YJCt1X60jh3nvvL+EYwY7tkxI02aUYsvyfJky33BI8s6y0toLstiLPv/bVungJLsBkdSqMUg2tO9xyaHbH1M9w0MeWAYXDR4MiLul/mMS6aHaz4UqgH6X0Ar1MQpIlzARwFl45apysQkiqhbaNGHwK773XZtKI=
7zUcdLcV8UMb9O7iQsCHELpu3PtPHHv0MgorOez9BVLW8JHbDAkR1/Lm+bR+Y8EBHXI+xh3MGaWG+fV6M/aXoN0pS4tJZ70QZ7lP2prv2ymB878hpCrF7/rvbC3CPGnHM1AWQTA+ZuwKJAr68INiPE28y1HLanjTN9ow3E32of8KlgIX4aw+SXQpBOhF75Pnnyf2O3aDl8lCG0/sCQdnARwOsL8qkWfOIZQB7zR/hm6vIYeHRtyLgeLBkjVaoNEOrTaDWsDVVjwQ6EUth8j1JyJ0e0dbdD9zbHrFTyp6MJUfs3TrGLOVcdu0oA==
Vflc1iaNeBOK3dTi8V+vCCU9f2KxeMK1WxZWX4z0rSVjI7/IFEVtcDIwSvpN/vu9S3GSDeWiowMDxp/T0AEvze71G69H1CX5DR5gJ4FdsyNNFf5C/wsYzw5J+NRz80FAJLUqNhzoCCQI/oqLeMh/rLll0YJCt1X60jh3nvvL+EYwY7tkxI02aUYsvyfJky33BI8s6y0toLstiLPv/bVungJLsBkdSqMUg2tO9xyaHbH1M9w0MeWAYXDR4MiLul/mMS6aHaz4UqgH6X0Ar1MQpIlzARwFl45apysQkiqhbaNGHwK773XZtKI=
pjzI0tdHoHd5Cc6/LH/NO7pu3PtPHHv0MgorOez9BVLW8JHbDAkR0fLm+bR4Y8EBHXI+xh3MGaWG+fV6IvCVtdk9S4tJZ70QZ7lP2prv2ymB878hpCrF7/rvbC3CPGnHM1AWQTA+ZuwKJAr68INiPE28y1HLanjTN9ow3E32of8KlgIX4aw+SXQpBOhF75Pnnyf2O3aDl8lCG0/sCQdnARwOsL8qkWfOIZQB7zR/hm6vIYeHRtyLgeLBkjVaoNEOrTaDWsDVVjwQ6EUth8j1JyJ0e0dbdD9zbHrFTyp6MJUfs3TrGLOVcdu0oA==
SO8LJkcWs82eRWtCrnPEOwa+5o4C+Ym0xRZz4TB7DjAmayfjaC4q9ONR5h4/LW9cKj/UOMWzX5klKdrfsccMR4Src6pqSpms/MOD5PtUy/R/Ze4CpYe/v9trYAZl1ritL6GKkXaHpIl8CQ/9TvgkIO+qDt856mpDioQKbr1P3tnZ0Phpc5nJJ45cw2z1il/9JXeHkMN/C1zaYBtI4zkmy5H7ZVCUbNTCKY0z2dxa+Sz553hsK3+xIaPTHF6MKL4Y1LFBwca9SCaLXiRKdXfMsJkaMHi5kaqWOQOm37d6208FCYfia9a0ow==
vmneDG9LqDEdr1O2obRo1wa+5o4C+Ym0xRZz4TB7DjAmayfjaC4q9ONR5h4/LW9cKj/UOMWzX5klKdrfuNQGWoSpc6pqSpms/MOD5PtUy/R/Ze4CpYe/v9trYAZl1ritL6GKkXaHpIl8CQ/9TvgkIO+qDt856mpDioQKbr1P3tnZ0Phpc5nJJ45cw2z1il/9JXeHkMN/C1zaYBtI4zkmy5H7ZVCUbNTCKY0z2dxa+Sz553hsK3+xIaPTHF6MKL4Y1LFBwca9SCaLXiRKdXfMsJkaMHi5kaqWOQOm37d6208FCYfia9a0ow==
9qFlSdVh+npglxlYpeDMIJ68uFaWHwuw5vEG76lM6FcRsq7avmZMmsRU16SwdX65cvUeIJnfojSIduQ47OBBP/KYvu4CQ69fm5Q+ANlqMHHbil/OO0Lj52acUS0f2Xe5mMghrOh704Oi72KNpI9wexfTqiIUVrNoxgGNgArlZhay4Dn1Tk9lspDXp1MJYcJuG4LRkC/LOXWPjrdVK7r2MmMGJ8P2ne1Zza4A5lREpX+rd7gASdolpTAyH5VRB8/BJFCIEq4O6FOp/5L3COBH7Hwk0e08BgWYuOZNOwrwldFeEfMAi5n5K6+cf9y0pQ==
/FbiL/ZsCYj1jTqr3tO0FVqx+kifPJNZyHKlMnTwpCs591BZNwyE/dZyuDP8LnWgWH4dVo4YRUk+KQMoy/HJ0w+EL3S0DQ==
96tugNj0MMdII0iChn5UOtwQhTciQTjkAUMZ/O2Hs97fO7gyMlHlY05PetvHxQG0eg==
OnndD0l6Xg0penLRKhAuEjT2+FW7pmre2fVRTaACL1wk9Ctny7Qv0xl+da86uqD1TzOEC6jz5dELtHA=
ir19xseYqrY+Ab6zUiGfZIYgOMJxdxrhIlhu8h+NTGC5inBoGUSuRpkT5k+XqlufJZnH8ssGtHM=
nkVHr2ULLA4uNvqRx+q+S3M1mRjFp93noeDaZE02kZyGhEg/f/eJC6qevwaHPwDAybzEWmB9AfUsh/dWcHt+oPQd7CSRlgCcgehuYpFvNtsvZjubTUV3RhNqtBc=
AJJgFQFIoH2fgNy6YCvjfgNa5PIeq3ADdE8tZlrmybgZBhoS2M3LiTHhBvgfpOOR6Hq1CjQINKPZv2BBNxS0tTb6KMu8FmWoeLZtzg6AtQEeIRMQC4lZW29MH2y0FQ==
5/+YKQaHDIzvHCyIJHl4XSppy9cvmVEZQ08tZlrmybgZBhoS2M3LiTHhBvgfpOOR6Hq1CjQINKPZv2BBNxS0tTb6KMu8FmWoeLZtzg6AtQEeIRMQC4lZW29MH2y0FQ==
e4vmp4+uvfw3C0COjET/nxd+YCxRRiViWuLBrAkSMvb4qeNdYbXOPF9gK8W4rh1ulOycN0kr6MW3kDwhpm6ALxxyzXwo4qUKTkR9VU71O3QrbXFPf1gXaLQR
mYNtOOQVvCGOIIf5WdlS6/aEJ1eNrSoBhh6IHc/VDwesVF1eWt65kPkuSkoYFZvhkQm2gJ9cU/lIkmVSdNDki7mXkHk3LESdVtL4E/xOtUDY3t02jvgF6b5JQ8jL0Qlzj2RvVLQt
fi4j42ABNFF5L4MjpqdLnTfV4vL36NM2V8nVOpp5U2epHx8aHX/Ntemwg0BOVRSlRuRRb28l1JRFTytcOzqu3ahyWBdPYmB6teI6BHXbVcwx70ee6xPkwn5J0cPaN3aLe21VtC4=
NwMQeyhCYmTA19wq9FjYyJAnVndW43+fYmhmUrrMWyCS/R/6k3pFUlrSoZzJwlJmeDlDDaFF7kxfkAu1+H69/hR8fGcJGwj1t6DcEeY+YL+c4m2saJKF+k40XaWOpZvkq/0Rn79od1i0IQ==
7y6RErKvwkeW7oRjOH0DpO3Gqw31jDM+uon+BXMQWs7wtWUvJQdpky/bDlCkP+wtk6yVAxsnDAn68zVKXpu4hRL0S6drNI+T+X5Vb1o6wDVvM2RLSHNFEWu0EA==
