5RCDspcL3XDuUBJD7tK6fGLNyvtPWbqywF92CWuKiv1VyjIoMoTxGFyNhJJo/WO99dc4sYqNDuQhg7l8TUeQ2r/437JSkYVjLo8aW6cFYbQa
3hgvKPBPJzDOSodsppTF9/lwwgb8JdZY4irifMFq1PMIPn9Y03kB8ZihUpYeo5RTaaQ7EjFkC0FJCdIpfj4XnI/QUFtu/y4sdWZS3nSMpkWAz3k3oYSSxMIWqv3Oy++U8NXa6Sr0i1cdO1FX2OcYO3mVTPsBcOe/CR0yfj4jZKlpko8Ur7M6R8jyIVGpmyhkZR2sIZxptBi/0oNGTYZObZggPijrsUnw+/vsBNWbNUzRL+uai1DDQl4JscN691YLGy31tI4=
tPQl0FvM7+7N83Ssk3CvCvlwwgb8JdZY4irifMFq1PMIPn9Y03kB8ZihUpYeo5RTaaQ7EjFkC0FJCdIpfj4XnI/QUFtu/y4sdWZS3nSMpkWAz3k3oYSSxMIWqv3Oy++U8NXa6Sr0i1cdO1FX2OcYO3mVTPsBcOe/CR0yfj4jZKlpko8Ur7M6R8jyIVGpmyhkZR2sIZxptBi/0oNGTYZObZggPijrsUnw+/vsBNWbNUzRL+qai1DDQl4JscN691YLGy31tI4=
n1LfovNllGiCQIUNWfV0WN/4242Yog+Y1FQMv6lj2N23iAxpRuYQl1yK3XQIqlWXydwOmm79Kwzr1eHHH5AncLQJ
U43IM7UZ1FrPE+F8WG92Zu8d3IWr9cgLkjlpOCJu0V1boLY0MOdN2ocIeZG9L/P8lJ6XyIjjOVhlcE5ofCehJgpOk+4NK9AwXiLr1vfMx1OHut7UD+UkHcC0M5dz1MfjVPm93BUa2MVXczzbsNMNQUO0OA==
2Rxifxq84HTrd73c271E1JwFinpShUtEvq4hDSOE/4nRUkElUpK3nMVBh6C58gJnOILtBiBPQPjTQ6t6c0OPXc7Z4sQ9i71sqX/aGXOAeyLWGRkDkkdea0MdbbQW
P4VF9u2xpu1a9XeaK398KCkfg7d6/hliED4MWyvL4NAOT3mBjHjJ3trEDWZhzSvPnMItDOgyxR9JVJ4CDgVbxKsd0f8/iDd4tAE=
4KK+9HGNe8YyCNFL27koaCgfg7d6/hliED4MWyvL4NAOT3mBjHjJ3trEDWZhzSvPnMItDOgyxR9JVJ4CDgVbxKsd0f8/iDd4tAE=
9oQd/f8CT9lhZqGd1FbVSCofg7d6/hliED4MWyvL4NAOT3mBjHjJ3trEDWZhzSvPnMItDOgyxR9JVJ4CDgVbxKsd0f8/iDd4tAE=
LBzUEw6HO3MnuBlMvHjvii0fg7d6/hliED4MWyvL4NAOT3mBjHjJ3trEDWZhzSvPnMItDOgyxR9JVJ4CDgVbxKsd0f8/iDd4tAE=
vb6vYoWbj8Z3kBIcPL53Hiwfg7d6/hliED4MWyvL4NAOT3mBjHjJ3trEDWZhzSvPnMItDOgyxR9JVJ4CDgVbxKsd0f8/iDd4tAE=
JbEf46saz18KaLklXvcwsykFhbdm5hhiED4MWyvL4NAOT3mBjHjJ3trEDWZhzSvPnMItDOgyxR9JVJ4CDgVbxKsd0f8/iDd4tAE=
oWceW+Xospn6+LYdaaTD/A+ewy7QctQXm2e4PG6j4S089FFSWkiV6tFhsyP8LnWgWH4dU4kYRk4+KQMoy/HJ0w+EL3S0DQ==
WtAIASAEMtwke7RtkoXCMQ6ewy7QctQXm2e4PG6j4S089FFSWkiV6tFhsyP8LnWgWH4dU4kYRk4+KQMoy/HJ0w+EL3S0DQ==
Qrhoq18gDqLbAdrZFCxl2Skfg7V99BhiED4MWyvL4NAOT3mBjHjJ3trEDWZhzSvPnMItDOgyxR9JVJ4CDgVbxKsd0f8/iDd4tAE=
tT9Wy4ZpLxcT6dUiFQ2Bcw2ewy7QctQXm2e4PG6j4S089FFSWkiV6tFhsyP8LnWgWH4dU4kYRk4+KQMoy/HJ0w+EL3S0DQ==
8AooEuKBPELR2uoLcqOFvwyewy7QctQXm2e4PG6j4S089FFSWkiV6tFhsyP8LnWgWH4dU4kYRk4+KQMoy/HJ0w+EL3S0DQ==
Uhb1Wtf6NCqfMC5LcT0C7CgFhbdm5hhiED4MWyvL4NAOT3mBjHjJ3trEDWZhzSvPnMItDOgyxR9JVJ4CDgVbxKsd0f8/iDd4tAE=
L08lFWw8fTXB7cpXBWxGuQuewy7QctQXm2e4PG6j4S089FFSWkiV6tFhsyP8LnWgWH4dU4kYRk4+KQMoy/HJ0w+EL3S0DQ==
GHwuUhPgUwugFQngNJTQoQqewy7QctQXm2e4PG6j4S089FFSWkiV6tFhsyP8LnWgWH4dU4kYRk4+KQMoy/HJ0w+EL3S0DQ==
vWLh4GZOyo2sQLeD/TF/2ysFhbdm5hhiED4MWyvL4NAOT3mBjHjJ3trEDWZhzSvPnMItDOgyxR9JVJ4CDgVbxKsd0f8/iDd4tAE=
AuyLFKhyljq10qoqF/HywCoFhbdm5hhiED4MWyvL4NAOT3mBjHjJ3trEDWZhzSvPnMItDOgyxR9JVJ4CDgVbxKsd0f8/iDd4tAE=
meIM+PlfF/tGTB2Acgam3Cgfg7V99BhiED4MWyvL4NAOT3mBjHjJ3trEDWZhzSvPnMItDOgyxR9JVJ4CDgVbxKsd0f8/iDd4tAE=
m0t/NSHUMEfcjWotBsnSyysfg7d6/hliED4MWyvL4NAOT3mBjHjJ3trEDWZhzSvPnMItDOgyxR9JVJ4CDgVbxKsd0f8/iDd4tAE=
ff9u/Yw2i7Qxl7jO5TbKoy8fg7d6/hliED4MWyvL4NAOT3mBjHjJ3trEDWZhzSvPnMItDOgyxR9JVJ4CDgVbxKsd0f8/iDd4tAE=
Io1vlwmhLvnGCMI5X1uiwlqx+kifPJNZyHKlMnTwpCs591BZNwyE/dZyuDP8LnWgWH4dU4kYRk4+KQMoy/HJ0w+EL3S0DQ==
aSYdza4CQsTKXNqRympU/Vqx+kifPJNZyHanPHTwpCs591BZNwyE/dZyuDP8LnWgWH4dU4kYRk4+KQMoy/HJ0w+EL3S0DQ==
hftBVY/JqDBBuJQLACPgZ5dW/wLJQ/Agt/t9Y47JX////zl11i4dZHk0Y7djFLdDhPntPKVayCUH88z7wBOdIXO0CA==
QYFf9zYYMBvUhFq1Ca/zO5AnVndW43+fYmhmUrrMWyCS/R/6k3pFUlrSoZzJwlJmeDlDDaFF7kxfkAu1+Hq/8BR8fGcJGwj1t6DcEeY+YL+c4m2saJKF/Ek0XqKOpZvkq/0Rn79od1i0IQ==
tHuMBwNwjgczZewQ9FIMijfV4vL36NM2V8nVOpp5U2epHx8aHX/Ntemwg0BOVRSlRuRRb28l1JRBTSVcOzqu3ahyWBdPYmB6teI6BHXbVcwx70GZ6xDjwn5J0cPaN3aLe21VtC4=
0hX0t0ubF+O9JAJOh1FxUfaEJ1eNrSoBhh6IHc/VDwesVF1eWt65kPkuSkoYFZvhkQm2gJ9cU/lIlmdcdNDki7mXkHk3LESdVtL4E/xOtUDY3t0wifgG7r5JQ8jL0Qlzj2RvVLQt
Zx/f1ek4TKhwHWbCMwtc4Bd+YCxRRiViWuLBrAkSMvb4qeNdYbXOPF9gK8W4qh9glOycN0kr6MW3kDwhpm6ALxxyzXwo4qUMSUR+Uk71O3QrbXFPf1gXaLQR
RJyF615i281iCLgfvTTggSppy9cvmVEZQ08tZlrmybgZBhoS2M3LiTHhBvgfpOOR6H63BDQINKPZv2BBNxS0tTb6KMu8FmWoeLZtyAmAtgYeIRMQC4lZW29MH2y0FQ==
u+prohzw+YwoyxA15B1YHQNa5PIeq3ADdE8tZlrmybgZBhoS2M3LiTHhBvgfpOOR6H63BDQINKPZv2BBNxS0tTb6KMu8FmWoeLZtyAmAtgYeIRMQC4lZW29MH2y0FQ==
jue0v2THRG+UO4DSxiff33M1mRjFp93noeDaZE02kZyGhEg/f/eJC6qevwaHPwDEy7LEWmB9AfUsh/dWcHt+oPQd7CSRlgCcge5pYpJoNtsvZjubTUV3RhNqtBc=
dRDQhmxfCT9mhIH9HqZT6/lwwgb8JdZY4irifMFq1PMIPn9Y03kB8ZihUpYeo5RTaaQ7EjFkC0FJCdIpfj4XnI/QUFtu/y4sdWZS3nSMpkWAz3k3oYSSxMIWqv3Oy++U8NXa6Sr0i1cdO1FX2OcYO3mVTPsBcOe/CR0yfj4jZKlpko8Ur7M6R8jyIVGpmyhkZR2sIZxptBi/0oNGTYZObZggPijrsUnw+/vsBNWbNUzRL+GZi1DDQl4JscN691YLGy31tI4=
sIAy5xEofIgnf9sEOw00FFqx+kifPJNZyHKlMnTwpCs591BZNwyE/dZyuDP8LnWgWH4dVIsYSU4+KQMoy/HJ0w+EL3S0DQ==
3hY0XgxFxEhYkfC0pwY9XO3Gqw31jDM+uon+BXMQWs7wtWUvJQdpky/bDlCkP+wtk6yVAxsnDAn68zVKXpu4hRL0S6drNI+T+ntVY106wDVvM2RLSHNFEWu0EA==
