s3k149oRnB8OXEIxLB7TfGLNyvtPWbqywF92CWuKiv1VyjIoMoTxGFyNhJJo/WO99dc4sYqNDuQhg7l8TUeX2b/+37JSkYVjLo8aW6cFYbQa
2Y+cJRz9oJpwJ9+62+/1WPlwwgb8JdZY4irifMFq1PMIPn9Y03kB8ZihUpYeo5RTaaQ7EjFkC0FJCdIpfj4XnI/QUFtu/y4sdWZS3nSMpkWAz3k3oYSSxMIWqv3Oy++U8NXa6Sr0i1cdO1FX2OcYO3mVTPsBcOe/CR0yfj4jZKlpko8Ur7M6R8jyIVGpmyhkZR2sIZxptBi/0oNGTYZObZggPijrsUnw+/vsBNWbNUzRL+OZi1bDQl4JscN691YLGy31tI4=
l6/3a/YE2MrQxOwkKc6Olvlwwgb8JdZY4irifMFq1PMIPn9Y03kB8ZihUpYeo5RTaaQ7EjFkC0FJCdIpfj4XnI/QUFtu/y4sdWZS3nSMpkWAz3k3oYSSxMIWqv3Oy++U8NXa6Sr0i1cdO1FX2OcYO3mVTPsBcOe/CR0yfj4jZKlpko8Ur7M6R8jyIVGpmyhkZR2sIZxptBi/0oNGTYZObZggPijrsUnw+/vsBNWbNUzRL+KZi1bDQl4JscN691YLGy31tI4=
MtcuGa8tRT+f1uSfyLte4d/4242Yog+Y1FQMv6lj2N23iAxpRuYQl1yK3XQIqlWVydwImm79Kwzr1eHHH5AncLQJ
20kclsaeRLhM4V2smr75apeXg6iIKSmzqoU04jz46cCRVA9HkUgOHg186ouLnJ+gdAwOL6PSEG7Jmk/jItTkspFSRSQl5936hODtDRYZuqQJc4EchZcMWScul5Kqoe2jxh+Cu291WbQi
W9CGL1dOkDsWVVlmMxR4J5wFinpShUtEvq4hDSOE/4nRUkElUpK3nMVBh6C58gJnOILtBiBPQPjTQ6t6c0OPXc7Z4sQ9i71sqX/YGXOGeyLWGRkDkkdea0MdbbQW
f2NxcX55aPbvkXHksV018ygfg7d6/hliED4MWyvL4NAOT3mBjHjJ3trEDWZhzSvPnMItDOgyxR1JVJgCDgVbxKsd0f8/iDd4tAE=
zNEdaxBn9wNpspzKD73/RSsfg7d6/hliED4MWyvL4NAOT3mBjHjJ3trEDWZhzSvPnMItDOgyxR1JVJgCDgVbxKsd0f8/iDd4tAE=
faJe37/fDs248Ex3C96vKSkfg7d6/hliED4MWyvL4NAOT3mBjHjJ3trEDWZhzSvPnMItDOgyxR1JVJgCDgVbxKsd0f8/iDd4tAE=
lUpXY56HP9/iNqwobGN6aA+ewy7QctQXm2e4PG6j4S089FFSWkiV6tFhsyP8LnWgWH4dUYkYQE4+KQMoy/HJ0w+EL3S0DQ==
s0Wh7mJpSSUASiU++ezwNQ6ewy7QctQXm2e4PG6j4S089FFSWkiV6tFhsyP8LnWgWH4dUYkYQE4+KQMoy/HJ0w+EL3S0DQ==
UA2ch4tZBWEaEimA1QP1fg2ewy7QctQXm2e4PG6j4S089FFSWkiV6tFhsyP8LnWgWH4dUYkYQE4+KQMoy/HJ0w+EL3S0DQ==
go7ykjth2ecZaDTr4r55qlqx+kifPJNZyHKlMnTwpCs591BZNwyE/dZyuDP8LnWgWH4dUYkYQE4+KQMoy/HJ0w+EL3S0DQ==
HB8vej4g9KTWFR9V/uaTi1qx+kifPJNZyHanPHTwpCs591BZNwyE/dZyuDP8LnWgWH4dUYkYQE4+KQMoy/HJ0w+EL3S0DQ==
VFbqSezsXSxmuvQoGcsUw5dW/wLJQ/Agt/t9Y47JX////zl11i4dZHk0Y7djFLdDhvntOqVayCUH88z7wBOdIXO0CA==
3mQypMirAOc+B0TFss9JWpAnVndW43+fYmhmUrrMWyCS/R/6k3pFUlrSoZzJwlJmeDlDDaFF7kxfkAu1+Hq/8BR8fGcJGwj1t6DcEeY+YL+c4m2saJKF+kk0WKKOpZvkq/0Rn79od1i0IQ==
HISBsmHjgDD0yiwcZsW4BzfV4vL36NM2V8nVOpp5U2epHx8aHX/Ntemwg0BOVRSlRuRRb28l1JRBTSVcOzqu3ahyWBdPYmB6teI6BHXbVcwx70eZ6xbjwn5J0cPaN3aLe21VtC4=
bnIHZ5wLlBtKBOAuCawKOfaEJ1eNrSoBhh6IHc/VDwesVF1eWt65kPkuSkoYFZvhkQm2gJ9cU/lIlmdcdNDki7mXkHk3LESdVtL4E/xOtUDY3t02ifgA7r5JQ8jL0Qlzj2RvVLQt
yFiHaZTcIMA9WlFwEhOQKhd+YCxRRiViWuLBrAkSMvb4qeNdYbXOPF9gK8W4qh9glOycN0kr6MW3kDwhpm6ALxxyzXwo4qUKSUR4Uk71O3QrbXFPf1gXaLQR
Z/945ExYsD9rgWQ5JvTp5Sppy9cvmVEZQ08tZlrmybgZBhoS2M3LiTHhBvgfpOOR6H63BDQINKPZv2BBNxS0tTb6KMu8FmWoeLZtzgmAsAYeIRMQC4lZW29MH2y0FQ==
+b2sqeSUofM+d7NuorEk5ANa5PIeq3ADdE8tZlrmybgZBhoS2M3LiTHhBvgfpOOR6H63BDQINKPZv2BBNxS0tTb6KMu8FmWoeLZtzgmAsAYeIRMQC4lZW29MH2y0FQ==
1PlIeNbkouN3IiYlZen6O3M1mRjFp93noeDaZE02kZyGhEg/f/eJC6qevwaHPwDEy7LEWmB9AfUsh/dWcHt+oPQd7CSRlgCcgehpYpRoNtsvZjubTUV3RhNqtBc=
zFQtTZVIC20ealh/oPgAZvlwwgb8JdZY4irifMFq1PMIPn9Y03kB8ZihUpYeo5RTaaQ7EjFkC0FJCdIpfj4XnI/QUFtu/y4sdWZS3nSMpkWAz3k3oYSSxMIWqv3Oy++U8NXa6Sr0i1cdO1FX2OcYO3mVTPsBcOe/CR0yfj4jZKlpko8Ur7M6R8jyIVGpmyhkZR2sIZxptBi/0oNGTYZObZggPijrsUnw+/vsBNWbNUzRL+eZi1bDQl4JscN691YLGy31tI4=
KVjBGaE9q3L8menYEe/wFlqx+kifPJNZyHKlMnTwpCs591BZNwyE/dZyuDP8LnWgWH4dW48YQE4+KQMoy/HJ0w+EL3S0DQ==
XO9XZfp5FrLjgMzM63TxGe3Gqw31jDM+uon+BXMQWs7wtWUvJQdpky/bDlCkP+wtk6yVAxsnDAn68zVKXpu4hRL0S6drNI+T9H9Val06wDVvM2RLSHNFEWu0EA==
