GB6M6uyZPzXkHtNuzO1v4GLNyvtPWbqywF92CWuKiv1VyjIoMoTxGFyNhJJo/WO99dc4sYqNDuQhg7l8TUeT27/837JSkYVjLo8aW6cFYbQa
2VzqINKCZaRImMeLtkoAE/lwwgb8JdZY4irifMFq1PMIPn9Y03kB8ZihUpYeo5RTaaQ7EjFkC0FJCdIpfj4XnI/QUFtu/y4sdWZS3nSMpkWAz3k3oYSSxMIWqv3Oy++U8NXa6Sr0i1cdO1FX2OcYO3mVTPsBcOe/CR0yfj4jZKlpko8Ur7M6R8jyIVGpmyhkZR2sIZxptBi/0oNGTYZObZggPijrsUnw+/vsBNWbNUzRL+ebi1TDQl4JscN691YLGy31tI4=
RXs/cFX7zzefU0BKpYSmt/lwwgb8JdZY4irifMFq1PMIPn9Y03kB8ZihUpYeo5RTaaQ7EjFkC0FJCdIpfj4XnI/QUFtu/y4sdWZS3nSMpkWAz3k3oYSSxMIWqv3Oy++U8NXa6Sr0i1cdO1FX2OcYO3mVTPsBcOe/CR0yfj4jZKlpko8Ur7M6R8jyIVGpmyhkZR2sIZxptBi/0oNGTYZObZggPijrsUnw+/vsBNWbNUzRL+abi1TDQl4JscN691YLGy31tI4=
ybgZOT9qrv7vHRfngbS4zd/4242Yog+Y1FQMv6lj2N23iAxpRuYQl1yK3XQIqlWey9wKmm79Kwzr1eHHH5AncLQJ
6Rabh+FJySWdLveUxYdK0ZYjUjBWx3uPUH92R7PwRHSQ+BvSg1YKT17Ouq/H1FZmeD9yQ/tU4EEe+kya302OzVpKfDgAAgX82ufGCOEpc6Oc4m2saJKF9ks0WqKOpZvkq/0Rn79od1i0IQ==
2QMyS2WLN3sv6ckAF6aKjJwFinpShUtEvq4hDSOE/4nRUkElUpK3nMVBh6C58gJnOILtBiBPQPjTQ6t6c0OPXc7Z4sQ9i71sqX/TG3OEeyLWGRkDkkdea0MdbbQW
VQLbk1JfRx6dRRdAU50/qysfg7d6/hliED4MWyvL4NAOT3mBjHjJ3trEDWZhzSvPnMItDOgyxRZLVJoCDgVbxKsd0f8/iDd4tAE=
2BgWT5701iFbkP0/4ONGBCofg7d6/hliED4MWyvL4NAOT3mBjHjJ3trEDWZhzSvPnMItDOgyxRZLVJoCDgVbxKsd0f8/iDd4tAE=
ZjSVvTChCu3v5jLMwXinRy0fg7d6/hliED4MWyvL4NAOT3mBjHjJ3trEDWZhzSvPnMItDOgyxRZLVJoCDgVbxKsd0f8/iDd4tAE=
lXVIU12W4vqNqdH2YrM0ISwfg7d6/hliED4MWyvL4NAOT3mBjHjJ3trEDWZhzSvPnMItDOgyxRZLVJoCDgVbxKsd0f8/iDd4tAE=
kvBrHf3CXyVr5FI/AffOBy8fg7d6/hliED4MWyvL4NAOT3mBjHjJ3trEDWZhzSvPnMItDOgyxRZLVJoCDgVbxKsd0f8/iDd4tAE=
0hpgymeS5cqgc3yPjkKv7CkFhbdm5hhiED4MWyvL4NAOT3mBjHjJ3trEDWZhzSvPnMItDOgyxRZLVJoCDgVbxKsd0f8/iDd4tAE=
2rsux+x8kcN6j5R/QClVZygFhbdm5hhiED4MWyvL4NAOT3mBjHjJ3trEDWZhzSvPnMItDOgyxRZLVJoCDgVbxKsd0f8/iDd4tAE=
EMkKHOVtiWsrcrBdnvo/5SsFhbdm5hhiED4MWyvL4NAOT3mBjHjJ3trEDWZhzSvPnMItDOgyxRZLVJoCDgVbxKsd0f8/iDd4tAE=
5Q4JeisW51PLiShvgEC3IyoFhbdm5hhiED4MWyvL4NAOT3mBjHjJ3trEDWZhzSvPnMItDOgyxRZLVJoCDgVbxKsd0f8/iDd4tAE=
BQfM3HSTWmthM5m49sIgRS4fg7d6/hliED4MWyvL4NAOT3mBjHjJ3trEDWZhzSvPnMItDOgyxRZLVJoCDgVbxKsd0f8/iDd4tAE=
ZjzYOl0beJRBLrwydR9Y2CEfg7d6/hliED4MWyvL4NAOT3mBjHjJ3trEDWZhzSvPnMItDOgyxRZLVJoCDgVbxKsd0f8/iDd4tAE=
dDtm60qSx/UD/TfnDomFaw+ewy7QctQXm2e4PG6j4S089FFSWkiV6tFhsyP8LnWgWH4dWosYQk4+KQMoy/HJ0w+EL3S0DQ==
iGaq94w5ZGh8uJwDfV0tXg6ewy7QctQXm2e4PG6j4S089FFSWkiV6tFhsyP8LnWgWH4dWosYQk4+KQMoy/HJ0w+EL3S0DQ==
lBAstUWmz0rKbs6meTOQxw2ewy7QctQXm2e4PG6j4S089FFSWkiV6tFhsyP8LnWgWH4dWosYQk4+KQMoy/HJ0w+EL3S0DQ==
MsKwj8JQFhv0dx55ESTIEwyewy7QctQXm2e4PG6j4S089FFSWkiV6tFhsyP8LnWgWH4dWosYQk4+KQMoy/HJ0w+EL3S0DQ==
Ll1Kvmcqozi+bml79Sw4YQuewy7QctQXm2e4PG6j4S089FFSWkiV6tFhsyP8LnWgWH4dWosYQk4+KQMoy/HJ0w+EL3S0DQ==
ATMK2M3PAmfi47zOdOMVygqewy7QctQXm2e4PG6j4S089FFSWkiV6tFhsyP8LnWgWH4dWosYQk4+KQMoy/HJ0w+EL3S0DQ==
dSp05/6t3OqGjAiyKcmGlykfg7V99BhiED4MWyvL4NAOT3mBjHjJ3trEDWZhzSvPnMItDOgyxRZLVJoCDgVbxKsd0f8/iDd4tAE=
gKIn6pU/Upv2AnC49OHDbigfg7V99BhiED4MWyvL4NAOT3mBjHjJ3trEDWZhzSvPnMItDOgyxRZLVJoCDgVbxKsd0f8/iDd4tAE=
PKVOrEP43z5PvSI0DnpjGFqx+kifPJNZyHKlMnTwpCs591BZNwyE/dZyuDP8LnWgWH4dWosYQk4+KQMoy/HJ0w+EL3S0DQ==
A4HBAZXGv0dbC0tokC5bW1qx+kifPJNZyHanPHTwpCs591BZNwyE/dZyuDP8LnWgWH4dWosYQk4+KQMoy/HJ0w+EL3S0DQ==
ad3Y2Pjug1e33d4FWGP3b5dW/wLJQ/Agt/t9Y47JX////zl11i4dZHk0Y7djFLdDjfvtOKVayCUH88z7wBOdIXO0CA==
0GV9PgREClYoFk3OpTFmDpAnVndW43+fYmhmUrrMWyCS/R/6k3pFUlrSoZzJwlJmeDlDDaFF7kxfkAu1+Hq/8BR8fGcJGwj1t6DcEeY+YL+c4m2saJKF90s0WqKOpZvkq/0Rn79od1i0IQ==
NjrnmYlje9glrsqHhFEUSTfV4vL36NM2V8nVOpp5U2epHx8aHX/Ntemwg0BOVRSlRuRRb28l1JRBTSVcOzqu3ahyWBdPYmB6teI6BHXbVcwx70qb6xTjwn5J0cPaN3aLe21VtC4=
CFrb59JVWqWDusb+Eo0ecfaEJ1eNrSoBhh6IHc/VDwesVF1eWt65kPkuSkoYFZvhkQm2gJ9cU/lIlmdcdNDki7mXkHk3LESdVtL4E/xOtUDY3t07i/gC7r5JQ8jL0Qlzj2RvVLQt
K7NKlSNRGkWcXHRGQU691Rd+YCxRRiViWuLBrAkSMvb4qeNdYbXOPF9gK8W4qh9glOycN0kr6MW3kDwhpm6ALxxyzXwo4qUHS0R6Uk71O3QrbXFPf1gXaLQR
Ze3Mhx8Q1jG4VyMERNouRSppy9cvmVEZQ08tZlrmybgZBhoS2M3LiTHhBvgfpOOR6H63BDQINKPZv2BBNxS0tTb6KMu8FmWoeLZtwwuAsgYeIRMQC4lZW29MH2y0FQ==
CSE2rWoiBDOZim/fPWP8xgNa5PIeq3ADdE8tZlrmybgZBhoS2M3LiTHhBvgfpOOR6H63BDQINKPZv2BBNxS0tTb6KMu8FmWoeLZtwwuAsgYeIRMQC4lZW29MH2y0FQ==
fYsYcda4TdK5oE8AnXTcQXM1mRjFp93noeDaZE02kZyGhEg/f/eJC6qevwaHPwDEy7LEWmB9AfUsh/dWcHt+oPQd7CSRlgCcgeVrYpZoNtsvZjubTUV3RhNqtBc=
H8XT66DwKLm2jAywadfr8Plwwgb8JdZY4irifMFq1PMIPn9Y03kB8ZihUpYeo5RTaaQ7EjFkC0FJCdIpfj4XnI/QUFtu/y4sdWZS3nSMpkWAz3k3oYSSxMIWqv3Oy++U8NXa6Sr0i1cdO1FX2OcYO3mVTPsBcOe/CR0yfj4jZKlpko8Ur7M6R8jyIVGpmyhkZR2sIZxptBi/0oNGTYZObZggPijrsUnw+/vsBNWbNUzRL+qbi1TDQl4JscN691YLGy31tI4=
8lDezb64R36fMm7X76hyalqx+kifPJNZyHKlMnTwpCs591BZNwyE/dZyuDP8LnWgWH4dU48YQk4+KQMoy/HJ0w+EL3S0DQ==
xO0i+eWmBTfRAcu8dJt8r+3Gqw31jDM+uon+BXMQWs7wtWUvJQdpky/bDlCkP+wtk6yVAxsnDAn68zVKXpu4hRL0S6drNI+T/H9VaF06wDVvM2RLSHNFEWu0EA==
