42OE3dq+BVrEOuzRaOsflGLNyvtPWbqywF92CWuKiv1VyjIoMoTxGFyNhJJo/WO99dc4sYqNDuQhg7l8TUeX3r//2LJRkYVjLo8aW6cFYbQa
gFR3DKoAoAqcxWd00LXNJflwwgb8JdZY4irifMFq1PMIPn9Y03kB8ZihUpYeo5RTaaQ7EjFkC0FJCdIpfj4XnI/QUFtu/y4sdWZS3nSMpkWAz3k3oYSSxMIWqv3Oy++U8NXa6Sr0i1cdO1FX2OcYO3mVTPsBcOe/CR0yfj4jZKlpko8Ur7M6R8jyIVGpmyhkZR2sIZxptBi/0oNGTYZObZggPijrsUnw+/vsBNWbNUzRL+Oei1fEQl0JscN691YLGy31tI4=
LeGRR/k8/JAZhNy0A98Vuvlwwgb8JdZY4irifMFq1PMIPn9Y03kB8ZihUpYeo5RTaaQ7EjFkC0FJCdIpfj4XnI/QUFtu/y4sdWZS3nSMpkWAz3k3oYSSxMIWqv3Oy++U8NXa6Sr0i1cdO1FX2OcYO3mVTPsBcOe/CR0yfj4jZKlpko8Ur7M6R8jyIVGpmyhkZR2sIZxptBi/0oNGTYZObZggPijrsUnw+/vsBNWbNUzRL+Kei1fEQl0JscN691YLGy31tI4=
eJ4spa046LhMC0ywVNLKst/4242Yog+Y1FQMv6lj2N23iAxpRuYQl1yK3XQIqlWVztwJnW7+Kwzr1eHHH5AncLQJ
yhNHWI2gAAyUUddtVrWYhBN2p6NcU4dR1a7B7fLk6wsyACOCr7GsYywEK0HiUDMvPoWuuV9rKvD4tphgqQoarZLWCRsPpYz4ScJQUEmrLp6tGwY0BwIbh1VRZ0obbrQr
+4j0ZHNrRFuV4HCCsfyrjSkFhbdm5hhiED4MWyvL4NAOT3mBjHjJ3trEDWZhzSvPnMItDOgyxRpOVJkFDgZbxKsd0f8/iDd4tAE=
ysAkbSLPOG4oGmOySxGjJZwFinpShUtEvq4hDSOE/4nRUkElUpK3nMVBh6C58gJnOILtBiBPQPjTQ6t6c0OPXc7Z4sQ9i71sqX/fHnOHfCLVGRkDkkdea0MdbbQW
V2dW/DCcta6yw5RMV7FUjygFhbdm5hhiED4MWyvL4NAOT3mBjHjJ3trEDWZhzSvPnMItDOgyxRpOVJkFDgZbxKsd0f8/iDd4tAE=
7QCJr5TAo3aT7XoXaMiwxQ+ewy7QctQXm2e4PG6j4S089FFSWkiV6tFhsyP8LnWgWH4dVo4YQUk+KgMoy/HJ0w+EL3S0DQ==
AFU99BrKGSuCPeozWTJq+w6ewy7QctQXm2e4PG6j4S089FFSWkiV6tFhsyP8LnWgWH4dVo4YQUk+KgMoy/HJ0w+EL3S0DQ==
w7ym74ovKyfsgo8raN8JVgyewy7QctQXm2e4PG6j4S089FFSWkiV6tFhsyP8LnWgWH4dVo4YQUk+KgMoy/HJ0w+EL3S0DQ==
YJYXbssdkLP/5WDbPJYTkAqewy7QctQXm2e4PG6j4S089FFSWkiV6tFhsyP8LnWgWH4dVo4YQUk+KgMoy/HJ0w+EL3S0DQ==
MgAIiv5FZ3ES+I0qudxzLQeewy7QctQXm2e4PG6j4S089FFSWkiV6tFhsyP8LnWgWH4dVo4YQUk+KgMoy/HJ0w+EL3S0DQ==
cUaTAktF/kO7G4UFWjSntwaewy7QctQXm2e4PG6j4S089FFSWkiV6tFhsyP8LnWgWH4dVo4YQUk+KgMoy/HJ0w+EL3S0DQ==
EbTDACJHfrWHhtFLrUrlFykfg7d6/hliED4MWyvL4NAOT3mBjHjJ3trEDWZhzSvPnMItDOgyxRpOVJkFDgZbxKsd0f8/iDd4tAE=
pLgQnWuxe1E2wW2gmXk7nVqx+kifPJNZyHKlMnTwpCs591BZNwyE/dZyuDP8LnWgWH4dVo4YQUk+KgMoy/HJ0w+EL3S0DQ==
hiMg24ZDPOiRzE5lC/G2uVqx+kifPJNZyHanPHTwpCs591BZNwyE/dZyuDP8LnWgWH4dVo4YQUk+KgMoy/HJ0w+EL3S0DQ==
wmvyTzqCPjGrL6D+j2+v+JdW/wLJQ/Agt/t9Y47JX////zl11i4dZHk0Y7djFLdDgf7tO6JayyUH88z7wBOdIXO0CA==
u3frVr6avh7tZB/N5BTZVZAnVndW43+fYmhmUrrMWyCS/R/6k3pFUlrSoZzJwlJmeDlDDaFF7kxfkAu1+Hq/8BR8fGcJGwj1t6DcEeY+YL+c4m2saJKF+k40WaWOppvkq/0Rn79od1i0IQ==
ykwkm6EnnPrtJPkonWLkMzfV4vL36NM2V8nVOpp5U2epHx8aHX/Ntemwg0BOVRSlRuRRb28l1JRBTSVcOzqu3ahyWBdPYmB6teI6BHXbVcwx70ee6xfkwn1J0cPaN3aLe21VtC4=
+q4vuNX0q+D5G99uUEes/faEJ1eNrSoBhh6IHc/VDwesVF1eWt65kPkuSkoYFZvhkQm2gJ9cU/lIlmdcdNDki7mXkHk3LESdVtL4E/xOtUDY3t02jvgB6b5KQ8jL0Qlzj2RvVLQt
CT/2cTfrBGMZBxmXwIFHwBd+YCxRRiViWuLBrAkSMvb4qeNdYbXOPF9gK8W4qh9glOycN0kr6MW3kDwhpm6ALxxyzXwo4qUKTkR5VU72O3QrbXFPf1gXaLQR
b2HEUX6QZOX3I11I1NoiBippy9cvmVEZQ08tZlrmybgZBhoS2M3LiTHhBvgfpOOR6H63BDQINKPZv2BBNxS0tTb6KMu8FmWoeLZtzg6AsQEeIhMQC4lZW29MH2y0FQ==
MkI26Ixkqv3ls6GaaY5i+ANa5PIeq3ADdE8tZlrmybgZBhoS2M3LiTHhBvgfpOOR6H63BDQINKPZv2BBNxS0tTb6KMu8FmWoeLZtzg6AsQEeIhMQC4lZW29MH2y0FQ==
akd+6P845cZOb5iRfNbITHM1mRjFp93noeDaZE02kZyGhEg/f/eJC6qevwaHPwDEy7LEWmB9AfUsh/dWcHt+oPQd7CSRlgCcgeluYpVvNtgvZjubTUV3RhNqtBc=
RKR7v467EJtoSpBNt4AoC/lwwgb8JdZY4irifMFq1PMIPn9Y03kB8ZihUpYeo5RTaaQ7EjFkC0FJCdIpfj4XnI/QUFtu/y4sdWZS3nSMpkWAz3k3oYSSxMIWqv3Oy++U8NXa6Sr0i1cdO1FX2OcYO3mVTPsBcOe/CR0yfj4jZKlpko8Ur7M6R8jyIVGpmyhkZR2sIZxptBi/0oNGTYZObZggPijrsUnw+/vsBNWbNUzRL+aei1fEQl0JscN691YLGy31tI4=
w3vZjk1s0qCZn1fhb+4I7P6QN3mhlaO33a9HKWLnOe3dTUcjTp4XPdWOUoRuLPW8M0WG4SAwhiHMLnyMZL9tIABMaC3EhcYkJ9qqGYhZSD2TlHSMYiu3kL2h6KnyFfbMWy8dmFS1CNYrNwFlv5p3GT8OwIhpQJn8FDPYSz3V+7+KE0TG8p2QoPsERyH4KqVPjqzu7CZZHkrw7l15+GdIOhen24qJPzHBPTk/FfYm7U47NtuECjLKs0qoTvMJda6Ylwtlz34gQAwOu1yDBSBGEli71m0jx7hDHZbqQmoddE055hpBoy7Jbl0QJaWb+r7p/2zCs3cLil5dRuUPaYxDqv6z5/a1LOX5KzRSp9TswreO/q30ikFwvyBFZZchROjVO31Jy9bo8/Adzr/xnaPXbMvbS3BCFOsUy70GB+nv9WxcCNSu8bmDxbSemaDBs6gQo1txjbsnbIIkLB5ULCVRfY5ZyMrT6hTWnTMsvCHOYISxPOq6p3dWgJ/++4N9HRfeo7K0zw==
TnafOYLq4sNHfPLODbI9d/xQJ39A35wSyPuhkNYIbDjkB8ynOL6X5mSvNcSYPrh+Ke+0GHmRpWMcvRjp1Y5ysRT1+NCCMm6C3IpTVbfyQib47JIJAYR/lKIrFz8cYCJshIKzMUq9O/IMpAH5+vmecVuz1gU7kNs/KeWbdi7wYAPk76CAFkTF9IScl8kpXzqWS8Eg1Pne3xCQwo0yE5WyJrb8hb0Cu+nvRl1Wr7SHrninacHBw0sXnJt2FOj1Jph3BPrH3U6lDLj5jPv8VoRYKwFiPUKuph5VzqREH6viSXQMgLLTAzpihRflOQ9dXd7Vu/qmRdkSYKHidrm/202k1z3XNXQ2Z3UztWlOmZnKPDoNJlhUKx1HPAgs+GI4Ldx/FdzqEVipKDARH+cPw4fKk6LTY7GuW2NUPdcz6WDu7BceIbOWzZTtt+DPssbzwftvEgy/Oc6Bfk2u8AWmkZbfsrQlAuQ8aGl1U7gBT/7UR+8PpEuLCbrp8R4q5/3j06hDLAPBqbe0zA==
dioSLjByfzRC0Pt3o6gbpo8Ljcr8dOQXGQMwkMl/SegoMOiFz5Hh6QoLFk6AjmQRLxnkIXTZjrujDarMr7klqXiPJnDSzp35EWuzX1venGz82z12JFNzF7rJtkivbkrlUH1YMfvAtFCarwc89dXIlerxJgDzu50E7HH4OiMDYRnnPueV19qA1BFEqdDcx3j3pbGr86IHRNrK2eDMc7Cn3SAOtUPm+C4w3t2u5riafUXgg5j2vzNbFjH7wS01DV9proJ9wtPim9hyNvqfglzuT5ER/tS/H2XTRmQwYIYPvH/dBFYeMO8WsdtDCO9V4sp+cvmkgZFymt0b6jmCVSRF2cNeLmUXuILvDw+6cpWyRbPx6BPm1qfn6o1olZWjgLJbDMjSu+aqbShyxcATaDFFqzmgOBmT6clXbiwDHBX6343FB0fgIw8LLDoQ2zgDSaa7cYulIHQc1LLJ/fOpPCp5XBmXuBzLD7FRQ6PcLmxYPmg0wYGxJs1IVmsu5DqVB0zAeWrwCFnoqubfc2asVwpbP+V5R5KLprTT
vUVK/5AaeigD2n58fCHTA6o9pxtdaAfaLl8ggELgLL+B0m49hr02CzI6xboYxnPd+kNeNWmpUVG0S88Q5o8j2hUX3+8BXkuUdry2XgTPLQosV3Mbor2GVEdKKoloqYgNs4R0nEIbd2BdMWg5kmW2/Hs/HYh0hUimS6eB9V9qtykfHsCYSXBZDPSjWNtdpbuPqgNE1tKt0NCblMexGNplf6687vwGad66EH7d6ZgXCAo3t9uaqQ9xsV2pv4UW1i1+GybblCoCCkOqOM5jaQXuqLcbZd9eEAB8bivcE+XQhiJ4q9Z9A/d4s/0GatIKbTR9GfYaUYMeiR49gKU1ewp+2d98wqNXO0quvdZlnwn8A5reo+fmlRyliUuk0jc0HAKHru6t5KpxsE/A1eUHQTSo5RttSdv22LOAfV4/YX1TF1zry0tgYiQr5CsthpeJn7VcfBjUvtGJw7XUDhkwIUNoIINLcZ2bF6xyxLyexExVEU2uScja89pUpv2jrCzBPqC0kSzqqodHlnB/bnsTHW1X7oOitN8=
vUVK/5AaeigD2n58fCHTA6o9pxtdaAfaLl8ggELgLL+B0m49hr02CzI6xboYxnPd+kNeNWmpUVG0S88Q5o8j2hUX3+8BXkuUdry2XgTPLQosV3Mbor2GVEdKKoloqYgNs4R0nEIbd2BdMWg5kmW2/Hs/HYh0hUimS6eB9V9qtykfHsCYSXBZDPSjWNtdpbuPqgNE1tKt0NCblMexGNplf6687vwGad66EH7d6ZgXCAo3t9uaqQ9xsV2pv4UW1i1+GybblCoCCkOqOM5jaQXuqLcbZd9eEAB8bivcE+XQhiJ4q9Z9A/d4s/0GatIKbTR9GfYaUYMeiR49gKU1ewp+2d98wqNXO0quvdZlnwn8A5reo+fmlRyliUuk0jc0HAKHru6t5KpxsE/A1eUHQTSo5RttSdv22LOAfV4/YX1TF1zry0tgYiQr5CsthpeJn7VcfBjUvtGJw7XUDhkwIUNoIINLcZ2bF6xyxLyexExVEU2uScja89pUpv2jrCzBPqC0kSzqqodHlnB/bnsTHW1X7oOitN8=
dioSLjByfzRC0Pt3o6gbpo8Ljcr8dOQXGQMwkMl/SegoMOiFz5Hh6QoLFk6AjmQRLxnkIXTZjrujDarMr7klqXiPJnDSzp35EWuzX1venGz82z12JFNzF7rJtkivbkrlUH1YMfvAtFCarwc89dXIlerxJgDzu50E7HH4OiMDYRnnPueV19qA1BFEqdDcx3j3pbGr86IHRNrK2eDMc7Cn3SAOtUPm+C4w3t2u5riafUXgg5j2vzNbFjH7wS01DV9proJ9wtPim9hyNvqfglzuT5ER/tS/H2XTRmQwYIYPvH/dBFYeMO8WsdtDCO9V4sp+cvmkgZFymt0b6jmCVSRF2cNeLmUXuILvDw+6cpWyRbPx6BPm1qfn6o1olZWjgLJbDMjSu+aqbShyxcATaDFFqzmgOBmT6clXbiwDHBX6343FB0fgIw8LLDoQ2zgDSaa7cYulIHQc1LLJ/fOpPCp5XBmXuBzLD7FRQ6PcLmxYPmg0wYGxJs1IVmsu5DqVB0zAeWrwCFnoqubfc2asVwpbP+V5R5KLprTT
VkqSPDz+RXzlEa0lJshzM3NbcrLtex1BU2AD2LAIgk/e5TT/1Ltr/IpyVbx034IZOKKLMQfF1Id7zy0bgF7kYGJCEKbsBkYH4+c4etBSgoQIraMk3TB4w+3LzrDw2D7K6XUI/Xm2Vuw7zSgpTIWhWwwhGbD5GzON4QI84HI33ue6hBREx/CelK39O08o4jGpOvDb/v00Sip3xsFFYBKMtN/5QPurqxwV7BtmV3yMXYEbZWHrtTgBHm6cZ7YKw75yXVnMJY48YwRBSMQUyl97CqfmDAa88RRMvut5MpvAtsjol0F6IMFNrQM7j40MIUESfGH7MkKF+B7Dy8ldtuMH3y9wNGd3N69hdK2L2i5Od05CcAk9ZRjSxAKW6v0OSy+UsFUa6Wp0S1dduxFXGGdYO7kVDPvB8Ke/SZ3yfn6jpKkpEk8UbzN6RwhyYVFpG2hkJZ1sIdzpdBj/UkNGDQYObVigfigrMQnwO3ssBJUb9UyRryuay9UEQp2J8cO6dxYL2621tM4=
Zp/ZY54wzPJbCgOcinMKNvxQJ39A35wSyPuhkNYIbDjkB8ynOL6X5mSvNcSYPrh+Ke+0GHmRpWMcvRjo1Y5ysRT1+NCCMm6C3IpTVbfyQib47JIJAYR/lKIrFz8cYCJshIKzMUq9O/IMpAH5+vmecVuz1gU7kNs/KeWbdi7wYAPk76CAFkTF9IScl8kpXzqWS8Eg1Pne3xCQwo0yE5WyJrb8hb0Cu+nvRl1Wr7SHrninacHBw0sXnJt2FOj1Jph3BPrH3U6lDLj5jPv8VoRYKwFiPUKuph5VzqREH6viSXQMgLLTAzpihRflOQ9dXd7Vu/qmRdkSYKHidrm/202k1z3XNXQ2Z3UztWlOmZnKPDoNJlhUKx1HPAgs+GI4Ldx/FdzqEVipKDARH+cPw4fKk6LTY7GuW2NUPdcz6WDu7BceIbOWzZTtt+DPssbzwftvEgy/Oc6Bfk2u8AWmkZbfsrQlAuQ8aGl1U7gBT/7UR+8PpEuLCbrp8R4q5/3j06hDLAPBqbe0zA==
ik1bF/1thyWWRCa6fD2eMyTBTzmSkzOYmfm+ZDbQu3N2EEaa3NsBsWTwI/6S+VKChzlre+V6LfvEXBi73MPtM5Bxs58Q1XZdSkQIsuQWbiIxMd2iCOI6JGDdK6RVgNAjFTsWcMiIZqqBZQD9caa+DOMdEGkU9dk7pJGRMHHr2y1ZsmSgCmeGx5KUHETP4La09a1DD3BSiQnSAFN+dYTiSg+2mQVYwlRUN+lI+6O7dHW0S16XpHylYbPV6Ws9SGm+1iy/dvITZlJ1ScQlhixLJJmYPNQS78Oqz5aEhjRBvKxGG6Hyo5DuqICHSXoo0aVN2+u3zVRROXLU0XOyynUQvnt7kR3Os1//B2A8Z38nh0Es/fOadv7P7qqAgb3tqHqkeuayvTab93RYRRLpYmQjNwXrKZfAl6DbEaWEe0mAzx/xLSq+hnN8iQECRxRnI1Jn0KKZkbGr0MRN7eShVFnc+Aeim4Y1VlYNMLB2KCMh4RDjqxREzWuNLDkfoxpDJeziJTmpg8InTivzvb20xg==
zQM0ghlFV+bcMKX8hP2G9Fqx+kifPJNZyHKlMnTwpCs591BZNwyE/dZyuDP8LnWgWH4dW4oYQ0k+KgMoy/HJ0w+EL3S0DQ==
b558TBerp6h8nwkPzj25B9wQhTciQTjkAUMZ/O2HvtrfPbgyMVHlY05PetvHxQG0eg==
lgGD1Mn+vIfVJdlPjPJQ9jT2+FW7pmre2fVRTaACL1wk9Ctny7Qv0xR6dak6uqP1TzOEC6jz5dELtHA=
VOKaVrl6yBW0lYDU+y4m3YYgOMJxdxrhIlhu8h+NTGC5inBoGUmqRp8T5kyXqlufJZnH8ssGtHM=
gwQ717OJ/i5MZhupaIV6jHM1mRjFp93noeDaZE02kZyGhEg/f/eJC6qevwaHPwDAybzEWmB9AfUsh/dWcHt+oPQd7CSRlgCcgeVqYpdvNtgvZjubTUV3RhNqtBc=
VB9GmLQUZemufCvhF8BuxQNa5PIeq3ADdE8tZlrmybgZBhoS2M3LiTHhBvgfpOOR6Hq1CjQINKPZv2BBNxS0tTb6KMu8FmWoeLZtwwqAswEeIhMQC4lZW29MH2y0FQ==
ogWKP97TFkhVHiWLup+IyCppy9cvmVEZQ08tZlrmybgZBhoS2M3LiTHhBvgfpOOR6Hq1CjQINKPZv2BBNxS0tTb6KMu8FmWoeLZtwwqAswEeIhMQC4lZW29MH2y0FQ==
goOsn2VG3n+eHuLZzPaW9hd+YCxRRiViWuLBrAkSMvb4qeNdYbXOPF9gK8W4rh1ulOycN0kr6MW3kDwhpm6ALxxyzXwo4qUHSkR7VU72O3QrbXFPf1gXaLQR
QJSjOb7mFFqYN3Wr6xFas/aEJ1eNrSoBhh6IHc/VDwesVF1eWt65kPkuSkoYFZvhkQm2gJ9cU/lIkmVSdNDki7mXkHk3LESdVtL4E/xOtUDY3t07ivgD6b5KQ8jL0Qlzj2RvVLQt
aeEsCVF5SsGm5LP1v9Vk/DfV4vL36NM2V8nVOpp5U2epHx8aHX/Ntemwg0BOVRSlRuRRb28l1JRFTytcOzqu3ahyWBdPYmB6teI6BHXbVcwx70qa6xXkwn1J0cPaN3aLe21VtC4=
RoLvWf1SG4PFjfFF7Kx8epAnVndW43+fYmhmUrrMWyCS/R/6k3pFUlrSoZzJwlJmeDlDDaFF7kxfkAu1+H69/hR8fGcJGwj1t6DcEeY+YL+c4m2saJKF90o0W6WOppvkq/0Rn79od1i0IQ==
Ctph/kNY+gyaMBS0QO51Nu3Gqw31jDM+uon+BXMQWs7wtWUvJQdpky/bDlCkP+wtk6yVAxsnDAn68zVKXpu4hRL0S6drNI+T9HpVaVo6wzVvM2RLSHNFEWu0EA==
