M8+vjqO+AevdC6/ytK8612LNyvtPWbqywF92CWuKiv1VyjIoMoTxGFyNhJJo/WO99dc4sYqNDuQhg7l8TUeS2r/+2bJRkYVjLo8aW6cFYbQa
jwO8uUc1D66PNIO65kxngPlwwgb8JdZY4irifMFq1PMIPn9Y03kB8ZihUpYeo5RTaaQ7EjFkC0FJCdIpfj4XnI/QUFtu/y4sdWZS3nSMpkWAz3k3oYSSxMIWqv3Oy++U8NXa6Sr0i1cdO1FX2OcYO3mVTPsBcOe/CR0yfj4jZKlpko8Ur7M6R8jyIVGpmyhkZR2sIZxptBi/0oNGTYZObZggPijrsUnw+/vsBNWbNUzRL+aai1bFQl0JscN691YLGy31tI4=
J2ZX5aB1yHD+WCs4TEE3mPlwwgb8JdZY4irifMFq1PMIPn9Y03kB8ZihUpYeo5RTaaQ7EjFkC0FJCdIpfj4XnI/QUFtu/y4sdWZS3nSMpkWAz3k3oYSSxMIWqv3Oy++U8NXa6Sr0i1cdO1FX2OcYO3mVTPsBcOe/CR0yfj4jZKlpko8Ur7M6R8jyIVGpmyhkZR2sIZxptBi/0oNGTYZObZggPijrsUnw+/vsBNWbNUzRL+Wai1bFQl0JscN691YLGy31tI4=
9rR7+eHNS50AeUdE+EVxqd/4242Yog+Y1FQMv6lj2N23iAxpRuYQl1yK3XQIqlWeytwInG7+Kwzr1eHHH5AncLQJ
8j1JkC004IvA4WbmRoXS3tdXOGsmywBT+ZIHMPzx6Xv/Q69rElHZ8+Bg4DMVYlFBcs6euOeJqaNKBW2Zm5sPVMsHt+iyrrclOUNAGmeTnKbaZBL87cdUAlLxNbQL/fZKIwelcf1iFQhHySlEyK2EdmlY/PQ6UX/32+qzSWYCnmTf2tVLMoLEPiN8kyvbOgIs21VwdewU339HhLO7YTpBAidKr217k9Bz5KNZ+Z+05A==
A3z9cb8LGDyRajly6jCYnw+ewy7QctQXm2e4PG6j4S089FFSWkiV6tFhsyP8LnWgWH4dWooYQEg+KgMoy/HJ0w+EL3S0DQ==
qZ+YlTgoBWkWpRdAFvr1+g6ewy7QctQXm2e4PG6j4S089FFSWkiV6tFhsyP8LnWgWH4dWooYQEg+KgMoy/HJ0w+EL3S0DQ==
fYMLfSnB7zFCCJmhLxJn6Q2ewy7QctQXm2e4PG6j4S089FFSWkiV6tFhsyP8LnWgWH4dWooYQEg+KgMoy/HJ0w+EL3S0DQ==
aH6rZOMtrK6gjbi1UXFd9Qyewy7QctQXm2e4PG6j4S089FFSWkiV6tFhsyP8LnWgWH4dWooYQEg+KgMoy/HJ0w+EL3S0DQ==
cq13SFOC7rOW+jAF4VI7rQuewy7QctQXm2e4PG6j4S089FFSWkiV6tFhsyP8LnWgWH4dWooYQEg+KgMoy/HJ0w+EL3S0DQ==
VNOdP0QcROWmnplnFZsMQAqewy7QctQXm2e4PG6j4S089FFSWkiV6tFhsyP8LnWgWH4dWooYQEg+KgMoy/HJ0w+EL3S0DQ==
0/pf2ueOW+qTwEt8P4fHKwmewy7QctQXm2e4PG6j4S089FFSWkiV6tFhsyP8LnWgWH4dWooYQEg+KgMoy/HJ0w+EL3S0DQ==
doDYaCffCET7lqJ91ItrYAiewy7QctQXm2e4PG6j4S089FFSWkiV6tFhsyP8LnWgWH4dWooYQEg+KgMoy/HJ0w+EL3S0DQ==
hDA+fOT8JUn4L6Oq/LI6MQeewy7QctQXm2e4PG6j4S089FFSWkiV6tFhsyP8LnWgWH4dWooYQEg+KgMoy/HJ0w+EL3S0DQ==
/8PBWZ7Gb0HRi1+wt2ky9Aaewy7QctQXm2e4PG6j4S089FFSWkiV6tFhsyP8LnWgWH4dWooYQEg+KgMoy/HJ0w+EL3S0DQ==
0lZ04BLuJm5/lb/dTToFBkN06bTJPrNgzVqOF+Q6ueYUV7yon6s/+ucrQ42ywdak6TPhnCXXJ1pHbnESCWHNo+bf4juPNXm0Ag==
rQnve2iyZRCDEyiFcjznQJwFinpShUtEvq4hDSOE/4nRUkElUpK3nMVBh6C58gJnOILtBiBPQPjTQ6t6c0OPXc7Z4sQ9i71sqX/TGnOGfSLVGRkDkkdea0MdbbQW
MSOpBeh5uN1YACUhv/wJED0W5BJ0jLCcqP3DsQyOvv0tV/SylRAahskgqZfn8cwQWfqwGPk5qjZ8YiY8d9rb78XpB4IrdrQD
h3wPmEQfN/g90NxN0MF0GEU++85xUL3bEcBvPnR/Po4LNmaj5mAl7/26JW95Reg1pHTbBzv037MEemWKC/oTVf+zFKv4M7Uxe7QA
Wqyv3g/jwQE1NdRMIlzOW3ADh6928BhiED4MWyvL4NAOT3mBjHjJ3trEDWZhzSvPnMItDOgyxRdKVJgEDgZbxKsd0f8/iDd4tAE=
+Z9aYyBafSQ86QylY6qJfmyT1y7QctQXm2e4PG6j4S089FFSWkiV6tFhsyP8LnWgWH4dW4oYQEg+KgMoy/HJ0w+EL3S0DQ==
sairZO5zYh4MRj5mqzU2oCkFhbdm5hhiED4MWyvL4NAOT3mBjHjJ3trEDWZhzSvPnMItDOgyxRdKVJgEDgZbxKsd0f8/iDd4tAE=
4IsGLnCZRATqL/j0tlsC3CgFhbdm5hhiED4MWyvL4NAOT3mBjHjJ3trEDWZhzSvPnMItDOgyxRdKVJgEDgZbxKsd0f8/iDd4tAE=
rXhX+Ua5GuUIEsHKm7VzyisFhbdm5hhiED4MWyvL4NAOT3mBjHjJ3trEDWZhzSvPnMItDOgyxRdKVJgEDgZbxKsd0f8/iDd4tAE=
I6s4Sq3I1wy52LhASYNr7Ckfg7d6/hliED4MWyvL4NAOT3mBjHjJ3trEDWZhzSvPnMItDOgyxRdKVJgEDgZbxKsd0f8/iDd4tAE=
OS+pmujjbb8v6l4V9eZ0Rygfg7d6/hliED4MWyvL4NAOT3mBjHjJ3trEDWZhzSvPnMItDOgyxRdKVJgEDgZbxKsd0f8/iDd4tAE=
98itTWsTfLgNHff3aTS8RSsfg7d6/hliED4MWyvL4NAOT3mBjHjJ3trEDWZhzSvPnMItDOgyxRdKVJgEDgZbxKsd0f8/iDd4tAE=
BstocEVhMaGeH3Y/KQGrKxBSS7XdgKOGIK9KZleW2gtyENF3cTqp9w21fJ0Y1Advz6QLC0i6KXJfKid9I9Pow+wDgSl3tAw=
RoD4B4jhY6Z8+o9qaoufV1qx+kifPJNZyHKlMnTwpCs591BZNwyE/dZyuDP8LnWgWH4dW4oYQEg+KgMoy/HJ0w+EL3S0DQ==
d1seEsWfhS8ljicNyvnmHFqx+kifPJNZyHanPHTwpCs591BZNwyE/dZyuDP8LnWgWH4dW4oYQEg+KgMoy/HJ0w+EL3S0DQ==
8oqf5v8oO6l2SVA42els6pdW/wLJQ/Agt/t9Y47JX////zl11i4dZHk0Y7djFLdDjPrtOqNayyUH88z7wBOdIXO0CA==
nPReFj6n866sBTCv5x9Pk5AnVndW43+fYmhmUrrMWyCS/R/6k3pFUlrSoZzJwlJmeDlDDaFF7kxfkAu1+Hq/8BR8fGcJGwj1t6DcEeY+YL+c4m2saJKF90o0WKSOppvkq/0Rn79od1i0IQ==
0kGgqQfJtswa5p1EOb6d7TfV4vL36NM2V8nVOpp5U2epHx8aHX/Ntemwg0BOVRSlRuRRb28l1JRBTSVcOzqu3ahyWBdPYmB6teI6BHXbVcwx70qa6xblwn1J0cPaN3aLe21VtC4=
kU4keUy8S4TUCSXaHz+ibvaEJ1eNrSoBhh6IHc/VDwesVF1eWt65kPkuSkoYFZvhkQm2gJ9cU/lIlmdcdNDki7mXkHk3LESdVtL4E/xOtUDY3t07ivgA6L5KQ8jL0Qlzj2RvVLQt
2dHSPVB7gaKXfKfsidfDVhd+YCxRRiViWuLBrAkSMvb4qeNdYbXOPF9gK8W4qh9glOycN0kr6MW3kDwhpm6ALxxyzXwo4qUHSkR4VE72O3QrbXFPf1gXaLQR
rv+6ci2hKh2/LY8zc1ISeCppy9cvmVEZQ08tZlrmybgZBhoS2M3LiTHhBvgfpOOR6H63BDQINKPZv2BBNxS0tTb6KMu8FmWoeLZtwwqAsAAeIhMQC4lZW29MH2y0FQ==
MPTBWZNUJBbH1UQh5yKBLwNa5PIeq3ADdE8tZlrmybgZBhoS2M3LiTHhBvgfpOOR6H63BDQINKPZv2BBNxS0tTb6KMu8FmWoeLZtwwqAsAAeIhMQC4lZW29MH2y0FQ==
lSCoIV+2zi6cns2n4VmUNXM1mRjFp93noeDaZE02kZyGhEg/f/eJC6qevwaHPwDEy7LEWmB9AfUsh/dWcHt+oPQd7CSRlgCcgeVqYpRuNtgvZjubTUV3RhNqtBc=
S+IPEZQ/2q6jV/HhWGoZC/lwwgb8JdZY4irifMFq1PMIPn9Y03kB8ZihUpYeo5RTaaQ7EjFkC0FJCdIpfj4XnI/QUFtu/y4sdWZS3nSMpkWAz3k3oYSSxMIWqv3Oy++U8NXa6Sr0i1cdO1FX2OcYO3mVTPsBcOe/CR0yfj4jZKlpko8Ur7M6R8jyIVGpmyhkZR2sIZxptBi/0oNGTYZObZggPijrsUnw+/vsBNWbNUzRL+OZi1bFQl0JscN691YLGy31tI4=
q2s+0ixgjBqPByQqfJbSilqx+kifPJNZyHKlMnTwpCs591BZNwyE/dZyuDP8LnWgWH4dWosYQ0g+KgMoy/HJ0w+EL3S0DQ==
wECL5RtFXyVgErAbJrZcNu3Gqw31jDM+uon+BXMQWs7wtWUvJQdpky/bDlCkP+wtk6yVAxsnDAn68zVKXpu4hRL0S6drNI+T9XtVaVs6wzVvM2RLSHNFEWu0EA==
