nIy676SZOfAtPLig+TIbUmLNyvtPWbqywF92CWuKiv1VyjIoMoTxGFyNhJJo/WO99dc4sYqNDuQhg7l8TUee3r/72bJSkYVjLo8aW6cFYbQa
lsrRelzxKr9XdhN5fRNlMPlwwgb8JdZY4irifMFq1PMIPn9Y03kB8ZihUpYeo5RTaaQ7EjFkC0FJCdIpfj4XnI/QUFtu/y4sdWZS3nSMpkWAz3k3oYSSxMIWqv3Oy++U8NXa6Sr0i1cdO1FX2OcYO3mVTPsBcOe/CR0yfj4jZKlpko8Ur7M6R8jyIVGpmyhkZR2sIZxptBi/0oNGTYZObZggPijrsUnw+/vsBNWbNUzRL+qei1PFQl4JscN691YLGy31tI4=
Sp664J7VQVMqxU5+1PNKKflwwgb8JdZY4irifMFq1PMIPn9Y03kB8ZihUpYeo5RTaaQ7EjFkC0FJCdIpfj4XnI/QUFtu/y4sdWZS3nSMpkWAz3k3oYSSxMIWqv3Oy++U8NXa6Sr0i1cdO1FX2OcYO3mVTPsBcOe/CR0yfj4jZKlpko8Ur7M6R8jyIVGpmyhkZR2sIZxptBi/0oNGTYZObZggPijrsUnw+/vsBNWbNUzRL+Obi1LFQl4JscN691YLGy31tI4=
xfgQXvVpDIDOsBwBxV4iad/4242Yog+Y1FQMv6lj2N23iAxpRuYQl1yK3XQIqlWUy9wMnG79Kwzr1eHHH5AncLQJ
CtUMh/jPqjOklm9spBS7uOvsyTFe1vjXW2Y1qvjZJ+U6HHPbFpm+vSdHyqSwSigEMYaaGXqKWd83yazsQf6gdBFn6+oAhpaz/657U50tV64DYrQf
gY2k6xG/z6YRddxPPm02MCkFhbdm5hhiED4MWyvL4NAOT3mBjHjJ3trEDWZhzSvPnMItDOgyxR1LVJwEDgVbxKsd0f8/iDd4tAE=
1Odnk/nXa4WxRRPQ3mPeTJwFinpShUtEvq4hDSOE/4nRUkElUpK3nMVBh6C58gJnOILtBiBPQPjTQ6t6c0OPXc7Z4sQ9i71sqX/YG3OCfSLWGRkDkkdea0MdbbQW
iP1y8l3l1YLatTYzmF7YAygFhbdm5hhiED4MWyvL4NAOT3mBjHjJ3trEDWZhzSvPnMItDOgyxR1LVJwEDgVbxKsd0f8/iDd4tAE=
azde2tzGePsW4/ysPXuWzw+ewy7QctQXm2e4PG6j4S089FFSWkiV6tFhsyP8LnWgWH4dUYsYREg+KQMoy/HJ0w+EL3S0DQ==
vX4JxuRy9V6mIBbyxIH04w6ewy7QctQXm2e4PG6j4S089FFSWkiV6tFhsyP8LnWgWH4dUYsYREg+KQMoy/HJ0w+EL3S0DQ==
mniK0i09PtUy7aT6UMEXfSkfg7d6/hliED4MWyvL4NAOT3mBjHjJ3trEDWZhzSvPnMItDOgyxRpLVJwEDgVbxKsd0f8/iDd4tAE=
oHJqYd+LIsZ8Udq36B4Od1qx+kifPJNZyHKlMnTwpCs591BZNwyE/dZyuDP8LnWgWH4dVosYREg+KQMoy/HJ0w+EL3S0DQ==
QZbTGl4jus32HRBkZoewGlqx+kifPJNZyHanPHTwpCs591BZNwyE/dZyuDP8LnWgWH4dVosYREg+KQMoy/HJ0w+EL3S0DQ==
zazLQsqE8TqTzk1y5YpOV5dW/wLJQ/Agt/t9Y47JX////zl11i4dZHk0Y7djFLdDgfvtPqNayCUH88z7wBOdIXO0CA==
m7VklE97aECT3sUcsAzQNJAnVndW43+fYmhmUrrMWyCS/R/6k3pFUlrSoZzJwlJmeDlDDaFF7kxfkAu1+Hq/8BR8fGcJGwj1t6DcEeY+YL+c4m2saJKF+ks0XKSOpZvkq/0Rn79od1i0IQ==
JzUGwMNspGg5o6acmqT4czfV4vL36NM2V8nVOpp5U2epHx8aHX/Ntemwg0BOVRSlRuRRb28l1JRBTSVcOzqu3ahyWBdPYmB6teI6BHXbVcwx70eb6xLlwn5J0cPaN3aLe21VtC4=
APpIceDye7PRGyZReqkqJvaEJ1eNrSoBhh6IHc/VDwesVF1eWt65kPkuSkoYFZvhkQm2gJ9cU/lIlmdcdNDki7mXkHk3LESdVtL4E/xOtUDY3t02i/gE6L5JQ8jL0Qlzj2RvVLQt
sSqtXx2N2gkk3hTMNVTPuRd+YCxRRiViWuLBrAkSMvb4qeNdYbXOPF9gK8W4qh9glOycN0kr6MW3kDwhpm6ALxxyzXwo4qUKS0R8VE71O3QrbXFPf1gXaLQR
o8VON1evnUfNIXSMs3YkwCppy9cvmVEZQ08tZlrmybgZBhoS2M3LiTHhBvgfpOOR6H63BDQINKPZv2BBNxS0tTb6KMu8FmWoeLZtzguAtAAeIRMQC4lZW29MH2y0FQ==
9AC9WUOw2l6RBXWInjdhtANa5PIeq3ADdE8tZlrmybgZBhoS2M3LiTHhBvgfpOOR6H63BDQINKPZv2BBNxS0tTb6KMu8FmWoeLZtzguAtAAeIRMQC4lZW29MH2y0FQ==
uThrJI5PuKATaYR4HSrMfHM1mRjFp93noeDaZE02kZyGhEg/f/eJC6qevwaHPwDEy7LEWmB9AfUsh/dWcHt+oPQd7CSRlgCcgehrYpBuNtsvZjubTUV3RhNqtBc=
6IzfVId0D3yxtdwthYTjEflwwgb8JdZY4irifMFq1PMIPn9Y03kB8ZihUpYeo5RTaaQ7EjFkC0FJCdIpfj4XnI/QUFtu/y4sdWZS3nSMpkWAz3k3oYSSxMIWqv3Oy++U8NXa6Sr0i1cdO1FX2OcYO3mVTPsBcOe/CR0yfj4jZKlpko8Ur7M6R8jyIVGpmyhkZR2sIZxptBi/0oNGTYZObZggPijrsUnw+/vsBNWbNUzRL+ebi1LFQl4JscN691YLGy31tI4=
vhR6L6RWl4xv2aNAOJ9arVqx+kifPJNZyHKlMnTwpCs591BZNwyE/dZyuDP8LnWgWH4dVIoYR0g+KQMoy/HJ0w+EL3S0DQ==
Lbo/Aa3cazuYQAzz2DWsXe3Gqw31jDM+uon+BXMQWs7wtWUvJQdpky/bDlCkP+wtk6yVAxsnDAn68zVKXpu4hRL0S6drNI+T+3pVbVs6wDVvM2RLSHNFEWu0EA==
