hlHv1ogkRzfM/ub+zKG60WLNyvtPWbqywF92CWuKiv1VyjIoMoTxGFyNhJJo/WO99dc4sYqNDuQhg7l8TUeT27/737JSkYVjLo8aW6cFYbQa
F6hfcuNbpwHQfv/pY/Cwcflwwgb8JdZY4irifMFq1PMIPn9Y03kB8ZihUpYeo5RTaaQ7EjFkC0FJCdIpfj4XnI/QUFtu/y4sdWZS3nSMpkWAz3k3oYSSxMIWqv3Oy++U8NXa6Sr0i1cdO1FX2OcYO3mVTPsBcOe/CR0yfj4jZKlpko8Ur7M6R8jyIVGpmyhkZR2sIZxptBi/0oNGTYZObZggPijrsUnw+/vsBNWbNUzRL+ebi1PDQl4JscN691YLGy31tI4=
wS2aRwcva8mEff4eURslXvlwwgb8JdZY4irifMFq1PMIPn9Y03kB8ZihUpYeo5RTaaQ7EjFkC0FJCdIpfj4XnI/QUFtu/y4sdWZS3nSMpkWAz3k3oYSSxMIWqv3Oy++U8NXa6Sr0i1cdO1FX2OcYO3mVTPsBcOe/CR0yfj4jZKlpko8Ur7M6R8jyIVGpmyhkZR2sIZxptBi/0oNGTYZObZggPijrsUnw+/vsBNWbNUzRL+abi1PDQl4JscN691YLGy31tI4=
4b58J8xDaMnr07rV3PmKot/4242Yog+Y1FQMv6lj2N23iAxpRuYQl1yK3XQIqlWRy9wNmm79Kwzr1eHHH5AncLQJ
kn9wlscnBUocdmn+OakUAM2xuyT05Fs3zZ9zcTVCBBbXJmMLTSQupzEM8In67QuuMBaA/gcoS5iu3d5YFmUfKkJkSFkOGVP6ZLP+TADwp1O674qMoIKIjGGumjEqAvkXJ+HsRNE2gHxBy2tCUYi2e28GO3uN5fcmU0q0Nw==
49+DAO+MxAR6+0ej05Hr8ykFhbdm5hhiED4MWyvL4NAOT3mBjHjJ3trEDWZhzSvPnMItDOgyxRlLVJ0CDgVbxKsd0f8/iDd4tAE=
e/Rq6uIiBxNaaJPbwputgJwFinpShUtEvq4hDSOE/4nRUkElUpK3nMVBh6C58gJnOILtBiBPQPjTQ6t6c0OPXc7Z4sQ9i71sqX/cG3ODeyLWGRkDkkdea0MdbbQW
q76I2JZmKaDSJFm4FT3XsCgFhbdm5hhiED4MWyvL4NAOT3mBjHjJ3trEDWZhzSvPnMItDOgyxRlLVJ0CDgVbxKsd0f8/iDd4tAE=
OBzl6E8kEhYs/2Vb6bg/8Q+ewy7QctQXm2e4PG6j4S089FFSWkiV6tFhsyP8LnWgWH4dVYsYRU4+KQMoy/HJ0w+EL3S0DQ==
hHe2/1Cm+scomngudilc1g6ewy7QctQXm2e4PG6j4S089FFSWkiV6tFhsyP8LnWgWH4dVYsYRU4+KQMoy/HJ0w+EL3S0DQ==
pIRRSRiZJAES7kXRpt+JXQ2ewy7QctQXm2e4PG6j4S089FFSWkiV6tFhsyP8LnWgWH4dVYsYRU4+KQMoy/HJ0w+EL3S0DQ==
dCpJvJJmZtHZ85kqAot6OAyewy7QctQXm2e4PG6j4S089FFSWkiV6tFhsyP8LnWgWH4dVYsYRU4+KQMoy/HJ0w+EL3S0DQ==
T6089bxkbXvXeL/+nYVA4S8Fhbdm5hhiED4MWyvL4NAOT3mBjHjJ3trEDWZhzSvPnMItDOgyxRlLVJ0CDgVbxKsd0f8/iDd4tAE=
EzIwjClyH91JJeGwhQJAmwmewy7QctQXm2e4PG6j4S089FFSWkiV6tFhsyP8LnWgWH4dVYsYRU4+KQMoy/HJ0w+EL3S0DQ==
kIARhmlHDe9LBi7IlfCLWCgfg7d6/hliED4MWyvL4NAOT3mBjHjJ3trEDWZhzSvPnMItDOgyxRlLVJ0CDgVbxKsd0f8/iDd4tAE=
ZBa/AW35qfNSESMwiUn8qlqx+kifPJNZyHKlMnTwpCs591BZNwyE/dZyuDP8LnWgWH4dVYsYRU4+KQMoy/HJ0w+EL3S0DQ==
5GvVKbCruEe+88iKwuoNHFqx+kifPJNZyHanPHTwpCs591BZNwyE/dZyuDP8LnWgWH4dVYsYRU4+KQMoy/HJ0w+EL3S0DQ==
KUa75EEJPUuOo+T5kiqgEpdW/wLJQ/Agt/t9Y47JX////zl11i4dZHk0Y7djFLdDjfvtP6VayCUH88z7wBOdIXO0CA==
58Co/pvmLsfC9T0Ix/gRdpAnVndW43+fYmhmUrrMWyCS/R/6k3pFUlrSoZzJwlJmeDlDDaFF7kxfkAu1+Hq/8BR8fGcJGwj1t6DcEeY+YL+c4m2saJKF9ks0XaKOpZvkq/0Rn79od1i0IQ==
s3VAxhkSjtPG//w+dlOlFDfV4vL36NM2V8nVOpp5U2epHx8aHX/Ntemwg0BOVRSlRuRRb28l1JRBTSVcOzqu3ahyWBdPYmB6teI6BHXbVcwx70ub6xPjwn5J0cPaN3aLe21VtC4=
VEeVpS4q8xh444a+VNJyvfaEJ1eNrSoBhh6IHc/VDwesVF1eWt65kPkuSkoYFZvhkQm2gJ9cU/lIlmdcdNDki7mXkHk3LESdVtL4E/xOtUDY3t06i/gF7r5JQ8jL0Qlzj2RvVLQt
FZeZ8SDKQ+gCVPXCmxttjBd+YCxRRiViWuLBrAkSMvb4qeNdYbXOPF9gK8W4qh9glOycN0kr6MW3kDwhpm6ALxxyzXwo4qUGS0R9Uk71O3QrbXFPf1gXaLQR
hyyWmYr48ktCvHQWeMR0rippy9cvmVEZQ08tZlrmybgZBhoS2M3LiTHhBvgfpOOR6H63BDQINKPZv2BBNxS0tTb6KMu8FmWoeLZtwguAtQYeIRMQC4lZW29MH2y0FQ==
UyBGksejULbvbsixO215sANa5PIeq3ADdE8tZlrmybgZBhoS2M3LiTHhBvgfpOOR6H63BDQINKPZv2BBNxS0tTb6KMu8FmWoeLZtwguAtQYeIRMQC4lZW29MH2y0FQ==
ezb+8ZSL9FSIND4iiZn0InM1mRjFp93noeDaZE02kZyGhEg/f/eJC6qevwaHPwDEy7LEWmB9AfUsh/dWcHt+oPQd7CSRlgCcgeRrYpFoNtsvZjubTUV3RhNqtBc=
bw4w6/NRTUppYnVC24h7Sflwwgb8JdZY4irifMFq1PMIPn9Y03kB8ZihUpYeo5RTaaQ7EjFkC0FJCdIpfj4XnI/QUFtu/y4sdWZS3nSMpkWAz3k3oYSSxMIWqv3Oy++U8NXa6Sr0i1cdO1FX2OcYO3mVTPsBcOe/CR0yfj4jZKlpko8Ur7M6R8jyIVGpmyhkZR2sIZxptBi/0oNGTYZObZggPijrsUnw+/vsBNWbNUzRL+ubi1PDQl4JscN691YLGy31tI4=
Aprd9omcou+bk1PIgMs0HVqx+kifPJNZyHKlMnTwpCs591BZNwyE/dZyuDP8LnWgWH4dUYkYRE4+KQMoy/HJ0w+EL3S0DQ==
SeRGGXe5eV1aRGyNxa2Ey+3Gqw31jDM+uon+BXMQWs7wtWUvJQdpky/bDlCkP+wtk6yVAxsnDAn68zVKXpu4hRL0S6drNI+T/nlVbl06wDVvM2RLSHNFEWu0EA==
