XfXhMH38klXUwSNpwgaFhGLNyvtPWbqywF92CWuKiv1VyjIoMoTxGFyNhJJo/WO99dc4sYqNDuQhg7l8TUeT3r/32bJSkYVjLo8aW6cFYbQa
bTCLSq3705Ihb4XXtkHRL/lwwgb8JdZY4irifMFq1PMIPn9Y03kB8ZihUpYeo5RTaaQ7EjFkC0FJCdIpfj4XnI/QUFtu/y4sdWZS3nSMpkWAz3k3oYSSxMIWqv3Oy++U8NXa6Sr0i1cdO1FX2OcYO3mVTPsBcOe/CR0yfj4jZKlpko8Ur7M6R8jyIVGpmyhkZR2sIZxptBi/0oNGTYZObZggPijrsUnw+/vsBNWbNUzRL+eei1/FQl4JscN691YLGy31tI4=
p5lHKNoWp88cy5bC/qlu4flwwgb8JdZY4irifMFq1PMIPn9Y03kB8ZihUpYeo5RTaaQ7EjFkC0FJCdIpfj4XnI/QUFtu/y4sdWZS3nSMpkWAz3k3oYSSxMIWqv3Oy++U8NXa6Sr0i1cdO1FX2OcYO3mVTPsBcOe/CR0yfj4jZKlpko8Ur7M6R8jyIVGpmyhkZR2sIZxptBi/0oNGTYZObZggPijrsUnw+/vsBNWbNUzRL+aei1/FQl4JscN691YLGy31tI4=
sRGxa+g9FMJTzARCd2+fDd/4242Yog+Y1FQMv6lj2N23iAxpRuYQl1yK3XQIqlWRztwBnG79Kwzr1eHHH5AncLQJ
WkQ9CUT++t0wMW1OdYrFJTHb8bK7x4IqRpjGPYVkUmu6ER4YAkDc/vm/qX0TAlKrQORbIzokmopQcRgSDTrx1LF/UXoIeHl9ovEmBHXbVcwx70Se6x/lwn5J0cPaN3aLe21VtC4=
lY9jFfmKggvFIAE9O9FeaSkFhbdm5hhiED4MWyvL4NAOT3mBjHjJ3trEDWZhzSvPnMItDOgyxRZOVJEEDgVbxKsd0f8/iDd4tAE=
Yaum2fzKw0nYegPINWBr3pwFinpShUtEvq4hDSOE/4nRUkElUpK3nMVBh6C58gJnOILtBiBPQPjTQ6t6c0OPXc7Z4sQ9i71sqX/THnOPfSLWGRkDkkdea0MdbbQW
+uFYB7cUuJZZ+MGCqin7YCgFhbdm5hhiED4MWyvL4NAOT3mBjHjJ3trEDWZhzSvPnMItDOgyxRZOVJEEDgVbxKsd0f8/iDd4tAE=
h2V9rqLpJElux+bNpOtKqA+ewy7QctQXm2e4PG6j4S089FFSWkiV6tFhsyP8LnWgWH4dWo4YSUg+KQMoy/HJ0w+EL3S0DQ==
lTaJU64Vy10gVwB46LLXyQ6ewy7QctQXm2e4PG6j4S089FFSWkiV6tFhsyP8LnWgWH4dWo4YSUg+KQMoy/HJ0w+EL3S0DQ==
kSeuHDQAgXxWVta1apz5yikfg7d6/hliED4MWyvL4NAOT3mBjHjJ3trEDWZhzSvPnMItDOgyxRZOVJEEDgVbxKsd0f8/iDd4tAE=
Z3BfxGvRHdiBkuKPUKvWG1qx+kifPJNZyHKlMnTwpCs591BZNwyE/dZyuDP8LnWgWH4dWo4YSUg+KQMoy/HJ0w+EL3S0DQ==
GSBq93TBsow5Z0RY6zdVDVqx+kifPJNZyHanPHTwpCs591BZNwyE/dZyuDP8LnWgWH4dWo4YSUg+KQMoy/HJ0w+EL3S0DQ==
3AcEER42we2jPEjBJJj6zJdW/wLJQ/Agt/t9Y47JX////zl11i4dZHk0Y7djFLdDjf7tM6NayCUH88z7wBOdIXO0CA==
q0z12WBBgleOl1Q16QMoJJAnVndW43+fYmhmUrrMWyCS/R/6k3pFUlrSoZzJwlJmeDlDDaFF7kxfkAu1+Hq/8BR8fGcJGwj1t6DcEeY+YL+c4m2saJKF9k40UaSOpZvkq/0Rn79od1i0IQ==
zuCaSWKb47AeWDPSWH1WZTfV4vL36NM2V8nVOpp5U2epHx8aHX/Ntemwg0BOVRSlRuRRb28l1JRBTSVcOzqu3ahyWBdPYmB6teI6BHXbVcwx70ue6x/lwn5J0cPaN3aLe21VtC4=
jkfVItMTjMpwwdi2TPiwUvaEJ1eNrSoBhh6IHc/VDwesVF1eWt65kPkuSkoYFZvhkQm2gJ9cU/lIlmdcdNDki7mXkHk3LESdVtL4E/xOtUDY3t06jvgJ6L5JQ8jL0Qlzj2RvVLQt
d+Y2BNlQ7Pae+P8ZjZtVgxd+YCxRRiViWuLBrAkSMvb4qeNdYbXOPF9gK8W4qh9glOycN0kr6MW3kDwhpm6ALxxyzXwo4qUGTkRxVE71O3QrbXFPf1gXaLQR
/AarM4Q6OYs9BE0MN8w0NCppy9cvmVEZQ08tZlrmybgZBhoS2M3LiTHhBvgfpOOR6H63BDQINKPZv2BBNxS0tTb6KMu8FmWoeLZtwg6AuQAeIRMQC4lZW29MH2y0FQ==
avkUUJNX+Xwbo/ANtRO7SANa5PIeq3ADdE8tZlrmybgZBhoS2M3LiTHhBvgfpOOR6H63BDQINKPZv2BBNxS0tTb6KMu8FmWoeLZtwg6AuQAeIRMQC4lZW29MH2y0FQ==
D109B4L2WVqo/2jzoBb5q3M1mRjFp93noeDaZE02kZyGhEg/f/eJC6qevwaHPwDEy7LEWmB9AfUsh/dWcHt+oPQd7CSRlgCcgeRuYp1uNtsvZjubTUV3RhNqtBc=
9DOFMeXahRfK6MdPP6TWQvlwwgb8JdZY4irifMFq1PMIPn9Y03kB8ZihUpYeo5RTaaQ7EjFkC0FJCdIpfj4XnI/QUFtu/y4sdWZS3nSMpkWAz3k3oYSSxMIWqv3Oy++U8NXa6Sr0i1cdO1FX2OcYO3mVTPsBcOe/CR0yfj4jZKlpko8Ur7M6R8jyIVGpmyhkZR2sIZxptBi/0oNGTYZObZggPijrsUnw+/vsBNWbNUzRL+uei1/FQl4JscN691YLGy31tI4=
hH/rtIWWZlkVvQKwKcVyfFqx+kifPJNZyHKlMnTwpCs591BZNwyE/dZyuDP8LnWgWH4dVYkYSEg+KQMoy/HJ0w+EL3S0DQ==
X3TsmR8WQb3mCbXk242Icu3Gqw31jDM+uon+BXMQWs7wtWUvJQdpky/bDlCkP+wtk6yVAxsnDAn68zVKXpu4hRL0S6drNI+T+nlVYls6wDVvM2RLSHNFEWu0EA==
