2hqLbG6ZiX7oXkXZQpYSeQSCt5QBY2eUjCoXscJHPgJsVW3J2sTxVRiz3o+JPxqd8gbTfL4Of1KjkBKie6gpoMfOzkulgIsxtQEnujtyswk=
xwh3gOpB32Rf4wxHmJeN9oV90rCuxreYjtmx2bl0UraF3TI9F4/QcoWCJeNJL+7lJ+msT9c81NKOQLihuZEAZELEzYJut6Lz+rVW7ltj3PMxMZgjDzRJdKcLbFyYbOpNvCNh5FUssLSyNLe7CU/lHXITQaScHOKVC+NYmGi/u+DedObidWirvDJciONZarVICLRsSjliZ03jJheflVxohB0G05xQNA6pe6xp5qsMYsYj5Oh0LzJeTx2s60X9XRceI/6znQ==
8wOdtT8MuKy8mSxYfkQMzYV90rCuxreYjtmx2bl0UraF3TI9F4/QcoWCJeNJL+7lJ+msT9c81NKOQLihuZEAZELEzYJut6Lz+rVW7ltj3PMxMZgjDzRJdKcLbFyYbOpNvCNh5FUssLSyNLe7CU/lHXITQaScHOKVC+NYmGi/u+DedObidWirvDJciONZarVICLRsSjliZ03jJheflVxohB0G05xQNA6pe6xp5qsMYsYj5O90LzJeTx2s60X9XRceI/6znQ==
eqeDn4BmIg84hQCJDyvCkRHwceNAc3KpuDEXxJ2rN7XGfkhz0iuOF6vpSz6fdbfcwRWNeu4zB/PY78oblyV9sxg=
iOTob48RfIp3ia4f/audjKGSjKT/sWopS6WEReLmzDCssDtIiK7YNjEdGk6Pe1wzNiVKngMRDT1jBYMgpclqCYKA5iIZYJf10KqL/ZC358i98ctS1gO3W1Tui3GS+oyni9Sn4RzdXAJLaa5YaoKjStM4slpr4Kz49yYu8/WIy6lFKQfCq7qz0Q==
IctGDPXfrw30rKiOVAvo987RUkHLkaU+ij8oliEVVX1vSIfeqgD3PkxqszDGWflGO4sxr//41wSzYw==
O2pArqrVQy1Q3UG2UmQKao9d8kREad3BNHTEIZs7jcWdZlk5Qbw3mQvieJ+hQ54jnMPxyQuzbg==
eqeDn4BmIg84hQCJDyvCkRHwceNAc3KpuDEXxJ2rN7XGfkhz0iuOF6vpSz6fdbfcwRWNeu4zB/PY78oblyV9sxg=
eqeDn4BmIg84hQCJDyvCkRHwceNAc3KpuDEXxJ2rN7XGfkhz0iuOF6vpSz6fdbfcwRWNeu4zB/PY78oblyV9sxg=
eqeDn4BmIg84hQCJDyvCkRHwceNAc3KpuDEXxJ2rN7XGfkhz0iuOF6vpSz6fdbfcwRWNeu4zB/PY78oblyV9sxg=
eqeDn4BmIg84hQCJDyvCkRHwceNAc3KpuDEXxJ2rN7XGfkhz0iuOF6vpSz6fdbfcwRWNeu4zB/PY78oblyV9sxg=
ixf/7000QOyhP1CiJUgy2/rAoBn2jzM/4JazGXkAHcm/smU4IR0iiWTBSwTja+I3iLmCFVUsDx/t9RxKWpuQjzSHUa1pNo2B7XxbYV8yzDd9I2JLSHNFEWezAg==
9elfSJFF1KDqRNwak7ixnvctNglVOD0TPIsWSdypi1QRI7M1QvbE406zandPkbdOUz1znAVdQUrSCyPT/PfWC5stebMc
AI6I04HF+HfTOH8NA93oQfctNglVOD0TPI8UR9ypi1QRI7M1QvbE406zandPkbdOUz1znAVdQUrSCyPT/PfWC5stebMc
eUi+ZsppNHmzy6746uXo0U47P8skqSmS7OYRH9DlbjEOld5OULYQJEZ+T2arjGJGI2Tj9C+yXs8dLOvF/d0XniN+sx0=
b+uq6+Wlqexejon+eG+B/aMCD28adnpdb5oJScb6zlIUILI+L7LV9EmgYWdPkbdOUz1zkwVdQUrSCyPT/PfWC5stebMc
AW0/xY4s6W1pepN6KEu/kKECD28adnpdb5oJScb6zlIUILI+L7LV9EmgYWdPkbdOUz1zkwVdQUrSCyPT/PfWC5stebMc
oV2Mx8l85JXic8LYxuoKFqACD28adnpdb5oJScb6zlIUILI+L7LV9EmgYWdPkbdOUz1zkwVdQUrSCyPT/PfWC5stebMc
2VyouplEULbpmhmI1u2PFk865IJ7UK/0Uo90anRlYYYHOSjm4Go6/Pz+YW57TOc8jxfBDTn23aEdc2uBD/IcV+2jEqv4M7Uxd7MS
4GnZY72tMt6EMuTzNab3u046P8skqSmS7OYRH9DlbjEOld5OULYQJEZ+T2arjGJGI2Tj9C+yXs8dLOvF/d0XniN+sx0=
VAyWWzNEs3Op/Tc7nHX2qusP/BqcBbk2v/lwNpiKUuz0/ml+kywfbFdXeb1hFrVRlfPjMadSxCcV48r7wBOdIX+zGg==
FmAbu6mBZiUu9k++GyLo5g6CxF2faYAXgTiwMGHtpCs260JTHgyU6NhuugifNH+iWnwPQoMWS0w2JQE62/fJ0w+EL3izHw==
PbOWgcsl1EexhRo4I1jlUg2CxF2faYAXgTiwMGHtpCs260JTHgyU6NhuugifNH+iWnwPQoMWS0w2JQE62/fJ0w+EL3izHw==
eUi+ZsppNHmzy6746uXo0U47P8skqSmS7OYRH9DlbjEOld5OULYQJEZ+T2arjGJGI2Tj9C+yXs8dLOvF/d0XniN+sx0=
b+uq6+Wlqexejon+eG+B/aMCD28adnpdb5oJScb6zlIUILI+L7LV9EmgYWdPkbdOUz1zkwVdQUrSCyPT/PfWC5stebMc
AW0/xY4s6W1pepN6KEu/kKECD28adnpdb5oJScb6zlIUILI+L7LV9EmgYWdPkbdOUz1zkwVdQUrSCyPT/PfWC5stebMc
oV2Mx8l85JXic8LYxuoKFqACD28adnpdb5oJScb6zlIUILI+L7LV9EmgYWdPkbdOUz1zkwVdQUrSCyPT/PfWC5stebMc
2VyouplEULbpmhmI1u2PFk865IJ7UK/0Uo90anRlYYYHOSjm4Go6/Pz+YW57TOc8jxfBDTn23aEdc2uBD/IcV+2jEqv4M7Uxd7MS
4GnZY72tMt6EMuTzNab3u046P8skqSmS7OYRH9DlbjEOld5OULYQJEZ+T2arjGJGI2Tj9C+yXs8dLOvF/d0XniN+sx0=
VAyWWzNEs3Op/Tc7nHX2qusP/BqcBbk2v/lwNpiKUuz0/ml+kywfbFdXeb1hFrVRlfPjMadSxCcV48r7wBOdIX+zGg==
FmAbu6mBZiUu9k++GyLo5g6CxF2faYAXgTiwMGHtpCs260JTHgyU6NhuugifNH+iWnwPQoMWS0w2JQE62/fJ0w+EL3izHw==
PbOWgcsl1EexhRo4I1jlUg2CxF2faYAXgTiwMGHtpCs260JTHgyU6NhuugifNH+iWnwPQoMWS0w2JQE62/fJ0w+EL3izHw==
PuSkcrt/G8IDqNM0my3qtU47P8skqSmS7OYRH9DlbjEOld5OULYQJEZ+T2arjGJGI2Ti9C+yXs8dLOvF/d0XniN+sx0=
aJWnMg//QNLkVzjLEXkaqaMCD28adnpdb5oJScb6zlIUILI+L7LV9EmgYWdPkbdOUz1zkgVdQUrSCyPT/PfWC5stebMc
lnA74A5p3vx86lijEPbr0KECD28adnpdb5oJScb6zlIUILI+L7LV9EmgYWdPkbdOUz1zkgVdQUrSCyPT/PfWC5stebMc
pmfHeuyHkq41a89BUc2UKKACD28adnpdb5oJScb6zlIUILI+L7LV9EmgYWdPkbdOUz1zkgVdQUrSCyPT/PfWC5stebMc
pSCb7/9Vw0fVxjOArh/yh0865IJ7UK/0Uo90anRlYYYHOSjm4Go6/Pz+YW57TOc8jxfBDTn23aEdcmuBD/IcV+2jEqv4M7Uxd7MS
v90ASZE4NmtU9fpxNhNAyk46P8skqSmS7OYRH9DlbjEOld5OULYQJEZ+T2arjGJGI2Ti9C+yXs8dLOvF/d0XniN+sx0=
eZePFRXsLlJqX8P/a43boesP/BqcBbk2v/lwNpiKUuz0/ml+kywfbFdXeb1hFrVRlfLjMadSxCcV48r7wBOdIX+zGg==
s+hM/2ew2t/h83cmPNpnUA6CxF2faYAXgTiwMGHtpCs260JTHgyU6NhuugifNH+iWnwPQoIWS0w2JQE62/fJ0w+EL3izHw==
Iq6OvQXORRrqkeei4zTBuA2CxF2faYAXgTiwMGHtpCs260JTHgyU6NhuugifNH+iWnwPQoIWS0w2JQE62/fJ0w+EL3izHw==
dITju5UhQAFWZTub46kAW/ctNglVOD0TPI8UR9ypi1QRI7M1QvbE406zandPkbdOUz1zkgVdQUrSCyPT/PfWC5stebMc
MF/mMp48EGNXlSyDQ0ScufctNglVOD0TPIsWSdypi1QRI7M1QvbE406zandPkbdOUz1zkgVdQUrSCyPT/PfWC5stebMc
e+B9KvU13HwMHenxM1FXVvctNglVOD0TPI8UR9ypi1QRI7M1QvbE406zandPkbdOUz1zmwRdQUrSCyPT/PfWC5stebMc
mXID0ZAFSlbt9U1Yx2MSik47P8skqSmS7OYRH9DlbjEOld5OULYQJEZ+T2arjGJGI2Tr9S+yXs8dLOvF/d0XniN+sx0=
h8CzzYDAOaT1Hx3da7akYaMCD28adnpdb5oJScb6zlIUILI+L7LV9EmgYWdPkbdOUz1zmwRdQUrSCyPT/PfWC5stebMc
ffEhRcaNTuW9a2icdjyMAaECD28adnpdb5oJScb6zlIUILI+L7LV9EmgYWdPkbdOUz1zmwRdQUrSCyPT/PfWC5stebMc
4v6eRRPIYeRzTg/JpPzfDqACD28adnpdb5oJScb6zlIUILI+L7LV9EmgYWdPkbdOUz1zmwRdQUrSCyPT/PfWC5stebMc
0RRAlZbx7fkpqjQeWEIp10865IJ7UK/0Uo90anRlYYYHOSjm4Go6/Pz+YW57TOc8jxfBDTn23aEde2qBD/IcV+2jEqv4M7Uxd7MS
IMQqdY++FMS+wpC0pgGSNU46P8skqSmS7OYRH9DlbjEOld5OULYQJEZ+T2arjGJGI2Tr9S+yXs8dLOvF/d0XniN+sx0=
09sqZVVcMzoA12RyE3bCIesP/BqcBbk2v/lwNpiKUuz0/ml+kywfbFdXeb1hFrVRlfviMadSxCcV48r7wBOdIX+zGg==
PU3YjYPQd1I1jaRp8/ifTQ6CxF2faYAXgTiwMGHtpCs260JTHgyU6NhuugifNH+iWnwPQosXS0w2JQE62/fJ0w+EL3izHw==
yY3JOz1faZOpn0upxaKGkw2CxF2faYAXgTiwMGHtpCs260JTHgyU6NhuugifNH+iWnwPQosXS0w2JQE62/fJ0w+EL3izHw==
ujRj2mS5ZJy0LuhihWMJXPctNglVOD0TPIsWSdypi1QRI7M1QvbE406zandPkbdOUz1zmwRdQUrSCyPT/PfWC5stebMc
C+5sxe6DmzB5/78WgBlxR/ctNglVOD0TPI8UR9ypi1QRI7M1QvbE406zandPkbdOUz1zmgRdQUrSCyPT/PfWC5stebMc
eDaF/voZsiUVcV+a+TSBPt7mHVsP/TH2VppOO6iJMNm6w8pOEk1uk7ewndNaVSKpzS138NWd+mmPS0NSYAC33F2k3yIRV9eBiR9Ahuss4ibjROrV79Leb13M66U9fZd+Y16zPQ==
CQwEtoAGTn2TmBc+2TzBL3WAsKSysZInYd7TNoRkYnCbUDZZXFX+u+KlwBkLH0r/V+9NKj02/4lGXgIIeUnri7lzQz8Dc3QzrO8AaG/RV84z/VOa5B3hynJLw9PcN3aLe21Zszw=
2T4pN1RCsn2+E2N61V8IAuVEncJnCC0ZnXRscmgIYoc5dBDxtScWYyAQJy41JinP9bH30ZblbFn/GcOKqZswfOomW8iBmLPrkWNLPwtjXNN0v3gotyHvrltN2xpsbUlqivubk+TnrqsTfVGzNA==
lXcdBix09TLzLqPZ0UiJ8kp6IHCJwnqDnwjZr54OohiqVyuuqNvv6t7Is6qvV0M8YWEAidrBGbVl6g831qRcSg14V1QFs9cvjf/NLxqLQnOuGOFN2Xa9Yf16SkGvcryXjaPy65izFXFXszI=
oYdS74qfz8aEqxTA0NAKZeLzo8be2KvXTirJhc3cz0Xz0gJ/a2MRgs/tmUgwJU4Hd+PM1cisj9tqtPZuYeZApzkSbw6z6Je0TazfKgE/92lZVwDOO8RCTnPMal1/un6HjYSr7e2VtxZzVrM1
D00AUIeQ9IiTLw/rDsDLJeLzo8be2KvXTirJhc3cz0Xz0gJ/a2MRgs+N5nAXJRBcZ6eGi86sid1KqOtJdOhLgX5Kd3my6Je0TazfKgE/92lZVwDOO8RCTnPMal1/un6HjYSr7e2VtxZzVrM1
B8px4BBs0gDQpN0B3VTf0eLzo8be2KqMGzDejtfN4kXFxy09a28I64Dcyk4nJRBcZ6aGi86sid1KqOtJdPJIpjkRbw6z6Je0TazfKgE/92lZVwDOO8RCTnPMal1/un6HjYSr7e2VtxZzVrM1
juwU9h43o+LhnVqipnzjBnWAsKSysZNiK4DVNoJiQmycdAQKD1COqt7xj1UaAA7uXPNaJyEHzo5UeWQZC0rri7lzQz8Dc3QzrO8AaG/RV84z/VOa5B3hynJLw9PcN3aLe21Zszw=
J57dLwyqalbjb2kCqbUpIE47P8skqSmS7OYRH9DlbjEOld5OULYQJEZ+T2arjGJGI2Tq9S+yXs8dLOvF/d0XniN+sx0=
EvVgewUdIJDvzT63fngjBqMCD28adnpdb5oJScb6zlIUILI+L7LV9EmgYWdPkbdOUz1zmgRdQUrSCyPT/PfWC5stebMc
rLIYcHBKIntU8DgsRKr3bqECD28adnpdb5oJScb6zlIUILI+L7LV9EmgYWdPkbdOUz1zmgRdQUrSCyPT/PfWC5stebMc
aMs8+fe0l2J0TQe97w9bJ6ACD28adnpdb5oJScb6zlIUILI+L7LV9EmgYWdPkbdOUz1zmgRdQUrSCyPT/PfWC5stebMc
Qro7lDLES9p7hJrsF+c7hk865IJ7UK/0Uo90anRlYYYHOSjm4Go6/Pz+YW57TOc8jxfBDTn23aEdemqBD/IcV+2jEqv4M7Uxd7MS
+cKQNn18HT+wMRVW5iVoPU46P8skqSmS7OYRH9DlbjEOld5OULYQJEZ+T2arjGJGI2Tq9S+yXs8dLOvF/d0XniN+sx0=
PEQvsGmFOgGlvUTluZY32+sP/BqcBbk2v/lwNpiKUuz0/ml+kywfbFdXeb1hFrVRlfriMadSxCcV48r7wBOdIX+zGg==
P08v+TAxMUHIKkY1SrRylg6CxF2faYAXgTiwMGHtpCs260JTHgyU6NhuugifNH+iWnwPQooXS0w2JQE62/fJ0w+EL3izHw==
o1I5cGXaMoEF3nRxIeLy6Q2CxF2faYAXgTiwMGHtpCs260JTHgyU6NhuugifNH+iWnwPQooXS0w2JQE62/fJ0w+EL3izHw==
0vOXBnTm+Y+e9XduRrpptvctNglVOD0TPIsWSdypi1QRI7M1QvbE406zandPkbdOUz1zmgRdQUrSCyPT/PfWC5stebMc
C+5sxe6DmzB5/78WgBlxR/ctNglVOD0TPI8UR9ypi1QRI7M1QvbE406zandPkbdOUz1zmgRdQUrSCyPT/PfWC5stebMc
0vOXBnTm+Y+e9XduRrpptvctNglVOD0TPIsWSdypi1QRI7M1QvbE406zandPkbdOUz1zmgRdQUrSCyPT/PfWC5stebMc
eBik5fi4j9i/svdWKxoD7dG70I+EsA6KxURPr7Y22NeUzQh2D/EfrTqQ13YKqEeGytMDmGbxKR770+HHH5AnfLMb
ZaW5yBgj7DtcG3EshCrETiYziATcsfy14eDQY1E31oqTlEAPOuvCCKCgv1OUcUmK3L7RR2B9Duk+jd5WYG5wvPYmjz6blAKek/xpbZ9qPtctdCudTUV3RhNmswU=
ooasLaK6Spx+VSiJtNWWDteZf31gS2c+jXImUyzFiBS9r2hTfUSwBlZekalfOHew/5fcXB1rejRXIQYKfuTlXu0sbP30OTvd3pSgoer1rqFupd5+MCbDO2KUzxaLnCLWw1Tpxc8iHt89XGs13c3XDkNOsy0=
sM9OB63fcr+mNUaP7E6/R5GTh++VDSi/sMAj8jWL5MeZTjpAn2hSFgF908jXnZ2iZyxLNejNFmG5gGnDCOPK6aABXyQl+9+1rq7wExobltcTeYMeh4UfWSgllZqmo/+zwB+Cu291VbMw
bHUn0ZybZ/93XFIgQHvfCJyzTw1KpHa8NZdfPKyFLM6+mdZMJwQ87vO+ipIeRCnpyy1xpKqO52G9GRFlQwDo1E201QNUR4eDlRVfhuss4ibjROnV79Leb13M66U9fZd+Y16zPQ==
vwk5xLAKwNVOfgncJnQlazHe5PvT8cM9bd3TNrhiRmGEUl4WDWXH+KO1gUJbRB/lHPVaIXV43ZNcSzZJPGnr1LFjUzUiNmRjrvMKd2/RV84z/VOZ5B3hynJLw9PcN3aLe21Zszw=
mh5IkcAft0TV7oZYtcfeUyy9lQathGIWMZ3jiGd9LSL3zJt1uC0GYamguYNYQ1pp0KGvZFXbL7XejgDTartmV4PZU97XpQ9ZOEVFWvbDbzNwfzJ7XxVlswA=
ksrNCmxwrUPdsS6NosnIZMkSiGRQhmA3s5FmFjWV/5iLRUkCE5S3hYRlwqHt6EUzNJv+CXRZA/TJU6s1WgacQ8bDwrcngb9uq23LGXyNeSraGwsTlEdea0MdYbME
Xf3zUMI3+8p96GALOGRJV+Ahp0FhtEEthJFmFjWV/5iLRUkCE5S3hYRlwqHt6EUzNJv+CXRZA/TJU6s1WgacQ8bDwrcngb9uq23LGXyNeSraGwsTlEdea0MdYbME
UscHFpt2s5Kql28G7D9K2oV90rCuxreYjtmx2bl0UraF3TI9F4/QcoWCJeNJL+7lJ+msT9c81NKOQLihuZEAZELEzYJut6Lz+rVW7ltj3PMxMZgjDzRJdKcLbFyYbOpNvCNh5FUssLSyNLe7CU/lHXITQaScHOKVC+NYmGi/u+DedObidWirvDJciONZarVICLRsSjliZ03jJheflVxohB0G05xQNA6pe6xp5qsMYsYj5Oh1LzJeTx2s60X9XRceI/6znQ==
bu4RSBDr9s9vUUzQwVsdCVrSm1ooVAoePeyBxFqTRCm6OVx2rD0JpeYO3SHKFA/Qu08xqbIdvzGC+FzXErmy34ovRvrQ1HdvgNRXjgRJbtCLU7BXFoWleWUdXwy3DTSm1iu+apRrsQUGEnCu6VsBPm3HzydTkaUtXoceZ82zp4ofRdTgmd7t6EF7HZ89+l+Yv8ifD3wGVPj9bRXLXmsPM5U/YCDEimOLwO3XLR7UcgZJltEBYYznNMYwwA0q5pafT6cKpfSXl4V+tGb5oI3AyXpsx5BnGedIgYI4RWMULkfV7PgK0mDV9PGgJw0ADxcAnTw4+ohrxv77a5q3EdRkICVpeTm6f2Wxt/cVd2xZKyFfWB51naVfvdLEM76RTi6ewgHDu4nMj1id76TfIlHuQGKRs8KJLp5xWpCXLiJ/45z1puW77fen+NXw3K/n4VvaJVy9hxdLprm//7Dz4Yynf6fz+/7RMtLRRXG5PaEW9dFV/aaxaVKEp9XjinsAE92hv7Pa
/9aX7iXLUHOEfgcrd50Xbpen3PYHFtbmhM8JfbDbmC29N1mNSWAL2QpsrPodhCTXHBjJ/TYDxMw8mUnqpjuwar+nltfkmTALAKaZfzy6bKflx248wyXNnQEk/+qFwp4EsY0IcctbgG+fQNPZ2r1sqhdIYDq3ul049cQLcb8jVd6vvoQYRdHqgsr83n5TML1eljbmyJjKVTdCFT4ytcgZrZf23XKfxYp/PtIdX2Var51Y+5jeJmS7yihG0inIPf/5Ok9RiOdP76/DxvMB3Aubg6Hp90180opsHeZOjpolV1AoF2nyjJ1gqRSkoq7oak/Dw97eSszNAGOPJ1hU0ycFgkj9rqLp/LMh6/QHCF+41Y+1wt+oiMuvVmGe+52cbuziMlfwpSHmkbL4vk6C56ndIV3nXnWhhviiCr8XNejqXHEjutKyZiBxNiN2DioYMU1ETfJkkswoHZzPJz8wZy1hUjAe0QATHhQqxiMHmrl0/+JavI8CjdPLAjblgfrbt0kTD8SvuLPf
0Zm3Y2smB5r26wtmWYPQptUcXHu9f87ehY8cU/a/degTQg4Ld8c5vve+0/N82fbYM1mFwS+5gRq1OnigYO0eyNhjwDgG0J4F93LmG4lcqBPuaX7tkiRJ9FoMi/c0dAP2WHliOH+TBP+a9fnBsf2rFItdeM5CqyqCWLuNHXJyJBY1q42W2Ye7T1+hedWKJ6r/seProgtFwMjVjpFw9dvJZ+HKU/DLiCun8PaIQKkNYdNiu8PbAb/0SIjaX5M0DQOVQqT+rv1WJeltvLtMkpB0ldY2Wrdbpx6NOEdrHcoUMoH8vcwhjqxzOOtpu/BVYsxdX0RiL0FsbOIesOnshcBztdz/m6gpfEyShFsaBi/LLi9thCgIMWltEfYvGSkDV8GPsGknSSsYqt0RVYMFhqRHpq2e4nZWgVfTxZyzQGkPcGd+IWLo1lFHKoUewgkOMCO23q8vtOGm8ZMhJ1tgYVCI17vRVzLRnAkvmzv6AWsfROvd3OsXM3NvFh3i7skxEe2FfeZ5eeG90tllYlhfAUM+43xDkYmrs84=
2CzbhkQi3+s77azHGhdITOcyidalgDf93ZsYtG22xkU1gLJufwzvssJpE2cQgj5JrSdVkFv63xl327BFEofJZk0NWJfjA8LUaHqGdcJ5guWWJE38phynjxBU5y50CT7wu1NAt8ZFFRkVnc+sZ83ERsYrrgrkK+GllpKATlkbUV4dx/8Hg1FVje4Hjged85eqD0XEwKmevYjR+60/zTqPuI/I728sRuQYDe2Faw4rf1OFP3DANEqzK1Btp02uFKLmuZbhITHMl5R2sFDt+iamv1+nGoXEV0dl7jTWWdDNkOlKbDdwt9lXKPECqOWz1N6nxezoaqIghVRhINftsE9HYO08CNpYqzZeS+sK10GUVAA1aWkZij810Sd3pdecmfsBb1huFc3l710iRKMewQ5e/tIB01t5DF/4DW/Uv5KRPqCSkYPi2W7u0eoQB87yv9O85ab1m903dxhFcGwPl6EL+hVcTWfHixbZz38gUzFMV5+38+ueoXKCcdXxSd0RVqWxJf2WkbmSdAdlYxobUFPtga+zyg==
2CzbhkQi3+s77azHGhdITOcyidalgDf93ZsYtG22xkU1gLJufwzvssJpE2cQgj5JrSdVkFv63xl327BFEofJZk0NWJfjA8LUaHqGdcJ5guWWJE38phynjxBU5y50CT7wu1NAt8ZFFRkVnc+sZ83ERsYrrgrkK+GllpKATlkbUV4dx/8Hg1FVje4Hjged85eqD0XEwKmevYjR+60/zTqPuI/I728sRuQYDe2Faw4rf1OFP3DANEqzK1Btp02uFKLmuZbhITHMl5R2sFDt+iamv1+nGoXEV0dl7jTWWdDNkOlKbDdwt9lXKPECqOWz1N6nxezoaqIghVRhINftsE9HYO08CNpYqzZeS+sK10GUVAA1aWkZij810Sd3pdecmfsBb1huFc3l710iRKMewQ5e/tIB01t5DF/4DW/Uv5KRPqCSkYPi2W7u0eoQB87yv9O85ab1m903dxhFcGwPl6EL+hVcTWfHixbZz38gUzFMV5+38+ueoXKCcdXxSd0RVqWxJf2WkbmSdAdlYxobUFPtga+zyg==
0Zm3Y2smB5r26wtmWYPQptUcXHu9f87ehY8cU/a/degTQg4Ld8c5vve+0/N82fbYM1mFwS+5gRq1OnigYO0eyNhjwDgG0J4F93LmG4lcqBPuaX7tkiRJ9FoMi/c0dAP2WHliOH+TBP+a9fnBsf2rFItdeM5CqyqCWLuNHXJyJBY1q42W2Ye7T1+hedWKJ6r/seProgtFwMjVjpFw9dvJZ+HKU/DLiCun8PaIQKkNYdNiu8PbAb/0SIjaX5M0DQOVQqT+rv1WJeltvLtMkpB0ldY2Wrdbpx6NOEdrHcoUMoH8vcwhjqxzOOtpu/BVYsxdX0RiL0FsbOIesOnshcBztdz/m6gpfEyShFsaBi/LLi9thCgIMWltEfYvGSkDV8GPsGknSSsYqt0RVYMFhqRHpq2e4nZWgVfTxZyzQGkPcGd+IWLo1lFHKoUewgkOMCO23q8vtOGm8ZMhJ1tgYVCI17vRVzLRnAkvmzv6AWsfROvd3OsXM3NvFh3i7skxEe2FfeZ5eeG90tllYlhfAUM+43xDkYmrs84=
2CzbhkQi3+s77azHGhdITOcyidalgDf93ZsYtG22xkU1gLJufwzvssJpE2cQgj5JrSdVkFv63xl327BFEofJZk0NWJfjA8LUaHqGdcJ5guWWJE38phynjxBU5y50CT7wu1NAt8ZFFRkVnc+sZ83ERsYrrgrkK+GllpKATlkbUV4dx/8Hg1FVje4Hjged85eqD0XEwKmevYjR+60/zTqPuI/I728sRuQYDe2Faw4rf1OFP3DANEqzK1Btp02uFKLmuZbhITHMl5R2sFDt+iamv1+nGoXEV0dl7jTWWdDNkOlKbDdwt9lXKPECqOWz1N6nxezoaqIghVRhINftsE9HYO08CNpYqzZeS+sK10GUVAA1aWkZij810Sd3pdecmfsBb1huFc3l710iRKMewQ5e/tIB01t5DF/4DW/Uv5KRPqCSkYPi2W7u0eoQB87yv9O85ab1m903dxhFcGwPl6EL+hVcTWfHixbZz38gUzFMV5+38+ueoXKCcdXxSd0RVqWxJf2WkbmSdAdlYxobUFPtga+zyg==
0Zm3Y2smB5r26wtmWYPQptUcXHu9f87ehY8cU/a/degTQg4Ld8c5vve+0/N82fbYM1mFwS+5gRq1OnigYO0eyNhjwDgG0J4F93LmG4lcqBPuaX7tkiRJ9FoMi/c0dAP2WHliOH+TBP+a9fnBsf2rFItdeM5CqyqCWLuNHXJyJBY1q42W2Ye7T1+hedWKJ6r/seProgtFwMjVjpFw9dvJZ+HKU/DLiCun8PaIQKkNYdNiu8PbAb/0SIjaX5M0DQOVQqT+rv1WJeltvLtMkpB0ldY2Wrdbpx6NOEdrHcoUMoH8vcwhjqxzOOtpu/BVYsxdX0RiL0FsbOIesOnshcBztdz/m6gpfEyShFsaBi/LLi9thCgIMWltEfYvGSkDV8GPsGknSSsYqt0RVYMFhqRHpq2e4nZWgVfTxZyzQGkPcGd+IWLo1lFHKoUewgkOMCO23q8vtOGm8ZMhJ1tgYVCI17vRVzLRnAkvmzv6AWsfROvd3OsXM3NvFh3i7skxEe2FfeZ5eeG90tllYlhfAUM+43xDkYmrs84=
2CzbhkQi3+s77azHGhdITOcyidalgDf93ZsYtG22xkU1gLJufwzvssJpE2cQgj5JrSdVkFv63xl327BFEofJZk0NWJfjA8LUaHqGdcJ5guWWJE38phynjxBU5y50CT7wu1NAt8ZFFRkVnc+sZ83ERsYrrgrkK+GllpKATlkbUV4dx/8Hg1FVje4Hjged85eqD0XEwKmevYjR+60/zTqPuI/I728sRuQYDe2Faw4rf1OFP3DANEqzK1Btp02uFKLmuZbhITHMl5R2sFDt+iamv1+nGoXEV0dl7jTWWdDNkOlKbDdwt9lXKPECqOWz1N6nxezoaqIghVRhINftsE9HYO08CNpYqzZeS+sK10GUVAA1aWkZij810Sd3pdecmfsBb1huFc3l710iRKMewQ5e/tIB01t5DF/4DW/Uv5KRPqCSkYPi2W7u0eoQB87yv9O85ab1m903dxhFcGwPl6EL+hVcTWfHixbZz38gUzFMV5+38+ueoXKCcdXxSd0RVqWxJf2WkbmSdAdlYxobUFPtga+zyg==
0Zm3Y2smB5r26wtmWYPQptUcXHu9f87ehY8cU/a/degTQg4Ld8c5vve+0/N82fbYM1mFwS+5gRq1OnigYO0eyNhjwDgG0J4F93LmG4lcqBPuaX7tkiRJ9FoMi/c0dAP2WHliOH+TBP+a9fnBsf2rFItdeM5CqyqCWLuNHXJyJBY1q42W2Ye7T1+hedWKJ6r/seProgtFwMjVjpFw9dvJZ+HKU/DLiCun8PaIQKkNYdNiu8PbAb/0SIjaX5M0DQOVQqT+rv1WJeltvLtMkpB0ldY2Wrdbpx6NOEdrHcoUMoH8vcwhjqxzOOtpu/BVYsxdX0RiL0FsbOIesOnshcBztdz/m6gpfEyShFsaBi/LLi9thCgIMWltEfYvGSkDV8GPsGknSSsYqt0RVYMFhqRHpq2e4nZWgVfTxZyzQGkPcGd+IWLo1lFHKoUewgkOMCO23q8vtOGm8ZMhJ1tgYVCI17vRVzLRnAkvmzv6AWsfROvd3OsXM3NvFh3i7skxEe2FfeZ5eeG90tllYlhfAUM+43xDkYmrs84=
2CzbhkQi3+s77azHGhdITOcyidalgDf93ZsYtG22xkU1gLJufwzvssJpE2cQgj5JrSdVkFv63xl327BFEofJZk0NWJfjA8LUaHqGdcJ5guWWJE38phynjxBU5y50CT7wu1NAt8ZFFRkVnc+sZ83ERsYrrgrkK+GllpKATlkbUV4dx/8Hg1FVje4Hjged85eqD0XEwKmevYjR+60/zTqPuI/I728sRuQYDe2Faw4rf1OFP3DANEqzK1Btp02uFKLmuZbhITHMl5R2sFDt+iamv1+nGoXEV0dl7jTWWdDNkOlKbDdwt9lXKPECqOWz1N6nxezoaqIghVRhINftsE9HYO08CNpYqzZeS+sK10GUVAA1aWkZij810Sd3pdecmfsBb1huFc3l710iRKMewQ5e/tIB01t5DF/4DW/Uv5KRPqCSkYPi2W7u0eoQB87yv9O85ab1m903dxhFcGwPl6EL+hVcTWfHixbZz38gUzFMV5+38+ueoXKCcdXxSd0RVqWxJf2WkbmSdAdlYxobUFPtga+zyg==
0Zm3Y2smB5r26wtmWYPQptUcXHu9f87ehY8cU/a/degTQg4Ld8c5vve+0/N82fbYM1mFwS+5gRq1OnigYO0eyNhjwDgG0J4F93LmG4lcqBPuaX7tkiRJ9FoMi/c0dAP2WHliOH+TBP+a9fnBsf2rFItdeM5CqyqCWLuNHXJyJBY1q42W2Ye7T1+hedWKJ6r/seProgtFwMjVjpFw9dvJZ+HKU/DLiCun8PaIQKkNYdNiu8PbAb/0SIjaX5M0DQOVQqT+rv1WJeltvLtMkpB0ldY2Wrdbpx6NOEdrHcoUMoH8vcwhjqxzOOtpu/BVYsxdX0RiL0FsbOIesOnshcBztdz/m6gpfEyShFsaBi/LLi9thCgIMWltEfYvGSkDV8GPsGknSSsYqt0RVYMFhqRHpq2e4nZWgVfTxZyzQGkPcGd+IWLo1lFHKoUewgkOMCO23q8vtOGm8ZMhJ1tgYVCI17vRVzLRnAkvmzv6AWsfROvd3OsXM3NvFh3i7skxEe2FfeZ5eeG90tllYlhfAUM+43xDkYmrs84=
2CzbhkQi3+s77azHGhdITOcyidalgDf93ZsYtG22xkU1gLJufwzvssJpE2cQgj5JrSdVkFv63xl327BFEofJZk0NWJfjA8LUaHqGdcJ5guWWJE38phynjxBU5y50CT7wu1NAt8ZFFRkVnc+sZ83ERsYrrgrkK+GllpKATlkbUV4dx/8Hg1FVje4Hjged85eqD0XEwKmevYjR+60/zTqPuI/I728sRuQYDe2Faw4rf1OFP3DANEqzK1Btp02uFKLmuZbhITHMl5R2sFDt+iamv1+nGoXEV0dl7jTWWdDNkOlKbDdwt9lXKPECqOWz1N6nxezoaqIghVRhINftsE9HYO08CNpYqzZeS+sK10GUVAA1aWkZij810Sd3pdecmfsBb1huFc3l710iRKMewQ5e/tIB01t5DF/4DW/Uv5KRPqCSkYPi2W7u0eoQB87yv9O85ab1m903dxhFcGwPl6EL+hVcTWfHixbZz38gUzFMV5+38+ueoXKCcdXxSd0RVqWxJf2WkbmSdAdlYxobUFPtga+zyg==
0Zm3Y2smB5r26wtmWYPQptUcXHu9f87ehY8cU/a/degTQg4Ld8c5vve+0/N82fbYM1mFwS+5gRq1OnigYO0eyNhjwDgG0J4F93LmG4lcqBPuaX7tkiRJ9FoMi/c0dAP2WHliOH+TBP+a9fnBsf2rFItdeM5CqyqCWLuNHXJyJBY1q42W2Ye7T1+hedWKJ6r/seProgtFwMjVjpFw9dvJZ+HKU/DLiCun8PaIQKkNYdNiu8PbAb/0SIjaX5M0DQOVQqT+rv1WJeltvLtMkpB0ldY2Wrdbpx6NOEdrHcoUMoH8vcwhjqxzOOtpu/BVYsxdX0RiL0FsbOIesOnshcBztdz/m6gpfEyShFsaBi/LLi9thCgIMWltEfYvGSkDV8GPsGknSSsYqt0RVYMFhqRHpq2e4nZWgVfTxZyzQGkPcGd+IWLo1lFHKoUewgkOMCO23q8vtOGm8ZMhJ1tgYVCI17vRVzLRnAkvmzv6AWsfROvd3OsXM3NvFh3i7skxEe2FfeZ5eeG90tllYlhfAUM+43xDkYmrs84=
2CzbhkQi3+s77azHGhdITOcyidalgDf93ZsYtG22xkU1gLJufwzvssJpE2cQgj5JrSdVkFv63xl327BFEofJZk0NWJfjA8LUaHqGdcJ5guWWJE38phynjxBU5y50CT7wu1NAt8ZFFRkVnc+sZ83ERsYrrgrkK+GllpKATlkbUV4dx/8Hg1FVje4Hjged85eqD0XEwKmevYjR+60/zTqPuI/I728sRuQYDe2Faw4rf1OFP3DANEqzK1Btp02uFKLmuZbhITHMl5R2sFDt+iamv1+nGoXEV0dl7jTWWdDNkOlKbDdwt9lXKPECqOWz1N6nxezoaqIghVRhINftsE9HYO08CNpYqzZeS+sK10GUVAA1aWkZij810Sd3pdecmfsBb1huFc3l710iRKMewQ5e/tIB01t5DF/4DW/Uv5KRPqCSkYPi2W7u0eoQB87yv9O85ab1m903dxhFcGwPl6EL+hVcTWfHixbZz38gUzFMV5+38+ueoXKCcdXxSd0RVqWxJf2WkbmSdAdlYxobUFPtga+zyg==
0Zm3Y2smB5r26wtmWYPQptUcXHu9f87ehY8cU/a/degTQg4Ld8c5vve+0/N82fbYM1mFwS+5gRq1OnigYO0eyNhjwDgG0J4F93LmG4lcqBPuaX7tkiRJ9FoMi/c0dAP2WHliOH+TBP+a9fnBsf2rFItdeM5CqyqCWLuNHXJyJBY1q42W2Ye7T1+hedWKJ6r/seProgtFwMjVjpFw9dvJZ+HKU/DLiCun8PaIQKkNYdNiu8PbAb/0SIjaX5M0DQOVQqT+rv1WJeltvLtMkpB0ldY2Wrdbpx6NOEdrHcoUMoH8vcwhjqxzOOtpu/BVYsxdX0RiL0FsbOIesOnshcBztdz/m6gpfEyShFsaBi/LLi9thCgIMWltEfYvGSkDV8GPsGknSSsYqt0RVYMFhqRHpq2e4nZWgVfTxZyzQGkPcGd+IWLo1lFHKoUewgkOMCO23q8vtOGm8ZMhJ1tgYVCI17vRVzLRnAkvmzv6AWsfROvd3OsXM3NvFh3i7skxEe2FfeZ5eeG90tllYlhfAUM+43xDkYmrs84=
8OKZQizz9l0VpILIMPkjZ/ctNglVOD0TPI8UR9ypi1QRI7M1QvbE406zandPkbdOUz1zngBdTkrSCyPT/PfWC5stebMc
GulxO0fbtBP+81uF3xhvmuVEncJnCC0ZnXRscmgIYoc5dBDxtScWYyAQJy41JinP9bH30ZblbFn/GcOKqZswfOomW8iBmLPrkWNLPwtjXNN0v3gotyHvrltN2x5obUZqivubk+TnrqsTfVGzNA==
zkp+8P7F+rFPESLVNeyECUp6IHCJwnqDnwjZr54OohiqVyuuqNvv6t7Is6qvV0M8YWEAidrBGbVl6g831qRcSg14V1QFs9cvjf/NLxqLQnOuGOFN2Xa9Yf1+TkGgcryXjaPy65izFXFXszI=
RG4LMa2cb95Kf47t107A6uLzo8be2KvXTirJhc3cz0Xz0gJ/a2MRgs/tmUgwJU4Hd+PM1cisj9tqtPZuYeZApzkSbw6z6Je0TazfKgE/92lZVwDOO8RCTnPMbll/tX6HjYSr7e2VtxZzVrM1
qA72NIKWMQpG7I9FNJJzy3WAsKSysZNiK4DVNoJiQmycdAQKD1COqt7xj1UaAA7uXPNaJyEHzo5UeWQZC0rri7lzQz8Dc3QzrO8AaG/RV84z/VOe4B3uynJLw9PcN3aLe21Zszw=
sb+6CPoww6YFkCupCKDvd3WAsKSysZInYd7TNoRkYnCbUDZZXFX+u+KlwBkLH0r/V+9NKj02/4lGXgIIeUnri7lzQz8Dc3QzrO8AaG/RV84z/VOe4B3uynJLw9PcN3aLe21Zszw=
A88420z5uQ03tJr/4CLcoOLzo8be2KqMGzDejtfN4kXFxy09a28I64Dcyk4nJRBcZ6aGi86sid1KqOtJdPJIpjkRbw6z6Je0TazfKgE/92lZVwDOO8RCTnPMbll/tX6HjYSr7e2VtxZzVrM1
7OhueZujNdUWyS92Bl7vhOLzo8be2KvXTirJhc3cz0Xz0gJ/a2MRgs+N5nAXJRBcZ6eGi86sid1KqOtJdOhLgX5Kd3my6Je0TazfKgE/92lZVwDOO8RCTnPMbll/tX6HjYSr7e2VtxZzVrM1
k0+STenSfIROBu+X35SDLN7mHVsP/TH2VppOO6iJMNm6w8pOEk1uk7ewndNaVSKpzS138NWd+mmPS0NSYAC33F2k3yIRV9eBiR9Ahuss4ibjRO7R793eb13M66U9fZd+Y16zPQ==
8OKZQizz9l0VpILIMPkjZ/ctNglVOD0TPI8UR9ypi1QRI7M1QvbE406zandPkbdOUz1zngBdTkrSCyPT/PfWC5stebMc
qA72NIKWMQpG7I9FNJJzy3WAsKSysZNiK4DVNoJiQmycdAQKD1COqt7xj1UaAA7uXPNaJyEHzo5UeWQZC0rri7lzQz8Dc3QzrO8AaG/RV84z/VOe4B3uynJLw9PcN3aLe21Zszw=
k0+STenSfIROBu+X35SDLN7mHVsP/TH2VppOO6iJMNm6w8pOEk1uk7ewndNaVSKpzS138NWd+mmPS0NSYAC33F2k3yIRV9eBiR9Ahuss4ibjRO7R793eb13M66U9fZd+Y16zPQ==
zkp+8P7F+rFPESLVNeyECUp6IHCJwnqDnwjZr54OohiqVyuuqNvv6t7Is6qvV0M8YWEAidrBGbVl6g831qRcSg14V1QFs9cvjf/NLxqLQnOuGOFN2Xa9Yf1+TkGgcryXjaPy65izFXFXszI=
sb+6CPoww6YFkCupCKDvd3WAsKSysZInYd7TNoRkYnCbUDZZXFX+u+KlwBkLH0r/V+9NKj02/4lGXgIIeUnri7lzQz8Dc3QzrO8AaG/RV84z/VOe4B3uynJLw9PcN3aLe21Zszw=
A88420z5uQ03tJr/4CLcoOLzo8be2KqMGzDejtfN4kXFxy09a28I64Dcyk4nJRBcZ6aGi86sid1KqOtJdPJIpjkRbw6z6Je0TazfKgE/92lZVwDOO8RCTnPMbll/tX6HjYSr7e2VtxZzVrM1
RG4LMa2cb95Kf47t107A6uLzo8be2KvXTirJhc3cz0Xz0gJ/a2MRgs/tmUgwJU4Hd+PM1cisj9tqtPZuYeZApzkSbw6z6Je0TazfKgE/92lZVwDOO8RCTnPMbll/tX6HjYSr7e2VtxZzVrM1
7OhueZujNdUWyS92Bl7vhOLzo8be2KvXTirJhc3cz0Xz0gJ/a2MRgs+N5nAXJRBcZ6eGi86sid1KqOtJdOhLgX5Kd3my6Je0TazfKgE/92lZVwDOO8RCTnPMbll/tX6HjYSr7e2VtxZzVrM1
GulxO0fbtBP+81uF3xhvmuVEncJnCC0ZnXRscmgIYoc5dBDxtScWYyAQJy41JinP9bH30ZblbFn/GcOKqZswfOomW8iBmLPrkWNLPwtjXNN0v3gotyHvrltN2x5obUZqivubk+TnrqsTfVGzNA==
8OKZQizz9l0VpILIMPkjZ/ctNglVOD0TPI8UR9ypi1QRI7M1QvbE406zandPkbdOUz1zngBdTkrSCyPT/PfWC5stebMc
GulxO0fbtBP+81uF3xhvmuVEncJnCC0ZnXRscmgIYoc5dBDxtScWYyAQJy41JinP9bH30ZblbFn/GcOKqZswfOomW8iBmLPrkWNLPwtjXNN0v3gotyHvrltN2x5obUZqivubk+TnrqsTfVGzNA==
RG4LMa2cb95Kf47t107A6uLzo8be2KvXTirJhc3cz0Xz0gJ/a2MRgs/tmUgwJU4Hd+PM1cisj9tqtPZuYeZApzkSbw6z6Je0TazfKgE/92lZVwDOO8RCTnPMbll/tX6HjYSr7e2VtxZzVrM1
7OhueZujNdUWyS92Bl7vhOLzo8be2KvXTirJhc3cz0Xz0gJ/a2MRgs+N5nAXJRBcZ6eGi86sid1KqOtJdOhLgX5Kd3my6Je0TazfKgE/92lZVwDOO8RCTnPMbll/tX6HjYSr7e2VtxZzVrM1
A88420z5uQ03tJr/4CLcoOLzo8be2KqMGzDejtfN4kXFxy09a28I64Dcyk4nJRBcZ6aGi86sid1KqOtJdPJIpjkRbw6z6Je0TazfKgE/92lZVwDOO8RCTnPMbll/tX6HjYSr7e2VtxZzVrM1
zkp+8P7F+rFPESLVNeyECUp6IHCJwnqDnwjZr54OohiqVyuuqNvv6t7Is6qvV0M8YWEAidrBGbVl6g831qRcSg14V1QFs9cvjf/NLxqLQnOuGOFN2Xa9Yf1+TkGgcryXjaPy65izFXFXszI=
sb+6CPoww6YFkCupCKDvd3WAsKSysZInYd7TNoRkYnCbUDZZXFX+u+KlwBkLH0r/V+9NKj02/4lGXgIIeUnri7lzQz8Dc3QzrO8AaG/RV84z/VOe4B3uynJLw9PcN3aLe21Zszw=
qA72NIKWMQpG7I9FNJJzy3WAsKSysZNiK4DVNoJiQmycdAQKD1COqt7xj1UaAA7uXPNaJyEHzo5UeWQZC0rri7lzQz8Dc3QzrO8AaG/RV84z/VOe4B3uynJLw9PcN3aLe21Zszw=
k0+STenSfIROBu+X35SDLN7mHVsP/TH2VppOO6iJMNm6w8pOEk1uk7ewndNaVSKpzS138NWd+mmPS0NSYAC33F2k3yIRV9eBiR9Ahuss4ibjRO7R793eb13M66U9fZd+Y16zPQ==
8OKZQizz9l0VpILIMPkjZ/ctNglVOD0TPI8UR9ypi1QRI7M1QvbE406zandPkbdOUz1zngBdTkrSCyPT/PfWC5stebMc
YFBo/Eyse5p8dnHbkPbkVfctNglVOD0TPI8UR9ypi1QRI7M1QvbE406zandPkbdOUz1znQBdTkrSCyPT/PfWC5stebMc
/jDMq/Mms7Uwln/SdNZyoQl+bz9ce25+TeGGoEQFOva3uedQLrXOPFEuKcXx5ApvievfN0sw48mJ2Sxxv2yiBHlox34q4LceTU9zX0b5OWY7a3FPf1gXZLMD
