+G3eAFuO3kFlltfOOZFo4mLNyvtPWbqywF92CWuKiv1VyjIoMoTxGFyNhJJo/WO99dc4sYqNDuQhg7l8TUef37/637JSkYVjLo8aW6cFYbQa
gh3uwSMcUivIuM216qo1TPlwwgb8JdZY4irifMFq1PMIPn9Y03kB8ZihUpYeo5RTaaQ7EjFkC0FJCdIpfj4XnI/QUFtu/y4sdWZS3nSMpkWAz3k3oYSSxMIWqv3Oy++U8NXa6Sr0i1cdO1FX2OcYO3mVTPsBcOe/CR0yfj4jZKlpko8Ur7M6R8jyIVGpmyhkZR2sIZxptBi/0oNGTYZObZggPijrsUnw+/vsBNWbNUzRL+ufi1LDQl4JscN691YLGy31tI4=
NR6A/mFP0Jof3vFTteSCtflwwgb8JdZY4irifMFq1PMIPn9Y03kB8ZihUpYeo5RTaaQ7EjFkC0FJCdIpfj4XnI/QUFtu/y4sdWZS3nSMpkWAz3k3oYSSxMIWqv3Oy++U8NXa6Sr0i1cdO1FX2OcYO3mVTPsBcOe/CR0yfj4jZKlpko8Ur7M6R8jyIVGpmyhkZR2sIZxptBi/0oNGTYZObZggPijrsUnw+/vsBNWbNUzRL+qfi1LDQl4JscN691YLGy31tI4=
3I3mAceRIEuRAmLNKmfiLt/4242Yog+Y1FQMv6lj2N23iAxpRuYQl1yK3XQIqlWXztwMmm79Kwzr1eHHH5AncLQJ
V4V0gvOe1c9T1nbiITgvsJqEUF0u8WU+CyTIkjCvxgAUUFpP5051mMsFN6d5eBYeFUwCa7PM1+C8/NaPy0Ko7jEK54N6ZCxyWQI9BA0XxfqckMUt7sny5EHDWfwtB3Xen7p/MvLRpWMOz7rbB0VBtDo=
PuMfPIVSJ67LhxFxBMoKQCkFhbdm5hhiED4MWyvL4NAOT3mBjHjJ3trEDWZhzSvPnMItDOgyxRxOVJwCDgVbxKsd0f8/iDd4tAE=
t/JFshQo0PI96wayWrryOpwFinpShUtEvq4hDSOE/4nRUkElUpK3nMVBh6C58gJnOILtBiBPQPjTQ6t6c0OPXc7Z4sQ9i71sqX/ZHnOCeyLWGRkDkkdea0MdbbQW
6U/TvLMZ3ox4PaIglYpDCA+ewy7QctQXm2e4PG6j4S089FFSWkiV6tFhsyP8LnWgWH4dUI4YRE4+KQMoy/HJ0w+EL3S0DQ==
KEp+sDvjWyQ8yQnhkVxvbw6ewy7QctQXm2e4PG6j4S089FFSWkiV6tFhsyP8LnWgWH4dUI4YRE4+KQMoy/HJ0w+EL3S0DQ==
s3zl9HJ/IZUaAy/0REYlLA2ewy7QctQXm2e4PG6j4S089FFSWkiV6tFhsyP8LnWgWH4dUI4YRE4+KQMoy/HJ0w+EL3S0DQ==
srzoYwaWB5UN6rpIp0MZWCkfg7V99BhiED4MWyvL4NAOT3mBjHjJ3trEDWZhzSvPnMItDOgyxRxOVJwCDgVbxKsd0f8/iDd4tAE=
YlzsDPWfo9Hm9v6pkcXb11qx+kifPJNZyHKlMnTwpCs591BZNwyE/dZyuDP8LnWgWH4dUI4YRE4+KQMoy/HJ0w+EL3S0DQ==
aKfcaAiLD+cQXjjBdMrHDVqx+kifPJNZyHanPHTwpCs591BZNwyE/dZyuDP8LnWgWH4dUI4YRE4+KQMoy/HJ0w+EL3S0DQ==
M/yezeMc1/41JOfhIvloKpdW/wLJQ/Agt/t9Y47JX////zl11i4dZHk0Y7djFLdDh/7tPqVayCUH88z7wBOdIXO0CA==
cNneFyQFn1swjvTvoRdea5AnVndW43+fYmhmUrrMWyCS/R/6k3pFUlrSoZzJwlJmeDlDDaFF7kxfkAu1+Hq/8BR8fGcJGwj1t6DcEeY+YL+c4m2saJKF/E40XKKOpZvkq/0Rn79od1i0IQ==
VwGLmWJ6D0rdFVviTP9fAjfV4vL36NM2V8nVOpp5U2epHx8aHX/Ntemwg0BOVRSlRuRRb28l1JRBTSVcOzqu3ahyWBdPYmB6teI6BHXbVcwx70Ge6xLjwn5J0cPaN3aLe21VtC4=
Ufezt0YgD9z1pojrafII+/aEJ1eNrSoBhh6IHc/VDwesVF1eWt65kPkuSkoYFZvhkQm2gJ9cU/lIlmdcdNDki7mXkHk3LESdVtL4E/xOtUDY3t0wjvgE7r5JQ8jL0Qlzj2RvVLQt
cC53fAZi0Bmd1pupUDcZqRd+YCxRRiViWuLBrAkSMvb4qeNdYbXOPF9gK8W4qh9glOycN0kr6MW3kDwhpm6ALxxyzXwo4qUMTkR8Uk71O3QrbXFPf1gXaLQR
dl+ZSxbfe5/aasA6m60/Lyppy9cvmVEZQ08tZlrmybgZBhoS2M3LiTHhBvgfpOOR6H63BDQINKPZv2BBNxS0tTb6KMu8FmWoeLZtyA6AtAYeIRMQC4lZW29MH2y0FQ==
Zeqoi70ka2obITdPL/1TBwNa5PIeq3ADdE8tZlrmybgZBhoS2M3LiTHhBvgfpOOR6H63BDQINKPZv2BBNxS0tTb6KMu8FmWoeLZtyA6AtAYeIRMQC4lZW29MH2y0FQ==
zhXBji6ANicnHr47uEv7YHM1mRjFp93noeDaZE02kZyGhEg/f/eJC6qevwaHPwDEy7LEWmB9AfUsh/dWcHt+oPQd7CSRlgCcge9uYpBoNtsvZjubTUV3RhNqtBc=
+DzQTWvpjTIjwa0w/BhjYPlwwgb8JdZY4irifMFq1PMIPn9Y03kB8ZihUpYeo5RTaaQ7EjFkC0FJCdIpfj4XnI/QUFtu/y4sdWZS3nSMpkWAz3k3oYSSxMIWqv3Oy++U8NXa6Sr0i1cdO1FX2OcYO3mVTPsBcOe/CR0yfj4jZKlpko8Ur7M6R8jyIVGpmyhkZR2sIZxptBi/0oNGTYZObZggPijrsUnw+/vsBNWbNUzRL+Cei1LDQl4JscN691YLGy31tI4=
/ozRTbgp1pJ7DFtT9q+ZXVqx+kifPJNZyHKlMnTwpCs591BZNwyE/dZyuDP8LnWgWH4dW48YR04+KQMoy/HJ0w+EL3S0DQ==
gSvUDQ11DXvcbCT5pKu+2O3Gqw31jDM+uon+BXMQWs7wtWUvJQdpky/bDlCkP+wtk6yVAxsnDAn68zVKXpu4hRL0S6drNI+T/X5VbV06wDVvM2RLSHNFEWu0EA==
