enGyaDNDrY1w5s/IBQWYN2LNyvtPWbqywF92CWuKiv1VyjIoMoTxGFyNhJJo/WO99dc4sYqNDuQhg7l8TUeU37/62LJSkYVjLo8aW6cFYbQa
M2yHSWnj4LGmot2dtJ54y/lwwgb8JdZY4irifMFq1PMIPn9Y03kB8ZihUpYeo5RTaaQ7EjFkC0FJCdIpfj4XnI/QUFtu/y4sdWZS3nSMpkWAz3k3oYSSxMIWqv3Oy++U8NXa6Sr0i1cdO1FX2OcYO3mVTPsBcOe/CR0yfj4jZKlpko8Ur7M6R8jyIVGpmyhkZR2sIZxptBi/0oNGTYZObZggPijrsUnw+/vsBNWbNUzRL+Cfi1LEQl4JscN691YLGy31tI4=
kQrWFh6Uvgs+i49yJCdluvlwwgb8JdZY4irifMFq1PMIPn9Y03kB8ZihUpYeo5RTaaQ7EjFkC0FJCdIpfj4XnI/QUFtu/y4sdWZS3nSMpkWAz3k3oYSSxMIWqv3Oy++U8NXa6Sr0i1cdO1FX2OcYO3mVTPsBcOe/CR0yfj4jZKlpko8Ur7M6R8jyIVGpmyhkZR2sIZxptBi/0oNGTYZObZggPijrsUnw+/vsBNWbNUzRL+efi1LEQl4JscN691YLGy31tI4=
EdZ+XGntym+M9xIpWcHqHd/4242Yog+Y1FQMv6lj2N23iAxpRuYQl1yK3XQIqlWRz9wMnW79Kwzr1eHHH5AncLQJ
qUFbF+qy1fq6TQBd+PyCEbKSqFRMY72tr011z5Tz1mjtQ4zozJJWfX4iy5aXTCcT57o+FG9lxN3gtBNX01RnI3L/3R7ymriFt3NcmxBTrQFjtBg=
CIG+7SPd1udHmbUA2zqjSykfg7d6/hliED4MWyvL4NAOT3mBjHjJ3trEDWZhzSvPnMItDOgyxRZPVJwFDgVbxKsd0f8/iDd4tAE=
lFr27uNAyctd/zNpe/vnl5wFinpShUtEvq4hDSOE/4nRUkElUpK3nMVBh6C58gJnOILtBiBPQPjTQ6t6c0OPXc7Z4sQ9i71sqX/TH3OCfCLWGRkDkkdea0MdbbQW
o2gPyMxooxN88KWMR9I3cCgfg7d6/hliED4MWyvL4NAOT3mBjHjJ3trEDWZhzSvPnMItDOgyxRZPVJwFDgVbxKsd0f8/iDd4tAE=
eXGONwEbLWSWYGmnqxmO5Q+ewy7QctQXm2e4PG6j4S089FFSWkiV6tFhsyP8LnWgWH4dWo8YREk+KQMoy/HJ0w+EL3S0DQ==
gYH/pZPxMRA3wuK9FfDLzg6ewy7QctQXm2e4PG6j4S089FFSWkiV6tFhsyP8LnWgWH4dWo8YREk+KQMoy/HJ0w+EL3S0DQ==
dReNLFf5zAt1GikxcWP/FVqx+kifPJNZyHKlMnTwpCs591BZNwyE/dZyuDP8LnWgWH4dWo8YREk+KQMoy/HJ0w+EL3S0DQ==
5F6SZazktQ4ih6cwoW7pplqx+kifPJNZyHanPHTwpCs591BZNwyE/dZyuDP8LnWgWH4dWo8YREk+KQMoy/HJ0w+EL3S0DQ==
g9zqQZWKG1ovTkBycyIbj5dW/wLJQ/Agt/t9Y47JX////zl11i4dZHk0Y7djFLdDjf/tPqJayCUH88z7wBOdIXO0CA==
u6VQ/4f0KOVyvLECvreYFJAnVndW43+fYmhmUrrMWyCS/R/6k3pFUlrSoZzJwlJmeDlDDaFF7kxfkAu1+Hq/8BR8fGcJGwj1t6DcEeY+YL+c4m2saJKF9k80XKWOpZvkq/0Rn79od1i0IQ==
JvIgwvtUvjV6kTDq0cNlGTfV4vL36NM2V8nVOpp5U2epHx8aHX/Ntemwg0BOVRSlRuRRb28l1JRBTSVcOzqu3ahyWBdPYmB6teI6BHXbVcwx70uf6xLkwn5J0cPaN3aLe21VtC4=
2w/Xe2gc1Q2mntyu+ss9yfaEJ1eNrSoBhh6IHc/VDwesVF1eWt65kPkuSkoYFZvhkQm2gJ9cU/lIlmdcdNDki7mXkHk3LESdVtL4E/xOtUDY3t06j/gE6b5JQ8jL0Qlzj2RvVLQt
jU+di79sod1iVEl3mrsIPhd+YCxRRiViWuLBrAkSMvb4qeNdYbXOPF9gK8W4qh9glOycN0kr6MW3kDwhpm6ALxxyzXwo4qUGT0R8VU71O3QrbXFPf1gXaLQR
2FH1bjdEQaYmDpq9aAvJ6Sppy9cvmVEZQ08tZlrmybgZBhoS2M3LiTHhBvgfpOOR6H63BDQINKPZv2BBNxS0tTb6KMu8FmWoeLZtwg+AtAEeIRMQC4lZW29MH2y0FQ==
iZbrIGjlKDOQhV3WdQ6oHwNa5PIeq3ADdE8tZlrmybgZBhoS2M3LiTHhBvgfpOOR6H63BDQINKPZv2BBNxS0tTb6KMu8FmWoeLZtwg+AtAEeIRMQC4lZW29MH2y0FQ==
G8vp1miBrM9JeNbJ0J1wfXM1mRjFp93noeDaZE02kZyGhEg/f/eJC6qevwaHPwDEy7LEWmB9AfUsh/dWcHt+oPQd7CSRlgCcgeRvYpBvNtsvZjubTUV3RhNqtBc=
NWi0vZfq615jfqt+VVKcA/lwwgb8JdZY4irifMFq1PMIPn9Y03kB8ZihUpYeo5RTaaQ7EjFkC0FJCdIpfj4XnI/QUFtu/y4sdWZS3nSMpkWAz3k3oYSSxMIWqv3Oy++U8NXa6Sr0i1cdO1FX2OcYO3mVTPsBcOe/CR0yfj4jZKlpko8Ur7M6R8jyIVGpmyhkZR2sIZxptBi/0oNGTYZObZggPijrsUnw+/vsBNWbNUzRL+ufi1LEQl4JscN691YLGy31tI4=
6K5wciXnh7fhK8nrL+Jd+ga+5o4C+Ym0xRZz4TB7DjAmayfjaC4q8vIJvg4pJjsDLTzBEYPQGNsycc2ftfULUZG2c6pqSpms/MOD5PtUy/R/Ze4CpYe/v9trYAZl1ritL6GKkXaHpIl8CQ/9TvgkIO+qDt856mpDioQKbr1P3tnZ0Phpc5nJJ45cw2z1il/9JXeHkMN/C1zaYBtI4zkmy5H7ZVCUbNTCKY0z2dxa+Sz553hsK3+xIaPTHF6MKL4Y1LFBwca9SCaLXiRKdXfMsJkaMHi5la6WOwOm37d6208FCYfia9a0ow==
Q5vpgdKtorpX1hHAD6wSHlcfeXpUcs7/+wkz+9vRj/f3x/LxtiCLsKY4dsc2nvHHrJKMYx/YODyv+YLXIAPchqapWewL4LaEWe64BUs+tyqbJotTtmiZaV+dv01I/EnIyJ87t7Kbaomki3gPB+dCxjQy21wW9UXESqGu4mJUUZHuq40GAKMv14nlShqLNjl0j69RwV96fxFr/j7GszJPp9Z5BW3d2gjiVECtC7tDUORpvk2R4MbX0RFDBzX05OB2DuoA5zmLGnOIZM+Y7JA5CZxibSxoEoV7TrRfJY4lm2SrfREfv+h32LSh
POZjwi7nT7CjiMNAouSBeZqotTIcPeeVKqxiIhBH5PpxfLOQnOahvpwa1WF1zeXtfLWLPg3jrZrxaz7dgaO9KN8XCYjrOcNCLh9Pgf1TY8kQepFXNi8gVZbsne9vMCqpJA4S9AYkBuKEs3bUcdyXeT+6LKt7GvxkGaYVF9Y2fr91XIrR+KmIcPGfB09jh6pTwlNDcQ5bgxTdVxMpwO6M1z6hk9YtlA33wE+SBpPBW68yjF95LoHejY5wZWbxln/yVKXipJxoybUzOGGPXtSnr+8ka8ukvok1fqrEvUPTSAMMg+Fp17Ss
mKSE1iV4atgv1TOHWZejWSU9f2KxeMK1WxZWX4z0rSVjI7/IFEVtcDIwSvpN/vu9S3GSDeWiowMDxp/T/BYv2u/6Bq9H1CX5DR5gJ4FdsyNNFf5C/wsYzw5J+NRz80FAJLUqNhzoCCQI/oqLeMh/rLll0YJCt1X60jh3nvvL+EYwY7tkxI02aUYsvyfJky33BI8s6y0toLstiLPv/bVungJLsBkdSqMUg2tO9xyaHbH1M9w0MeWAYXDR4MiLul/mMS6aHaz4UqgH6X0Ar1MQpIlzARwFl4pepykQkiqhbaNGHwK773XZtKI=
YgHX9X3Myft+5/fTbqwu47pu3PtPHHv0MgorOez9BVLW8JHbDAkR1/Lm+bR+Y8EBHXI+xh3MGaWG+fV6M/aXoN0pS4tJZ70QZ7lP2prv2ymB878hpCrF7/rvbC3CPGnHM1AWQTA+ZuwKJAr68INiPE28y1HLanjTN9ow3E32of8KlgIX4aw+SXQpBOhF75Pnnyf2O3aDl8lCG0/sCQdnARwOsL8qkWfOIZQB7zR/hm6vIYeHRtyLgeLBkjVaoNEOrTaDWsDVVjwQ6EUth8j1JyJ0e0dbdD9zaH7FTSp6MJUfs3TrGLOVcdu0oA==
bApwH03QBR7Fpij+tzfm2iU9f2KxeMK1WxZWX4z0rSVjI7/IFEVtcDIwSvpN/vu9S3GSDeWiowMDxp/T0AEvze71G69H1CX5DR5gJ4FdsyNNFf5C/wsYzw5J+NRz80FAJLUqNhzoCCQI/oqLeMh/rLll0YJCt1X60jh3nvvL+EYwY7tkxI02aUYsvyfJky33BI8s6y0toLstiLPv/bVungJLsBkdSqMUg2tO9xyaHbH1M9w0MeWAYXDR4MiLul/mMS6aHaz4UqgH6X0Ar1MQpIlzARwFl4pepykQkiqhbaNGHwK773XZtKI=
WSBANTurEtfbozpYnHspnrpu3PtPHHv0MgorOez9BVLW8JHbDAkR0fLm+bR4Y8EBHXI+xh3MGaWG+fV6IvCVtdk9S4tJZ70QZ7lP2prv2ymB878hpCrF7/rvbC3CPGnHM1AWQTA+ZuwKJAr68INiPE28y1HLanjTN9ow3E32of8KlgIX4aw+SXQpBOhF75Pnnyf2O3aDl8lCG0/sCQdnARwOsL8qkWfOIZQB7zR/hm6vIYeHRtyLgeLBkjVaoNEOrTaDWsDVVjwQ6EUth8j1JyJ0e0dbdD9zaH7FTSp6MJUfs3TrGLOVcdu0oA==
vwklIdlasBYDoMk1qu4xEAa+5o4C+Ym0xRZz4TB7DjAmayfjaC4q9ONR5h4/LW9cKj/UOMWzX5klKdrfsccMR4Src6pqSpms/MOD5PtUy/R/Ze4CpYe/v9trYAZl1ritL6GKkXaHpIl8CQ/9TvgkIO+qDt856mpDioQKbr1P3tnZ0Phpc5nJJ45cw2z1il/9JXeHkMN/C1zaYBtI4zkmy5H7ZVCUbNTCKY0z2dxa+Sz553hsK3+xIaPTHF6MKL4Y1LFBwca9SCaLXiRKdXfMsJkaMHi5la6WOwOm37d6208FCYfia9a0ow==
l0xba1LXUgKd0gXkTsBNpwa+5o4C+Ym0xRZz4TB7DjAmayfjaC4q9ONR5h4/LW9cKj/UOMWzX5klKdrfuNQGWoSpc6pqSpms/MOD5PtUy/R/Ze4CpYe/v9trYAZl1ritL6GKkXaHpIl8CQ/9TvgkIO+qDt856mpDioQKbr1P3tnZ0Phpc5nJJ45cw2z1il/9JXeHkMN/C1zaYBtI4zkmy5H7ZVCUbNTCKY0z2dxa+Sz553hsK3+xIaPTHF6MKL4Y1LFBwca9SCaLXiRKdXfMsJkaMHi5la6WOwOm37d6208FCYfia9a0ow==
PZ3v8LNrlRcSaS05HB/FGp68uFaWHwuw5vEG76lM6FcRsq7avmZMmsRU16SwdX65cvUeIJnfojSIduQ47OBBP/KYvu4CQ69fm5Q+ANlqMHHbil/OO0Lj52acUS0f2Xe5mMghrOh704Oi72KNpI9wexfTqiIUVrNoxgGNgArlZhay4Dn1Tk9lspDXp1MJYcJuG4LRkC/LOXWPjrdVK7r2MmMGJ8P2ne1Zza4A5lREpX+rd7gASdolpTAyH5VRB8/BJFCIEq4O6FOp/5L3COBH7Hwk0e08BgWYuOZNPw7wl9FeEfMAi5n5K6+cf9y0pQ==
vl1GyP6TbyDCMDxdryGQov6QN3mhlaO33a9HKWLnOe3dTUcjTp4XPdWOUoRuLPW8M0WG4SAwhiHMLnyMZL9tIABMaC3EhcYkJ9qqGYhZSD2TlHSMYiu3kL2h6KnyFfbMWy8dmFS1CNYrNwFlv5p3GT8OwIhpQJn8FDPYSz3V+7+KE0TG8p2QoPsERyH4KqVPjqzu7CZZHkrw7l15+GdIOhen24qJPzHBPTk/FfYm7U47NtuECjLKs0qoTvMJda6Ylwtlz34gQAwOu1yDBSBGEli71m0jx7hDHZbqQmoddE055hpBoy7Jbl0QJaWb+r7p/2zCs3cLil5dRuUPaYxDqv6z5/a1LOX5KzRSp9TswreO/q30ikFwvyBFZZchROjVO31Jy9bo8/Adzr/xnaPXbMvbS3BCFOsUy70GB+nv9WxcCNSu8bmDxbSemaDBs6gQo1txjbsnbIIkLB5ULCVRfY5ZyMrT6hTWnTMsvCHOYISxNuq6ondWg5/++4N9HRfeo7K0zw==
47QYcTgniqHiJ5ynxhQTzfxQJ39A35wSyPuhkNYIbDjkB8ynOL6X5mSvNcSYPrh+Ke+0GHmRpWMcvRjp1Y5ysRT1+NCCMm6C3IpTVbfyQib47JIJAYR/lKIrFz8cYCJshIKzMUq9O/IMpAH5+vmecVuz1gU7kNs/KeWbdi7wYAPk76CAFkTF9IScl8kpXzqWS8Eg1Pne3xCQwo0yE5WyJrb8hb0Cu+nvRl1Wr7SHrninacHBw0sXnJt2FOj1Jph3BPrH3U6lDLj5jPv8VoRYKwFiPUKuph5VzqREH6viSXQMgLLTAzpihRflOQ9dXd7Vu/qmRdkSYKHidrm/202k1z3XNXQ2Z3UztWlOmZnKPDoNJlhUKx1HPAgs+GI4Ldx/FdzqEVipKDARH+cPw4fKk6LTY7GuW2NUPdcz6WDu7BceIbOWzZTtt+DPssbzwftvEgy/Oc6Bfk2u8AWmkZbfsrQlAuQ8aGl1U7gBT/7UR+8PpEuLA7rp9B4q5P3j06hDLAPBqbe0zA==
xSY0buLXxufhA6I7qWT0Yo8Ljcr8dOQXGQMwkMl/SegoMOiFz5Hh6QoLFk6AjmQRLxnkIXTZjrujDarMr7klqXiPJnDSzp35EWuzX1venGz82z12JFNzF7rJtkivbkrlUH1YMfvAtFCarwc89dXIlerxJgDzu50E7HH4OiMDYRnnPueV19qA1BFEqdDcx3j3pbGr86IHRNrK2eDMc7Cn3SAOtUPm+C4w3t2u5riafUXgg5j2vzNbFjH7wS01DV9proJ9wtPim9hyNvqfglzuT5ER/tS/H2XTRmQwYIYPvH/dBFYeMO8WsdtDCO9V4sp+cvmkgZFymt0b6jmCVSRF2cNeLmUXuILvDw+6cpWyRbPx6BPm1qfn6o1olZWjgLJbDMjSu+aqbShyxcATaDFFqzmgOBmT6clXbiwDHBX6343FB0fgIw8LLDoQ2zgDSaa7cYulIHQc1LLJ/fOpPCp5XBmXuBzLD7FRQ6PcLmxYPmg0wYGxJs1IVmsu5DqVB0zAeWrwCFniqubac2avVwpbP+V5R5KLprTT
CTkUHNC+fvvievSZ5bKGsao9pxtdaAfaLl8ggELgLL+B0m49hr02CzI6xboYxnPd+kNeNWmpUVG0S88Q5o8j2hUX3+8BXkuUdry2XgTPLQosV3Mbor2GVEdKKoloqYgNs4R0nEIbd2BdMWg5kmW2/Hs/HYh0hUimS6eB9V9qtykfHsCYSXBZDPSjWNtdpbuPqgNE1tKt0NCblMexGNplf6687vwGad66EH7d6ZgXCAo3t9uaqQ9xsV2pv4UW1i1+GybblCoCCkOqOM5jaQXuqLcbZd9eEAB8bivcE+XQhiJ4q9Z9A/d4s/0GatIKbTR9GfYaUYMeiR49gKU1ewp+2d98wqNXO0quvdZlnwn8A5reo+fmlRyliUuk0jc0HAKHru6t5KpxsE/A1eUHQTSo5RttSdv22LOAfV4/YX1TF1zry0tgYiQr5CsthpeJn7VcfBjUvtGJw7XUDhkwIUNoIINLcZ2bF6xyxLyexExVEU2uScja89pUpv2jrCzBPqC0kSbqqoJHlnN/bnsTHW1X7oOitN8=
CTkUHNC+fvvievSZ5bKGsao9pxtdaAfaLl8ggELgLL+B0m49hr02CzI6xboYxnPd+kNeNWmpUVG0S88Q5o8j2hUX3+8BXkuUdry2XgTPLQosV3Mbor2GVEdKKoloqYgNs4R0nEIbd2BdMWg5kmW2/Hs/HYh0hUimS6eB9V9qtykfHsCYSXBZDPSjWNtdpbuPqgNE1tKt0NCblMexGNplf6687vwGad66EH7d6ZgXCAo3t9uaqQ9xsV2pv4UW1i1+GybblCoCCkOqOM5jaQXuqLcbZd9eEAB8bivcE+XQhiJ4q9Z9A/d4s/0GatIKbTR9GfYaUYMeiR49gKU1ewp+2d98wqNXO0quvdZlnwn8A5reo+fmlRyliUuk0jc0HAKHru6t5KpxsE/A1eUHQTSo5RttSdv22LOAfV4/YX1TF1zry0tgYiQr5CsthpeJn7VcfBjUvtGJw7XUDhkwIUNoIINLcZ2bF6xyxLyexExVEU2uScja89pUpv2jrCzBPqC0kSbqqoJHlnN/bnsTHW1X7oOitN8=
xSY0buLXxufhA6I7qWT0Yo8Ljcr8dOQXGQMwkMl/SegoMOiFz5Hh6QoLFk6AjmQRLxnkIXTZjrujDarMr7klqXiPJnDSzp35EWuzX1venGz82z12JFNzF7rJtkivbkrlUH1YMfvAtFCarwc89dXIlerxJgDzu50E7HH4OiMDYRnnPueV19qA1BFEqdDcx3j3pbGr86IHRNrK2eDMc7Cn3SAOtUPm+C4w3t2u5riafUXgg5j2vzNbFjH7wS01DV9proJ9wtPim9hyNvqfglzuT5ER/tS/H2XTRmQwYIYPvH/dBFYeMO8WsdtDCO9V4sp+cvmkgZFymt0b6jmCVSRF2cNeLmUXuILvDw+6cpWyRbPx6BPm1qfn6o1olZWjgLJbDMjSu+aqbShyxcATaDFFqzmgOBmT6clXbiwDHBX6343FB0fgIw8LLDoQ2zgDSaa7cYulIHQc1LLJ/fOpPCp5XBmXuBzLD7FRQ6PcLmxYPmg0wYGxJs1IVmsu5DqVB0zAeWrwCFniqubac2avVwpbP+V5R5KLprTT
00ZCZ4EyYVlTo/0vLJ/NgnNbcrLtex1BU2AD2LAIgk/e5TT/1Ltr/IpyVbx034IZOKKLMQfF1Id7zy0bgF7kYGJCEKbsBkYH4+c4etBSgoQIraMk3TB4w+3LzrDw2D7K6XUI/Xm2Vuw7zSgpTIWhWwwhGbD5GzON4QI84HI33ue6hBREx/CelK39O08o4jGpOvDb/v00Sip3xsFFYBKMtN/5QPurqxwV7BtmV3yMXYEbZWHrtTgBHm6cZ7YKw75yXVnMJY48YwRBSMQUyl97CqfmDAa88RRMvut5MpvAtsjol0F6IMFNrQM7j40MIUESfGH7MkKF+B7Dy8ldtuMH3y9wNGd3N69hdK2L2i5Od05CcAk9ZRjSxAKW6v0OSy+UsFUa6Wp0S1dduxFXGGdYO7kVDPvB8Ke/SZ3yfn6jpKkpEk8UbzN6RwhyYVFpG2hkJZ1sIdzpdBj/UkNGDQYObVigfigrMQnwO3ssBJUb9UyRryGay9AEQp6J8cO6dxYL2621tM4=
EJKTr4p6DiAYqYNP3s44EFqx+kifPJNZyHKlMnTwpCs591BZNwyE/dZyuDP8LnWgWH4dWokYRkk+KQMoy/HJ0w+EL3S0DQ==
yfPx/1OXUxyN88ePaXo0rNwQhTciQTjkAUMZ/O2Hv9nfOLgyMlHlY05PetvHxQG0eg==
nz5RF6vuKfXWbiqoGILoajT2+FW7pmre2fVRTaACL1wk9Ctny7Qv0xV5daw6uqD1TzOEC6jz5dELtHA=
ksdi+6rgS5L281lPDcgIZoYgOMJxdxrhIlhu8h+NTGC5inBoGUipRpoT5k+XqlufJZnH8ssGtHM=
J3amIk6oR1kUepV0MQETi3M1mRjFp93noeDaZE02kZyGhEg/f/eJC6qevwaHPwDAybzEWmB9AfUsh/dWcHt+oPQd7CSRlgCcgeRpYpJvNtsvZjubTUV3RhNqtBc=
NR8NjsaIDq+Dv/w1OGcqHQNa5PIeq3ADdE8tZlrmybgZBhoS2M3LiTHhBvgfpOOR6Hq1CjQINKPZv2BBNxS0tTb6KMu8FmWoeLZtwgmAtgEeIRMQC4lZW29MH2y0FQ==
ve9dOYZ4TM73tCAy6UJGwCppy9cvmVEZQ08tZlrmybgZBhoS2M3LiTHhBvgfpOOR6Hq1CjQINKPZv2BBNxS0tTb6KMu8FmWoeLZtwgmAtgEeIRMQC4lZW29MH2y0FQ==
PSurytEJG9NEz+ij+Ew5fBd+YCxRRiViWuLBrAkSMvb4qeNdYbXOPF9gK8W4rh1ulOycN0kr6MW3kDwhpm6ALxxyzXwo4qUGSUR+VU71O3QrbXFPf1gXaLQR
jPNJI39vhfvi5jdyGlCjPvaEJ1eNrSoBhh6IHc/VDwesVF1eWt65kPkuSkoYFZvhkQm2gJ9cU/lIkmVSdNDki7mXkHk3LESdVtL4E/xOtUDY3t06ifgG6b5JQ8jL0Qlzj2RvVLQt
inlaji9A81EiDLL0+H+snjfV4vL36NM2V8nVOpp5U2epHx8aHX/Ntemwg0BOVRSlRuRRb28l1JRFTytcOzqu3ahyWBdPYmB6teI6BHXbVcwx70uZ6xDkwn5J0cPaN3aLe21VtC4=
04xpI0JpWcLsXHQkA3NLl5AnVndW43+fYmhmUrrMWyCS/R/6k3pFUlrSoZzJwlJmeDlDDaFF7kxfkAu1+H69/hR8fGcJGwj1t6DcEeY+YL+c4m2saJKF9kk0XqWOpZvkq/0Rn79od1i0IQ==
5xz6T06m/P3ItGVO719cie3Gqw31jDM+uon+BXMQWs7wtWUvJQdpky/bDlCkP+wtk6yVAxsnDAn68zVKXpu4hRL0S6drNI+T9XlVbFo6wDVvM2RLSHNFEWu0EA==
