aWvm6ARz4ozAoQlxQ9ljPwSCt5QBY2eUjCoXscJHPgJsVW3J2sTxVRiz3o+JPxqd8gbTfL4Of1KjkBKie6gup8fOz0ujgos1tQEnujt+tBs=
FxDp4Ya+WM3CXyB1ZmDMooV90rCuxreYjtmx2bl0UraF3TI9F4/QcoWCJeNJL+7lJ+msT9c81NKOQLihuZEAZELEzYJut6Lz+rVW7ltj3PMxMZgjDzRJdKcLbFyYbOpNvCNh5FUssLSyNLe7CU/lHXITQaScHOKVC+NYmGi/u+DedObidWirvDJciONZarVICLRsSjliZ03jJheflVxohB0G05xQNA6pe6xp5qsMYsYj5O5zLzJfTxuu60H9XRceI/K0jw==
mi/Q2be0EccaTipEn4Eu14V90rCuxreYjtmx2bl0UraF3TI9F4/QcoWCJeNJL+7lJ+msT9c81NKOQLihuZEAZELEzYJut6Lz+rVW7ltj3PMxMZgjDzRJdKcLbFyYbOpNvCNh5FUssLSyNLe7CU/lHXITQaScHOKVC+NYmGi/u+DedObidWirvDJciONZarVICLRsSjliZ03jJheflVxohB0G05xQNA6pe6xp5qsMYsYj5O1zLzJfTxuu60H9XRceI/K0jw==
UpV99cPQZz0P9D9jIhYiDBHwceNAc3KpuDEXxJ2rN7XGfkhz0iuOF6vpSz6fdbfTxhWNe+41BfPc78oblyVxtAo=
69QkqT5hJBK80u/BnK9wa1dHFXpzDOKBGIzs/0svKpLsYF+WPysJR0KpKEkSdXUxigIxvPOTgZA4g+QlbaOb9i0ScQtadnp+BnJhcTofeXg7gkM82ONoGvoNdHRSHEsLWLp+PG8xHvoJJDlrjxH3TpO9M5PC3QFLko3h07h3FgvbrbW0zg==
Vo+gB0ivqxpO4ap6wpa5FRZw7a/PDsAv1g6ODbsytelaErqigLg+vqMqQYS9yP3H8znjnifFP1JOZXUbBmXds+Tf4juPNXm0Ag==
MyWn0Po44YHFORcksBphECYziATcsfy14eDQY1E31oqTlEAPOuvCCKCgv1OUcUmK3L7RR2B9Duk+jd5WYG5wvPYmjz6blAKek/xia59qP9crdiuZTUV3RhNqtBc=
oCg79DcYHjjuWf7bkm4M8xdw7a/PDsAv1g6ODbsytelaErqigLg+vqMqQYS9yP3H8znjnifFP1JOZXUbBmXds+Tf4juPNXm0Ag==
DnpTfmUJo2vMRqOmAxf+T6ICD28adnpdb5oJScb6zlIUILI+L7LV9EmgYWdPkbdOUz1zkgJdQUvSDSHT+PfWC5stdbQO
POY2fCfXL3nvDtbbXk9fNKMCD28adnpdb5oJScb6zlIUILI+L7LV9EmgYWdPkbdOUz1zkgJdQUvSDSHT+PfWC5stdbQO
mZncLjLsN0Phvsf9EOHsM/ctNglVOD0TPI8UR9ypi1QRI7M1QvbE406zandPkbdOUz1zkgJdQUvSDSHT+PfWC5stdbQO
78JUmTXDFLEBLVgjBbFqjPctNglVOD0TPIsWSdypi1QRI7M1QvbE406zandPkbdOUz1zkgJdQUvSDSHT+PfWC5stdbQO
aZceCZt24kph4YGUc05WTtG70I+EsA6KxURPr7Y22NeUzQh2D/EfrTqQ13YKqEeGwtUDmGfxLxz71+HHH5AncLQJ
sgNTtiJqWxcy8WCi5wEcr5GTh++VDSi/sMAj8jWL5MeZTjpAn2hSFgF908jXnZ2iZyxLNejNFmG5gGnDCOPK6aABXyQl+9+1rq7wExobltcTeYMeh4UfUi4llZumpf2zxB+Cu291WbQi
KLY8KILmhGjKU0LXBVMX0pyzTw1KpHa8NZdfPKyFLM6+mdZMJwQ87vO+ipIeRCnpyy1xpKqO52G9GRFlQwDo1E201QNUR4eDlRVfhuss4ibjROLT79Lfb1vO66E9fZd+Y1K0Lw==
5YqloG1MoLKPydy1CtjezzHe5PvT8cM9bd3TNrhiRmGEUl4WDWXH+KO1gUJbRB/lHPVaIXV43ZNcSzZJPGnr1LFjUzUiNmRjrvMKd2/RV84z/VOS4h3hy3JNwdPYN3aLe21VtC4=
hfe+/ChBVZJMxsVgWc88JSy9lQathGIWMZ3jiGd9LSL3zJt1uC0GYamguYNYQ1pp0KGvZFXbL7XejgDTartmV4PZU97XpQ9SPkVFW/bFbTN0fzJ7XxVptBI=
rLUSepL6ESq4t+OvPO63q8kSiGRQhmA3s5FmFjWV/5iLRUkCE5S3hYRlwqHt6EUzNJv+CXRZA/TJU6s1WgacQ8bDwrcngb9uq23LEnqNeSvaHQkTkEdea0MdbbQW
WyNk58ImePjhafJodcygn+Ahp0FhtEEthJFmFjWV/5iLRUkCE5S3hYRlwqHt6EUzNJv+CXRZA/TJU6s1WgacQ8bDwrcngb9uq23LEnqNeSvaHQkTkEdea0MdbbQW
JqkuLaBAeQxTHbNQx8X80frAoBn2jzM/4JazGXkAHcm/smU4IR0iiWTBSwTja+I3iLmCFVUsDx/t9RxKWpuQjzSHUa1pNo2B7XtbYV8zzDF/I2ZLSHNFEWu0EA==
mzZvRonrGejV43UAMpac6oV90rCuxreYjtmx2bl0UraF3TI9F4/QcoWCJeNJL+7lJ+msT9c81NKOQLihuZEAZELEzYJut6Lz+rVW7ltj3PMxMZgjDzRJdKcLbFyYbOpNvCNh5FUssLSyNLe7CU/lHXITQaScHOKVC+NYmGi/u+DedObidWirvDJciONZarVICLRsSjliZ03jJheflVxohB0G05xQNA6pe6xp5qsMYsYj5Ot0LzJfTxuu60H9XRceI/K0jw==
CcaeGvdxewxIvVQvSnxYqlrSm1ooVAoePeyBxFqTRCm6OVx2rD0JpeYO3SHKFA/Qu08xqbIdvzGC+FzXErmy34ovRvrQ1HdvgNRXjgRJbtCLU7BXFoWleWUdXwy3DTSm1iu+apRrsQUGEnCu6VsBPm3HzydTkaUtXoceZ82zp4ofRdTgmd7t6EF7HZ89+l+Yv8ifD3wGVPj9bRXLXmsPM5U/YCDEimOLwO3XLR7UcgZJltEBYYznNMYwwA0q5pafT6cKpfSXl4V+tGb5oI3AyXpsx5BnGedIgYI4RWMULkfV7PgK0mDV9PGgJw0ADxcAnTw4+ohrxv77a5q3EdRkICVpeTm6f2Wxt/cVd2xZKyFfWB51naVfvdLEM76RTi6ewgHDu4nMj1id76TfIlHuQGKRs8KJLp5xWpCXLiJ/45z1puW77fen+NXw3K/n4VvaJVy9hxdLprm//7Dz4Yynf6fz+/7RMtLRRXG5PaEW9dFV+KexaVOEodfjjnsAE92hs7TI
Ya/81M9H0opwenlD3K8m1Zen3PYHFtbmhM8JfbDbmC29N1mNSWAL2QpsrPodhCTXHBjJ/TYDxMw8mUnqpjuwar+nltfkmTALAKaZfzy6bKflx248wyXNnQEk/+qFwp4EsY0IcctbgG+fQNPZ2r1sqhdIYDq3ul049cQLcb8jVd6vvoQYRdHqgsr83n5TML1eljbmyJjKVTdCFT4ytcgZrZf23XKfxYp/PtIdX2Var51Y+5jeJmS7yihG0inIPf/5Ok9RiOdP76/DxvMB3Aubg6Hp90180opsHeZOjpolV1AoF2nyjJ1gqRSkoq7oak/Dw97eSszNAGOPJ1hU0ycFgkj9rqLp/LMh6/QHCF+41Y+1wt+oiMuvVmGe+52cbuziMlfwpSHmkbL4vk6C56ndIV3nXnWhhviiCr8XNejqXHEjutKyZiBxNiN2DioYMU1ETfJkkswoHZzPJz8wZy1hUjAe0QATHhQqxiMHmrl0/+JavI8CiNLLAjflh/jbs0kTD8SvtLTN
UVTaquN/jANplsu9lo/fCtUcXHu9f87ehY8cU/a/degTQg4Ld8c5vve+0/N82fbYM1mFwS+5gRq1OnigYO0eyNhjwDgG0J4F93LmG4lcqBPuaX7tkiRJ9FoMi/c0dAP2WHliOH+TBP+a9fnBsf2rFItdeM5CqyqCWLuNHXJyJBY1q42W2Ye7T1+hedWKJ6r/seProgtFwMjVjpFw9dvJZ+HKU/DLiCun8PaIQKkNYdNiu8PbAb/0SIjaX5M0DQOVQqT+rv1WJeltvLtMkpB0ldY2Wrdbpx6NOEdrHcoUMoH8vcwhjqxzOOtpu/BVYsxdX0RiL0FsbOIesOnshcBztdz/m6gpfEyShFsaBi/LLi9thCgIMWltEfYvGSkDV8GPsGknSSsYqt0RVYMFhqRHpq2e4nZWgVfTxZyzQGkPcGd+IWLo1lFHKoUewgkOMCO23q8vtOGm8ZMhJ1tgYVCI17vRVzLRnAkvmzv6AWsfROvd3OsXM3NvFh3i7skxEe2FfeZ5eeG409llY1hZA0M643xDkYmntNw=
EObk8TU2h1vfoqNM6hdAFucyidalgDf93ZsYtG22xkU1gLJufwzvssJpE2cQgj5JrSdVkFv63xl327BFEofJZk0NWJfjA8LUaHqGdcJ5guWWJE38phynjxBU5y50CT7wu1NAt8ZFFRkVnc+sZ83ERsYrrgrkK+GllpKATlkbUV4dx/8Hg1FVje4Hjged85eqD0XEwKmevYjR+60/zTqPuI/I728sRuQYDe2Faw4rf1OFP3DANEqzK1Btp02uFKLmuZbhITHMl5R2sFDt+iamv1+nGoXEV0dl7jTWWdDNkOlKbDdwt9lXKPECqOWz1N6nxezoaqIghVRhINftsE9HYO08CNpYqzZeS+sK10GUVAA1aWkZij810Sd3pdecmfsBb1huFc3l710iRKMewQ5e/tIB01t5DF/4DW/Uv5KRPqCSkYPi2W7u0eoQB87yv9O85ab1m903dxhFcGwPl6EL+hVcTWfHixbZz38gUzFMV5+38+ueoXKCcdXxSd0RVqWxJfiXkbmTdAFnYx4bUFPtgaO02A==
EObk8TU2h1vfoqNM6hdAFucyidalgDf93ZsYtG22xkU1gLJufwzvssJpE2cQgj5JrSdVkFv63xl327BFEofJZk0NWJfjA8LUaHqGdcJ5guWWJE38phynjxBU5y50CT7wu1NAt8ZFFRkVnc+sZ83ERsYrrgrkK+GllpKATlkbUV4dx/8Hg1FVje4Hjged85eqD0XEwKmevYjR+60/zTqPuI/I728sRuQYDe2Faw4rf1OFP3DANEqzK1Btp02uFKLmuZbhITHMl5R2sFDt+iamv1+nGoXEV0dl7jTWWdDNkOlKbDdwt9lXKPECqOWz1N6nxezoaqIghVRhINftsE9HYO08CNpYqzZeS+sK10GUVAA1aWkZij810Sd3pdecmfsBb1huFc3l710iRKMewQ5e/tIB01t5DF/4DW/Uv5KRPqCSkYPi2W7u0eoQB87yv9O85ab1m903dxhFcGwPl6EL+hVcTWfHixbZz38gUzFMV5+38+ueoXKCcdXxSd0RVqWxJfiXkbmTdAFnYx4bUFPtgaO02A==
UVTaquN/jANplsu9lo/fCtUcXHu9f87ehY8cU/a/degTQg4Ld8c5vve+0/N82fbYM1mFwS+5gRq1OnigYO0eyNhjwDgG0J4F93LmG4lcqBPuaX7tkiRJ9FoMi/c0dAP2WHliOH+TBP+a9fnBsf2rFItdeM5CqyqCWLuNHXJyJBY1q42W2Ye7T1+hedWKJ6r/seProgtFwMjVjpFw9dvJZ+HKU/DLiCun8PaIQKkNYdNiu8PbAb/0SIjaX5M0DQOVQqT+rv1WJeltvLtMkpB0ldY2Wrdbpx6NOEdrHcoUMoH8vcwhjqxzOOtpu/BVYsxdX0RiL0FsbOIesOnshcBztdz/m6gpfEyShFsaBi/LLi9thCgIMWltEfYvGSkDV8GPsGknSSsYqt0RVYMFhqRHpq2e4nZWgVfTxZyzQGkPcGd+IWLo1lFHKoUewgkOMCO23q8vtOGm8ZMhJ1tgYVCI17vRVzLRnAkvmzv6AWsfROvd3OsXM3NvFh3i7skxEe2FfeZ5eeG409llY1hZA0M643xDkYmntNw=
XQeVr9H13oovWZNSHX9vUM7RUkHLkaU+ij8oliEVVX1vSIfeqgD3Pklvsz7HWf9EO48xr//41wi0cQ==
RRYK92bSMqw1CULHLyUFdI9d8kREad3BNHTEIZs7jcWdZlk5QbkymQXjeJmjQ5ojnMPxyQe0fA==
YZ+/18y4l5J3C31eeRTDqxeWkDdom5lJ/9uaLPTD9Ea+GZ8eW/SCPtMcaYrfxL+361YruQ2l9+bTCrR3
aMrk3mlhxzhTjfokhgsM3tdO/xicUuw7obg9fp6dUu3CunMqnigFZEhHeb1hFrVRlf/lMalTxCEX4877wBOdIXO0CA==
VALfesgXwGT/78tyQwQC4s7t04TRohOQgAREubF/y+HakkhxTOAasy+Q13YKqEeGzNUDlmfxLxz71+HHH5AncLQJ
/yxONkNQ//vmgpXKRpZ0rGxlPxK+NDC28A8JxXdfGtCMN4Sq1v3/wgMg0vKb2CK35/CPm8NyC6UVsefq2w60Cw==
NC/eDx92qsTTqsgu7bfeHyhC1qQv5SUrX2kFHHjI494DR3SBkWfb6dqaWGls2Cr779gnDuow1w5IWpMOBwlf1Lsf0f8/iDd4tAE=
wKXu9PmlYP6vQZQe08fAm1Jx9r6GWrpp0FfJROc5t+scWry1gLkI+rl+TICnwOLX8znjnifFP1hIZXsbBmXds+Tf4juPNXm0Ag==
LhtFD8LPEn45NEe1bAqng0x4mI9jLBSLDl++796blfRLYVOLuOIQJfwxjHo99rAQC3hGN5fhTy77jfsYiK0m62q9+ZMApw4rsz19tAY=
CYDFux92Q9PEds9aAtOYLvxQJ39A35wSyPuhkNYIbDjkB8ynOL6X5mSvNcSYPrh+Ke+0GHmRpWMcvRjo1Y5yuhj9+9CTJEXyzMReXaLpa1bouZIYT5N0n6o1CSEBfTt0252oLlKrOuII+1394vKUdkXrvXYph4tvL+HJdXqnOl/ho7uCG0XQ6IXOwdBlWznHUYoj0PuI20fAtvggGY3xM7L7k7sRv+SoWBoP86SNs3WyZM7OjVYVyZ18C+ziEOQ1BvaKl0unDq3oh7u9WpRCIUx9PAG+rANY26lLEOXiXD0PhLLPUWx8gk7wOQwVQMPVrL+rSNl8fLL0G6qm30u+jz3EeCghaX0xpm9JiZPXMS8AKVdpGxhaPSEV82U2JNdGfd6yFkaBRzMVXOMg+Y/Ah47hUoimUXcKdd5yqX6wsxYOb/+U8abhs/Hni8Dx0Ph3CxGnEuGceU+r+wrh25/Ui40cO/cjc392TaI+KaGRXeUNpkmZEb3g+RQj6Pnzw6pDLAPBqbe0zA==
YORap7H3W4EjBwhQbw6v5EpkJH2bwH6ZnVKJ9N5L+lnBGnvi8Yq3g8zA0aqzUAZ/KjUVzMTaXP44yRJz06xdTSU7Tm5G/do9qrqbehbIXXSwB+FN2Xa9Yf16S0Ggc7yRj6P265izFXFbtCA=
WDkR7SRCLbLpY8dvpWDLRVLG4MBbJiHUgnJZ44QNORkVEnDK38jzLVC/yZWXLxrArAfEerYNf1KjkBKie6guoMfBz0ujgos1tQEnujt+tBs=
XCYVu0ybWBaGy8Id+CaJNFJx9r6GWrpp0FfJROc5t+scWry1gLkI+rl+TICnwOLX8znjnifFP11JZXobBmXds+Tf4juPNXm0Ag==
GniVtf7dDmmOey3A1JUuxheWkDdom5lJ/9uaLPXD9Ea+GZ8eW/SCPtMcaojfzLi361YruQ2l9+bTCrR3
5UMlto7asr3HFl8tsidZGmxlPxK+NDC28A8JxXdfGtCNN4Sq1v3/wgMg0vKb2Ci05/iIm8NyC6UVsefq2w60Cw==
qo5pJptfSfxluOXFv3V1zEx4mI9jLBSLDl++796blfRLYVOLuOIQJfwxjHo997AQC3hGN5fhTy77jfscia0v7Gq9+ZMApw4rsz19tAY=
yOl/1haqzuFormlykfhAp0pkJH2bwH6ZnVKJ9N5L+1nBGnvi8Yq3g8zA0aqzUAZ/KjUVzMTaXP44yRJz06xdTSU7Tm5G/do9qrqbexbIXXSwB+FN2Xa9Yf19TUGpdLyRj6P265izFXFbtCA=
cG5H7aJAHJyGFHGAyRaXllJx9r6GWrpp0FfJROc5t+scWry1gLkI+rl/TICnwOLX8znjnifFP1xNZXocBmXds+Tf4juPNXm0Ag==
riU8bGseUYY89SSWRxhsnku062ufJd1QyGS7MmOr7C0h60NlWhbB5dx0shePNH+iWnwPQokTS0MwJQc42/PJ0w+EL3S0DQ==
JUuPRcxSWnovepFAwpbHYUg0/d52E6jzWI9rd3QyNIsZeGWu5n06/cq6ezt2SP00kAfBDTn23aEdfW6BAPQcUe+jFqv4M7Uxe7QA
eU4v6FkwOSmU59sQXKbB0TZCh+JDB1853s6tFfEBzm6wMxCHyMtZGR+rmlwUkzQWHqkfrvskwu6z7Gt6vx35Z0vmqwmt9Te2M3q0Bw==
aLC/6nEcVCTIvoNe73pdUDZCh+JDB1853s6tFfEBzm6wMxCHyMtZGR+rmlwUkzQWHqkfrvskwu6z7G57vx35Z0vmqwmt9Te2M3q0Bw==
K3SjTd0CmZ56PrUvY5vKWheWkDdom5lJ/9uaLPTD9Ea+GZ8eW/SCPtMcb4zfybm361YruQ2l9+bTCrR3
qNfcTcyOv1vjgxUO1YNnHmfE6uZgeLzFQQMznVrusA28nOLPz+wvCvrUv/oMrvvnkY3XYBurGbvv7N8MtHU=
AKoU0uIVV89kvUFzK4tYqf7p2nwUyfriVEoao6+dZfYxHT+XWd6gvgd0k8n4EzkBL7OaRCSLVM4u8d/2S/yidgN07eUPgZm/+75rUZ0tV64DYrQf
OkzIKN85HiAuw3+FXFbc60MSq+FAPXiXustq6h+tTaiovAt6o+McdQHTU21aHtDd/CxCX098z3o6hJ/KC5rbNNF9t/CbO7kLL7w/fLQF
Zd3MVv8NOuIDVmH1isPKVteyMxA91pqpMgYD0qvgKmjrxEEmKQ/tVOMxm8vwEngF5EGUeiUGqDDjCI733zHnjgMdQ53xPZGNgu2xU0iXJkurDWW0Hg==
IVIt69JKI5zXYKmH//kR6VUv0YZtLEKIU1S5ppGflfRLYVOLuOIQJfwxjHo99rAQC3hGN5fhTy77jfscia0p7Wq9+ZMApw4rsz19tAY=
pf2VHfY6LIvs23M8yPDV91o47Mk0EPX4X8Z3MzMsPY0FO26u5n06/cq6ezp2SP00kAfBDTn23aEdcm+BD/UcUe+jFqv4M7Uxe7QA
DiGaMLki5spRpp9SpDG76EZlyOFcJG/Zq9Zs7h+tTaiovAt6o+McdQHTU21aHtDd/CxCX098z3o6hJ/KDZvbNNF9t/CbO7kLL7w/fLQF
jV8d4jEsMrtlh0BTbSimOA2KwC7aa5VZ1XG6NSCg7C0h60NlWhbB5dx0shePNH+iWnwPQogXS00xJQc42/PJ0w+EL3S0DQ==
SwKmJzBMjIiACFmbdqoQm2xlPxK+NDC28A8JxXdfGtCNN4Sq1v3/wgMg0vKb2C2x5/+Jm8NyC6UVsefq2w60Cw==
a+j/ZHPomNT95sF6xe/HNkVlyOFcJG/Zq9Zs7h+tTaiovAt6o+McdQHTU21aHtHd/CxCX098z3o6hJ/KC5rbOtF9t/CbO7kLL7w/fLQF
IZB/w8ZNg5M0G/478PIb5zuQkahBHfHzjQ0lW2uFie5vj2ZucID5LhKNhMkz6RD6oY8koJ+QKpc7ibt+T1WH0rX1071elZVzLI8aW6cFYbQa
7sEk+WikFr2Q5bEmy0DXehpxpIxtR6q9VMFycnRmcoQDPiip5iFh3cq6ezt2SP00kAfBDTn23aEdc26BAfUcUe+jFqv4M7Uxe7QA
ncU7pxpHvVowMq6s0WTqelb6y15kDsevtmJFGM4JG/nWt7J63Su6IEY5o+ktFMvx2oJpQYyw+sOvIHemSlgnlsjE4+ahoY+seyeBF1+gB2C0GQ==
cZmmL01kFOBph020VhnOUkhx6bTKWbAm3BTHQawwse5aXbzp25kI+rl/TICnwOLX8znjnifFP15PZXsdBmXds+Tf4juPNXm0Ag==
jisYCAgKe86/nMgktosD6SYc7x4Xj/aN5rSV+QaGtrMnV7X2pyca2J0vpILmxb8KU/iyGusgoz53aCkzc8rL7cXpB4IrdrQD
C3zwqhOYCWNte9jYFaubl5qotTIcPeeVKqxiIhBH5PpxfLOQnOahvJwa1WN1zeXtfLWLPg3jrYLyay7QhYW9Iuw7RdTqJN9DKSkj2vtALcgQdIsfKzMhUqCPkOJvXyOhI30B7wE5XuKX/jPRft+HZCO7K71EKP1mGaQZKOMqbIQdXtLW5oHnc/XcA2BZj6BH7mFySAZRl0qVXlJp3rDT1i7v39QRpgHz0WerAJHQWLcrkUdSAZzZj4t7aiG7n3TLbZzbt4Nz37YtIl7pAZG9pe0madmxsoY5dKXIuVPDSgMMg+Fp17Ss
hL+XvMmKUQ4vhtodkJ1Y2yU9f2KxeMK1WxZWX4z0rSVjI7/IFEVtdiNoEupb9a/iTHKHJKPB5EEUnoiTxSou2O70Po8LiCTkER9nEe0GtTADFP5M5UMF0w9Ozrd+/kEvLb0tRQ/zDzlQ/pnGPc1wr6l4zYNFoWrI0zp3nPf0zVoiWNNmnIooQSkvu2TNvBf/DpsA2RwUqLE51vvmvPVwwF1KoFdRSJ8mj29f3yWcH6D2K8UpKc6vfHfT5cOE/RXvOhejJJXrTbMR6mMakDVP4ZN5Ax4HhZ9SqCUanSalfbNEHwK773XZtKI=
vwmCmXUCaxoTVHrBCDnCNoVajE1Zsmvj+TxEg428o1TvacXl1WxiyQYwvbyf4kalfN5h0T832YOCiRQs0ATDLJsgcgnEfiGOzb50gOjEUr8IPom4g1DgNxsdnOTHuitc8YRpgrnfYBB6Tl/lVw4erCe+Cze4bPSu0LS2CJIVLoKyd7BFIQbRknjejuLnCZ0B3Qce1aEmOMKKn9eV6AockaOaEtJmQLEWo5ZOyhiRjWTNkqQyzIhdfE8Hf5BnTaEysD6R4BP+VApGQ8f6udS/wtpcz6KCdwtjscVHWNtTCfOP5G/UtK0=
re/Uf9pz4rJlIIJd6aFaIAa+5o4C+Ym0xRZz4TB7DjAmayfjaC4q9ONR5h4/LW9cKj/UOMWzX5klKdrfjMkAU5OYROY2S4Sw/cS1iKBS2Lp+ZeAY7ZqjvtxdAwto1tekJ6b5gm2AudF8GkK4S/cnMPK2D9gv1VhCiIQIYoJ6wsviuPoxdIfhSI1YgGjasFf3MVu1ofp3AUiEKBIJoyd4lJDrKxyWUObOLZwb4NpY6C/h/mV0AFCsJqHWF1HLYrcT7Yh4+NWiUzCIQD51EyiJqpMYMnqrgKKZNwmp07Nqy00FCYfia9a0ow==
EiiilVO09xtBbemaJusyxFcfeXpUcs7/+wkz+9vRj/f3x/LxtiCLtrdgLtcglaWYq5GZSlm7f364oZWXJCjRlbCCUcsprOqFRPK5An1S7CyIaIpTuHLRdEOcuHsr8UTIp5YzsMGIcY6503gcSqJHyTcixkAX8lP7eKCs4mBYbqTyubZuAvsoyaGKSR7IMhZOh6VF7W1LRhlh6mCOunMPuYgmBH2TlgreZkypGpN6VuZ4vVWI/d78/gxEBTD/66c8B+E53gCyCWyTcsyG9q9fVtl4Zy5qEJduQrtTL4Epn3S7fxEfv+h32LSh
t0MvicBEFkDFUOL0CLdbRQa+5o4C+Ym0xRZz4TB7DjAmayfjaC4q9ONR5h4/LW9cKj/UOMWzX5klKdrfoN4ARJKXWeY2S4Sw/cS1iKBS2Lp+ZeAY7ZqjvtxdAwto1tekJ6b5gm2AudF8GkK4S/cnMPK2D9gv1VhCiIQIYoJ6wsviuPoxdIfhSI1YgGjasFf3MVu1ofp3AUiEKBIJoyd4lJDrKxyWUObOLZwb4NpY6C/h/mV0AFCsJqHWF1HLYrcT7Yh4+NWiUzCIQD51EyiJqpMYMnqrgKKZNwmp07Nqy00FCYfia9a0ow==
QNJAkqxGrNwLJDqDqLTHkFcfeXpUcs7/+wkz+9vRj/f3x/LxtiCLsLdgLtcmlaWYq5GZSlm7f364oZWXNS7TgLSWUcsprOqFRPK5An1S7CyIaIpTuHLRdEOcuHsr8UTIp5YzsMGIcY6503gcSqJHyTcixkAX8lP7eKCs4mBYbqTyubZuAvsoyaGKSR7IMhZOh6VF7W1LRhlh6mCOunMPuYgmBH2TlgreZkypGpN6VuZ4vVWI/d78/gxEBTD/66c8B+E53gCyCWyTcsyG9q9fVtl4Zy5qEJduQrtTL4Epn3S7fxEfv+h32LSh
+WEx2+7NlwshXkhTfFwRRZqotTIcPeeVKqxiIhBH5PpxfLOQnOahuo1CjXNjxrGye7aeF0uA6sDlMzmQgbe6NPkmRdTqJN9DKSkj2vtALcgQdIsfKzMhUqCPkOJvXyOhI30B7wE5XuKX/jPRft+HZCO7K71EKP1mGaQZKOMqbIQdXtLW5oHnc/XcA2BZj6BH7mFySAZRl0qVXlJp3rDT1i7v39QRpgHz0WerAJHQWLcrkUdSAZzZj4t7aiG7n3TLbZzbt4Nz37YtIl7pAZG9pe0madmxsoY5dKXIuVPDSgMMg+Fp17Ss
VZgNFCqcXngVZWguw+DWrZqotTIcPeeVKqxiIhBH5PpxfLOQnOahuo1CjXNjxrGye7aeF0uA6sDlMzmQiKSwKfkkRdTqJN9DKSkj2vtALcgQdIsfKzMhUqCPkOJvXyOhI30B7wE5XuKX/jPRft+HZCO7K71EKP1mGaQZKOMqbIQdXtLW5oHnc/XcA2BZj6BH7mFySAZRl0qVXlJp3rDT1i7v39QRpgHz0WerAJHQWLcrkUdSAZzZj4t7aiG7n3TLbZzbt4Nz37YtIl7pAZG9pe0madmxsoY5dKXIuVPDSgMMg+Fp17Ss
XUFS4Oe1kuH0abIMv6ptP4rYZ6zggYmsj0eGIY3fGXe6ewBMLh7Fh4pNPWYxKe7wI9KMwb2D7Te4UzTBU4vfPyvdgLSOQswYtwCgZJWX24GBvlHQp0yS/DmLwZNLBhJHUqYlDwlFAVVz+ws5VPbl1hE1VI/NIOFzmekuiBfyqyybrGm6xuC/9iACrMGtpwf0IQRzn6pD7GlAXOxx/R6nlpAtlOB5MoxHrUCbJotno88J5DuAEvPpWXUGa7wzm7lzaCWxj16vT7QpY8kzlWLfivyNqwE3IW+u201bEuxtxm0K/RmTYOcuq5N93bSm
LTl05g2hc7LW3U/eFa1bHxZq66/TFsEv1g6ODbsytelaErqigLg+vqMqQYS9yP3H8znjnifFP1tNZXMYBmTds+Tf4juPNXm0Ag==
YQN3wyA9h5B1VTwPXULY912AzOFYIjn08m/1MRoCf2bqUPMuoeoCZFz6tnR4fuXm989UoHF3ZbVlBpFp2TurycXAQKiLgzKzBCO5OX+0BA==
yOcbH80tYjaszQNwseDbEoLKJzMlI3V/0m83SDzJkhSLsl8SSQH2AWUKwrJpfHep/5eWD1staxUZPQwLftTzXv05eP33OXnKzI+F7oKw96x9tNs7JiCXMWmPwBaLnCLWw1Tows8lHN86Xmsx3c3XDkNCtD8=
Sdf+s1HeWAMFElX+vs/NO4LKJzMlI3V/0m83SDzJkhSLsl8SSQH2AWUKwrJpfHep/5eWD1staxUZPQwLftTzXv05eP33OXnKzI+F7oKw96x9tN8yMSeXMWmPwBaLnCLWw1Trw88lHN86Xmsx3c3XDkNCtD8=
Qx5RTo5nDjGz28iLqDudyqEahWA/2hoMJl9CnmQPVTToigaWsltpXijKJof3KplXLSPWtdLWzJ3Up8KrkFRwEHVX8WfMiG5BsOVNThINZRxBAzPXEXtYQHk7hrtCOM1F3WaZuQG48BnM4DgYY0Nao9zDMUlHtDw=
NYCHc08dXrPkAp/zcU3feRJMOILdm7nPILYGbF+elAFyUZVFRjr3owK4aZwspx1lzaYJGVG7JnleICh4M8Pqw+wDgSl3tAw=
tMbkGDxy59R09TKZFIqeIwaiNye22bkWaz7n8bBeSEzz1xGyvs8E71Y8cozvHgRhopHFpVY658PS+Dl8vCetBT3mOfkhvRZZrmCY2ENDemM8Q1EJZ7Qc
NG6Ehbd42C7WvKjjOsYahH0pOx2/MjCr6gkJ2W9eGtCMLYKqyuX+wgMg0vKb2Ci25/2Mm8JyC6UVsefq2w60Cw==
A+GW0ubsD8LfzdihicYIJkg0/d52E6jzWI9rd3QyNIsZeGW04H0m5cu6ezpsTv0oiAbBDTn23aEdfG2BDPAcUO+jFqv4M7Uxe7QA
jOxWDGHUWE7V21jXWIupUc7RUkHLkaU+ij8oliEVVX1vSIfeqgD3Pk9qszDEWf5EO48xr//41wi0cQ==
ZgBizIlH0J46gAsSjmVEro9d8kREad3BNHTEIZs7jcWdZlk5Qb83mQvgeJijQ5ojnMPxyQe0fA==
7dISxxScyDvBPGyHTkQ0k87RUkHLkaU+ij8oliEVVX1vSIfeqgD3PktsszHEWf5EO48xr//41wi0cQ==
ZZ2VIpccy8aRycoS4WW9go9d8kREad3BNHTEIZs7jcWdZlk5QbsxmQrgeJijQ5ojnMPxyQe0fA==
jxdU248Mscd4eCdNe5pk3GxlPxK+NDC26gkJ2W9eGtCMLYKqyuX+wgMg0vKb2Cq05/mNm8JyC6UVsefq2w60Cw==
v6Ot7RKUwvnKnMr9BKiugTdYmfRKTkd7gYm/D+lGwGa3LFOR0s1ZBQeqmlwUiTIWArEervskwu6z7G54vx39Z0rmqwmt9Te2M3q0Bw==
C4amZ+Tc3wBIWBXbQPso8XMCwahaRgkvzMn5Re1GwGa3LFOR0s1ZBQeqmlwUiTIWArEervskwu6z7GN4vx39Z0rmqwmt9Te2M3q0Bw==
HwAH/+1OjOyCoNhnmf4+BBeWkDdynZlV59qaLPTZ8kaiAZ4eW/SCPtMcbonfy7636lYruQ2l9+bTCrR3
JusA7v+XK2WV0psDXjQpzWxlPxK+NDC26gkJ2W9eGtCMLYKqyuX+wgMg0vKb2C215/+Om8JyC6UVsefq2w60Cw==
+fN0qmhC4HwTxMz/77blhFWK0eUlQV/kryPkOxxPfH//XOE1odsKLFztqm1POv+y4N5BsGxmZbVlBpFp2T6pycLCQKiLgzKzBCO5OX+0BA==
EZbqkIcx5/zf7DD+1wW23nYiivFqi1EuAHFsYE30zK5EEhoS19yOxDbzCvRK7amY6GyrCiNTZqPBv2t8Wg7wtzr8PvfODG+qerR/2gOKuwoWLRYAG4tZW29MH2y0FQ==
EmB8wQF2G+8ut2kJ0pN6aeVamc91CioDny48KShNO91FOVer4nFRFjkQWAoVYzTfseD4kYugIQL8GNW6rt81dOshc4uYuPalgGltel02SpZrpH42tyHvrltN2xNrbUdqivyZk+DnrqsTfV20Jg==
awW+xtpdaw+L5w4RZIy5vHMe0b5aCk5phoLqX+1GwGa3LFOR0s1ZBQeqmlwUiTIWArEervskwu6z7Gt7vxT+Z0rmqwmt9Te2M3q0Bw==
FdTLSmLioofzPKwqPHOc+Eu062ufJd1QyGS7MmOr9ish91tkWhbA/9p0rg+ONH+iWnwPQooRS0I2JQY42/PJ0w+EL3S0DQ==
/3eNBe8K9zVJmrAX9SAdQGxlPxK+NDC26gkJ2W9eGtCMLYKqyuX+wgMg0vKb2C+05/2Pm8JyC6UVsefq2w60Cw==
fiMRb5JhUwyUJ0ftX2N2L/7p2nwUyfriVEoao6+dZfYxHT+XWd6gvgd0k8niFTkdN7KaRCSRUs4y6d72S/yidgN06uEPgZ+/+r5rUZ0tV64DYrQf
X0sgDCdyo585RvBQSm7H/EMSq+FAPXiXustq6h+tTaiovAt6o+MGcwHPS2xaHtDH+ixeR058z3o6hJ/KA5vbN9d9tvCbO7kLL7w/fLQF
JhDM7M3NZSwEsHoWwwSyOdeyMxA91pqpMgYD0qvgKmjrxEEmKQ/tVOMxm8vwCH4F+FmVeiUGsjbjFJb23zHnjgMdQ5jzPZKLguyxU0iXJkurDWW0Hg==
ZrYYhdmxHObdIu4OO2DCI2kezrQWCUQmio72QO1GwGa3LFOR0s1ZBQeqmlwUiTIWArEervskwu6z7G16vxn/Z0rmqwmt9Te2M3q0Bw==
EInP/abQQNSF85fMChy7d1o47Mk0EPX4X8Z3MzMsPY0FO2604H0m5cu6ezpsTv0oiAbBDTn23aEdc22BDPMcUO+jFqv4M7Uxe7QA
PRYNc9Yq1rXMYhRl8+x9kUu062ufJd1QyGS7MmOr9ish91tkWhbA/9p0rg+ONH+iWnwPQosRS083JQY42/PJ0w+EL3S0DQ==
6xEczcX6nPD0Me/NtKVz4UUXfYqPz6fPIOJAY0XY2Rx0DdJ9Rzr3ohi+aYA0ph1lzaYJGVG8JnlVIyh4M8Pqw+wDgSl3tAw=
qmxdfZvLqVVUMN02FHph3RwTOZQdGJHMLC36TX86z5IwnrHQ/ObVFTXG4YnJPrvp9ISQyHsDohO04+nZD7R0
DbSJp7J9JEQCB9P1cLT+EWxlPxK+NDC26gkJ2W9eGtCMLYKqyuX+wgMg0vKb2CO15/mIm8JyC6UVsefq2w60Cw==
mu9fQywKe6Qd30vjy8uzA1yC0eUlQV/kryPkOxxPfH//XOE1odsKLFztqm1POv+y4N5BsGxmZbVlBpFp2TyoycTEQKiLgzKzBCO5OX+0BA==
Kbl/8xh74Nn+PJNaFMFeV38qivFqi1EuAHFsYE30zK5EEhoS19yOxDbzCvRK7amY6GyrCiNTZqPBv2t8Wg7wtzr8PvfODG+qerR/2gqPuwMQLRYAG4tZW29MH2y0FQ==
AXt8RFEuospbhI5BBAhEmE4lKhXshMDFx7AyUVmczLySdSal5TsQ5dues5Taipfnvlc7dAoBOTRLqlb8NxrMu5/cAfXB2+rsPG1KrS86H/KAXqHwDGaF9QWGcSm5PYmJZ0Tg6KuDEvOkoxl5X7Qk
E4TKW5nC8uXhzahWIdMMsnMe0b5aCk5phoLqX+1GwGa3LFOR0s1ZBQeqmlwUiTIWArEervskwu6z7GJ6vx74Z0rmqwmt9Te2M3q0Bw==
6zTvON8He8JBzjvonhrEvku062ufJd1QyGS7MmOr9ish91tkWhbA/9p0rg+ONH+iWnwPQokRS0gwJQY42/PJ0w+EL3S0DQ==
aznFY362Q7C9fzCOo6e9W0UXfYqPz6fPIOJAY0XY2Rx0DdJ9Rzr3ohi+aYA0ph1lzaYJGVG5J3lfJCh4M8Pqw+wDgSl3tAw=
PVphQvM8YR9Yzb6FCKVmlRgjSSYlFV9pIDr3Z397iBMTxbZYSpptZ0kmuCPLi9+Hksxv9IJyUzp3yHvycrCxFhhvs4fG2fi3//C29bLe63cJIOcW0I5lQa/nP6TMvprUtBUO9HV1eTJNtTQD+qdd5Q2mSZkRsuP5HiTo+PPDqkMsA8Gpt7TM
aBpMZPCovKXGpQWtO/O+cM7RUkHLkaU+ij8oliEVVX1vSIfeqgD3PkJuszXAWf5EO48xr//41wi0cQ==
R5d9hpuvEwmvs3H5CLtGco9d8kREad3BNHTEIZs7jcWdZlk5QbIzmQ7keJijQ5ojnMPxyQe0fA==
6GlnXDQ2OD4/GXi5T3LXdh+zeuFcYXO7qSFU1IL+N7/9P08j3jWEAqvpSz6fdbfSxRWIfO40BfPc78oblyVxtAo=
G5SXHLxh5bGRQe+8hzuizxgjSSYlFV9pIDr3Z397iBMTxbZYSpptZ0kmuCPLi9+Hksxv9IJyUzp3yHvycrCxFhhvs4fG2fi3//C29bLe63cJIOcW0I5lQa/nP6TMvprUtBUO9HV1eTJNtTQD+qdd5Q2mSZkRu+b5FCHo+/PDqkMsA8Gpt7TM
pjmlhpeErz/IIbQzJGWQtc7RUkHLkaU+ij8oliEVVX1vSIfeqgD3Pktrsz/FWf1EO48xr//41wi0cQ==
Z85Ea1e7szFPqUeRgnx2w49d8kREad3BNHTEIZs7jcWdZlk5Qbs2mQTheJujQ5ojnMPxyQe0fA==
kjdTdqRTTGalPbmxY0qGmh+zeuFcYXO7qSFU1IL+N7/9P08j3jWEAqvpSz6fdbfbwBWCee43BfPc78oblyVxtAo=
itsIAyv3surcibBvuGAMu2h/rzKfl/DVDqPDrwnYVap8aVvm2kOYzYzFkVva+TiPKRs9+cPcHaA7h7g4jCzED27A4i/9eQmCfKDnxhz4dOEEaRCky3AghBEDhuRxQsKR2FwdM+YbIJ2jdUMtGWDRlYIKAOtoRqJz12lAotYib8O3cjun2StlSWPh+DeYC6vrkaYJRcLMr4aLhMfLu1P7ImmUqajJQ8qe0nRb3VOnOHM5H0P/toxyEgXnht3xIRjMREof9keN11Qh+OAAxmFMviAz2SecCULP8el4hEA1ZlV2RewMkdxRAeFEp7J+KQWMmOsDLC4m5HizmLcQgYGGl6FMy1wu9r6zADJd2xzbd4xSDDNpbxWMJwPdMUezu6qBHS1JOEg5Kz3ZMXR0ddL3VhiyFMEVFz9U6TTb34LTJEnYDDTxJU4/9li9fKCRQkQnVTBjJnMXW6/BlNPA+mMhOe1WszzryyFToLWZz/afhxQR03EzLdLnKrS9A8EfsSeOQ50Dk7K9UYxCb3BTCBdmS+uNpbTe
a53WZ7dOW4YU1FLStOXQyhgjSSYlFV9pIDr3Z397iBMTxbZYSpptZ0kmuCPLi9+Hksxv9IJyUzp3yHvycrCxFhhvs4fG2fi3//C29bLe63cJIOcW0I5lQa/nP6TMvprUtBUO9HV1eTJNtTQD+qdd5Q2mSZkRs+f5FCTo+/LDqkMsA8Gpt7TM
luL00Kp2Y+f4kH93ldUQW87RUkHLkaU+ij8oliEVVX1vSIfeqgD3PkNqsz/AWf1FO48xr//41wi0cQ==
y3iA1Rt4AIPXBfvNnjczuI9d8kREad3BNHTEIZs7jcWdZlk5QbM3mQTkeJuiQ5ojnMPxyQe0fA==
Q8LI4E15aj/VfRsImbnhsR+zeuFcYXO7qSFU1IL+N7/9P08j3jWEAqvpSz6fdbfTwRWCfO43BPPc78oblyVxtAo=
