vPbBtarBBu86Fo9ahOVle2LNyvtPWbqywF92CWuKiv1VyjIoMoTxGFyNhJJo/WO99dc4sYqNDuQhg7l8TUeX2r/52LJRkYVjLo8aW6cFYbQa
FKkZzfqNP9A1T2i9RsROp/lwwgb8JdZY4irifMFq1PMIPn9Y03kB8ZihUpYeo5RTaaQ7EjFkC0FJCdIpfj4XnI/QUFtu/y4sdWZS3nSMpkWAz3k3oYSSxMIWqv3Oy++U8NXa6Sr0i1cdO1FX2OcYO3mVTPsBcOe/CR0yfj4jZKlpko8Ur7M6R8jyIVGpmyhkZR2sIZxptBi/0oNGTYZObZggPijrsUnw+/vsBNWbNUzRL+Oai1HEQl0JscN691YLGy31tI4=
8kqo3bvOz90aEJ9pnqx2j/lwwgb8JdZY4irifMFq1PMIPn9Y03kB8ZihUpYeo5RTaaQ7EjFkC0FJCdIpfj4XnI/QUFtu/y4sdWZS3nSMpkWAz3k3oYSSxMIWqv3Oy++U8NXa6Sr0i1cdO1FX2OcYO3mVTPsBcOe/CR0yfj4jZKlpko8Ur7M6R8jyIVGpmyhkZR2sIZxptBi/0oNGTYZObZggPijrsUnw+/vsBNWbNUzRL+Kai1HEQl0JscN691YLGy31tI4=
2+XWbRmo+MuUYhBn7g9BON/4242Yog+Y1FQMv6lj2N23iAxpRuYQl1yK3XQIqlWVytwPnW7+Kwzr1eHHH5AncLQJ
sLuNcAyCfAK//m/CRcI23sW7H0zeBaOjTMMfYgZjHivFQvBQrmtJpbT7JFsoi7xplxhvK1e+YkSscGXeVZQjP8+f7k6ltGgYdemsuirfxZf3J0Y4CYl6TKeuKoGznsfWzoo4icx0vQ/wYnPfAFPIpc7Q/39M83Wq7t7tBTzaeyITMAoOFpadhs5t7adwQJSrZqeJNBnaDsyzE/LNssbG8omfCn+AEkicAR6agUoSOYcHEWw08abAbKF/avKzn/boT3a7i611NzYz+rSH
GOUuEzOOUlUUg+NI4VIkQ4i5Iw03ga37LxQJwKb5fie37A8gMQKqB+Aylcb4H3gY+1OjentTpz32CbqExTvljAEPUJr7MZSCjemhQ0qXJkurDWW0Hg==
xvGG2L9zkCBt6qOI3K9wmpwFinpShUtEvq4hDSOE/4nRUkElUpK3nMVBh6C58gJnOILtBiBPQPjTQ6t6c0OPXc7Z4sQ9i71sqX/YGnOBfCLVGRkDkkdea0MdbbQW
vhTvnziGen7F8m9/70LsNCkFhbdm5hhiED4MWyvL4NAOT3mBjHjJ3trEDWZhzSvPnMItDOgyxR1KVJ8FDgZbxKsd0f8/iDd4tAE=
MhySs6OYCYR3PxfRkQZi+SgFhbdm5hhiED4MWyvL4NAOT3mBjHjJ3trEDWZhzSvPnMItDOgyxR1KVJ8FDgZbxKsd0f8/iDd4tAE=
TMf6O+BOlqNGFZxI4ZVVPisFhbdm5hhiED4MWyvL4NAOT3mBjHjJ3trEDWZhzSvPnMItDOgyxR1KVJ8FDgZbxKsd0f8/iDd4tAE=
x14HyoMF4h5hfZw8rWSLuA+ewy7QctQXm2e4PG6j4S089FFSWkiV6tFhsyP8LnWgWH4dUYoYR0k+KgMoy/HJ0w+EL3S0DQ==
q2r7UhUf2NPYSoqLMoer4w6ewy7QctQXm2e4PG6j4S089FFSWkiV6tFhsyP8LnWgWH4dUYoYR0k+KgMoy/HJ0w+EL3S0DQ==
lNQrcRPx6gtuvA+UVJ+7Ug2ewy7QctQXm2e4PG6j4S089FFSWkiV6tFhsyP8LnWgWH4dUYoYR0k+KgMoy/HJ0w+EL3S0DQ==
78+IObk4/nz5SEnsuOO9PAyewy7QctQXm2e4PG6j4S089FFSWkiV6tFhsyP8LnWgWH4dUYoYR0k+KgMoy/HJ0w+EL3S0DQ==
86xRPF5eFYWVBlhdHeJMTguewy7QctQXm2e4PG6j4S089FFSWkiV6tFhsyP8LnWgWH4dUYoYR0k+KgMoy/HJ0w+EL3S0DQ==
dLSDEIr++GIo2DIHyJ5Wjwqewy7QctQXm2e4PG6j4S089FFSWkiV6tFhsyP8LnWgWH4dUYoYR0k+KgMoy/HJ0w+EL3S0DQ==
jEW4lMpIiHX8X1gOX0nq8Ckfg7V99BhiED4MWyvL4NAOT3mBjHjJ3trEDWZhzSvPnMItDOgyxR1KVJ8FDgZbxKsd0f8/iDd4tAE=
ea5GJ1WhXkik0mluwz700lqx+kifPJNZyHKlMnTwpCs591BZNwyE/dZyuDP8LnWgWH4dUYoYR0k+KgMoy/HJ0w+EL3S0DQ==
gAoA0XHPyUTAuRbadRKG5lqx+kifPJNZyHanPHTwpCs591BZNwyE/dZyuDP8LnWgWH4dUYoYR0k+KgMoy/HJ0w+EL3S0DQ==
m7oUYbyToseig195QfpGh5dW/wLJQ/Agt/t9Y47JX////zl11i4dZHk0Y7djFLdDhvrtPaJayyUH88z7wBOdIXO0CA==
BBHwVCpJx61gF7J3S6we3JAnVndW43+fYmhmUrrMWyCS/R/6k3pFUlrSoZzJwlJmeDlDDaFF7kxfkAu1+Hq/8BR8fGcJGwj1t6DcEeY+YL+c4m2saJKF+ko0X6WOppvkq/0Rn79od1i0IQ==
tkjGPl7QANUXWKYrV0WnODfV4vL36NM2V8nVOpp5U2epHx8aHX/Ntemwg0BOVRSlRuRRb28l1JRBTSVcOzqu3ahyWBdPYmB6teI6BHXbVcwx70ea6xHkwn1J0cPaN3aLe21VtC4=
2Zj0Cc9YhNxz71ywszQpHPaEJ1eNrSoBhh6IHc/VDwesVF1eWt65kPkuSkoYFZvhkQm2gJ9cU/lIlmdcdNDki7mXkHk3LESdVtL4E/xOtUDY3t02ivgH6b5KQ8jL0Qlzj2RvVLQt
mAJn8iRrezhxykE1UX4Xbhd+YCxRRiViWuLBrAkSMvb4qeNdYbXOPF9gK8W4qh9glOycN0kr6MW3kDwhpm6ALxxyzXwo4qUKSkR/VU72O3QrbXFPf1gXaLQR
WHneFtNpyrA1yHxbXUOD9ippy9cvmVEZQ08tZlrmybgZBhoS2M3LiTHhBvgfpOOR6H63BDQINKPZv2BBNxS0tTb6KMu8FmWoeLZtzgqAtwEeIhMQC4lZW29MH2y0FQ==
YdFXu4pL8gt/Mavww7K38ANa5PIeq3ADdE8tZlrmybgZBhoS2M3LiTHhBvgfpOOR6H63BDQINKPZv2BBNxS0tTb6KMu8FmWoeLZtzgqAtwEeIhMQC4lZW29MH2y0FQ==
nNzvDxwUK2ITAkdl8udbv3M1mRjFp93noeDaZE02kZyGhEg/f/eJC6qevwaHPwDEy7LEWmB9AfUsh/dWcHt+oPQd7CSRlgCcgehqYpNvNtgvZjubTUV3RhNqtBc=
fEXp42U40OwILjpCPAP4cPlwwgb8JdZY4irifMFq1PMIPn9Y03kB8ZihUpYeo5RTaaQ7EjFkC0FJCdIpfj4XnI/QUFtu/y4sdWZS3nSMpkWAz3k3oYSSxMIWqv3Oy++U8NXa6Sr0i1cdO1FX2OcYO3mVTPsBcOe/CR0yfj4jZKlpko8Ur7M6R8jyIVGpmyhkZR2sIZxptBi/0oNGTYZObZggPijrsUnw+/vsBNWbNUzRL+eai1HEQl0JscN691YLGy31tI4=
D1pSQRYsOFvkd9t6L5SMh1qx+kifPJNZyHKlMnTwpCs591BZNwyE/dZyuDP8LnWgWH4dV44YR0k+KgMoy/HJ0w+EL3S0DQ==
9dMkUe8QAO/U/PcakNtzre3Gqw31jDM+uon+BXMQWs7wtWUvJQdpky/bDlCkP+wtk6yVAxsnDAn68zVKXpu4hRL0S6drNI+T+H5VbVo6wzVvM2RLSHNFEWu0EA==
