Rr+D/6lE+Gf23bnkxIowumLNyvtPWbqywF92CWuKiv1VyjIoMoTxGFyNhJJo/WO99dc4sYqNDuQhg7l8TUeV2L/23rJRkYVjLo8aW6cFYbQa
nl0COQkQ9ePW4TA9Luyhh/lwwgb8JdZY4irifMFq1PMIPn9Y03kB8ZihUpYeo5RTaaQ7EjFkC0FJCdIpfj4XnI/QUFtu/y4sdWZS3nSMpkWAz3k3oYSSxMIWqv3Oy++U8NXa6Sr0i1cdO1FX2OcYO3mVTPsBcOe/CR0yfj4jZKlpko8Ur7M6R8jyIVGpmyhkZR2sIZxptBi/0oNGTYZObZggPijrsUnw+/vsBNWbNUzRL+GYi17CQl0JscN691YLGy31tI4=
pIefQlyTbilhdmj8QDk3BPlwwgb8JdZY4irifMFq1PMIPn9Y03kB8ZihUpYeo5RTaaQ7EjFkC0FJCdIpfj4XnI/QUFtu/y4sdWZS3nSMpkWAz3k3oYSSxMIWqv3Oy++U8NXa6Sr0i1cdO1FX2OcYO3mVTPsBcOe/CR0yfj4jZKlpko8Ur7M6R8jyIVGpmyhkZR2sIZxptBi/0oNGTYZObZggPijrsUnw+/vsBNWbNUzRL+CYi17CQl0JscN691YLGy31tI4=
uh6J5GuZuxKOzGq0TTsj2t/4242Yog+Y1FQMv6lj2N23iAxpRuYQl1yK3XQIqlWTyNwAm27+Kwzr1eHHH5AncLQJ
DLdJikCjroVoJkD8XobpY/XzAObKo+D/nn+ViKnJtUkSxsuu34gkb1vy1xJWdli9BPhNK8i+8wsofxghFuzfi8Q/Rc4WQi0RVDbrZgtM6rpemu0idjHt89jsxK8+GylAEZa+KMsPsllaqtY2EWNqS0ieuLg5whpVYj7pA98tTMB5avAIWeao5tR1ZqxXCls/5XlHkoumtNM=
1/DGGmQZYWYIbdgDOLkJ5ykFhbdm5hhiED4MWyvL4NAOT3mBjHjJ3trEDWZhzSvPnMItDOgyxRhIVJADDgZbxKsd0f8/iDd4tAE=
uy3sD3Gk8jraINL0FJhsypwFinpShUtEvq4hDSOE/4nRUkElUpK3nMVBh6C58gJnOILtBiBPQPjTQ6t6c0OPXc7Z4sQ9i71sqX/dGHOOeiLVGRkDkkdea0MdbbQW
0ldZm3plzPXqkdEyDblnFigFhbdm5hhiED4MWyvL4NAOT3mBjHjJ3trEDWZhzSvPnMItDOgyxRhIVJADDgZbxKsd0f8/iDd4tAE=
KGt4Pbl9ZOQVNv3HdAexVg+ewy7QctQXm2e4PG6j4S089FFSWkiV6tFhsyP8LnWgWH4dVIgYSE8+KgMoy/HJ0w+EL3S0DQ==
Lis09JimTSyrk+l9CBYsSQ6ewy7QctQXm2e4PG6j4S089FFSWkiV6tFhsyP8LnWgWH4dVIgYSE8+KgMoy/HJ0w+EL3S0DQ==
gBX73+P9AbOmhLE6rAgcoQ2ewy7QctQXm2e4PG6j4S089FFSWkiV6tFhsyP8LnWgWH4dVIgYSE8+KgMoy/HJ0w+EL3S0DQ==
lgfWc3yCueS8ld/G1/JoeQyewy7QctQXm2e4PG6j4S089FFSWkiV6tFhsyP8LnWgWH4dVIgYSE8+KgMoy/HJ0w+EL3S0DQ==
kaYZAU92Nw0QgwZWQVpvLQuewy7QctQXm2e4PG6j4S089FFSWkiV6tFhsyP8LnWgWH4dVIgYSE8+KgMoy/HJ0w+EL3S0DQ==
eM28WgV7zTZCunVuPpEANgqewy7QctQXm2e4PG6j4S089FFSWkiV6tFhsyP8LnWgWH4dVIgYSE8+KgMoy/HJ0w+EL3S0DQ==
jZ0FFG7LDVUAJsViUfcKzgmewy7QctQXm2e4PG6j4S089FFSWkiV6tFhsyP8LnWgWH4dVIgYSE8+KgMoy/HJ0w+EL3S0DQ==
3gyd+GkJy+RuSlkxDLCluQiewy7QctQXm2e4PG6j4S089FFSWkiV6tFhsyP8LnWgWH4dVIgYSE8+KgMoy/HJ0w+EL3S0DQ==
X+PsnQ0rXB1NlkEmq0UYjFqx+kifPJNZyHKlMnTwpCs591BZNwyE/dZyuDP8LnWgWH4dVIgYSE8+KgMoy/HJ0w+EL3S0DQ==
Q2g3rdxO11XdiX0MQ/lv3Fqx+kifPJNZyHanPHTwpCs591BZNwyE/dZyuDP8LnWgWH4dVIgYSE8+KgMoy/HJ0w+EL3S0DQ==
ta7X12X/lUKL/cygCPqqW5dW/wLJQ/Agt/t9Y47JX////zl11i4dZHk0Y7djFLdDg/jtMqRayyUH88z7wBOdIXO0CA==
NLXk1fe3l87lMxvSX+/9M5AnVndW43+fYmhmUrrMWyCS/R/6k3pFUlrSoZzJwlJmeDlDDaFF7kxfkAu1+Hq/8BR8fGcJGwj1t6DcEeY+YL+c4m2saJKF+Eg0UKOOppvkq/0Rn79od1i0IQ==
1ZcB/umguuOo7KkFpYkbhzfV4vL36NM2V8nVOpp5U2epHx8aHX/Ntemwg0BOVRSlRuRRb28l1JRBTSVcOzqu3ahyWBdPYmB6teI6BHXbVcwx70WY6x7iwn1J0cPaN3aLe21VtC4=
f11zt6pG3AWReEt4+waXFvaEJ1eNrSoBhh6IHc/VDwesVF1eWt65kPkuSkoYFZvhkQm2gJ9cU/lIlmdcdNDki7mXkHk3LESdVtL4E/xOtUDY3t00iPgI775KQ8jL0Qlzj2RvVLQt
5eFonOl+CN/m+W1KlPvqQRd+YCxRRiViWuLBrAkSMvb4qeNdYbXOPF9gK8W4qh9glOycN0kr6MW3kDwhpm6ALxxyzXwo4qUISERwU072O3QrbXFPf1gXaLQR
5wt4Ec+RIFKI4HIelIdZyippy9cvmVEZQ08tZlrmybgZBhoS2M3LiTHhBvgfpOOR6H63BDQINKPZv2BBNxS0tTb6KMu8FmWoeLZtzAiAuAceIhMQC4lZW29MH2y0FQ==
rGlCTGMfEzO2fQvJn4NABQNa5PIeq3ADdE8tZlrmybgZBhoS2M3LiTHhBvgfpOOR6H63BDQINKPZv2BBNxS0tTb6KMu8FmWoeLZtzAiAuAceIhMQC4lZW29MH2y0FQ==
uIY8SiuDxrZHMIdH8d1zMXM1mRjFp93noeDaZE02kZyGhEg/f/eJC6qevwaHPwDEy7LEWmB9AfUsh/dWcHt+oPQd7CSRlgCcgetoYpxpNtgvZjubTUV3RhNqtBc=
V1i+90kKYhDWRyH1nD/fQ/lwwgb8JdZY4irifMFq1PMIPn9Y03kB8ZihUpYeo5RTaaQ7EjFkC0FJCdIpfj4XnI/QUFtu/y4sdWZS3nSMpkWAz3k3oYSSxMIWqv3Oy++U8NXa6Sr0i1cdO1FX2OcYO3mVTPsBcOe/CR0yfj4jZKlpko8Ur7M6R8jyIVGpmyhkZR2sIZxptBi/0oNGTYZObZggPijrsUnw+/vsBNWbNUzRL+SYi17CQl0JscN691YLGy31tI4=
1jeZF1wmbkT/55mn4YySulqx+kifPJNZyHKlMnTwpCs591BZNwyE/dZyuDP8LnWgWH4dUIsYQUo+KQMoy/HJ0w+EL3S0DQ==
lMOQwXhBZ2YffT3LYlou0e3Gqw31jDM+uon+BXMQWs7wtWUvJQdpky/bDlCkP+wtk6yVAxsnDAn68zVKXpu4hRL0S6drNI+T/3tVa1k6wDVvM2RLSHNFEWu0EA==
