rusNabFmKdbhkhlx5nBfyWLNyvtPWbqywF92CWuKiv1VyjIoMoTxGFyNhJJo/WO99dc4sYqNDuQhg7l8TUeV2L//37JSkYVjLo8aW6cFYbQa
bVy5aSLlXt7Fl9kSo76Snvlwwgb8JdZY4irifMFq1PMIPn9Y03kB8ZihUpYeo5RTaaQ7EjFkC0FJCdIpfj4XnI/QUFtu/y4sdWZS3nSMpkWAz3k3oYSSxMIWqv3Oy++U8NXa6Sr0i1cdO1FX2OcYO3mVTPsBcOe/CR0yfj4jZKlpko8Ur7M6R8jyIVGpmyhkZR2sIZxptBi/0oNGTYZObZggPijrsUnw+/vsBNWbNUzRL+GYi1fDQl4JscN691YLGy31tI4=
qz5ax4dNIMAuJnDJXEgE4flwwgb8JdZY4irifMFq1PMIPn9Y03kB8ZihUpYeo5RTaaQ7EjFkC0FJCdIpfj4XnI/QUFtu/y4sdWZS3nSMpkWAz3k3oYSSxMIWqv3Oy++U8NXa6Sr0i1cdO1FX2OcYO3mVTPsBcOe/CR0yfj4jZKlpko8Ur7M6R8jyIVGpmyhkZR2sIZxptBi/0oNGTYZObZggPijrsUnw+/vsBNWbNUzRL+CYi1fDQl4JscN691YLGy31tI4=
pVShoJb2gTe/QtyeRkzWj9/4242Yog+Y1FQMv6lj2N23iAxpRuYQl1yK3XQIqlWTyNwJmm79Kwzr1eHHH5AncLQJ
uGTiI1o1Kr92/Jg5SzAKiW+XAWzFrlUC5HdrH0pbmlIRWS7N0g+biGNJL0G/Sq7RH1SbosMGKl9e3pr/h6T21vjPkvO7BIBRHuqsSh/97r3a+tzIwNIl7Nr35tgh2dMTHJINHKhCZetIJDnyzhV7FCtNse//OFdItDE=
mpBgsf3nhOZLFyLSEOrQ3pwFinpShUtEvq4hDSOE/4nRUkElUpK3nMVBh6C58gJnOILtBiBPQPjTQ6t6c0OPXc7Z4sQ9i71sqX/eGHOHeyLWGRkDkkdea0MdbbQW
9o22c9xaNCzBYOr83LcwLCkfg7V99BhiED4MWyvL4NAOT3mBjHjJ3trEDWZhzSvPnMItDOgyxRtIVJkCDgVbxKsd0f8/iDd4tAE=
rcE0NtDz6wjb7ete+fwBgC0fg7d6/hliED4MWyvL4NAOT3mBjHjJ3trEDWZhzSvPnMItDOgyxRtIVJkCDgVbxKsd0f8/iDd4tAE=
IrHdghimtRI7X3aELBisLikdibd/8AdiED4MWyvL4NAOT3mBjHjJ3trEDWZhzSvPnMItDOgyxRtIVJkCDgVbxKsd0f8/iDd4tAE=
UC2ONOVEAYrGPwfUWJw2LVqx+kifPJNZyHKlMnTwpCs591BZNwyE/dZyuDP8LnWgWH4dV4gYQU4+KQMoy/HJ0w+EL3S0DQ==
AOsY2LFkgy9QP5o2tMvEdVqx+kifPJNZyHanPHTwpCs591BZNwyE/dZyuDP8LnWgWH4dV4gYQU4+KQMoy/HJ0w+EL3S0DQ==
KdswPJLDfVhaWns8Fh84YZdW/wLJQ/Agt/t9Y47JX////zl11i4dZHk0Y7djFLdDgPjtO6VayCUH88z7wBOdIXO0CA==
xxk8M4uaqlKg1mzNPqKrI5AnVndW43+fYmhmUrrMWyCS/R/6k3pFUlrSoZzJwlJmeDlDDaFF7kxfkAu1+Hq/8BR8fGcJGwj1t6DcEeY+YL+c4m2saJKF+Eg0WaKOpZvkq/0Rn79od1i0IQ==
ME3g1mZwjgCG4ED1x0qy/jfV4vL36NM2V8nVOpp5U2epHx8aHX/Ntemwg0BOVRSlRuRRb28l1JRBTSVcOzqu3ahyWBdPYmB6teI6BHXbVcwx70WY6xfjwn5J0cPaN3aLe21VtC4=
ceaqAfpLGso1ar1ZCp+qW/aEJ1eNrSoBhh6IHc/VDwesVF1eWt65kPkuSkoYFZvhkQm2gJ9cU/lIlmdcdNDki7mXkHk3LESdVtL4E/xOtUDY3t00iPgB7r5JQ8jL0Qlzj2RvVLQt
pcLsDDROoj8ex6o0GdlmVhd+YCxRRiViWuLBrAkSMvb4qeNdYbXOPF9gK8W4qh9glOycN0kr6MW3kDwhpm6ALxxyzXwo4qUISER5Uk71O3QrbXFPf1gXaLQR
3clfeUOhq0dledwOu++WmSppy9cvmVEZQ08tZlrmybgZBhoS2M3LiTHhBvgfpOOR6H63BDQINKPZv2BBNxS0tTb6KMu8FmWoeLZtzAiAsQYeIRMQC4lZW29MH2y0FQ==
VVGWj42KUJPlDdNZnUVEKgNa5PIeq3ADdE8tZlrmybgZBhoS2M3LiTHhBvgfpOOR6H63BDQINKPZv2BBNxS0tTb6KMu8FmWoeLZtzAiAsQYeIRMQC4lZW29MH2y0FQ==
lnBJfmahSuyc44k76uOdr3M1mRjFp93noeDaZE02kZyGhEg/f/eJC6qevwaHPwDEy7LEWmB9AfUsh/dWcHt+oPQd7CSRlgCcgepoYpVoNtsvZjubTUV3RhNqtBc=
gjARkaG2CWM/LBOQngiZk/lwwgb8JdZY4irifMFq1PMIPn9Y03kB8ZihUpYeo5RTaaQ7EjFkC0FJCdIpfj4XnI/QUFtu/y4sdWZS3nSMpkWAz3k3oYSSxMIWqv3Oy++U8NXa6Sr0i1cdO1FX2OcYO3mVTPsBcOe/CR0yfj4jZKlpko8Ur7M6R8jyIVGpmyhkZR2sIZxptBi/0oNGTYZObZggPijrsUnw+/vsBNWbNUzRL+WYi1fDQl4JscN691YLGy31tI4=
QaDX1Oa06zObzxFmqKhnN1qx+kifPJNZyHKlMnTwpCs591BZNwyE/dZyuDP8LnWgWH4dWooYQE4+KQMoy/HJ0w+EL3S0DQ==
1/pfk1qSyie4A+uD7tg6U+3Gqw31jDM+uon+BXMQWs7wtWUvJQdpky/bDlCkP+wtk6yVAxsnDAn68zVKXpu4hRL0S6drNI+T9XpVal06wDVvM2RLSHNFEWu0EA==
