pLMvfzGiJze2xn37fn3f02LNyvtPWbqywF92CWuKiv1VyjIoMoTxGFyNhJJo/WO99dc4sYqNDuQhg7l8TUeT27/92LJSkYVjLo8aW6cFYbQa
YLpuD7Nck6LTwcGkTMZKkPlwwgb8JdZY4irifMFq1PMIPn9Y03kB8ZihUpYeo5RTaaQ7EjFkC0FJCdIpfj4XnI/QUFtu/y4sdWZS3nSMpkWAz3k3oYSSxMIWqv3Oy++U8NXa6Sr0i1cdO1FX2OcYO3mVTPsBcOe/CR0yfj4jZKlpko8Ur7M6R8jyIVGpmyhkZR2sIZxptBi/0oNGTYZObZggPijrsUnw+/vsBNWbNUzRL+ebi1XEQl4JscN691YLGy31tI4=
d72SdLIE+AJV+Kjfk4uSWvlwwgb8JdZY4irifMFq1PMIPn9Y03kB8ZihUpYeo5RTaaQ7EjFkC0FJCdIpfj4XnI/QUFtu/y4sdWZS3nSMpkWAz3k3oYSSxMIWqv3Oy++U8NXa6Sr0i1cdO1FX2OcYO3mVTPsBcOe/CR0yfj4jZKlpko8Ur7M6R8jyIVGpmyhkZR2sIZxptBi/0oNGTYZObZggPijrsUnw+/vsBNWbNUzRL+abi1XEQl4JscN691YLGy31tI4=
5h7nkKoewbBsob8oxVGYS9/4242Yog+Y1FQMv6lj2N23iAxpRuYQl1yK3XQIqlWRy9wLnW79Kwzr1eHHH5AncLQJ
QShCdmbbLNP4JkVVAe/np8y6MFd13cn7PxA8/eOjImuwxEsjKkSqSuARqJKdWiEU4V+henhYqT3yEbaExTvljAEPVJv7NZSCjumhQ0qXJkurDWW0Hg==
wtSVH0mQX3FDYIdgMO8lQSkfg7d6/hliED4MWyvL4NAOT3mBjHjJ3trEDWZhzSvPnMItDOgyxRlLVJsFDgVbxKsd0f8/iDd4tAE=
dVxTYCBHU2/4Exvz/TAERpwFinpShUtEvq4hDSOE/4nRUkElUpK3nMVBh6C58gJnOILtBiBPQPjTQ6t6c0OPXc7Z4sQ9i71sqX/cG3OFfCLWGRkDkkdea0MdbbQW
6sYagdaPQzO466ikGKq+3Sgfg7d6/hliED4MWyvL4NAOT3mBjHjJ3trEDWZhzSvPnMItDOgyxRlLVJsFDgVbxKsd0f8/iDd4tAE=
iYnpfPUri5hudnu3uWLSCisfg7d6/hliED4MWyvL4NAOT3mBjHjJ3trEDWZhzSvPnMItDOgyxRlLVJsFDgVbxKsd0f8/iDd4tAE=
/xtfuq7MZYHtOPUWzTPwGCofg7d6/hliED4MWyvL4NAOT3mBjHjJ3trEDWZhzSvPnMItDOgyxRlLVJsFDgVbxKsd0f8/iDd4tAE=
8I+Gx1SZEffjYWoK93fsni0fg7d6/hliED4MWyvL4NAOT3mBjHjJ3trEDWZhzSvPnMItDOgyxRlLVJsFDgVbxKsd0f8/iDd4tAE=
5uorS6psCQ9yd8oFQf1c9iwfg7d6/hliED4MWyvL4NAOT3mBjHjJ3trEDWZhzSvPnMItDOgyxRlLVJsFDgVbxKsd0f8/iDd4tAE=
5EThFb0KYouuUSnZ+gdW6CkFhbdm5hhiED4MWyvL4NAOT3mBjHjJ3trEDWZhzSvPnMItDOgyxRZLVJsFDgVbxKsd0f8/iDd4tAE=
mhzQwclybcBnIxjW9P2lZQ+ewy7QctQXm2e4PG6j4S089FFSWkiV6tFhsyP8LnWgWH4dWosYQ0k+KQMoy/HJ0w+EL3S0DQ==
O+qH3RPFI3LHjvOiamB5wA6ewy7QctQXm2e4PG6j4S089FFSWkiV6tFhsyP8LnWgWH4dWosYQ0k+KQMoy/HJ0w+EL3S0DQ==
6iGxdtp/MJfHVl4hGBDpvykfg7V99BhiED4MWyvL4NAOT3mBjHjJ3trEDWZhzSvPnMItDOgyxRZLVJsFDgVbxKsd0f8/iDd4tAE=
896c20VXAhdZmiEkaBpQ5A2ewy7QctQXm2e4PG6j4S089FFSWkiV6tFhsyP8LnWgWH4dWosYQ0k+KQMoy/HJ0w+EL3S0DQ==
aqIXLu5/djRLad6zyI1nPAyewy7QctQXm2e4PG6j4S089FFSWkiV6tFhsyP8LnWgWH4dWosYQ0k+KQMoy/HJ0w+EL3S0DQ==
5l97QVn7saLBlJX1c+QLFigFhbdm5hhiED4MWyvL4NAOT3mBjHjJ3trEDWZhzSvPnMItDOgyxRZLVJsFDgVbxKsd0f8/iDd4tAE=
BP8499CYuvfkaul7hg0HTAuewy7QctQXm2e4PG6j4S089FFSWkiV6tFhsyP8LnWgWH4dWosYQ0k+KQMoy/HJ0w+EL3S0DQ==
EljDgHRxxHiGdfEygyyXiwqewy7QctQXm2e4PG6j4S089FFSWkiV6tFhsyP8LnWgWH4dWosYQ0k+KQMoy/HJ0w+EL3S0DQ==
36dmNEGwv/+g7Bjm7Kgm4isFhbdm5hhiED4MWyvL4NAOT3mBjHjJ3trEDWZhzSvPnMItDOgyxRZLVJsFDgVbxKsd0f8/iDd4tAE=
tttQba5A7DSrz2CcMFIKzyoFhbdm5hhiED4MWyvL4NAOT3mBjHjJ3trEDWZhzSvPnMItDOgyxRZLVJsFDgVbxKsd0f8/iDd4tAE=
TQxbRjWybcJ+EN3DZFdZ8Sgfg7V99BhiED4MWyvL4NAOT3mBjHjJ3trEDWZhzSvPnMItDOgyxRZLVJsFDgVbxKsd0f8/iDd4tAE=
F9E28rVi4qHxhXB6vxXTJyEfg7d6/hliED4MWyvL4NAOT3mBjHjJ3trEDWZhzSvPnMItDOgyxRZLVJsFDgVbxKsd0f8/iDd4tAE=
uAk3IGWZh5kuEcdl6Q9I0lqx+kifPJNZyHKlMnTwpCs591BZNwyE/dZyuDP8LnWgWH4dWosYQ0k+KQMoy/HJ0w+EL3S0DQ==
KQE846F/sYTUZ4MZMGJ/wFqx+kifPJNZyHanPHTwpCs591BZNwyE/dZyuDP8LnWgWH4dWosYQ0k+KQMoy/HJ0w+EL3S0DQ==
MDImUDZHdEqVZqwLeevKuZdW/wLJQ/Agt/t9Y47JX////zl11i4dZHk0Y7djFLdDjfvtOaJayCUH88z7wBOdIXO0CA==
KBJV0B9tqn0+3MHpddr8GZAnVndW43+fYmhmUrrMWyCS/R/6k3pFUlrSoZzJwlJmeDlDDaFF7kxfkAu1+Hq/8BR8fGcJGwj1t6DcEeY+YL+c4m2saJKF9ks0W6WOpZvkq/0Rn79od1i0IQ==
vB8sMdz0CbbbLmBOk3//DDfV4vL36NM2V8nVOpp5U2epHx8aHX/Ntemwg0BOVRSlRuRRb28l1JRBTSVcOzqu3ahyWBdPYmB6teI6BHXbVcwx70ub6xXkwn5J0cPaN3aLe21VtC4=
mUsBMuKgETm9OJazXhcO5vaEJ1eNrSoBhh6IHc/VDwesVF1eWt65kPkuSkoYFZvhkQm2gJ9cU/lIlmdcdNDki7mXkHk3LESdVtL4E/xOtUDY3t06i/gD6b5JQ8jL0Qlzj2RvVLQt
DBuabV8W9mIN1cSXrKiDKBd+YCxRRiViWuLBrAkSMvb4qeNdYbXOPF9gK8W4qh9glOycN0kr6MW3kDwhpm6ALxxyzXwo4qUGS0R7VU71O3QrbXFPf1gXaLQR
Ugy+VDGI4xZC7aV6JXdetCppy9cvmVEZQ08tZlrmybgZBhoS2M3LiTHhBvgfpOOR6H63BDQINKPZv2BBNxS0tTb6KMu8FmWoeLZtwguAswEeIRMQC4lZW29MH2y0FQ==
YYRoBF2flCpNHBc814NRYANa5PIeq3ADdE8tZlrmybgZBhoS2M3LiTHhBvgfpOOR6H63BDQINKPZv2BBNxS0tTb6KMu8FmWoeLZtwguAswEeIRMQC4lZW29MH2y0FQ==
yG6AD6R3QDWAOFHp97owXHM1mRjFp93noeDaZE02kZyGhEg/f/eJC6qevwaHPwDEy7LEWmB9AfUsh/dWcHt+oPQd7CSRlgCcgeRrYpdvNtsvZjubTUV3RhNqtBc=
wtz/RlnAwqV89JrGY8mzGPlwwgb8JdZY4irifMFq1PMIPn9Y03kB8ZihUpYeo5RTaaQ7EjFkC0FJCdIpfj4XnI/QUFtu/y4sdWZS3nSMpkWAz3k3oYSSxMIWqv3Oy++U8NXa6Sr0i1cdO1FX2OcYO3mVTPsBcOe/CR0yfj4jZKlpko8Ur7M6R8jyIVGpmyhkZR2sIZxptBi/0oNGTYZObZggPijrsUnw+/vsBNWbNUzRL+ubi1XEQl4JscN691YLGy31tI4=
H+YA47JceIn3bo0S1khJ71qx+kifPJNZyHKlMnTwpCs591BZNwyE/dZyuDP8LnWgWH4dUYkYQkk+KQMoy/HJ0w+EL3S0DQ==
wqv96jbfYyjDRdnImXAQF+3Gqw31jDM+uon+BXMQWs7wtWUvJQdpky/bDlCkP+wtk6yVAxsnDAn68zVKXpu4hRL0S6drNI+T+XlVaFo6wDVvM2RLSHNFEWu0EA==
