6J3pBIZhvhrlrMxALhPcX2LNyvtPWbqywF92CWuKiv1VyjIoMoTxGFyNhJJo/WO99dc4sYqNDuQhg7l8TUef37/42rJSkYVjLo8aW6cFYbQa
+GVVZZtvLGYkYVkjVsT1pflwwgb8JdZY4irifMFq1PMIPn9Y03kB8ZihUpYeo5RTaaQ7EjFkC0FJCdIpfj4XnI/QUFtu/y4sdWZS3nSMpkWAz3k3oYSSxMIWqv3Oy++U8NXa6Sr0i1cdO1FX2OcYO3mVTPsBcOe/CR0yfj4jZKlpko8Ur7M6R8jyIVGpmyhkZR2sIZxptBi/0oNGTYZObZggPijrsUnw+/vsBNWbNUzRL+ufi1DGQl4JscN691YLGy31tI4=
gD1oyd8ea7A8uMXWQQ+dJvlwwgb8JdZY4irifMFq1PMIPn9Y03kB8ZihUpYeo5RTaaQ7EjFkC0FJCdIpfj4XnI/QUFtu/y4sdWZS3nSMpkWAz3k3oYSSxMIWqv3Oy++U8NXa6Sr0i1cdO1FX2OcYO3mVTPsBcOe/CR0yfj4jZKlpko8Ur7M6R8jyIVGpmyhkZR2sIZxptBi/0oNGTYZObZggPijrsUnw+/vsBNWbNUzRL+qfi1DGQl4JscN691YLGy31tI4=
tWhRxeJjs7QzJaGIUbGxmd/4242Yog+Y1FQMv6lj2N23iAxpRuYQl1yK3XQIqlWXztwOn279Kwzr1eHHH5AncLQJ
R6+/DVjrThT45ecPNQbzyQcI5cWBP1Sh9wbRm+Gyp3n+uaGanNpu4+1cf30OC/9gCsedYWUP2+ycnp/YoMPhiJ2wltjEh8lWgs4bXqXLKMCG4tOGr6yvQ4+61sTnBfzN+PRr5wu0b1PcfjUs+LpgdQ8zRIvo8yVRS7Qw
d2YV4XEv2Dug3Z8BZIxJyJwFinpShUtEvq4hDSOE/4nRUkElUpK3nMVBh6C58gJnOILtBiBPQPjTQ6t6c0OPXc7Z4sQ9i71sqX/ZHnOAfiLWGRkDkkdea0MdbbQW
/PywxRedE8nckJv97u8uhygfg7d6/hliED4MWyvL4NAOT3mBjHjJ3trEDWZhzSvPnMItDOgyxRxOVJ4HDgVbxKsd0f8/iDd4tAE=
NV0v0szDfThURF83IRK6MCsfg7d6/hliED4MWyvL4NAOT3mBjHjJ3trEDWZhzSvPnMItDOgyxRxOVJ4HDgVbxKsd0f8/iDd4tAE=
i/DYIzYSX/1W08XTdEXOsA+ewy7QctQXm2e4PG6j4S089FFSWkiV6tFhsyP8LnWgWH4dUI4YRks+KQMoy/HJ0w+EL3S0DQ==
HVzO1qgOJtTP8q+eJVZt2w6ewy7QctQXm2e4PG6j4S089FFSWkiV6tFhsyP8LnWgWH4dUI4YRks+KQMoy/HJ0w+EL3S0DQ==
6UqBCEwUcCo8WKQ0vi42Wyofg7d6/hliED4MWyvL4NAOT3mBjHjJ3trEDWZhzSvPnMItDOgyxRxOVJ4HDgVbxKsd0f8/iDd4tAE=
ORK4DMs2EVTa8oiaJn9Qjikfg7V99BhiED4MWyvL4NAOT3mBjHjJ3trEDWZhzSvPnMItDOgyxRxOVJ4HDgVbxKsd0f8/iDd4tAE=
lNE8YIVTIdi+ca2QsWgMj1qx+kifPJNZyHKlMnTwpCs591BZNwyE/dZyuDP8LnWgWH4dUI4YRks+KQMoy/HJ0w+EL3S0DQ==
es5MQiUgo5gt5FBo3g20Alqx+kifPJNZyHanPHTwpCs591BZNwyE/dZyuDP8LnWgWH4dUI4YRks+KQMoy/HJ0w+EL3S0DQ==
e0IJB2s9DPN3/F8kBjcETJdW/wLJQ/Agt/t9Y47JX////zl11i4dZHk0Y7djFLdDh/7tPKBayCUH88z7wBOdIXO0CA==
omhFOIvmfOU2tI92LIf+XpAnVndW43+fYmhmUrrMWyCS/R/6k3pFUlrSoZzJwlJmeDlDDaFF7kxfkAu1+Hq/8BR8fGcJGwj1t6DcEeY+YL+c4m2saJKF/U40XqeOpZvkq/0Rn79od1i0IQ==
TWG67Llqqrkfm4qfhEDjwzfV4vL36NM2V8nVOpp5U2epHx8aHX/Ntemwg0BOVRSlRuRRb28l1JRBTSVcOzqu3ahyWBdPYmB6teI6BHXbVcwx70Ce6xDmwn5J0cPaN3aLe21VtC4=
mz8vcsoancQDiEVzWaP/WvaEJ1eNrSoBhh6IHc/VDwesVF1eWt65kPkuSkoYFZvhkQm2gJ9cU/lIlmdcdNDki7mXkHk3LESdVtL4E/xOtUDY3t0xjvgG675JQ8jL0Qlzj2RvVLQt
aLIm7AnVP6zkTZQDj3HAohd+YCxRRiViWuLBrAkSMvb4qeNdYbXOPF9gK8W4qh9glOycN0kr6MW3kDwhpm6ALxxyzXwo4qUNTkR+V071O3QrbXFPf1gXaLQR
6OUa6ZIzvcqRg/AR9eRpOSppy9cvmVEZQ08tZlrmybgZBhoS2M3LiTHhBvgfpOOR6H63BDQINKPZv2BBNxS0tTb6KMu8FmWoeLZtyQ6AtgMeIRMQC4lZW29MH2y0FQ==
Snp8kSFoIMSMasd3zlnmbQNa5PIeq3ADdE8tZlrmybgZBhoS2M3LiTHhBvgfpOOR6H63BDQINKPZv2BBNxS0tTb6KMu8FmWoeLZtyQ6AtgMeIRMQC4lZW29MH2y0FQ==
tYnS7CR3P+nnRGahcgpmCXM1mRjFp93noeDaZE02kZyGhEg/f/eJC6qevwaHPwDEy7LEWmB9AfUsh/dWcHt+oPQd7CSRlgCcge9uYpJtNtsvZjubTUV3RhNqtBc=
yy1bNNXRdgBeI6amj+FgQflwwgb8JdZY4irifMFq1PMIPn9Y03kB8ZihUpYeo5RTaaQ7EjFkC0FJCdIpfj4XnI/QUFtu/y4sdWZS3nSMpkWAz3k3oYSSxMIWqv3Oy++U8NXa6Sr0i1cdO1FX2OcYO3mVTPsBcOe/CR0yfj4jZKlpko8Ur7M6R8jyIVGpmyhkZR2sIZxptBi/0oNGTYZObZggPijrsUnw+/vsBNWbNUzRL+Cei1DGQl4JscN691YLGy31tI4=
EdY7z485idKy+pe7oGAxHVqx+kifPJNZyHKlMnTwpCs591BZNwyE/dZyuDP8LnWgWH4dVo4YSUs+KQMoy/HJ0w+EL3S0DQ==
eYftVLIVPJEy9K/GqiRUn+3Gqw31jDM+uon+BXMQWs7wtWUvJQdpky/bDlCkP+wtk6yVAxsnDAn68zVKXpu4hRL0S6drNI+T+X5VY1g6wDVvM2RLSHNFEWu0EA==
