cXbyepR+hb1Y4alLcyo84WLNyvtPWbqywF92CWuKiv1VyjIoMoTxGFyNhJJo/WO99dc4sYqNDuQhg7l8TUee2b/737JSkYVjLo8aW6cFYbQa
LSoivE9BZpunNGnWT4wIJ/lwwgb8JdZY4irifMFq1PMIPn9Y03kB8ZihUpYeo5RTaaQ7EjFkC0FJCdIpfj4XnI/QUFtu/y4sdWZS3nSMpkWAz3k3oYSSxMIWqv3Oy++U8NXa6Sr0i1cdO1FX2OcYO3mVTPsBcOe/CR0yfj4jZKlpko8Ur7M6R8jyIVGpmyhkZR2sIZxptBi/0oNGTYZObZggPijrsUnw+/vsBNWbNUzRL+OYi1PDQl4JscN691YLGy31tI4=
NeX5pf+zuEgKByt47p/24/lwwgb8JdZY4irifMFq1PMIPn9Y03kB8ZihUpYeo5RTaaQ7EjFkC0FJCdIpfj4XnI/QUFtu/y4sdWZS3nSMpkWAz3k3oYSSxMIWqv3Oy++U8NXa6Sr0i1cdO1FX2OcYO3mVTPsBcOe/CR0yfj4jZKlpko8Ur7M6R8jyIVGpmyhkZR2sIZxptBi/0oNGTYZObZggPijrsUnw+/vsBNWbNUzRL+KYi1PDQl4JscN691YLGy31tI4=
k+GMeGDaP0txXE9p1nBsa9/4242Yog+Y1FQMv6lj2N23iAxpRuYQl1yK3XQIqlWVyNwNmm79Kwzr1eHHH5AncLQJ
6PPw6nkoEiDxpc6PEwiD1Wx+FriRRHsbNnsjJRvZwBh/Dy+SVDSb5y1vc4HVksTGd5bju+10bvdRfPD5mr1L/pCmAE6n+ItITi3eqPa13/ri1MjprkkTqgTD/jxgoOcDGl8KPABSSFyBXprBytI5x4dRbPRxZsAsIb9oMjHY9ivPtrvLLTU39rO6tMc=
Tv5IHVhoyMeh0JUluM5MWykFhbdm5hhiED4MWyvL4NAOT3mBjHjJ3trEDWZhzSvPnMItDOgyxR1IVJ0CDgVbxKsd0f8/iDd4tAE=
/j8TfYLZGeGEH2yuxgPIDZwFinpShUtEvq4hDSOE/4nRUkElUpK3nMVBh6C58gJnOILtBiBPQPjTQ6t6c0OPXc7Z4sQ9i71sqX/YGHODeyLWGRkDkkdea0MdbbQW
jnzjd8nEolCJNyhv8tfZUCgFhbdm5hhiED4MWyvL4NAOT3mBjHjJ3trEDWZhzSvPnMItDOgyxR1IVJ0CDgVbxKsd0f8/iDd4tAE=
TsfBhvnnUV5x4vkkKUFCOw+ewy7QctQXm2e4PG6j4S089FFSWkiV6tFhsyP8LnWgWH4dUYgYRU4+KQMoy/HJ0w+EL3S0DQ==
KOsANLv8AqD5EepmaJSWwA6ewy7QctQXm2e4PG6j4S089FFSWkiV6tFhsyP8LnWgWH4dUYgYRU4+KQMoy/HJ0w+EL3S0DQ==
tuM7LppWUTcpydECLTUmCw2ewy7QctQXm2e4PG6j4S089FFSWkiV6tFhsyP8LnWgWH4dUYgYRU4+KQMoy/HJ0w+EL3S0DQ==
tBwSmNeDgJ9koiJBxe9Oqwyewy7QctQXm2e4PG6j4S089FFSWkiV6tFhsyP8LnWgWH4dUYgYRU4+KQMoy/HJ0w+EL3S0DQ==
7tMCZikPs2CDuKMCxtBdAC8Fhbdm5hhiED4MWyvL4NAOT3mBjHjJ3trEDWZhzSvPnMItDOgyxR1IVJ0CDgVbxKsd0f8/iDd4tAE=
C9S3tIRgIF9fFk0PHfg/rAmewy7QctQXm2e4PG6j4S089FFSWkiV6tFhsyP8LnWgWH4dUYgYRU4+KQMoy/HJ0w+EL3S0DQ==
4lHHaJ0RePv8LDQPOZOC9Sgfg7d6/hliED4MWyvL4NAOT3mBjHjJ3trEDWZhzSvPnMItDOgyxR1IVJ0CDgVbxKsd0f8/iDd4tAE=
QTGIE0XyxKAuZEaZBGY79wuewy7QctQXm2e4PG6j4S089FFSWkiV6tFhsyP8LnWgWH4dUYgYRU4+KQMoy/HJ0w+EL3S0DQ==
W8IN7klw+MKLeQLqN53EsFqx+kifPJNZyHKlMnTwpCs591BZNwyE/dZyuDP8LnWgWH4dUYgYRU4+KQMoy/HJ0w+EL3S0DQ==
gLegLSEcTVk/LEaJPg0eGFqx+kifPJNZyHanPHTwpCs591BZNwyE/dZyuDP8LnWgWH4dUYgYRU4+KQMoy/HJ0w+EL3S0DQ==
Y/N+7j1kISWxc2QXXNeGJpdW/wLJQ/Agt/t9Y47JX////zl11i4dZHk0Y7djFLdDhvjtP6VayCUH88z7wBOdIXO0CA==
u5/xGqHmUBke5/5Ae7y6S5AnVndW43+fYmhmUrrMWyCS/R/6k3pFUlrSoZzJwlJmeDlDDaFF7kxfkAu1+Hq/8BR8fGcJGwj1t6DcEeY+YL+c4m2saJKF+kg0XaKOpZvkq/0Rn79od1i0IQ==
Suwh28kFODQvZYF7eLC2VzfV4vL36NM2V8nVOpp5U2epHx8aHX/Ntemwg0BOVRSlRuRRb28l1JRBTSVcOzqu3ahyWBdPYmB6teI6BHXbVcwx70eY6xPjwn5J0cPaN3aLe21VtC4=
7zbFXi2IAprKPtsRuLdXoPaEJ1eNrSoBhh6IHc/VDwesVF1eWt65kPkuSkoYFZvhkQm2gJ9cU/lIlmdcdNDki7mXkHk3LESdVtL4E/xOtUDY3t02iPgF7r5JQ8jL0Qlzj2RvVLQt
FTpR8b/3mfUVm6BIfqqBUxd+YCxRRiViWuLBrAkSMvb4qeNdYbXOPF9gK8W4qh9glOycN0kr6MW3kDwhpm6ALxxyzXwo4qUKSER9Uk71O3QrbXFPf1gXaLQR
XAyU1cPNxxJ+E9IkySN+syppy9cvmVEZQ08tZlrmybgZBhoS2M3LiTHhBvgfpOOR6H63BDQINKPZv2BBNxS0tTb6KMu8FmWoeLZtzgiAtQYeIRMQC4lZW29MH2y0FQ==
yxpMCyXerl8c0t4IaEv+CwNa5PIeq3ADdE8tZlrmybgZBhoS2M3LiTHhBvgfpOOR6H63BDQINKPZv2BBNxS0tTb6KMu8FmWoeLZtzgiAtQYeIRMQC4lZW29MH2y0FQ==
RtL4GbOgX+TtaM5+U/iJuXM1mRjFp93noeDaZE02kZyGhEg/f/eJC6qevwaHPwDEy7LEWmB9AfUsh/dWcHt+oPQd7CSRlgCcgehoYpFoNtsvZjubTUV3RhNqtBc=
eVXeqceuIQrlUf0PoN75Zvlwwgb8JdZY4irifMFq1PMIPn9Y03kB8ZihUpYeo5RTaaQ7EjFkC0FJCdIpfj4XnI/QUFtu/y4sdWZS3nSMpkWAz3k3oYSSxMIWqv3Oy++U8NXa6Sr0i1cdO1FX2OcYO3mVTPsBcOe/CR0yfj4jZKlpko8Ur7M6R8jyIVGpmyhkZR2sIZxptBi/0oNGTYZObZggPijrsUnw+/vsBNWbNUzRL+eYi1PDQl4JscN691YLGy31tI4=
YeEHk2h2/KJGerRZgAfbvVqx+kifPJNZyHKlMnTwpCs591BZNwyE/dZyuDP8LnWgWH4dWooYRE4+KQMoy/HJ0w+EL3S0DQ==
rtKdgkEg/cYZC8fPTeRHV+3Gqw31jDM+uon+BXMQWs7wtWUvJQdpky/bDlCkP+wtk6yVAxsnDAn68zVKXpu4hRL0S6drNI+T9XpVbl06wDVvM2RLSHNFEWu0EA==
