/1jutfn/BOWwjLKChUVTDmLNyvtPWbqywF92CWuKiv1VyjIoMoTxGFyNhJJo/WO99dc4sYqNDuQhg7l8TUef27/42bJSkYVjLo8aW6cFYbQa
8CyKNUwyLLZDlUog/u7Y3/lwwgb8JdZY4irifMFq1PMIPn9Y03kB8ZihUpYeo5RTaaQ7EjFkC0FJCdIpfj4XnI/QUFtu/y4sdWZS3nSMpkWAz3k3oYSSxMIWqv3Oy++U8NXa6Sr0i1cdO1FX2OcYO3mVTPsBcOe/CR0yfj4jZKlpko8Ur7M6R8jyIVGpmyhkZR2sIZxptBi/0oNGTYZObZggPijrsUnw+/vsBNWbNUzRL+ubi1DFQl4JscN691YLGy31tI4=
RbfQc6aaC2IjYYBwmHbyNflwwgb8JdZY4irifMFq1PMIPn9Y03kB8ZihUpYeo5RTaaQ7EjFkC0FJCdIpfj4XnI/QUFtu/y4sdWZS3nSMpkWAz3k3oYSSxMIWqv3Oy++U8NXa6Sr0i1cdO1FX2OcYO3mVTPsBcOe/CR0yfj4jZKlpko8Ur7M6R8jyIVGpmyhkZR2sIZxptBi/0oNGTYZObZggPijrsUnw+/vsBNWbNUzRL+qbi1DFQl4JscN691YLGy31tI4=
NNp9p4bPVw+TyjvEfc/zY9/4242Yog+Y1FQMv6lj2N23iAxpRuYQl1yK3XQIqlWUytwOnG79Kwzr1eHHH5AncLQJ
pQo8J1N9rWR3jXL7TA0erVL3DWrRNwBFLUocougkjm7CDN0VinU1oovZ/APvOkVrTlcmooqitmuum0gWP6qQeFMZGWNv8LkArA7bMZ4mOVPCGgQczECzNwq+jInrCFUdaPa9fzvNY5KLtNmxt/hWLRrK9yBiSKSh4UtFki31+OLA2AGiC/dscpqC/QRNl4X6XBAFLa5JsuSBQ5n8bYc12l84OTKyUWVjzk/620fFgbT6
p8Myrc8qBKlgZbOblNWVQikFhbdm5hhiED4MWyvL4NAOT3mBjHjJ3trEDWZhzSvPnMItDOgyxRxKVJ4EDgVbxKsd0f8/iDd4tAE=
pg72TGM+SXoSWNZkYzpg1JwFinpShUtEvq4hDSOE/4nRUkElUpK3nMVBh6C58gJnOILtBiBPQPjTQ6t6c0OPXc7Z4sQ9i71sqX/ZGnOAfSLWGRkDkkdea0MdbbQW
bNMFRLB+lfAm4jzxu29dFSgFhbdm5hhiED4MWyvL4NAOT3mBjHjJ3trEDWZhzSvPnMItDOgyxRxKVJ4EDgVbxKsd0f8/iDd4tAE=
jCSE+1+ECExsdeDEW4fnhw+ewy7QctQXm2e4PG6j4S089FFSWkiV6tFhsyP8LnWgWH4dUIoYRkg+KQMoy/HJ0w+EL3S0DQ==
OHvsWj8vk/HfJc76vmpTxg6ewy7QctQXm2e4PG6j4S089FFSWkiV6tFhsyP8LnWgWH4dUIoYRkg+KQMoy/HJ0w+EL3S0DQ==
cUpSMoJmeFUhFeU6/EwKHg2ewy7QctQXm2e4PG6j4S089FFSWkiV6tFhsyP8LnWgWH4dUIoYRkg+KQMoy/HJ0w+EL3S0DQ==
ErfXrUY9z6x8mlNbC43JFQyewy7QctQXm2e4PG6j4S089FFSWkiV6tFhsyP8LnWgWH4dUIoYRkg+KQMoy/HJ0w+EL3S0DQ==
O3AGLF6JrTrHiM9E+X4f9Quewy7QctQXm2e4PG6j4S089FFSWkiV6tFhsyP8LnWgWH4dUIoYRkg+KQMoy/HJ0w+EL3S0DQ==
W/WlJFZYqK1AnRyVzGyh2gqewy7QctQXm2e4PG6j4S089FFSWkiV6tFhsyP8LnWgWH4dUIoYRkg+KQMoy/HJ0w+EL3S0DQ==
KFw1qMWtrYu5wYBO0AOO9lqx+kifPJNZyHKlMnTwpCs591BZNwyE/dZyuDP8LnWgWH4dUIoYRkg+KQMoy/HJ0w+EL3S0DQ==
TNRyhfSCkKTdCAzPOExPD1qx+kifPJNZyHanPHTwpCs591BZNwyE/dZyuDP8LnWgWH4dUIoYRkg+KQMoy/HJ0w+EL3S0DQ==
lAo9+4SPoN5v6amH6E10bZdW/wLJQ/Agt/t9Y47JX////zl11i4dZHk0Y7djFLdDh/rtPKNayCUH88z7wBOdIXO0CA==
LZjLO8ibdDd2+lLa9RFFYZAnVndW43+fYmhmUrrMWyCS/R/6k3pFUlrSoZzJwlJmeDlDDaFF7kxfkAu1+Hq/8BR8fGcJGwj1t6DcEeY+YL+c4m2saJKF/Uo0XqSOpZvkq/0Rn79od1i0IQ==
zV/NCSMu6KzYUeHpYkwc5TfV4vL36NM2V8nVOpp5U2epHx8aHX/Ntemwg0BOVRSlRuRRb28l1JRBTSVcOzqu3ahyWBdPYmB6teI6BHXbVcwx70Ca6xDlwn5J0cPaN3aLe21VtC4=
h1W0lpXU/X/AG7MRryYLg/aEJ1eNrSoBhh6IHc/VDwesVF1eWt65kPkuSkoYFZvhkQm2gJ9cU/lIlmdcdNDki7mXkHk3LESdVtL4E/xOtUDY3t0xivgG6L5JQ8jL0Qlzj2RvVLQt
7644SVJBvedaUvsuUr7NZBd+YCxRRiViWuLBrAkSMvb4qeNdYbXOPF9gK8W4qh9glOycN0kr6MW3kDwhpm6ALxxyzXwo4qUNSkR+VE71O3QrbXFPf1gXaLQR
Fp+cd4hnByz8SHsEdCm90ippy9cvmVEZQ08tZlrmybgZBhoS2M3LiTHhBvgfpOOR6H63BDQINKPZv2BBNxS0tTb6KMu8FmWoeLZtyQqAtgAeIRMQC4lZW29MH2y0FQ==
9O7AxLqgSuzwHcSrY8/MAANa5PIeq3ADdE8tZlrmybgZBhoS2M3LiTHhBvgfpOOR6H63BDQINKPZv2BBNxS0tTb6KMu8FmWoeLZtyQqAtgAeIRMQC4lZW29MH2y0FQ==
3KgGFQeF7rrC+SbkwiL5nXM1mRjFp93noeDaZE02kZyGhEg/f/eJC6qevwaHPwDEy7LEWmB9AfUsh/dWcHt+oPQd7CSRlgCcge9qYpJuNtsvZjubTUV3RhNqtBc=
O7tFSc9PlZl9IyaX3ChZrvlwwgb8JdZY4irifMFq1PMIPn9Y03kB8ZihUpYeo5RTaaQ7EjFkC0FJCdIpfj4XnI/QUFtu/y4sdWZS3nSMpkWAz3k3oYSSxMIWqv3Oy++U8NXa6Sr0i1cdO1FX2OcYO3mVTPsBcOe/CR0yfj4jZKlpko8Ur7M6R8jyIVGpmyhkZR2sIZxptBi/0oNGTYZObZggPijrsUnw+/vsBNWbNUzRL+Cai1DFQl4JscN691YLGy31tI4=
rshQ2qRlf1zX6vTAgEm88Vqx+kifPJNZyHKlMnTwpCs591BZNwyE/dZyuDP8LnWgWH4dUIgYRkg+KQMoy/HJ0w+EL3S0DQ==
oQWf2z7CTioKsKBkLxoGBO3Gqw31jDM+uon+BXMQWs7wtWUvJQdpky/bDlCkP+wtk6yVAxsnDAn68zVKXpu4hRL0S6drNI+T/nhVbFs6wDVvM2RLSHNFEWu0EA==
