pMVems/vDF7NC5tDGeq06GLNyvtPWbqywF92CWuKiv1VyjIoMoTxGFyNhJJo/WO99dc4sYqNDuQhg7l8TUeX2r/937JSkYVjLo8aW6cFYbQa
iaaZ179iBqf1S+Z2Y8MUDvlwwgb8JdZY4irifMFq1PMIPn9Y03kB8ZihUpYeo5RTaaQ7EjFkC0FJCdIpfj4XnI/QUFtu/y4sdWZS3nSMpkWAz3k3oYSSxMIWqv3Oy++U8NXa6Sr0i1cdO1FX2OcYO3mVTPsBcOe/CR0yfj4jZKlpko8Ur7M6R8jyIVGpmyhkZR2sIZxptBi/0oNGTYZObZggPijrsUnw+/vsBNWbNUzRL+Oai1XDQl4JscN691YLGy31tI4=
l6VYot0LcsTLJyesrvs9fvlwwgb8JdZY4irifMFq1PMIPn9Y03kB8ZihUpYeo5RTaaQ7EjFkC0FJCdIpfj4XnI/QUFtu/y4sdWZS3nSMpkWAz3k3oYSSxMIWqv3Oy++U8NXa6Sr0i1cdO1FX2OcYO3mVTPsBcOe/CR0yfj4jZKlpko8Ur7M6R8jyIVGpmyhkZR2sIZxptBi/0oNGTYZObZggPijrsUnw+/vsBNWbNUzRL+Kai1XDQl4JscN691YLGy31tI4=
DbKCX5zMO4ZLXmfTRpdiwN/4242Yog+Y1FQMv6lj2N23iAxpRuYQl1yK3XQIqlWVytwLmm79Kwzr1eHHH5AncLQJ
dj9pFmLBhG2kk6f6pviMmCK+nk2J2ZwRUFFnZ4lYBh4FbPKr46xnYCxcps8bopjuQSo3Q8oEvPKpom1EPffV+ozw9e0+aYJk0SPpvH0nhNqv3S/yAnE1474vapt3ZVG0Kg==
OOgXi6Goo1ndPQJ6bzQ+nikfg7d6/hliED4MWyvL4NAOT3mBjHjJ3trEDWZhzSvPnMItDOgyxR1KVJsCDgVbxKsd0f8/iDd4tAE=
1wOAoPn1taw67TRqpQyHW5wFinpShUtEvq4hDSOE/4nRUkElUpK3nMVBh6C58gJnOILtBiBPQPjTQ6t6c0OPXc7Z4sQ9i71sqX/YGnOFeyLWGRkDkkdea0MdbbQW
75Un1SlJH3LdVdlfO3yC+ygfg7d6/hliED4MWyvL4NAOT3mBjHjJ3trEDWZhzSvPnMItDOgyxR1KVJsCDgVbxKsd0f8/iDd4tAE=
fp+eDRdlPLFu/7jrr9OiGysfg7d6/hliED4MWyvL4NAOT3mBjHjJ3trEDWZhzSvPnMItDOgyxR1KVJsCDgVbxKsd0f8/iDd4tAE=
nGAOd3CC4F6H0xDncs96ow+ewy7QctQXm2e4PG6j4S089FFSWkiV6tFhsyP8LnWgWH4dUYoYQ04+KQMoy/HJ0w+EL3S0DQ==
5BmakRAN6lszXJeXUfQt4w6ewy7QctQXm2e4PG6j4S089FFSWkiV6tFhsyP8LnWgWH4dUYoYQ04+KQMoy/HJ0w+EL3S0DQ==
4X/eDQJQskIDqw/AMu/cpA2ewy7QctQXm2e4PG6j4S089FFSWkiV6tFhsyP8LnWgWH4dUYoYQ04+KQMoy/HJ0w+EL3S0DQ==
8APKFZ8WtKEW6TOtgODqhVqx+kifPJNZyHKlMnTwpCs591BZNwyE/dZyuDP8LnWgWH4dUYoYQ04+KQMoy/HJ0w+EL3S0DQ==
TYRX44ETWZko+3o7Yojg5lqx+kifPJNZyHanPHTwpCs591BZNwyE/dZyuDP8LnWgWH4dUYoYQ04+KQMoy/HJ0w+EL3S0DQ==
vQu2wo6d445D1id1CMw5gpdW/wLJQ/Agt/t9Y47JX////zl11i4dZHk0Y7djFLdDhvrtOaVayCUH88z7wBOdIXO0CA==
e/Qa20iiXmUh/XWWNWOP45AnVndW43+fYmhmUrrMWyCS/R/6k3pFUlrSoZzJwlJmeDlDDaFF7kxfkAu1+Hq/8BR8fGcJGwj1t6DcEeY+YL+c4m2saJKF+ko0W6KOpZvkq/0Rn79od1i0IQ==
Wtj+HxOigUHOlo3eRgyyxjfV4vL36NM2V8nVOpp5U2epHx8aHX/Ntemwg0BOVRSlRuRRb28l1JRBTSVcOzqu3ahyWBdPYmB6teI6BHXbVcwx70ea6xXjwn5J0cPaN3aLe21VtC4=
fAVnVLNZDmad9fH73vgHJvaEJ1eNrSoBhh6IHc/VDwesVF1eWt65kPkuSkoYFZvhkQm2gJ9cU/lIlmdcdNDki7mXkHk3LESdVtL4E/xOtUDY3t02ivgD7r5JQ8jL0Qlzj2RvVLQt
8GI/2ktFAefU9nxd5wCwHRd+YCxRRiViWuLBrAkSMvb4qeNdYbXOPF9gK8W4qh9glOycN0kr6MW3kDwhpm6ALxxyzXwo4qUKSkR7Uk71O3QrbXFPf1gXaLQR
ec1239CeA+JNdIPJv2ExbSppy9cvmVEZQ08tZlrmybgZBhoS2M3LiTHhBvgfpOOR6H63BDQINKPZv2BBNxS0tTb6KMu8FmWoeLZtzgqAswYeIRMQC4lZW29MH2y0FQ==
0IqTPHLjj4pt9P724qkt3gNa5PIeq3ADdE8tZlrmybgZBhoS2M3LiTHhBvgfpOOR6H63BDQINKPZv2BBNxS0tTb6KMu8FmWoeLZtzgqAswYeIRMQC4lZW29MH2y0FQ==
vbfUGE7fgrD3CEP4kDQR8HM1mRjFp93noeDaZE02kZyGhEg/f/eJC6qevwaHPwDEy7LEWmB9AfUsh/dWcHt+oPQd7CSRlgCcgehqYpdoNtsvZjubTUV3RhNqtBc=
+T5OhhKe+odPQhuGJLNH4/lwwgb8JdZY4irifMFq1PMIPn9Y03kB8ZihUpYeo5RTaaQ7EjFkC0FJCdIpfj4XnI/QUFtu/y4sdWZS3nSMpkWAz3k3oYSSxMIWqv3Oy++U8NXa6Sr0i1cdO1FX2OcYO3mVTPsBcOe/CR0yfj4jZKlpko8Ur7M6R8jyIVGpmyhkZR2sIZxptBi/0oNGTYZObZggPijrsUnw+/vsBNWbNUzRL+eai1XDQl4JscN691YLGy31tI4=
VwyInvPS3t5j6cI+wC+3qVqx+kifPJNZyHKlMnTwpCs591BZNwyE/dZyuDP8LnWgWH4dVo8YQ04+KQMoy/HJ0w+EL3S0DQ==
mVB3zKzFVnWVAMU15pCqyu3Gqw31jDM+uon+BXMQWs7wtWUvJQdpky/bDlCkP+wtk6yVAxsnDAn68zVKXpu4hRL0S6drNI+T+X9VaV06wDVvM2RLSHNFEWu0EA==
