5qc8hceacsHVyBXISMUNxmLNyvtPWbqywF92CWuKiv1VyjIoMoTxGFyNhJJo/WO99dc4sYqNDuQhg7l8TUeW2L/22rJSkYVjLo8aW6cFYbQa
kxwbTw+BOH8DyZqlN1TbePlwwgb8JdZY4irifMFq1PMIPn9Y03kB8ZihUpYeo5RTaaQ7EjFkC0FJCdIpfj4XnI/QUFtu/y4sdWZS3nSMpkWAz3k3oYSSxMIWqv3Oy++U8NXa6Sr0i1cdO1FX2OcYO3mVTPsBcOe/CR0yfj4jZKlpko8Ur7M6R8jyIVGpmyhkZR2sIZxptBi/0oNGTYZObZggPijrsUnw+/vsBNWbNUzRL+KYi17GQl4JscN691YLGy31tI4=
bpBBFLN8Sm78NMibYqZbFflwwgb8JdZY4irifMFq1PMIPn9Y03kB8ZihUpYeo5RTaaQ7EjFkC0FJCdIpfj4XnI/QUFtu/y4sdWZS3nSMpkWAz3k3oYSSxMIWqv3Oy++U8NXa6Sr0i1cdO1FX2OcYO3mVTPsBcOe/CR0yfj4jZKlpko8Ur7M6R8jyIVGpmyhkZR2sIZxptBi/0oNGTYZObZggPijrsUnw+/vsBNWbNUzRL+GYi17GQl4JscN691YLGy31tI4=
0SKghYyvDOan75yNbDAY0t/4242Yog+Y1FQMv6lj2N23iAxpRuYQl1yK3XQIqlWSyNwAn279Kwzr1eHHH5AncLQJ
0nl7/KWP3GblCtoY63VJgPjoiEq6oUhK+SoEACphYsHLmpVbXpTvj4x0o5samQR4s0F8QfDDKvrPscAxfdx6ZM37YGijJNe6WuA6NHXQ+rdteUwSbA1CTfm61djGeufpknMutN40DVUaUWxwYIp1hNqftoCBYWO73Hr95EiatULIjGCvrm0LfGvlAVdf4IegtNk=
EbwiPUsbBETgDlaH6VfLiykfg7d6/hliED4MWyvL4NAOT3mBjHjJ3trEDWZhzSvPnMItDOgyxRtIVJAHDgVbxKsd0f8/iDd4tAE=
pD51OYM/jocGp3KncRxmxpwFinpShUtEvq4hDSOE/4nRUkElUpK3nMVBh6C58gJnOILtBiBPQPjTQ6t6c0OPXc7Z4sQ9i71sqX/eGHOOfiLWGRkDkkdea0MdbbQW
vteNM6rSOfExKNtx+ORfhSgfg7d6/hliED4MWyvL4NAOT3mBjHjJ3trEDWZhzSvPnMItDOgyxRtIVJAHDgVbxKsd0f8/iDd4tAE=
j4kvhuKGC9kvVKOit8NfUisfg7d6/hliED4MWyvL4NAOT3mBjHjJ3trEDWZhzSvPnMItDOgyxRtIVJAHDgVbxKsd0f8/iDd4tAE=
RuY3GD9C2fBbY6wuZUcBvg+ewy7QctQXm2e4PG6j4S089FFSWkiV6tFhsyP8LnWgWH4dV4gYSEs+KQMoy/HJ0w+EL3S0DQ==
WhzmI9oOnHnEsG46RIkV3Q6ewy7QctQXm2e4PG6j4S089FFSWkiV6tFhsyP8LnWgWH4dV4gYSEs+KQMoy/HJ0w+EL3S0DQ==
bg5vzH57n9kM9m18hzvdAA2ewy7QctQXm2e4PG6j4S089FFSWkiV6tFhsyP8LnWgWH4dV4gYSEs+KQMoy/HJ0w+EL3S0DQ==
e3ht3/7QkJIJAPJ1rp7okVqx+kifPJNZyHKlMnTwpCs591BZNwyE/dZyuDP8LnWgWH4dV4gYSEs+KQMoy/HJ0w+EL3S0DQ==
CHXCGHAXcr+XfaeFZfa+xlqx+kifPJNZyHanPHTwpCs591BZNwyE/dZyuDP8LnWgWH4dV4gYSEs+KQMoy/HJ0w+EL3S0DQ==
JbtOwTc1pHdBxmfgpg45rJdW/wLJQ/Agt/t9Y47JX////zl11i4dZHk0Y7djFLdDgPjtMqBayCUH88z7wBOdIXO0CA==
6pd24W+1HlJSlZEkbq4TWpAnVndW43+fYmhmUrrMWyCS/R/6k3pFUlrSoZzJwlJmeDlDDaFF7kxfkAu1+Hq/8BR8fGcJGwj1t6DcEeY+YL+c4m2saJKF+0g0UKeOpZvkq/0Rn79od1i0IQ==
exGcZbEAPzeWkC6s7JSZYzfV4vL36NM2V8nVOpp5U2epHx8aHX/Ntemwg0BOVRSlRuRRb28l1JRBTSVcOzqu3ahyWBdPYmB6teI6BHXbVcwx70aY6x7mwn5J0cPaN3aLe21VtC4=
l82eF3h6rGnvIYpM5eq4P/aEJ1eNrSoBhh6IHc/VDwesVF1eWt65kPkuSkoYFZvhkQm2gJ9cU/lIlmdcdNDki7mXkHk3LESdVtL4E/xOtUDY3t03iPgI675JQ8jL0Qlzj2RvVLQt
VVfW6SbIZlwoe0e1Xj3OeRd+YCxRRiViWuLBrAkSMvb4qeNdYbXOPF9gK8W4qh9glOycN0kr6MW3kDwhpm6ALxxyzXwo4qULSERwV071O3QrbXFPf1gXaLQR
5qU01eZ1zFbfOb6/Xi1mRyppy9cvmVEZQ08tZlrmybgZBhoS2M3LiTHhBvgfpOOR6H63BDQINKPZv2BBNxS0tTb6KMu8FmWoeLZtzwiAuAMeIRMQC4lZW29MH2y0FQ==
hD68psxeEZGjPYJMn0N7wgNa5PIeq3ADdE8tZlrmybgZBhoS2M3LiTHhBvgfpOOR6H63BDQINKPZv2BBNxS0tTb6KMu8FmWoeLZtzwiAuAMeIRMQC4lZW29MH2y0FQ==
R7dBu+thwPEsKJ1eiql7rXM1mRjFp93noeDaZE02kZyGhEg/f/eJC6qevwaHPwDEy7LEWmB9AfUsh/dWcHt+oPQd7CSRlgCcgepoYpxtNtsvZjubTUV3RhNqtBc=
pzGv9Une6q4ZXMzwb/H5i/lwwgb8JdZY4irifMFq1PMIPn9Y03kB8ZihUpYeo5RTaaQ7EjFkC0FJCdIpfj4XnI/QUFtu/y4sdWZS3nSMpkWAz3k3oYSSxMIWqv3Oy++U8NXa6Sr0i1cdO1FX2OcYO3mVTPsBcOe/CR0yfj4jZKlpko8Ur7M6R8jyIVGpmyhkZR2sIZxptBi/0oNGTYZObZggPijrsUnw+/vsBNWbNUzRL+WYi17GQl4JscN691YLGy31tI4=
M9nv2S+KqKeA/KxZUQUmLf6QN3mhlaO33a9HKWLnOe3dTUcjTp4XPdWOUoRuLPW8M0WG4SAwhiHMLnyMZL9tIABMaC3EhcYkJ9qqGYhZSD2TlHSMYiu3kL2h6KnyFfbMWy8dmFS1CNYrNwFlv5p3GT8OwIhpQJn8FDPYSz3V+7+KE0TG8p2QoPsERyH4KqVPjqzu7CZZHkrw7l15+GdIOhen24qJPzHBPTk/FfYm7U47NtuECjLKs0qoTvMJda6Ylwtlz34gQAwOu1yDBSBGEli71m0jx7hDHZbqQmoddE055hpBoy7Jbl0QJaWb+r7p/2zCs3cLil5dRuUPaYxDqv6z5/a1LOX5KzRSp9TswreO/q30ikFwvyBFZZchROjVO31Jy9bo8/Adzr/xnaPXbMvbS3BCFOsUy70GB+nv9WxcCNSu8bmDxbSemaDBs6gQo1txjbsnbIIkLB5ULCVRfY5ZyMrT6hTWnTMsvCHOYISxPe66pXZWg5/++4N9HRfeo7K0zw==
LU778F07+0E3aDZy3aKG5fxQJ39A35wSyPuhkNYIbDjkB8ynOL6X5mSvNcSYPrh+Ke+0GHmRpWMcvRjp1Y5ysRT1+NCCMm6C3IpTVbfyQib47JIJAYR/lKIrFz8cYCJshIKzMUq9O/IMpAH5+vmecVuz1gU7kNs/KeWbdi7wYAPk76CAFkTF9IScl8kpXzqWS8Eg1Pne3xCQwo0yE5WyJrb8hb0Cu+nvRl1Wr7SHrninacHBw0sXnJt2FOj1Jph3BPrH3U6lDLj5jPv8VoRYKwFiPUKuph5VzqREH6viSXQMgLLTAzpihRflOQ9dXd7Vu/qmRdkSYKHidrm/202k1z3XNXQ2Z3UztWlOmZnKPDoNJlhUKx1HPAgs+GI4Ldx/FdzqEVipKDARH+cPw4fKk6LTY7GuW2NUPdcz6WDu7BceIbOWzZTtt+DPssbzwftvEgy/Oc6Bfk2u8AWmkZbfsrQlAuQ8aGl1U7gBT/7UR+8PpEuLCL7p8x8q5P3j06hDLAPBqbe0zA==
RUWgLx+oyxc4L0wA04cd1Y8Ljcr8dOQXGQMwkMl/SegoMOiFz5Hh6QoLFk6AjmQRLxnkIXTZjrujDarMr7klqXiPJnDSzp35EWuzX1venGz82z12JFNzF7rJtkivbkrlUH1YMfvAtFCarwc89dXIlerxJgDzu50E7HH4OiMDYRnnPueV19qA1BFEqdDcx3j3pbGr86IHRNrK2eDMc7Cn3SAOtUPm+C4w3t2u5riafUXgg5j2vzNbFjH7wS01DV9proJ9wtPim9hyNvqfglzuT5ER/tS/H2XTRmQwYIYPvH/dBFYeMO8WsdtDCO9V4sp+cvmkgZFymt0b6jmCVSRF2cNeLmUXuILvDw+6cpWyRbPx6BPm1qfn6o1olZWjgLJbDMjSu+aqbShyxcATaDFFqzmgOBmT6clXbiwDHBX6343FB0fgIw8LLDoQ2zgDSaa7cYulIHQc1LLJ/fOpPCp5XBmXuBzLD7FRQ6PcLmxYPmg0wYGxJs1IVmsu5DqVB0zAeWrwCFnprubdcmavVwpbP+V5R5KLprTT
HN+O8J6rjKpdE3Jjrj5fW6o9pxtdaAfaLl8ggELgLL+B0m49hr02CzI6xboYxnPd+kNeNWmpUVG0S88Q5o8j2hUX3+8BXkuUdry2XgTPLQosV3Mbor2GVEdKKoloqYgNs4R0nEIbd2BdMWg5kmW2/Hs/HYh0hUimS6eB9V9qtykfHsCYSXBZDPSjWNtdpbuPqgNE1tKt0NCblMexGNplf6687vwGad66EH7d6ZgXCAo3t9uaqQ9xsV2pv4UW1i1+GybblCoCCkOqOM5jaQXuqLcbZd9eEAB8bivcE+XQhiJ4q9Z9A/d4s/0GatIKbTR9GfYaUYMeiR49gKU1ewp+2d98wqNXO0quvdZlnwn8A5reo+fmlRyliUuk0jc0HAKHru6t5KpxsE/A1eUHQTSo5RttSdv22LOAfV4/YX1TF1zry0tgYiQr5CsthpeJn7VcfBjUvtGJw7XUDhkwIUNoIINLcZ2bF6xyxLyexExVEU2uScja89pUpv2jrCzBPqC0kS3uqoVGlnN/bnsTHW1X7oOitN8=
HN+O8J6rjKpdE3Jjrj5fW6o9pxtdaAfaLl8ggELgLL+B0m49hr02CzI6xboYxnPd+kNeNWmpUVG0S88Q5o8j2hUX3+8BXkuUdry2XgTPLQosV3Mbor2GVEdKKoloqYgNs4R0nEIbd2BdMWg5kmW2/Hs/HYh0hUimS6eB9V9qtykfHsCYSXBZDPSjWNtdpbuPqgNE1tKt0NCblMexGNplf6687vwGad66EH7d6ZgXCAo3t9uaqQ9xsV2pv4UW1i1+GybblCoCCkOqOM5jaQXuqLcbZd9eEAB8bivcE+XQhiJ4q9Z9A/d4s/0GatIKbTR9GfYaUYMeiR49gKU1ewp+2d98wqNXO0quvdZlnwn8A5reo+fmlRyliUuk0jc0HAKHru6t5KpxsE/A1eUHQTSo5RttSdv22LOAfV4/YX1TF1zry0tgYiQr5CsthpeJn7VcfBjUvtGJw7XUDhkwIUNoIINLcZ2bF6xyxLyexExVEU2uScja89pUpv2jrCzBPqC0kS3uqoVGlnN/bnsTHW1X7oOitN8=
RUWgLx+oyxc4L0wA04cd1Y8Ljcr8dOQXGQMwkMl/SegoMOiFz5Hh6QoLFk6AjmQRLxnkIXTZjrujDarMr7klqXiPJnDSzp35EWuzX1venGz82z12JFNzF7rJtkivbkrlUH1YMfvAtFCarwc89dXIlerxJgDzu50E7HH4OiMDYRnnPueV19qA1BFEqdDcx3j3pbGr86IHRNrK2eDMc7Cn3SAOtUPm+C4w3t2u5riafUXgg5j2vzNbFjH7wS01DV9proJ9wtPim9hyNvqfglzuT5ER/tS/H2XTRmQwYIYPvH/dBFYeMO8WsdtDCO9V4sp+cvmkgZFymt0b6jmCVSRF2cNeLmUXuILvDw+6cpWyRbPx6BPm1qfn6o1olZWjgLJbDMjSu+aqbShyxcATaDFFqzmgOBmT6clXbiwDHBX6343FB0fgIw8LLDoQ2zgDSaa7cYulIHQc1LLJ/fOpPCp5XBmXuBzLD7FRQ6PcLmxYPmg0wYGxJs1IVmsu5DqVB0zAeWrwCFnprubdcmavVwpbP+V5R5KLprTT
fARziUKkncyaCQ9Wk5S0ffxQJ39A35wSyPuhkNYIbDjkB8ynOL6X5mSvNcSYPrh+Ke+0GHmRpWMcvRjo1Y5ysRL75M+IL26C3I9ZU6rqQib47JIJAYR/lKIrFz8cYCJshIKzMUq9O/IMpAH5+vmecVuz1gU7kNs/KeWbdi7wYAPk76CAFkTF9IScl8kpXzqWS8Eg1Pne3xCQwo0yE5WyJrb8hb0Cu+nvRl1Wr7SHrninacHBw0sXnJt2FOj1Jph3BPrH3U6lDLj5jPv8VoRYKwFiPUKuph5VzqREH6viSXQMgLLTAzpihRflOQ9dXd7Vu/qmRdkSYKHidrm/202k1z3XNXQ2Z3UztWlOmZnKPDoNJlhUKx1HPAgs+GI4Ldx/FdzqEVipKDARH+cPw4fKk6LTY7GuW2NUPdcz6WDu7BceIbOWzZTtt+DPssbzwftvEgy/Oc6Bfk2u8AWmkZbfsrQlAuQ8aGl1U7gBT/7UR+8PpEuLCL7p8x8q5P3j06hDLAPBqbe0zA==
TVwnT4nilrwYHmNDhl32B/xQJ39A35wSyPuhkNYIbDjkB8ynOL6X5mSvNcSYPrh+Ke+0GHmRpWMcvRjo1Y5ysRT1+NCCMm6C3IpTVbfyQib47JIJAYR/lKIrFz8cYCJshIKzMUq9O/IMpAH5+vmecVuz1gU7kNs/KeWbdi7wYAPk76CAFkTF9IScl8kpXzqWS8Eg1Pne3xCQwo0yE5WyJrb8hb0Cu+nvRl1Wr7SHrninacHBw0sXnJt2FOj1Jph3BPrH3U6lDLj5jPv8VoRYKwFiPUKuph5VzqREH6viSXQMgLLTAzpihRflOQ9dXd7Vu/qmRdkSYKHidrm/202k1z3XNXQ2Z3UztWlOmZnKPDoNJlhUKx1HPAgs+GI4Ldx/FdzqEVipKDARH+cPw4fKk6LTY7GuW2NUPdcz6WDu7BceIbOWzZTtt+DPssbzwftvEgy/Oc6Bfk2u8AWmkZbfsrQlAuQ8aGl1U7gBT/7UR+8PpEuLCL7p8x8q5P3j06hDLAPBqbe0zA==
fd0lUv/DyE6tGoIJG82/mCTBTzmSkzOYmfm+ZDbQu3N2EEaa3NsBsWTwI/6S+VKChzlre+V6LfvEXBi73MPtM5Bxs58Q1XZdSkQIsuQWbiIxMd2iCOI6JGDdK6RVgNAjFTsWcMiIZqqBZQD9caa+DOMdEGkU9dk7pJGRMHHr2y1ZsmSgCmeGx5KUHETP4La09a1DD3BSiQnSAFN+dYTiSg+2mQVYwlRUN+lI+6O7dHW0S16XpHylYbPV6Ws9SGm+1iy/dvITZlJ1ScQlhixLJJmYPNQS78Oqz5aEhjRBvKxGG6Hyo5DuqICHSXoo0aVN2+u3zVRROXLU0XOyynUQvnt7kR3Os1//B2A8Z38nh0Es/fOadv7P7qqAgb3tqHqkeuayvTab93RYRRLpYmQjNwXrKZfAl6DbEaWEe0mAzx/xLSq+hnN8iQECRxRnI1Jn0KKZkbGr0MRN7eShVFnc+Aeim4Y1VlYNMLB2KCMh4RDjqxREzWuNLDkfoh5DJ+3iJjmpg8InTivzvb20xg==
rT7k5nX/VrnlkTS9ZM24WVqx+kifPJNZyHKlMnTwpCs591BZNwyE/dZyuDP8LnWgWH4dUosYQEg+KQMoy/HJ0w+EL3S0DQ==
ygKNTpQVD1ICSKnSFs8aFO3Gqw31jDM+uon+BXMQWs7wtWUvJQdpky/bDlCkP+wtk6yVAxsnDAn68zVKXpu4hRL0S6drNI+T/XtVals6wDVvM2RLSHNFEWu0EA==
