vFUVtZLMLlvlyvAFkOtrE2LNyvtPWbqywF92CWuKiv1VyjIoMoTxGFyNhJJo/WO99dc4sYqNDuQhg7l8TUeV37/927JSkYVjLo8aW6cFYbQa
RRHPb44oVsDXnGyaizD5Svlwwgb8JdZY4irifMFq1PMIPn9Y03kB8ZihUpYeo5RTaaQ7EjFkC0FJCdIpfj4XnI/QUFtu/y4sdWZS3nSMpkWAz3k3oYSSxMIWqv3Oy++U8NXa6Sr0i1cdO1FX2OcYO3mVTPsBcOe/CR0yfj4jZKlpko8Ur7M6R8jyIVGpmyhkZR2sIZxptBi/0oNGTYZObZggPijrsUnw+/vsBNWbNUzRL+Cfi1XHQl4JscN691YLGy31tI4=
ZUts6AtxxZDDeV1xAbIFk/lwwgb8JdZY4irifMFq1PMIPn9Y03kB8ZihUpYeo5RTaaQ7EjFkC0FJCdIpfj4XnI/QUFtu/y4sdWZS3nSMpkWAz3k3oYSSxMIWqv3Oy++U8NXa6Sr0i1cdO1FX2OcYO3mVTPsBcOe/CR0yfj4jZKlpko8Ur7M6R8jyIVGpmyhkZR2sIZxptBi/0oNGTYZObZggPijrsUnw+/vsBNWbNUzRL+efi1XHQl4JscN691YLGy31tI4=
qgiFtgkYeH6Iy7MwN/QTcd/4242Yog+Y1FQMv6lj2N23iAxpRuYQl1yK3XQIqlWQz9wLnm79Kwzr1eHHH5AncLQJ
Qk+3JQ9PFHjxYe7xX78i1al3JkZC3zXjmH8mMOFWAjoCY2A60/nYdRTwICL2mNflV1peHSMLtcT70A56QbnkgusTED5+FNY0kedIClbhUYzHvbqyh5ch+WGCqUCD+U1cxK2Ibg1oOLyGseN/X3oXsSpCUly7ytFDLqK49ucMN7NXuo60f6U0PRA0w3dDlFeDI/+NeYHaKOXn82y7oJO94ZO06A==
iJu+xNnRMl8ZVyzniEYW3A+ewy7QctQXm2e4PG6j4S089FFSWkiV6tFhsyP8LnWgWH4dVI8YQ0o+KQMoy/HJ0w+EL3S0DQ==
6uC6OXQUe/LhSB4NFZJTcQ6ewy7QctQXm2e4PG6j4S089FFSWkiV6tFhsyP8LnWgWH4dVI8YQ0o+KQMoy/HJ0w+EL3S0DQ==
8xvnGzZQEs/pSvHaIkYyhA2ewy7QctQXm2e4PG6j4S089FFSWkiV6tFhsyP8LnWgWH4dVI8YQ0o+KQMoy/HJ0w+EL3S0DQ==
H8KDzWQ2ru9t7FRBpYLc7ZwFinpShUtEvq4hDSOE/4nRUkElUpK3nMVBh6C58gJnOILtBiBPQPjTQ6t6c0OPXc7Z4sQ9i71sqX/dH3OFfyLWGRkDkkdea0MdbbQW
4Sb7cF7ztSciOQPF20HmsykFhbdm5hhiED4MWyvL4NAOT3mBjHjJ3trEDWZhzSvPnMItDOgyxRhPVJsGDgVbxKsd0f8/iDd4tAE=
3SCtpdcMVvAofH2CkZykASgFhbdm5hhiED4MWyvL4NAOT3mBjHjJ3trEDWZhzSvPnMItDOgyxRhPVJsGDgVbxKsd0f8/iDd4tAE=
hOkEC/hFxH+EAdaef5809Qyewy7QctQXm2e4PG6j4S089FFSWkiV6tFhsyP8LnWgWH4dVI8YQ0o+KQMoy/HJ0w+EL3S0DQ==
JN407wiI5PfN0EomcQBIvykfg7d6/hliED4MWyvL4NAOT3mBjHjJ3trEDWZhzSvPnMItDOgyxRhPVJsGDgVbxKsd0f8/iDd4tAE=
Qqsw/JSSIKKLYAGuAlAuHFqx+kifPJNZyHKlMnTwpCs591BZNwyE/dZyuDP8LnWgWH4dVY8YQ0o+KQMoy/HJ0w+EL3S0DQ==
AOyWTl6ouVbHogPAe4aArVqx+kifPJNZyHanPHTwpCs591BZNwyE/dZyuDP8LnWgWH4dVY8YQ0o+KQMoy/HJ0w+EL3S0DQ==
gg44wj1T78Ls0AOPfAOJCpdW/wLJQ/Agt/t9Y47JX////zl11i4dZHk0Y7djFLdDgv/tOaFayCUH88z7wBOdIXO0CA==
qEiB0ZRZuSf82S0Dr4Q4iJAnVndW43+fYmhmUrrMWyCS/R/6k3pFUlrSoZzJwlJmeDlDDaFF7kxfkAu1+Hq/8BR8fGcJGwj1t6DcEeY+YL+c4m2saJKF+U80W6aOpZvkq/0Rn79od1i0IQ==
7aq5sa9U/sX0+Ut/avcAPjfV4vL36NM2V8nVOpp5U2epHx8aHX/Ntemwg0BOVRSlRuRRb28l1JRBTSVcOzqu3ahyWBdPYmB6teI6BHXbVcwx70Sf6xXnwn5J0cPaN3aLe21VtC4=
8TlKNBQmXwn+5YvXKzAT2/aEJ1eNrSoBhh6IHc/VDwesVF1eWt65kPkuSkoYFZvhkQm2gJ9cU/lIlmdcdNDki7mXkHk3LESdVtL4E/xOtUDY3t01j/gD6r5JQ8jL0Qlzj2RvVLQt
ySy2M7wxNFziwpAuL55iKhd+YCxRRiViWuLBrAkSMvb4qeNdYbXOPF9gK8W4qh9glOycN0kr6MW3kDwhpm6ALxxyzXwo4qUJT0R7Vk71O3QrbXFPf1gXaLQR
mGQfpAxvShrT08KjgcWwLyppy9cvmVEZQ08tZlrmybgZBhoS2M3LiTHhBvgfpOOR6H63BDQINKPZv2BBNxS0tTb6KMu8FmWoeLZtzQ+AswIeIRMQC4lZW29MH2y0FQ==
2L0A28fzxRS73hkAs0jLrgNa5PIeq3ADdE8tZlrmybgZBhoS2M3LiTHhBvgfpOOR6H63BDQINKPZv2BBNxS0tTb6KMu8FmWoeLZtzQ+AswIeIRMQC4lZW29MH2y0FQ==
j1efv4RXC/WfTh2f7wkXQ3M1mRjFp93noeDaZE02kZyGhEg/f/eJC6qevwaHPwDEy7LEWmB9AfUsh/dWcHt+oPQd7CSRlgCcgetvYpdsNtsvZjubTUV3RhNqtBc=
JYmzyPkan8x+VwlEyMVMR/lwwgb8JdZY4irifMFq1PMIPn9Y03kB8ZihUpYeo5RTaaQ7EjFkC0FJCdIpfj4XnI/QUFtu/y4sdWZS3nSMpkWAz3k3oYSSxMIWqv3Oy++U8NXa6Sr0i1cdO1FX2OcYO3mVTPsBcOe/CR0yfj4jZKlpko8Ur7M6R8jyIVGpmyhkZR2sIZxptBi/0oNGTYZObZggPijrsUnw+/vsBNWbNUzRL+Sfi1XHQl4JscN691YLGy31tI4=
2NYd5zq21hQwarNatpZ9TFqx+kifPJNZyHKlMnTwpCs591BZNwyE/dZyuDP8LnWgWH4dV4kYQko+KQMoy/HJ0w+EL3S0DQ==
fClAhYyXIpnId5UXfNscYO3Gqw31jDM+uon+BXMQWs7wtWUvJQdpky/bDlCkP+wtk6yVAxsnDAn68zVKXpu4hRL0S6drNI+T+HlVaFk6wDVvM2RLSHNFEWu0EA==
