RN7Yn8Sx30EAqOYcNKTURmLNyvtPWbqywF92CWuKiv1VyjIoMoTxGFyNhJJo/WO99dc4sYqNDuQhg7l8TUeX2r/537JSkYVjLo8aW6cFYbQa
Nh8+vzYQRMHShoItCagi3flwwgb8JdZY4irifMFq1PMIPn9Y03kB8ZihUpYeo5RTaaQ7EjFkC0FJCdIpfj4XnI/QUFtu/y4sdWZS3nSMpkWAz3k3oYSSxMIWqv3Oy++U8NXa6Sr0i1cdO1FX2OcYO3mVTPsBcOe/CR0yfj4jZKlpko8Ur7M6R8jyIVGpmyhkZR2sIZxptBi/0oNGTYZObZggPijrsUnw+/vsBNWbNUzRL+Oai1HDQl4JscN691YLGy31tI4=
neSCT+ul3xRLz9rY3QGAVvlwwgb8JdZY4irifMFq1PMIPn9Y03kB8ZihUpYeo5RTaaQ7EjFkC0FJCdIpfj4XnI/QUFtu/y4sdWZS3nSMpkWAz3k3oYSSxMIWqv3Oy++U8NXa6Sr0i1cdO1FX2OcYO3mVTPsBcOe/CR0yfj4jZKlpko8Ur7M6R8jyIVGpmyhkZR2sIZxptBi/0oNGTYZObZggPijrsUnw+/vsBNWbNUzRL+Kai1HDQl4JscN691YLGy31tI4=
iEij9VOVAZpkon79zcD1yN/4242Yog+Y1FQMv6lj2N23iAxpRuYQl1yK3XQIqlWVytwPmm79Kwzr1eHHH5AncLQJ
dN60Sfx8ksiKtIqwDede8qEf3NR1Fi0Ez3VkQGgIbp8TZln4py0jV21ACh4JdBabp+S7gJDUIl//GtSujdITU84MQNL16qm0mW9ZegBoUZ16oV5ErSvtrFlfyBpjYUtihvmJg+LnrqsTfV20Jg==
EMQA3yCPzjBeI2gvy17wDpwFinpShUtEvq4hDSOE/4nRUkElUpK3nMVBh6C58gJnOILtBiBPQPjTQ6t6c0OPXc7Z4sQ9i71sqX/fGnOBeyLWGRkDkkdea0MdbbQW
M6GAPwMeT5qCH94qhP5RGSkfg7V99BhiED4MWyvL4NAOT3mBjHjJ3trEDWZhzSvPnMItDOgyxRpKVJ8CDgVbxKsd0f8/iDd4tAE=
I1qe+xlRHPHNk1Bbh8MKwisFhbdm5hhiED4MWyvL4NAOT3mBjHjJ3trEDWZhzSvPnMItDOgyxRpKVJ8CDgVbxKsd0f8/iDd4tAE=
XuRbhdMuodQn8k0zbKxq71qx+kifPJNZyHKlMnTwpCs591BZNwyE/dZyuDP8LnWgWH4dVooYR04+KQMoy/HJ0w+EL3S0DQ==
1ySWb5n/LGV06P4/d0k/9Vqx+kifPJNZyHanPHTwpCs591BZNwyE/dZyuDP8LnWgWH4dVooYR04+KQMoy/HJ0w+EL3S0DQ==
m8YQ5ZwPJSiwDZ9KsFHiIJdW/wLJQ/Agt/t9Y47JX////zl11i4dZHk0Y7djFLdDgfrtPaVayCUH88z7wBOdIXO0CA==
xR4owx3Bb0f/706V2f7BXpAnVndW43+fYmhmUrrMWyCS/R/6k3pFUlrSoZzJwlJmeDlDDaFF7kxfkAu1+Hq/8BR8fGcJGwj1t6DcEeY+YL+c4m2saJKF+ko0X6KOpZvkq/0Rn79od1i0IQ==
LCnlg7TXk0j/f5faQce6GDfV4vL36NM2V8nVOpp5U2epHx8aHX/Ntemwg0BOVRSlRuRRb28l1JRBTSVcOzqu3ahyWBdPYmB6teI6BHXbVcwx70ea6xHjwn5J0cPaN3aLe21VtC4=
61AjTTd3C5Xz2T1iYoC6cvaEJ1eNrSoBhh6IHc/VDwesVF1eWt65kPkuSkoYFZvhkQm2gJ9cU/lIlmdcdNDki7mXkHk3LESdVtL4E/xOtUDY3t02ivgH7r5JQ8jL0Qlzj2RvVLQt
x5zUXFtFJHLhZq2Svo99TRd+YCxRRiViWuLBrAkSMvb4qeNdYbXOPF9gK8W4qh9glOycN0kr6MW3kDwhpm6ALxxyzXwo4qUKSkR/Uk71O3QrbXFPf1gXaLQR
MQ4QJqnVKIEMTmR7MwhbDSppy9cvmVEZQ08tZlrmybgZBhoS2M3LiTHhBvgfpOOR6H63BDQINKPZv2BBNxS0tTb6KMu8FmWoeLZtzgqAtwYeIRMQC4lZW29MH2y0FQ==
jKmf+5mmYFA14btReHqLJwNa5PIeq3ADdE8tZlrmybgZBhoS2M3LiTHhBvgfpOOR6H63BDQINKPZv2BBNxS0tTb6KMu8FmWoeLZtzgqAtwYeIRMQC4lZW29MH2y0FQ==
YBNed6tHKgBpeT8hoPebT3M1mRjFp93noeDaZE02kZyGhEg/f/eJC6qevwaHPwDEy7LEWmB9AfUsh/dWcHt+oPQd7CSRlgCcgelqYpNoNtsvZjubTUV3RhNqtBc=
qbTxLUjN4RvQax04QV+oaflwwgb8JdZY4irifMFq1PMIPn9Y03kB8ZihUpYeo5RTaaQ7EjFkC0FJCdIpfj4XnI/QUFtu/y4sdWZS3nSMpkWAz3k3oYSSxMIWqv3Oy++U8NXa6Sr0i1cdO1FX2OcYO3mVTPsBcOe/CR0yfj4jZKlpko8Ur7M6R8jyIVGpmyhkZR2sIZxptBi/0oNGTYZObZggPijrsUnw+/vsBNWbNUzRL+aai1HDQl4JscN691YLGy31tI4=
pRLrWwdXHCSIaV52ZE58KVqx+kifPJNZyHKlMnTwpCs591BZNwyE/dZyuDP8LnWgWH4dVIgYR04+KQMoy/HJ0w+EL3S0DQ==
REoaWiSaOOxWmoF1XEn3Xe3Gqw31jDM+uon+BXMQWs7wtWUvJQdpky/bDlCkP+wtk6yVAxsnDAn68zVKXpu4hRL0S6drNI+T+3hVbV06wDVvM2RLSHNFEWu0EA==
