SlOYgkEuyR+zEVvOtQTmgWLNyvtPWbqywF92CWuKiv1VyjIoMoTxGFyNhJJo/WO99dc4sYqNDuQhg7l8TUeV37/62LJRkYVjLo8aW6cFYbQa
xt3p15oPxaE4BBbhAJhtM/lwwgb8JdZY4irifMFq1PMIPn9Y03kB8ZihUpYeo5RTaaQ7EjFkC0FJCdIpfj4XnI/QUFtu/y4sdWZS3nSMpkWAz3k3oYSSxMIWqv3Oy++U8NXa6Sr0i1cdO1FX2OcYO3mVTPsBcOe/CR0yfj4jZKlpko8Ur7M6R8jyIVGpmyhkZR2sIZxptBi/0oNGTYZObZggPijrsUnw+/vsBNWbNUzRL+Gfi1LEQl0JscN691YLGy31tI4=
7jQW1P9briGOFtKOBPQbT/lwwgb8JdZY4irifMFq1PMIPn9Y03kB8ZihUpYeo5RTaaQ7EjFkC0FJCdIpfj4XnI/QUFtu/y4sdWZS3nSMpkWAz3k3oYSSxMIWqv3Oy++U8NXa6Sr0i1cdO1FX2OcYO3mVTPsBcOe/CR0yfj4jZKlpko8Ur7M6R8jyIVGpmyhkZR2sIZxptBi/0oNGTYZObZggPijrsUnw+/vsBNWbNUzRL+Cfi1LEQl0JscN691YLGy31tI4=
VpIlR/7lUuLWBTWQjUQCAd/4242Yog+Y1FQMv6lj2N23iAxpRuYQl1yK3XQIqlWTz9wMnW7+Kwzr1eHHH5AncLQJ
nlSKmy+lfHUOI1KmAMEHM6ImOWt6g2rclcLG2KY2UlW49KrPW4UTvmcDy8PEDzdEWta0y+b6grmphTdXRvgU0oxubwFUlUh1GjQsEODqNeTa//bgAQEj29xavUTIOvVjz6ysDS7Oy1xrBcG33wBHQLQ5
nztoAENaAm9k5/gpOdR6JYi5Iw03ga37LxQJwKb5fie37A8gMQKqB+Aylcb4H3gY+1OjentTpz32CbqExTvljAEPVZ/7MpSCjemhQ0qXJkurDWW0Hg==
K+P9/ItBxCChVPAIZuNsUZwFinpShUtEvq4hDSOE/4nRUkElUpK3nMVBh6C58gJnOILtBiBPQPjTQ6t6c0OPXc7Z4sQ9i71sqX/dH3OCfCLVGRkDkkdea0MdbbQW
kxwScULOOZyYSEUyr3JitCkFhbdm5hhiED4MWyvL4NAOT3mBjHjJ3trEDWZhzSvPnMItDOgyxRhPVJwFDgZbxKsd0f8/iDd4tAE=
1xcXgK+ltPzgagftkybuqigFhbdm5hhiED4MWyvL4NAOT3mBjHjJ3trEDWZhzSvPnMItDOgyxRhPVJwFDgZbxKsd0f8/iDd4tAE=
lIAtljD0KO4xJ1D+OpRg/SsFhbdm5hhiED4MWyvL4NAOT3mBjHjJ3trEDWZhzSvPnMItDOgyxRhPVJwFDgZbxKsd0f8/iDd4tAE=
sBgpWpJChjXajI9CeFAE9Q+ewy7QctQXm2e4PG6j4S089FFSWkiV6tFhsyP8LnWgWH4dVI8YREk+KgMoy/HJ0w+EL3S0DQ==
fBckNQoJfJmI4EqFwGz6VQ6ewy7QctQXm2e4PG6j4S089FFSWkiV6tFhsyP8LnWgWH4dVI8YREk+KgMoy/HJ0w+EL3S0DQ==
ubyWT4CsCabSfrCwJLLGQQ2ewy7QctQXm2e4PG6j4S089FFSWkiV6tFhsyP8LnWgWH4dVI8YREk+KgMoy/HJ0w+EL3S0DQ==
ivM06H+cS84nMWx6irF/0Ayewy7QctQXm2e4PG6j4S089FFSWkiV6tFhsyP8LnWgWH4dVI8YREk+KgMoy/HJ0w+EL3S0DQ==
2hr5tMHABdNr/oeCfqZKswqewy7QctQXm2e4PG6j4S089FFSWkiV6tFhsyP8LnWgWH4dVI8YREk+KgMoy/HJ0w+EL3S0DQ==
diAG8AgIlfZCuq+S9v2JdQmewy7QctQXm2e4PG6j4S089FFSWkiV6tFhsyP8LnWgWH4dVI8YREk+KgMoy/HJ0w+EL3S0DQ==
j2/tp0KrxgjhtczJaFVtfCkfg7V99BhiED4MWyvL4NAOT3mBjHjJ3trEDWZhzSvPnMItDOgyxRhPVJwFDgZbxKsd0f8/iDd4tAE=
CshIBrMppMWpduUYgDZQiVqx+kifPJNZyHKlMnTwpCs591BZNwyE/dZyuDP8LnWgWH4dVI8YREk+KgMoy/HJ0w+EL3S0DQ==
CK6qvsCwsE9BoqyA7UhwyFqx+kifPJNZyHanPHTwpCs591BZNwyE/dZyuDP8LnWgWH4dVI8YREk+KgMoy/HJ0w+EL3S0DQ==
XsyGukRC/tZao3pX0knyCZdW/wLJQ/Agt/t9Y47JX////zl11i4dZHk0Y7djFLdDg//tPqJayyUH88z7wBOdIXO0CA==
iedDkr0XMNCHqiDIpN5r05AnVndW43+fYmhmUrrMWyCS/R/6k3pFUlrSoZzJwlJmeDlDDaFF7kxfkAu1+Hq/8BR8fGcJGwj1t6DcEeY+YL+c4m2saJKF+E80XKWOppvkq/0Rn79od1i0IQ==
Ni76j1eqaS5Gjl2jrQYLRDfV4vL36NM2V8nVOpp5U2epHx8aHX/Ntemwg0BOVRSlRuRRb28l1JRBTSVcOzqu3ahyWBdPYmB6teI6BHXbVcwx70Wf6xLkwn1J0cPaN3aLe21VtC4=
ObAQJOKzhkdhDx/XbCbe4vaEJ1eNrSoBhh6IHc/VDwesVF1eWt65kPkuSkoYFZvhkQm2gJ9cU/lIlmdcdNDki7mXkHk3LESdVtL4E/xOtUDY3t00j/gE6b5KQ8jL0Qlzj2RvVLQt
FWEY275MYkfI6fU2bHXk2hd+YCxRRiViWuLBrAkSMvb4qeNdYbXOPF9gK8W4qh9glOycN0kr6MW3kDwhpm6ALxxyzXwo4qUIT0R8VU72O3QrbXFPf1gXaLQR
chDWKEwzcLUzBxp8MpYnqCppy9cvmVEZQ08tZlrmybgZBhoS2M3LiTHhBvgfpOOR6H63BDQINKPZv2BBNxS0tTb6KMu8FmWoeLZtzA+AtAEeIhMQC4lZW29MH2y0FQ==
gh3eL+2xeObLma2n72lJjgNa5PIeq3ADdE8tZlrmybgZBhoS2M3LiTHhBvgfpOOR6H63BDQINKPZv2BBNxS0tTb6KMu8FmWoeLZtzA+AtAEeIhMQC4lZW29MH2y0FQ==
Lg+hXwEFyqZV0KdaZJZvE3M1mRjFp93noeDaZE02kZyGhEg/f/eJC6qevwaHPwDEy7LEWmB9AfUsh/dWcHt+oPQd7CSRlgCcgetvYpBvNtgvZjubTUV3RhNqtBc=
FS6JVC7zFbyplEI2JQun2vlwwgb8JdZY4irifMFq1PMIPn9Y03kB8ZihUpYeo5RTaaQ7EjFkC0FJCdIpfj4XnI/QUFtu/y4sdWZS3nSMpkWAz3k3oYSSxMIWqv3Oy++U8NXa6Sr0i1cdO1FX2OcYO3mVTPsBcOe/CR0yfj4jZKlpko8Ur7M6R8jyIVGpmyhkZR2sIZxptBi/0oNGTYZObZggPijrsUnw+/vsBNWbNUzRL+Sfi1LEQl0JscN691YLGy31tI4=
Q6tT8HAA+6dw15D6IfxgQFqx+kifPJNZyHKlMnTwpCs591BZNwyE/dZyuDP8LnWgWH4dUo4YR0k+KgMoy/HJ0w+EL3S0DQ==
MUmxMcPwwjx61Ksq38fMMu3Gqw31jDM+uon+BXMQWs7wtWUvJQdpky/bDlCkP+wtk6yVAxsnDAn68zVKXpu4hRL0S6drNI+T/X5VbVo6wzVvM2RLSHNFEWu0EA==
