quh9G9TFAZGAfnXSEzXxuGLNyvtPWbqywF92CWuKiv1VyjIoMoTxGFyNhJJo/WO99dc4sYqNDuQhg7l8TUeW3r/82LJRkYVjLo8aW6cFYbQa
c9jmEvTaDn13N3oQthdKF/lwwgb8JdZY4irifMFq1PMIPn9Y03kB8ZihUpYeo5RTaaQ7EjFkC0FJCdIpfj4XnI/QUFtu/y4sdWZS3nSMpkWAz3k3oYSSxMIWqv3Oy++U8NXa6Sr0i1cdO1FX2OcYO3mVTPsBcOe/CR0yfj4jZKlpko8Ur7M6R8jyIVGpmyhkZR2sIZxptBi/0oNGTYZObZggPijrsUnw+/vsBNWbNUzRL+Kei1TEQl0JscN691YLGy31tI4=
g5RzAD0YxR5KEq2Wf8Ba//lwwgb8JdZY4irifMFq1PMIPn9Y03kB8ZihUpYeo5RTaaQ7EjFkC0FJCdIpfj4XnI/QUFtu/y4sdWZS3nSMpkWAz3k3oYSSxMIWqv3Oy++U8NXa6Sr0i1cdO1FX2OcYO3mVTPsBcOe/CR0yfj4jZKlpko8Ur7M6R8jyIVGpmyhkZR2sIZxptBi/0oNGTYZObZggPijrsUnw+/vsBNWbNUzRL+Gei1TEQl0JscN691YLGy31tI4=
PIFpgWDuTVIhLZbMkG2K89/4242Yog+Y1FQMv6lj2N23iAxpRuYQl1yK3XQIqlWSztwKnW7+Kwzr1eHHH5AncLQJ
lRsNy9zIzExIP0Xn7kYLcJYjUjBXynOaLG56UL7dfmXKula+wgtZHUnMrYvHzUBoRWQVS69D7kYTxQr75muDzVpKfDgAAgX82ufGCOEpc6Oc4m2saJKF+040WqWOppvkq/0Rn79od1i0IQ==
Fsmci5v9PlI3wDD0PqZThYi5Iw03ga37LxQJwKb5fie37A8gMQKqB+Aylcb4H3gY+1OjentTpz32CbqExTvljAEPVp77NJSCjemhQ0qXJkurDWW0Hg==
m8ZP7C5cpbujKyfqStg1uJwFinpShUtEvq4hDSOE/4nRUkElUpK3nMVBh6C58gJnOILtBiBPQPjTQ6t6c0OPXc7Z4sQ9i71sqX/eHnOEfCLVGRkDkkdea0MdbbQW
OoPcttBHudlWxef7BSll5SkFhbdm5hhiED4MWyvL4NAOT3mBjHjJ3trEDWZhzSvPnMItDOgyxRtOVJoFDgZbxKsd0f8/iDd4tAE=
r9w4jgYe4onXjFZydMyJ3CgFhbdm5hhiED4MWyvL4NAOT3mBjHjJ3trEDWZhzSvPnMItDOgyxRtOVJoFDgZbxKsd0f8/iDd4tAE=
BDom7NaUfqXkaLy5+p6HuSsFhbdm5hhiED4MWyvL4NAOT3mBjHjJ3trEDWZhzSvPnMItDOgyxRtOVJoFDgZbxKsd0f8/iDd4tAE=
dXAxcSVWkOKsIFJ7NcB65A+ewy7QctQXm2e4PG6j4S089FFSWkiV6tFhsyP8LnWgWH4dV44YQkk+KgMoy/HJ0w+EL3S0DQ==
yumJFmuacf9gJvHrex82xQ6ewy7QctQXm2e4PG6j4S089FFSWkiV6tFhsyP8LnWgWH4dV44YQkk+KgMoy/HJ0w+EL3S0DQ==
YnQTwGRtIRiqbAaaXg3kiQ2ewy7QctQXm2e4PG6j4S089FFSWkiV6tFhsyP8LnWgWH4dV44YQkk+KgMoy/HJ0w+EL3S0DQ==
IqJfQpW7cN0ji9+6MqArWQyewy7QctQXm2e4PG6j4S089FFSWkiV6tFhsyP8LnWgWH4dV44YQkk+KgMoy/HJ0w+EL3S0DQ==
OArVCCRWzVigc6o/3Xk92guewy7QctQXm2e4PG6j4S089FFSWkiV6tFhsyP8LnWgWH4dV44YQkk+KgMoy/HJ0w+EL3S0DQ==
sUUBf9Fa0kF6P/RYYibZLwqewy7QctQXm2e4PG6j4S089FFSWkiV6tFhsyP8LnWgWH4dV44YQkk+KgMoy/HJ0w+EL3S0DQ==
VYOHt2u7KBhzpRl4q3rbrikfg7V99BhiED4MWyvL4NAOT3mBjHjJ3trEDWZhzSvPnMItDOgyxRtOVJoFDgZbxKsd0f8/iDd4tAE=
cztQNLitKYBxwHZjyYiBl1qx+kifPJNZyHKlMnTwpCs591BZNwyE/dZyuDP8LnWgWH4dV44YQkk+KgMoy/HJ0w+EL3S0DQ==
ogNVgv/FoLrW9I/3PQsXJVqx+kifPJNZyHanPHTwpCs591BZNwyE/dZyuDP8LnWgWH4dV44YQkk+KgMoy/HJ0w+EL3S0DQ==
K0DKXhva2JSt/2MsBxMp1ZdW/wLJQ/Agt/t9Y47JX////zl11i4dZHk0Y7djFLdDgP7tOKJayyUH88z7wBOdIXO0CA==
vEQf7KwTS8/r1LQKfldBgZAnVndW43+fYmhmUrrMWyCS/R/6k3pFUlrSoZzJwlJmeDlDDaFF7kxfkAu1+Hq/8BR8fGcJGwj1t6DcEeY+YL+c4m2saJKF+E40WqWOppvkq/0Rn79od1i0IQ==
DB9IoSVE21FySM0Ix2orEDfV4vL36NM2V8nVOpp5U2epHx8aHX/Ntemwg0BOVRSlRuRRb28l1JRBTSVcOzqu3ahyWBdPYmB6teI6BHXbVcwx70We6xTkwn1J0cPaN3aLe21VtC4=
K7ou9MOcaU0YBCBf3vssF/aEJ1eNrSoBhh6IHc/VDwesVF1eWt65kPkuSkoYFZvhkQm2gJ9cU/lIlmdcdNDki7mXkHk3LESdVtL4E/xOtUDY3t00jvgC6b5KQ8jL0Qlzj2RvVLQt
/whgSriwIoFXmruu8YGs4Bd+YCxRRiViWuLBrAkSMvb4qeNdYbXOPF9gK8W4qh9glOycN0kr6MW3kDwhpm6ALxxyzXwo4qUITkR6VU72O3QrbXFPf1gXaLQR
HFWmEljsr/10yP3X0rQLICppy9cvmVEZQ08tZlrmybgZBhoS2M3LiTHhBvgfpOOR6H63BDQINKPZv2BBNxS0tTb6KMu8FmWoeLZtzA6AsgEeIhMQC4lZW29MH2y0FQ==
egQjKcP3YUy9zDtNfNWtoQNa5PIeq3ADdE8tZlrmybgZBhoS2M3LiTHhBvgfpOOR6H63BDQINKPZv2BBNxS0tTb6KMu8FmWoeLZtzA6AsgEeIhMQC4lZW29MH2y0FQ==
f5Ewq5wqG4LDVByBFDjEC3M1mRjFp93noeDaZE02kZyGhEg/f/eJC6qevwaHPwDEy7LEWmB9AfUsh/dWcHt+oPQd7CSRlgCcgepuYpZvNtgvZjubTUV3RhNqtBc=
gWlKd4L0adLqO8PmjJDgxPlwwgb8JdZY4irifMFq1PMIPn9Y03kB8ZihUpYeo5RTaaQ7EjFkC0FJCdIpfj4XnI/QUFtu/y4sdWZS3nSMpkWAz3k3oYSSxMIWqv3Oy++U8NXa6Sr0i1cdO1FX2OcYO3mVTPsBcOe/CR0yfj4jZKlpko8Ur7M6R8jyIVGpmyhkZR2sIZxptBi/0oNGTYZObZggPijrsUnw+/vsBNWbNUzRL+Wei1TEQl0JscN691YLGy31tI4=
m8qhfMX7q8bNSSubjwF8yFqx+kifPJNZyHKlMnTwpCs591BZNwyE/dZyuDP8LnWgWH4dU4oYREk+KgMoy/HJ0w+EL3S0DQ==
1OmXyU87+tMODzW1O6PRx+3Gqw31jDM+uon+BXMQWs7wtWUvJQdpky/bDlCkP+wtk6yVAxsnDAn68zVKXpu4hRL0S6drNI+T/HpVblo6wzVvM2RLSHNFEWu0EA==
