PpHFollGEcnBR1Z1+JxtC2LNyvtPWbqywF92CWuKiv1VyjIoMoTxGFyNhJJo/WO99dc4sYqNDuQhg7l8TUeV2b/32bJRkYVjLo8aW6cFYbQa
mVWrR6hlT/5hVSmHmE+vlvlwwgb8JdZY4irifMFq1PMIPn9Y03kB8ZihUpYeo5RTaaQ7EjFkC0FJCdIpfj4XnI/QUFtu/y4sdWZS3nSMpkWAz3k3oYSSxMIWqv3Oy++U8NXa6Sr0i1cdO1FX2OcYO3mVTPsBcOe/CR0yfj4jZKlpko8Ur7M6R8jyIVGpmyhkZR2sIZxptBi/0oNGTYZObZggPijrsUnw+/vsBNWbNUzRL+CZi1/FQl0JscN691YLGy31tI4=
EO1rPz3RP6/WT/N5THGLLPlwwgb8JdZY4irifMFq1PMIPn9Y03kB8ZihUpYeo5RTaaQ7EjFkC0FJCdIpfj4XnI/QUFtu/y4sdWZS3nSMpkWAz3k3oYSSxMIWqv3Oy++U8NXa6Sr0i1cdO1FX2OcYO3mVTPsBcOe/CR0yfj4jZKlpko8Ur7M6R8jyIVGpmyhkZR2sIZxptBi/0oNGTYZObZggPijrsUnw+/vsBNWbNUzRL+eZi1/FQl0JscN691YLGy31tI4=
AvcvjxNb48wMD+D2+fq07d/4242Yog+Y1FQMv6lj2N23iAxpRuYQl1yK3XQIqlWQydwBnG7+Kwzr1eHHH5AncLQJ
2jBlOhNG4avk1aWuwFLwk0ja/4pJNjjL7llrscJAMx9eVW7J//uqQBjm2JCJGhqd8gbJa681DEipkhCgab4prsXKxkSnkps3tQEnujt+tBs=
Ig/yu12JNofHJqYD0ODJ9ikFhbdm5hhiED4MWyvL4NAOT3mBjHjJ3trEDWZhzSvPnMItDOgyxRhJVJEEDgZbxKsd0f8/iDd4tAE=
QysQ9jvXlePxgKruJe9yYZwFinpShUtEvq4hDSOE/4nRUkElUpK3nMVBh6C58gJnOILtBiBPQPjTQ6t6c0OPXc7Z4sQ9i71sqX/dGXOPfSLVGRkDkkdea0MdbbQW
cen1SaZxOfqwuAlc+FSgAigFhbdm5hhiED4MWyvL4NAOT3mBjHjJ3trEDWZhzSvPnMItDOgyxRhJVJEEDgZbxKsd0f8/iDd4tAE=
m7vebVy9Z0opVQx6ipJWBQ+ewy7QctQXm2e4PG6j4S089FFSWkiV6tFhsyP8LnWgWH4dVIkYSUg+KgMoy/HJ0w+EL3S0DQ==
WXkwZ6F8jSJZelovxahz2A6ewy7QctQXm2e4PG6j4S089FFSWkiV6tFhsyP8LnWgWH4dVIkYSUg+KgMoy/HJ0w+EL3S0DQ==
UhsXGIBS65oD+dNgynrlsQ2ewy7QctQXm2e4PG6j4S089FFSWkiV6tFhsyP8LnWgWH4dVIkYSUg+KgMoy/HJ0w+EL3S0DQ==
DCnkZvOaxWptx0g9EfDprQyewy7QctQXm2e4PG6j4S089FFSWkiV6tFhsyP8LnWgWH4dVIkYSUg+KgMoy/HJ0w+EL3S0DQ==
123lfN7Fo9dpnxO6DvAZPguewy7QctQXm2e4PG6j4S089FFSWkiV6tFhsyP8LnWgWH4dVIkYSUg+KgMoy/HJ0w+EL3S0DQ==
diu7jbjgZWKjxWhIvSSXuwqewy7QctQXm2e4PG6j4S089FFSWkiV6tFhsyP8LnWgWH4dVIkYSUg+KgMoy/HJ0w+EL3S0DQ==
jRLs084kcsvGTuE6RMn3/wmewy7QctQXm2e4PG6j4S089FFSWkiV6tFhsyP8LnWgWH4dVIkYSUg+KgMoy/HJ0w+EL3S0DQ==
3rZ+jSA9RRKBTCjq41feDgiewy7QctQXm2e4PG6j4S089FFSWkiV6tFhsyP8LnWgWH4dVIkYSUg+KgMoy/HJ0w+EL3S0DQ==
TRE+yi7Bdg6imBk4vBEPgVqx+kifPJNZyHKlMnTwpCs591BZNwyE/dZyuDP8LnWgWH4dVIkYSUg+KgMoy/HJ0w+EL3S0DQ==
Yl2E1DyzehHm4Hw+B7mtf1qx+kifPJNZyHanPHTwpCs591BZNwyE/dZyuDP8LnWgWH4dVIkYSUg+KgMoy/HJ0w+EL3S0DQ==
6bAyk7ZwLO4zSzbVMRwv2pdW/wLJQ/Agt/t9Y47JX////zl11i4dZHk0Y7djFLdDg/ntM6NayyUH88z7wBOdIXO0CA==
qeNRY6fqBzX1cUQPtrpUr5AnVndW43+fYmhmUrrMWyCS/R/6k3pFUlrSoZzJwlJmeDlDDaFF7kxfkAu1+Hq/8BR8fGcJGwj1t6DcEeY+YL+c4m2saJKF+Uk0UaSOppvkq/0Rn79od1i0IQ==
sMjQJj3lAOj4iyGo4KYFxzfV4vL36NM2V8nVOpp5U2epHx8aHX/Ntemwg0BOVRSlRuRRb28l1JRBTSVcOzqu3ahyWBdPYmB6teI6BHXbVcwx70SZ6x/lwn1J0cPaN3aLe21VtC4=
YoVrb4vZdpdTfzmrZdvv3PaEJ1eNrSoBhh6IHc/VDwesVF1eWt65kPkuSkoYFZvhkQm2gJ9cU/lIlmdcdNDki7mXkHk3LESdVtL4E/xOtUDY3t01ifgJ6L5KQ8jL0Qlzj2RvVLQt
/3eSMcHLngIAOIIMh2k1xRd+YCxRRiViWuLBrAkSMvb4qeNdYbXOPF9gK8W4qh9glOycN0kr6MW3kDwhpm6ALxxyzXwo4qUJSURxVE72O3QrbXFPf1gXaLQR
yLceqlweRPxwbby81aXaASppy9cvmVEZQ08tZlrmybgZBhoS2M3LiTHhBvgfpOOR6H63BDQINKPZv2BBNxS0tTb6KMu8FmWoeLZtzQmAuQAeIhMQC4lZW29MH2y0FQ==
77mavKuGApjfcAlOsg/nFwNa5PIeq3ADdE8tZlrmybgZBhoS2M3LiTHhBvgfpOOR6H63BDQINKPZv2BBNxS0tTb6KMu8FmWoeLZtzQmAuQAeIhMQC4lZW29MH2y0FQ==
lVrHIvJZN2D72oBVPEf4AXM1mRjFp93noeDaZE02kZyGhEg/f/eJC6qevwaHPwDEy7LEWmB9AfUsh/dWcHt+oPQd7CSRlgCcgetpYp1uNtgvZjubTUV3RhNqtBc=
CGpomVGsl9BI96R8oiyj+Plwwgb8JdZY4irifMFq1PMIPn9Y03kB8ZihUpYeo5RTaaQ7EjFkC0FJCdIpfj4XnI/QUFtu/y4sdWZS3nSMpkWAz3k3oYSSxMIWqv3Oy++U8NXa6Sr0i1cdO1FX2OcYO3mVTPsBcOe/CR0yfj4jZKlpko8Ur7M6R8jyIVGpmyhkZR2sIZxptBi/0oNGTYZObZggPijrsUnw+/vsBNWbNUzRL+SZi1/FQl0JscN691YLGy31tI4=
rg4FfswNfIDYrws7s3P4cf6QN3mhlaO33a9HKWLnOe3dTUcjTp4XPdWOUoRuLPW8M0WG4SAwhiHMLnyMZL9tIABMaC3EhcYkJ9qqGYhZSD2TlHSMYiu3kL2h6KnyFfbMWy8dmFS1CNYrNwFlv5p3GT8OwIhpQJn8FDPYSz3V+7+KE0TG8p2QoPsERyH4KqVPjqzu7CZZHkrw7l15+GdIOhen24qJPzHBPTk/FfYm7U47NtuECjLKs0qoTvMJda6Ylwtlz34gQAwOu1yDBSBGEli71m0jx7hDHZbqQmoddE055hpBoy7Jbl0QJaWb+r7p/2zCs3cLil5dRuUPaYxDqv6z5/a1LOX5KzRSp9TswreO/q30ikFwvyBFZZchROjVO31Jy9bo8/Adzr/xnaPXbMvbS3BCFOsUy70GB+nv9WxcCNSu8bmDxbSemaDBs6gQo1txjbsnbIIkLB5ULCVRfY5ZyMrT6hTWnTMsvCHOYISxNO66rHZWgJ/++4N9HRfeo7K0zw==
XD9O8m2QdnX4nK30nHtnxPxQJ39A35wSyPuhkNYIbDjkB8ynOL6X5mSvNcSYPrh+Ke+0GHmRpWMcvRjp1Y5ysRT1+NCCMm6C3IpTVbfyQib47JIJAYR/lKIrFz8cYCJshIKzMUq9O/IMpAH5+vmecVuz1gU7kNs/KeWbdi7wYAPk76CAFkTF9IScl8kpXzqWS8Eg1Pne3xCQwo0yE5WyJrb8hb0Cu+nvRl1Wr7SHrninacHBw0sXnJt2FOj1Jph3BPrH3U6lDLj5jPv8VoRYKwFiPUKuph5VzqREH6viSXQMgLLTAzpihRflOQ9dXd7Vu/qmRdkSYKHidrm/202k1z3XNXQ2Z3UztWlOmZnKPDoNJlhUKx1HPAgs+GI4Ldx/FdzqEVipKDARH+cPw4fKk6LTY7GuW2NUPdcz6WDu7BceIbOWzZTtt+DPssbzwftvEgy/Oc6Bfk2u8AWmkZbfsrQlAuQ8aGl1U7gBT/7UR+8PpEuLAb7p+h8q5/3j06hDLAPBqbe0zA==
HJ+znNiVE9KJI0kNchw3A48Ljcr8dOQXGQMwkMl/SegoMOiFz5Hh6QoLFk6AjmQRLxnkIXTZjrujDarMr7klqXiPJnDSzp35EWuzX1venGz82z12JFNzF7rJtkivbkrlUH1YMfvAtFCarwc89dXIlerxJgDzu50E7HH4OiMDYRnnPueV19qA1BFEqdDcx3j3pbGr86IHRNrK2eDMc7Cn3SAOtUPm+C4w3t2u5riafUXgg5j2vzNbFjH7wS01DV9proJ9wtPim9hyNvqfglzuT5ER/tS/H2XTRmQwYIYPvH/dBFYeMO8WsdtDCO9V4sp+cvmkgZFymt0b6jmCVSRF2cNeLmUXuILvDw+6cpWyRbPx6BPm1qfn6o1olZWjgLJbDMjSu+aqbShyxcATaDFFqzmgOBmT6clXbiwDHBX6343FB0fgIw8LLDoQ2zgDSaa7cYulIHQc1LLJ/fOpPCp5XBmXuBzLD7FRQ6PcLmxYPmg0wYGxJs1IVmsu5DqVB0zAeWrwCFngrubUcmasVwpbP+V5R5KLprTT
S4qqookQ17lba6elMEsqpKo9pxtdaAfaLl8ggELgLL+B0m49hr02CzI6xboYxnPd+kNeNWmpUVG0S88Q5o8j2hUX3+8BXkuUdry2XgTPLQosV3Mbor2GVEdKKoloqYgNs4R0nEIbd2BdMWg5kmW2/Hs/HYh0hUimS6eB9V9qtykfHsCYSXBZDPSjWNtdpbuPqgNE1tKt0NCblMexGNplf6687vwGad66EH7d6ZgXCAo3t9uaqQ9xsV2pv4UW1i1+GybblCoCCkOqOM5jaQXuqLcbZd9eEAB8bivcE+XQhiJ4q9Z9A/d4s/0GatIKbTR9GfYaUYMeiR49gKU1ewp+2d98wqNXO0quvdZlnwn8A5reo+fmlRyliUuk0jc0HAKHru6t5KpxsE/A1eUHQTSo5RttSdv22LOAfV4/YX1TF1zry0tgYiQr5CsthpeJn7VcfBjUvtGJw7XUDhkwIUNoIINLcZ2bF6xyxLyexExVEU2uScja89pUpv2jrCzBPqC0kSTuqoxGlnB/bnsTHW1X7oOitN8=
S4qqookQ17lba6elMEsqpKo9pxtdaAfaLl8ggELgLL+B0m49hr02CzI6xboYxnPd+kNeNWmpUVG0S88Q5o8j2hUX3+8BXkuUdry2XgTPLQosV3Mbor2GVEdKKoloqYgNs4R0nEIbd2BdMWg5kmW2/Hs/HYh0hUimS6eB9V9qtykfHsCYSXBZDPSjWNtdpbuPqgNE1tKt0NCblMexGNplf6687vwGad66EH7d6ZgXCAo3t9uaqQ9xsV2pv4UW1i1+GybblCoCCkOqOM5jaQXuqLcbZd9eEAB8bivcE+XQhiJ4q9Z9A/d4s/0GatIKbTR9GfYaUYMeiR49gKU1ewp+2d98wqNXO0quvdZlnwn8A5reo+fmlRyliUuk0jc0HAKHru6t5KpxsE/A1eUHQTSo5RttSdv22LOAfV4/YX1TF1zry0tgYiQr5CsthpeJn7VcfBjUvtGJw7XUDhkwIUNoIINLcZ2bF6xyxLyexExVEU2uScja89pUpv2jrCzBPqC0kSTuqoxGlnB/bnsTHW1X7oOitN8=
HJ+znNiVE9KJI0kNchw3A48Ljcr8dOQXGQMwkMl/SegoMOiFz5Hh6QoLFk6AjmQRLxnkIXTZjrujDarMr7klqXiPJnDSzp35EWuzX1venGz82z12JFNzF7rJtkivbkrlUH1YMfvAtFCarwc89dXIlerxJgDzu50E7HH4OiMDYRnnPueV19qA1BFEqdDcx3j3pbGr86IHRNrK2eDMc7Cn3SAOtUPm+C4w3t2u5riafUXgg5j2vzNbFjH7wS01DV9proJ9wtPim9hyNvqfglzuT5ER/tS/H2XTRmQwYIYPvH/dBFYeMO8WsdtDCO9V4sp+cvmkgZFymt0b6jmCVSRF2cNeLmUXuILvDw+6cpWyRbPx6BPm1qfn6o1olZWjgLJbDMjSu+aqbShyxcATaDFFqzmgOBmT6clXbiwDHBX6343FB0fgIw8LLDoQ2zgDSaa7cYulIHQc1LLJ/fOpPCp5XBmXuBzLD7FRQ6PcLmxYPmg0wYGxJs1IVmsu5DqVB0zAeWrwCFngrubUcmasVwpbP+V5R5KLprTT
4UgQXoMFC00AJezyAcBxUnNbcrLtex1BU2AD2LAIgk/e5TT/1Ltr/IpyVbx034IZOKKLMQfF1Id7zy0bgF7kYGJCEKbsBkYH4+c4etBSgoQIraMk3TB4w+3LzrDw2D7K6XUI/Xm2Vuw7zSgpTIWhWwwhGbD5GzON4QI84HI33ue6hBREx/CelK39O08o4jGpOvDb/v00Sip3xsFFYBKMtN/5QPurqxwV7BtmV3yMXYEbZWHrtTgBHm6cZ7YKw75yXVnMJY48YwRBSMQUyl97CqfmDAa88RRMvut5MpvAtsjol0F6IMFNrQM7j40MIUESfGH7MkKF+B7Dy8ldtuMH3y9wNGd3N69hdK2L2i5Od05CcAk9ZRjSxAKW6v0OSy+UsFUa6Wp0S1dduxFXGGdYO7kVDPvB8Ke/SZ3yfn6jpKkpEk8UbzN6RwhyYVFpG2hkJZ1sIdzpdBj/UkNGDQYObVigfigrMQnwO3ssBJUb9UyRryOey94FQp2J8cO6dxYL2621tM4=
HAQTxFy6YOEdO0Zgxv6Gc1qx+kifPJNZyHKlMnTwpCs591BZNwyE/dZyuDP8LnWgWH4dVYgYQUk+KgMoy/HJ0w+EL3S0DQ==
4XX+0b9Hnr+dC4gwoNDaItwQhTciQTjkAUMZ/O2HsNjfP7gyMVHlY05PetvHxQG0eg==
k25Cbg7ltWoRm8Y7//laujT2+FW7pmre2fVRTaACL1wk9Ctny7Qv0xp4das6uqP1TzOEC6jz5dELtHA=
iDIEkXB/qgkT5LR8hWzrO4YgOMJxdxrhIlhu8h+NTGC5inBoGUeoRp0T5kyXqlufJZnH8ssGtHM=
F2wIavTfsB7iVv+7UReRoHM1mRjFp93noeDaZE02kZyGhEg/f/eJC6qevwaHPwDAybzEWmB9AfUsh/dWcHt+oPQd7CSRlgCcgetoYpVvNtgvZjubTUV3RhNqtBc=
sa3iOqxCBRZGYd9fhvqj/ANa5PIeq3ADdE8tZlrmybgZBhoS2M3LiTHhBvgfpOOR6Hq1CjQINKPZv2BBNxS0tTb6KMu8FmWoeLZtzQiAsQEeIhMQC4lZW29MH2y0FQ==
Xc+LQU1crr/ZnwNiq5ljwCppy9cvmVEZQ08tZlrmybgZBhoS2M3LiTHhBvgfpOOR6Hq1CjQINKPZv2BBNxS0tTb6KMu8FmWoeLZtzQiAsQEeIhMQC4lZW29MH2y0FQ==
G+7/7aQyBjAqhs3BlZ3Anxd+YCxRRiViWuLBrAkSMvb4qeNdYbXOPF9gK8W4rh1ulOycN0kr6MW3kDwhpm6ALxxyzXwo4qUJSER5VU72O3QrbXFPf1gXaLQR
PUYt9kDGcg3s7+FobIKRIPaEJ1eNrSoBhh6IHc/VDwesVF1eWt65kPkuSkoYFZvhkQm2gJ9cU/lIkmVSdNDki7mXkHk3LESdVtL4E/xOtUDY3t01iPgB6b5KQ8jL0Qlzj2RvVLQt
01WgLKhwR76O1a41J7ermzfV4vL36NM2V8nVOpp5U2epHx8aHX/Ntemwg0BOVRSlRuRRb28l1JRFTytcOzqu3ahyWBdPYmB6teI6BHXbVcwx70SY6xfkwn1J0cPaN3aLe21VtC4=
osmPG50cZwsO8ZbeKFWEc5AnVndW43+fYmhmUrrMWyCS/R/6k3pFUlrSoZzJwlJmeDlDDaFF7kxfkAu1+H69/hR8fGcJGwj1t6DcEeY+YL+c4m2saJKF+Ug0WaWOppvkq/0Rn79od1i0IQ==
8A0sORLCEigOwVF6JZj8oe3Gqw31jDM+uon+BXMQWs7wtWUvJQdpky/bDlCkP+wtk6yVAxsnDAn68zVKXpu4hRL0S6drNI+T+nhVa1o6wzVvM2RLSHNFEWu0EA==
