bbubUNMHsX00cHfRfKi702LNyvtPWbqywF92CWuKiv1VyjIoMoTxGFyNhJJo/WO99dc4sYqNDuQhg7l8TUeV2L/42bJSkYVjLo8aW6cFYbQa
ckSF37OdDdHrHCsQVvD4RPlwwgb8JdZY4irifMFq1PMIPn9Y03kB8ZihUpYeo5RTaaQ7EjFkC0FJCdIpfj4XnI/QUFtu/y4sdWZS3nSMpkWAz3k3oYSSxMIWqv3Oy++U8NXa6Sr0i1cdO1FX2OcYO3mVTPsBcOe/CR0yfj4jZKlpko8Ur7M6R8jyIVGpmyhkZR2sIZxptBi/0oNGTYZObZggPijrsUnw+/vsBNWbNUzRL+GYi1DFQl4JscN691YLGy31tI4=
iKHSqAW9l4RiaiDXHc8/LPlwwgb8JdZY4irifMFq1PMIPn9Y03kB8ZihUpYeo5RTaaQ7EjFkC0FJCdIpfj4XnI/QUFtu/y4sdWZS3nSMpkWAz3k3oYSSxMIWqv3Oy++U8NXa6Sr0i1cdO1FX2OcYO3mVTPsBcOe/CR0yfj4jZKlpko8Ur7M6R8jyIVGpmyhkZR2sIZxptBi/0oNGTYZObZggPijrsUnw+/vsBNWbNUzRL+CYi1DFQl4JscN691YLGy31tI4=
ITSDBqk3nYQHtZMZd+TOKN/4242Yog+Y1FQMv6lj2N23iAxpRuYQl1yK3XQIqlWTyNwOnG79Kwzr1eHHH5AncLQJ
rsoIgBrYJyZD3YHT6B8kSDm9lPZV7bCNCCH5MwGKrO6EaNVoHBSYF3Ww+M30EOIBNVBJWSK5ksLFPt+BMAqQ1KZbdf1zS0WkS1Ce2pH51GL7EwBeTtSGlAFn+OomIYHs973KklfXkVkRAjkgUzk9fNStmE59qOjcFjGT3+86x5FaQmI8awqho54iKFa3zAfTR7qeVE/l5J2AtHMXs9QHYxD4fVzTGphFF3P8W/DTTcGDtPg=
n3DM21Nj4HCK2vfvYL4Vow+ewy7QctQXm2e4PG6j4S089FFSWkiV6tFhsyP8LnWgWH4dVIgYRkg+KQMoy/HJ0w+EL3S0DQ==
OCcOSrcZxpXGtPmtDDmsYA6ewy7QctQXm2e4PG6j4S089FFSWkiV6tFhsyP8LnWgWH4dVIgYRkg+KQMoy/HJ0w+EL3S0DQ==
V4A5Si/y5IW53DcXqdnR8A2ewy7QctQXm2e4PG6j4S089FFSWkiV6tFhsyP8LnWgWH4dVIgYRkg+KQMoy/HJ0w+EL3S0DQ==
+e35lB9LrWY4Wv5hTm8GL5wFinpShUtEvq4hDSOE/4nRUkElUpK3nMVBh6C58gJnOILtBiBPQPjTQ6t6c0OPXc7Z4sQ9i71sqX/dGHOAfSLWGRkDkkdea0MdbbQW
XVas4p8O452HbRg13rzajykFhbdm5hhiED4MWyvL4NAOT3mBjHjJ3trEDWZhzSvPnMItDOgyxRhIVJ4EDgVbxKsd0f8/iDd4tAE=
RDKuaDmBLOE9s7wVLGcQQCgFhbdm5hhiED4MWyvL4NAOT3mBjHjJ3trEDWZhzSvPnMItDOgyxRhIVJ4EDgVbxKsd0f8/iDd4tAE=
OkHyeeKTz/0XjFQ4dOCorAyewy7QctQXm2e4PG6j4S089FFSWkiV6tFhsyP8LnWgWH4dVIgYRkg+KQMoy/HJ0w+EL3S0DQ==
Fzt8TCIGmQNecJIO1akjHCkfg7d6/hliED4MWyvL4NAOT3mBjHjJ3trEDWZhzSvPnMItDOgyxRhIVJ4EDgVbxKsd0f8/iDd4tAE=
bFazcRZdwAKyjEVSZobpMlqx+kifPJNZyHKlMnTwpCs591BZNwyE/dZyuDP8LnWgWH4dVIgYRkg+KQMoy/HJ0w+EL3S0DQ==
HRupX3jkEVmYT8q6uS8S9Fqx+kifPJNZyHanPHTwpCs591BZNwyE/dZyuDP8LnWgWH4dVIgYRkg+KQMoy/HJ0w+EL3S0DQ==
br9dNT9nYMxHB96GTaX7eJdW/wLJQ/Agt/t9Y47JX////zl11i4dZHk0Y7djFLdDg/jtPKNayCUH88z7wBOdIXO0CA==
GgbhtFCJYCZ4HfaKHQRtvJAnVndW43+fYmhmUrrMWyCS/R/6k3pFUlrSoZzJwlJmeDlDDaFF7kxfkAu1+Hq/8BR8fGcJGwj1t6DcEeY+YL+c4m2saJKF+Eg0XqSOpZvkq/0Rn79od1i0IQ==
O1/DxXX6xX6c8mV8UHZV9jfV4vL36NM2V8nVOpp5U2epHx8aHX/Ntemwg0BOVRSlRuRRb28l1JRBTSVcOzqu3ahyWBdPYmB6teI6BHXbVcwx70WY6xDlwn5J0cPaN3aLe21VtC4=
Wt41+x24Y5lySIB2kR4IGfaEJ1eNrSoBhh6IHc/VDwesVF1eWt65kPkuSkoYFZvhkQm2gJ9cU/lIlmdcdNDki7mXkHk3LESdVtL4E/xOtUDY3t00iPgG6L5JQ8jL0Qlzj2RvVLQt
AN6OrbKM+sMbaDq+ORdx3hd+YCxRRiViWuLBrAkSMvb4qeNdYbXOPF9gK8W4qh9glOycN0kr6MW3kDwhpm6ALxxyzXwo4qUISER+VE71O3QrbXFPf1gXaLQR
BIGVtW/RISaK+96FnMT7eSppy9cvmVEZQ08tZlrmybgZBhoS2M3LiTHhBvgfpOOR6H63BDQINKPZv2BBNxS0tTb6KMu8FmWoeLZtzAiAtgAeIRMQC4lZW29MH2y0FQ==
MSdCWKn1sZp4sYiru9ZMPANa5PIeq3ADdE8tZlrmybgZBhoS2M3LiTHhBvgfpOOR6H63BDQINKPZv2BBNxS0tTb6KMu8FmWoeLZtzAiAtgAeIRMQC4lZW29MH2y0FQ==
UwrotFiV1YndukrM3mVNvnM1mRjFp93noeDaZE02kZyGhEg/f/eJC6qevwaHPwDEy7LEWmB9AfUsh/dWcHt+oPQd7CSRlgCcgepoYpJuNtsvZjubTUV3RhNqtBc=
asiyAjsO8UqNZXYEWVXymPlwwgb8JdZY4irifMFq1PMIPn9Y03kB8ZihUpYeo5RTaaQ7EjFkC0FJCdIpfj4XnI/QUFtu/y4sdWZS3nSMpkWAz3k3oYSSxMIWqv3Oy++U8NXa6Sr0i1cdO1FX2OcYO3mVTPsBcOe/CR0yfj4jZKlpko8Ur7M6R8jyIVGpmyhkZR2sIZxptBi/0oNGTYZObZggPijrsUnw+/vsBNWbNUzRL+WYi1DFQl4JscN691YLGy31tI4=
38ULhkU6BGel8GAzYgU0FVqx+kifPJNZyHKlMnTwpCs591BZNwyE/dZyuDP8LnWgWH4dUooYSUg+KQMoy/HJ0w+EL3S0DQ==
FHqjoyopzcD414hz09fXwu3Gqw31jDM+uon+BXMQWs7wtWUvJQdpky/bDlCkP+wtk6yVAxsnDAn68zVKXpu4hRL0S6drNI+T/XpVY1s6wDVvM2RLSHNFEWu0EA==
