o/339nxD/aAgkjEbwmT5+2LNyvtPWbqywF92CWuKiv1VyjIoMoTxGFyNhJJo/WO99dc4sYqNDuQhg7l8TUeR2L/22LJSkYVjLo8aW6cFYbQa
gSGlMrskBsamY637MX5oAvlwwgb8JdZY4irifMFq1PMIPn9Y03kB8ZihUpYeo5RTaaQ7EjFkC0FJCdIpfj4XnI/QUFtu/y4sdWZS3nSMpkWAz3k3oYSSxMIWqv3Oy++U8NXa6Sr0i1cdO1FX2OcYO3mVTPsBcOe/CR0yfj4jZKlpko8Ur7M6R8jyIVGpmyhkZR2sIZxptBi/0oNGTYZObZggPijrsUnw+/vsBNWbNUzRL+WYi17EQl4JscN691YLGy31tI4=
ZeQ4C/OjahwG/3i6Tlzd9vlwwgb8JdZY4irifMFq1PMIPn9Y03kB8ZihUpYeo5RTaaQ7EjFkC0FJCdIpfj4XnI/QUFtu/y4sdWZS3nSMpkWAz3k3oYSSxMIWqv3Oy++U8NXa6Sr0i1cdO1FX2OcYO3mVTPsBcOe/CR0yfj4jZKlpko8Ur7M6R8jyIVGpmyhkZR2sIZxptBi/0oNGTYZObZggPijrsUnw+/vsBNWbNUzRL+SYi17EQl4JscN691YLGy31tI4=
qkEwcc1PIT6aJaQqkSrN/N/4242Yog+Y1FQMv6lj2N23iAxpRuYQl1yK3XQIqlWfyNwAnW79Kwzr1eHHH5AncLQJ
i/voKofO4GRxXWyqudp0eu8d3IWIzuYUwXk4dGJuyl1zk5ANZqtH0NIHZbG9L/P8lJ6XyIjjOVhlcE5ofCehJgpOk+4NK9AwXiLr1vfMx1OHut7UD+UkHcC0M5dz1MfjXPi90hIa2MVXczzbsNMNQUO0OA==
xY3zjNunzXf4gDtqYBudeykFhbdm5hhiED4MWyvL4NAOT3mBjHjJ3trEDWZhzSvPnMItDOgyxRdIVJAFDgVbxKsd0f8/iDd4tAE=
q8zbfxIkMJXjGzSAO0+JepwFinpShUtEvq4hDSOE/4nRUkElUpK3nMVBh6C58gJnOILtBiBPQPjTQ6t6c0OPXc7Z4sQ9i71sqX/bH3OOfCLWGRkDkkdea0MdbbQW
PfzYIrjXqJEK7GCJVgALpikfg7V99BhiED4MWyvL4NAOT3mBjHjJ3trEDWZhzSvPnMItDOgyxR5PVJAFDgVbxKsd0f8/iDd4tAE=
acfbiMGmZJSunsInnr1gTFqx+kifPJNZyHKlMnTwpCs591BZNwyE/dZyuDP8LnWgWH4dUo8YSEk+KQMoy/HJ0w+EL3S0DQ==
KXVdfpTRmXD8EhAiVWx0y1qx+kifPJNZyHanPHTwpCs591BZNwyE/dZyuDP8LnWgWH4dUo8YSEk+KQMoy/HJ0w+EL3S0DQ==
gxAKW8mWSjMP/BX1USp81ZdW/wLJQ/Agt/t9Y47JX////zl11i4dZHk0Y7djFLdDhf/tMqJayCUH88z7wBOdIXO0CA==
Shb2DapO7a2HWrA48GdaCJAnVndW43+fYmhmUrrMWyCS/R/6k3pFUlrSoZzJwlJmeDlDDaFF7kxfkAu1+Hq/8BR8fGcJGwj1t6DcEeY+YL+c4m2saJKF/k80UKWOpZvkq/0Rn79od1i0IQ==
8fCNHpPrU7gzus653/lKCDfV4vL36NM2V8nVOpp5U2epHx8aHX/Ntemwg0BOVRSlRuRRb28l1JRBTSVcOzqu3ahyWBdPYmB6teI6BHXbVcwx70Of6x7kwn5J0cPaN3aLe21VtC4=
uRNlVVp4ezZfv8L2gwNSx/aEJ1eNrSoBhh6IHc/VDwesVF1eWt65kPkuSkoYFZvhkQm2gJ9cU/lIlmdcdNDki7mXkHk3LESdVtL4E/xOtUDY3t0yj/gI6b5JQ8jL0Qlzj2RvVLQt
Eh4AD7j/IsDQT0cIGBlGjxd+YCxRRiViWuLBrAkSMvb4qeNdYbXOPF9gK8W4qh9glOycN0kr6MW3kDwhpm6ALxxyzXwo4qUOT0RwVU71O3QrbXFPf1gXaLQR
lVVU5oD56A5V/O6OrT8fWCppy9cvmVEZQ08tZlrmybgZBhoS2M3LiTHhBvgfpOOR6H63BDQINKPZv2BBNxS0tTb6KMu8FmWoeLZtyg+AuAEeIRMQC4lZW29MH2y0FQ==
vcDkZoXyFBDd1SYmGCOwcgNa5PIeq3ADdE8tZlrmybgZBhoS2M3LiTHhBvgfpOOR6H63BDQINKPZv2BBNxS0tTb6KMu8FmWoeLZtyg+AuAEeIRMQC4lZW29MH2y0FQ==
0PEzTYPGKBYy2ZE7fOeL6nM1mRjFp93noeDaZE02kZyGhEg/f/eJC6qevwaHPwDEy7LEWmB9AfUsh/dWcHt+oPQd7CSRlgCcgexvYpxvNtsvZjubTUV3RhNqtBc=
xYkguzOZ7WxpFj3aPsl4Oflwwgb8JdZY4irifMFq1PMIPn9Y03kB8ZihUpYeo5RTaaQ7EjFkC0FJCdIpfj4XnI/QUFtu/y4sdWZS3nSMpkWAz3k3oYSSxMIWqv3Oy++U8NXa6Sr0i1cdO1FX2OcYO3mVTPsBcOe/CR0yfj4jZKlpko8Ur7M6R8jyIVGpmyhkZR2sIZxptBi/0oNGTYZObZggPijrsUnw+/vsBNWbNUzRL+Ofi17EQl4JscN691YLGy31tI4=
LU7TRHaOF8APhf2BXfR0LFqx+kifPJNZyHKlMnTwpCs591BZNwyE/dZyuDP8LnWgWH4dUosYQU4+KQMoy/HJ0w+EL3S0DQ==
R39i+IoSIGek3qDGgH+dAu3Gqw31jDM+uon+BXMQWs7wtWUvJQdpky/bDlCkP+wtk6yVAxsnDAn68zVKXpu4hRL0S6drNI+T/XtVa106wDVvM2RLSHNFEWu0EA==
