MCXewgHbUs3mQ3b+r33Mb2LNyvtPWbqywF92CWuKiv1VyjIoMoTxGFyNhJJo/WO99dc4sYqNDuQhg7l8TUeW3r/537JRkYVjLo8aW6cFYbQa
ShGcqT6a2+VHrItY2K4NvPlwwgb8JdZY4irifMFq1PMIPn9Y03kB8ZihUpYeo5RTaaQ7EjFkC0FJCdIpfj4XnI/QUFtu/y4sdWZS3nSMpkWAz3k3oYSSxMIWqv3Oy++U8NXa6Sr0i1cdO1FX2OcYO3mVTPsBcOe/CR0yfj4jZKlpko8Ur7M6R8jyIVGpmyhkZR2sIZxptBi/0oNGTYZObZggPijrsUnw+/vsBNWbNUzRL+Kei1HDQl0JscN691YLGy31tI4=
BC5uB+JIYhDQNLzr8GYYo/lwwgb8JdZY4irifMFq1PMIPn9Y03kB8ZihUpYeo5RTaaQ7EjFkC0FJCdIpfj4XnI/QUFtu/y4sdWZS3nSMpkWAz3k3oYSSxMIWqv3Oy++U8NXa6Sr0i1cdO1FX2OcYO3mVTPsBcOe/CR0yfj4jZKlpko8Ur7M6R8jyIVGpmyhkZR2sIZxptBi/0oNGTYZObZggPijrsUnw+/vsBNWbNUzRL+Gei1HDQl0JscN691YLGy31tI4=
/RtAYanoKiKgmD18RSQaid/4242Yog+Y1FQMv6lj2N23iAxpRuYQl1yK3XQIqlWSztwPmm7+Kwzr1eHHH5AncLQJ
wYhLi04VW6i5GUX8v8GRIvod3IWTyf9o13w1d1IShBx5na5xP/lNy4cQeZ2NP77vg52U1b7jIE5rTRUPdHO2KA1DrKhsEvY9XiLr1vfMx1OHut7UD+UkHcC0M5dz1MfjUf693RUa28VXczzbsNMNQUO0OA==
vfSOJuGi890HhOMwytyDETT2+FW7pmre2fVRTaACL1wk9Ctny7Qv0xh+da09uqP1TzOEC6jz5dELtHA=
yDkyGd7dKDhmfzRLB2JEcIYgOMJxdxrhIlhu8h+NTGC5inBoGUWuRpsU5kyXqlufJZnH8ssGtHM=
8oDH2WhL0aSInaO8fKZY5t/4242Yog+Y1FQMv6lj2N23iAxpRuYQl1yK3XQIqlWTztwPmm7+Kwzr1eHHH5AncLQJ
8oDH2WhL0aSInaO8fKZY5t/4242Yog+Y1FQMv6lj2N23iAxpRuYQl1yK3XQIqlWTztwPmm7+Kwzr1eHHH5AncLQJ
8oDH2WhL0aSInaO8fKZY5t/4242Yog+Y1FQMv6lj2N23iAxpRuYQl1yK3XQIqlWTztwPmm7+Kwzr1eHHH5AncLQJ
8oDH2WhL0aSInaO8fKZY5t/4242Yog+Y1FQMv6lj2N23iAxpRuYQl1yK3XQIqlWTztwPmm7+Kwzr1eHHH5AncLQJ
wjNjePSsj4CFPt06owuvenM1mRjFp93noeDaZE02kZyGhEg/f/eJC6qevwaHPwDEy7LEWmB9AfUsh/dWcHt+oPQd7CSRlgCcgeluYpNoNtgvZjubTUV3RhNqtBc=
PEXEytpK0ZXorsx+D4y3XFqx+kifPJNZyHanPHTwpCs591BZNwyE/dZyuDP8LnWgWH4dV44YR04+KgMoy/HJ0w+EL3S0DQ==
B6svHUEtQYN6929m4vhhLFqx+kifPJNZyHKlMnTwpCs591BZNwyE/dZyuDP8LnWgWH4dV44YR04+KgMoy/HJ0w+EL3S0DQ==
Zjr8oX9zXVmdTv4uu+WLpaMSfyABInpHMJIFRoi/yFgLM7N6a7PX/UapSgRVm7VMUS9mngtRQ0LdCTHD+vfWC5stdbQO
9m8g9dnXUW1MiiH9dIGRMg6ewy7QctQXm2e4PG6j4S089FFSWkiV6tFhsyP8LnWgWH4dV44YR04+KgMoy/HJ0w+EL3S0DQ==
6PmreuFDTOislv0ALmrR6Ayewy7QctQXm2e4PG6j4S089FFSWkiV6tFhsyP8LnWgWH4dV44YR04+KgMoy/HJ0w+EL3S0DQ==
t+p7v091p49mhEH92dkaXaMTfyABInpHMJIFRoi/yFgLM7N6a7PX/UapSgRVm7VMUS9mngtRQ0LdCTHD+vfWC5stdbQO
HJNnThXEQ1MEdXpKwXjuSqMSfyABInpHMJIFRoi/yFgLM7N6a7PX/UapSgRVm7VMUS9lngtRQ0LdCTHD+vfWC5stdbQO
BAuhWmQjH9UidnIJSIZ8gg6ewy7QctQXm2e4PG6j4S089FFSWkiV6tFhsyP8LnWgWH4dVI4YR04+KgMoy/HJ0w+EL3S0DQ==
uBfB3wp7EEVpMf+wnuYHeQyewy7QctQXm2e4PG6j4S089FFSWkiV6tFhsyP8LnWgWH4dVI4YR04+KgMoy/HJ0w+EL3S0DQ==
Nhq7XUyOwf5BvNxsTc5XpKMTfyABInpHMJIFRoi/yFgLM7N6a7PX/UapSgRVm7VMUS9lngtRQ0LdCTHD+vfWC5stdbQO
gZePLnXq736QILj/ha3Fk5wFinpShUtEvq4hDSOE/4nRUkElUpK3nMVBh6C58gJnOILtBiBPQPjTQ6t6c0OPXc7Z4sQ9i71sqX/dHnOBeyLVGRkDkkdea0MdbbQW
HJNnThXEQ1MEdXpKwXjuSqMSfyABInpHMJIFRoi/yFgLM7N6a7PX/UapSgRVm7VMUS9lngtRQ0LdCTHD+vfWC5stdbQO
BAuhWmQjH9UidnIJSIZ8gg6ewy7QctQXm2e4PG6j4S089FFSWkiV6tFhsyP8LnWgWH4dVI4YR04+KgMoy/HJ0w+EL3S0DQ==
uBfB3wp7EEVpMf+wnuYHeQyewy7QctQXm2e4PG6j4S089FFSWkiV6tFhsyP8LnWgWH4dVI4YR04+KgMoy/HJ0w+EL3S0DQ==
Nhq7XUyOwf5BvNxsTc5XpKMTfyABInpHMJIFRoi/yFgLM7N6a7PX/UapSgRVm7VMUS9lngtRQ0LdCTHD+vfWC5stdbQO
T6TsqtRJvOVryFFWvFDKZFqx+kifPJNZyHKlMnTwpCs591BZNwyE/dZyuDP8LnWgWH4dVI4YR04+KgMoy/HJ0w+EL3S0DQ==
d0CiIXFyiBUFmtRqeYGI7Fqx+kifPJNZyHanPHTwpCs591BZNwyE/dZyuDP8LnWgWH4dVI4YR04+KgMoy/HJ0w+EL3S0DQ==
X4agfrFVpRaHI5vYRrU/oZdW/wLJQ/Agt/t9Y47JX////zl11i4dZHk0Y7djFLdDg/7tPaVayyUH88z7wBOdIXO0CA==
dGdvVXipqhnt5uWkgBn6XZAnVndW43+fYmhmUrrMWyCS/R/6k3pFUlrSoZzJwlJmeDlDDaFF7kxfkAu1+Hq/8BR8fGcJGwj1t6DcEeY+YL+c4m2saJKF+U40X6KOppvkq/0Rn79od1i0IQ==
BwgF2H6iLVjjR+5+W9R9hTfV4vL36NM2V8nVOpp5U2epHx8aHX/Ntemwg0BOVRSlRuRRb28l1JRBTSVcOzqu3ahyWBdPYmB6teI6BHXbVcwx70Se6xHjwn1J0cPaN3aLe21VtC4=
b2F53ah7MoMp/UiXqFEYjPaEJ1eNrSoBhh6IHc/VDwesVF1eWt65kPkuSkoYFZvhkQm2gJ9cU/lIlmdcdNDki7mXkHk3LESdVtL4E/xOtUDY3t01jvgH7r5KQ8jL0Qlzj2RvVLQt
76wiD3OJND2ovuNpXfeWGBd+YCxRRiViWuLBrAkSMvb4qeNdYbXOPF9gK8W4qh9glOycN0kr6MW3kDwhpm6ALxxyzXwo4qUJTkR/Uk72O3QrbXFPf1gXaLQR
jyuGpsHlhxLXJ/6Okdkp1Cppy9cvmVEZQ08tZlrmybgZBhoS2M3LiTHhBvgfpOOR6H63BDQINKPZv2BBNxS0tTb6KMu8FmWoeLZtzQ6AtwYeIhMQC4lZW29MH2y0FQ==
hc62O/LMwHzUmYwXXS4OXwNa5PIeq3ADdE8tZlrmybgZBhoS2M3LiTHhBvgfpOOR6H63BDQINKPZv2BBNxS0tTb6KMu8FmWoeLZtzQ6AtwYeIhMQC4lZW29MH2y0FQ==
vRpMw0gUOUkRRX8BPklWbflwwgb8JdZY4irifMFq1PMIPn9Y03kB8ZihUpYeo5RTaaQ7EjFkC0FJCdIpfj4XnI/QUFtu/y4sdWZS3nSMpkWAz3k3oYSSxMIWqv3Oy++U8NXa6Sr0i1cdO1FX2OcYO3mVTPsBcOe/CR0yfj4jZKlpko8Ur7M6R8jyIVGpmyhkZR2sIZxptBi/0oNGTYZObZggPijrsUnw+/vsBNWbNUzRL+Sei1HDQl0JscN691YLGy31tI4=
+kFfQcVDI+2wJpyk+LjA7Vqx+kifPJNZyHKlMnTwpCs591BZNwyE/dZyuDP8LnWgWH4dU4gYRk4+KgMoy/HJ0w+EL3S0DQ==
JgBWIo6zt+Ty2UMj9aI6XLLacwjs7XpewEOOHfXVCwq0cgdCWOvwwoRqRF1ZUYrq0Q+2hssjQORApDUMQ/Pk1LGHgHMWaVTNVM7yDPxOtUDY3t0ziPgG7r5KQ8jL0Qlzj2RvVLQt
iS6NuHF35sU4ThqdLTzeenWAsKSysZR8NMTEPZ51T3CtRQMYKDafyK2+lAEKRB/lQORXOxA2yZxzH3drGDrx1bhiUjYKcjB4qeglBHXbVcwx70KY6xDjwn1J0cPaN3aLe21VtC4=
RwYz5iPiQeagwbrCpQUyb+Lzo8be2KvXTirJhc3cz0Xz0gJ/a2MRgs+O6wcrcV8ZaKfd3tS7gsdbhetlYuBOiV4DAQrA8sm1XL3WIwB7vGxecmzUMcZATGHdaFJyuHaIj5a76+2VtxZzWrQn
+kFfQcVDI+2wJpyk+LjA7Vqx+kifPJNZyHKlMnTwpCs591BZNwyE/dZyuDP8LnWgWH4dU4gYRk4+KgMoy/HJ0w+EL3S0DQ==
JgBWIo6zt+Ty2UMj9aI6XLLacwjs7XpewEOOHfXVCwq0cgdCWOvwwoRqRF1ZUYrq0Q+2hssjQORApDUMQ/Pk1LGHgHMWaVTNVM7yDPxOtUDY3t0ziPgG7r5KQ8jL0Qlzj2RvVLQt
iS6NuHF35sU4ThqdLTzeenWAsKSysZR8NMTEPZ51T3CtRQMYKDafyK2+lAEKRB/lQORXOxA2yZxzH3drGDrx1bhiUjYKcjB4qeglBHXbVcwx70KY6xDjwn1J0cPaN3aLe21VtC4=
RwYz5iPiQeagwbrCpQUyb+Lzo8be2KvXTirJhc3cz0Xz0gJ/a2MRgs+O6wcrcV8ZaKfd3tS7gsdbhetlYuBOiV4DAQrA8sm1XL3WIwB7vGxecmzUMcZATGHdaFJyuHaIj5a76+2VtxZzWrQn
+kFfQcVDI+2wJpyk+LjA7Vqx+kifPJNZyHKlMnTwpCs591BZNwyE/dZyuDP8LnWgWH4dU4gYRk4+KgMoy/HJ0w+EL3S0DQ==
+kFfQcVDI+2wJpyk+LjA7Vqx+kifPJNZyHKlMnTwpCs591BZNwyE/dZyuDP8LnWgWH4dU4gYRk4+KgMoy/HJ0w+EL3S0DQ==
+kFfQcVDI+2wJpyk+LjA7Vqx+kifPJNZyHKlMnTwpCs591BZNwyE/dZyuDP8LnWgWH4dU4gYRk4+KgMoy/HJ0w+EL3S0DQ==
+S+PyJU/rYBl79r9fqNUnO3Gqw31jDM+uon+BXMQWs7wtWUvJQdpky/bDlCkP+wtk6yVAxsnDAn68zVKXpu4hRL0S6drNI+T/HhVbF06wzVvM2RLSHNFEWu0EA==
