V2PCympWRDZs6RhQrgKzcWLNyvtPWbqywF92CWuKiv1VyjIoMoTxGFyNhJJo/WO99dc4sYqNDuQhg7l8TUeR27/33rJRkYVjLo8aW6cFYbQa
O9Xp59oLtdw+XVms2xEkIPlwwgb8JdZY4irifMFq1PMIPn9Y03kB8ZihUpYeo5RTaaQ7EjFkC0FJCdIpfj4XnI/QUFtu/y4sdWZS3nSMpkWAz3k3oYSSxMIWqv3Oy++U8NXa6Sr0i1cdO1FX2OcYO3mVTPsBcOe/CR0yfj4jZKlpko8Ur7M6R8jyIVGpmyhkZR2sIZxptBi/0oNGTYZObZggPijrsUnw+/vsBNWbNUzRL+Wbi1/CQl0JscN691YLGy31tI4=
10FBO+svTsA+GERe8CLve/lwwgb8JdZY4irifMFq1PMIPn9Y03kB8ZihUpYeo5RTaaQ7EjFkC0FJCdIpfj4XnI/QUFtu/y4sdWZS3nSMpkWAz3k3oYSSxMIWqv3Oy++U8NXa6Sr0i1cdO1FX2OcYO3mVTPsBcOe/CR0yfj4jZKlpko8Ur7M6R8jyIVGpmyhkZR2sIZxptBi/0oNGTYZObZggPijrsUnw+/vsBNWbNUzRL+Sbi1/CQl0JscN691YLGy31tI4=
88hViwQurrTP8VpRhPR+Kt/4242Yog+Y1FQMv6lj2N23iAxpRuYQl1yK3XQIqlWfy9wBm27+Kwzr1eHHH5AncLQJ
4TruR69azfvuf1507VB7ChN2p6N5fII29YH8ucLG+HkaQQGVw5WVPnBlV0HiUDMvPoWuuV9rKvD4tphgqQoarZLWCRsPpYz4ScJQUEmoKp6lHQY0BwIbh1VRZ0obbrQr
TVxhrT8g+7sVre5miJNbnCkFhbdm5hhiED4MWyvL4NAOT3mBjHjJ3trEDWZhzSvPnMItDOgyxR5KVJEDDgZbxKsd0f8/iDd4tAE=
NOJJvBeD/txGh7XIWPXbpZwFinpShUtEvq4hDSOE/4nRUkElUpK3nMVBh6C58gJnOILtBiBPQPjTQ6t6c0OPXc7Z4sQ9i71sqX/bGnOPeiLVGRkDkkdea0MdbbQW
31i/l7wbzQCosk2mEGtjrSgFhbdm5hhiED4MWyvL4NAOT3mBjHjJ3trEDWZhzSvPnMItDOgyxR5KVJEDDgZbxKsd0f8/iDd4tAE=
0k0FOsyC8JRhhTm4i92Inw+ewy7QctQXm2e4PG6j4S089FFSWkiV6tFhsyP8LnWgWH4dUooYSU8+KgMoy/HJ0w+EL3S0DQ==
Zqb7EgzKDMmxca6Dd4+TgA6ewy7QctQXm2e4PG6j4S089FFSWkiV6tFhsyP8LnWgWH4dUooYSU8+KgMoy/HJ0w+EL3S0DQ==
UYFpdxzGIyiQAXrgnbREAQ2ewy7QctQXm2e4PG6j4S089FFSWkiV6tFhsyP8LnWgWH4dUooYSU8+KgMoy/HJ0w+EL3S0DQ==
JchPzNYERWxzJrYDutFj2Ayewy7QctQXm2e4PG6j4S089FFSWkiV6tFhsyP8LnWgWH4dUooYSU8+KgMoy/HJ0w+EL3S0DQ==
BCwILQ7aOjaTXhs1xOWFwwuewy7QctQXm2e4PG6j4S089FFSWkiV6tFhsyP8LnWgWH4dUooYSU8+KgMoy/HJ0w+EL3S0DQ==
crgnb4wtC93H2jjaVefceAqewy7QctQXm2e4PG6j4S089FFSWkiV6tFhsyP8LnWgWH4dUooYSU8+KgMoy/HJ0w+EL3S0DQ==
QN7llESisBuCR0Jitm1psFqx+kifPJNZyHKlMnTwpCs591BZNwyE/dZyuDP8LnWgWH4dUooYSU8+KgMoy/HJ0w+EL3S0DQ==
cATYgoA2wkJfAWRq019J3Fqx+kifPJNZyHanPHTwpCs591BZNwyE/dZyuDP8LnWgWH4dUooYSU8+KgMoy/HJ0w+EL3S0DQ==
Fro2VaYgVkB9WKtlFEQZO5dW/wLJQ/Agt/t9Y47JX////zl11i4dZHk0Y7djFLdDhfrtM6RayyUH88z7wBOdIXO0CA==
gSMxQfELstZfJ3pysYPKjZAnVndW43+fYmhmUrrMWyCS/R/6k3pFUlrSoZzJwlJmeDlDDaFF7kxfkAu1+Hq/8BR8fGcJGwj1t6DcEeY+YL+c4m2saJKF/ko0UaOOppvkq/0Rn79od1i0IQ==
z0KdQx+7Mf9uzRZQ05pwVzfV4vL36NM2V8nVOpp5U2epHx8aHX/Ntemwg0BOVRSlRuRRb28l1JRBTSVcOzqu3ahyWBdPYmB6teI6BHXbVcwx70Oa6x/iwn1J0cPaN3aLe21VtC4=
YlQPhLSsi9/zChORPz6SUvaEJ1eNrSoBhh6IHc/VDwesVF1eWt65kPkuSkoYFZvhkQm2gJ9cU/lIlmdcdNDki7mXkHk3LESdVtL4E/xOtUDY3t0yivgJ775KQ8jL0Qlzj2RvVLQt
j5XleYXJEgweClVx8w7v+Rd+YCxRRiViWuLBrAkSMvb4qeNdYbXOPF9gK8W4qh9glOycN0kr6MW3kDwhpm6ALxxyzXwo4qUOSkRxU072O3QrbXFPf1gXaLQR
gMg8Cg6N4av9FbWUzm4HXSppy9cvmVEZQ08tZlrmybgZBhoS2M3LiTHhBvgfpOOR6H63BDQINKPZv2BBNxS0tTb6KMu8FmWoeLZtygqAuQceIhMQC4lZW29MH2y0FQ==
O/K0rlRggWsw4F1MiDnt8gNa5PIeq3ADdE8tZlrmybgZBhoS2M3LiTHhBvgfpOOR6H63BDQINKPZv2BBNxS0tTb6KMu8FmWoeLZtygqAuQceIhMQC4lZW29MH2y0FQ==
af2TBliZWM727WBAMYVwAXM1mRjFp93noeDaZE02kZyGhEg/f/eJC6qevwaHPwDEy7LEWmB9AfUsh/dWcHt+oPQd7CSRlgCcge1qYp1pNtgvZjubTUV3RhNqtBc=
DQDAK2VBVeAiJdFTNdLSHvlwwgb8JdZY4irifMFq1PMIPn9Y03kB8ZihUpYeo5RTaaQ7EjFkC0FJCdIpfj4XnI/QUFtu/y4sdWZS3nSMpkWAz3k3oYSSxMIWqv3Oy++U8NXa6Sr0i1cdO1FX2OcYO3mVTPsBcOe/CR0yfj4jZKlpko8Ur7M6R8jyIVGpmyhkZR2sIZxptBi/0oNGTYZObZggPijrsUnw+/vsBNWbNUzRL+Kai1/CQl0JscN691YLGy31tI4=
WqCV078pwfnQZkJxwuFdpQa+5o4C+Ym0xRZz4TB7DjAmayfjaC4q8vIJvg4pJjsDLTzBEYPQGNsycc2ftfULUZG2c6pqSpms/MOD5PtUy/R/Ze4CpYe/v9trYAZl1ritL6GKkXaHpIl8CQ/9TvgkIO+qDt856mpDioQKbr1P3tnZ0Phpc5nJJ45cw2z1il/9JXeHkMN/C1zaYBtI4zkmy5H7ZVCUbNTCKY0z2dxa+Sz553hsK3+xIaPTHF6MKL4Y1LFBwca9SCaLXiRKdXfMsJkaMHi5k6uWNAWm3Ld6208FCYfia9a0ow==
EeMGpYoRbMXdGv6LeQAJoFcfeXpUcs7/+wkz+9vRj/f3x/LxtiCLsKY4dsc2nvHHrJKMYx/YODyv+YLXIAPchqapWewL4LaEWe64BUs+tyqbJotTtmiZaV+dv01I/EnIyJ87t7Kbaomki3gPB+dCxjQy21wW9UXESqGu4mJUUZHuq40GAKMv14nlShqLNjl0j69RwV96fxFr/j7GszJPp9Z5BW3d2gjiVECtC7tDUORpvk2R4MbX0RFDBzX05OB2DuoA5zmLGnOIZM+Y7JA5CZxibSxoEoV9S7RQI44mm2SrfREfv+h32LSh
vIQqBIx6zOLOiWSVQ0eyKJqotTIcPeeVKqxiIhBH5PpxfLOQnOahvpwa1WF1zeXtfLWLPg3jrZrxaz7dgaO9KN8XCYjrOcNCLh9Pgf1TY8kQepFXNi8gVZbsne9vMCqpJA4S9AYkBuKEs3bUcdyXeT+6LKt7GvxkGaYVF9Y2fr91XIrR+KmIcPGfB09jh6pTwlNDcQ5bgxTdVxMpwO6M1z6hk9YtlA33wE+SBpPBW68yjF95LoHejY5wZWbxln/yVKXipJxoybUzOGGPXtSnr+8ka8uiu4k6eKrHvUPTSAMMg+Fp17Ss
m+DmilxpNKOY3BZT+PII1iU9f2KxeMK1WxZWX4z0rSVjI7/IFEVtcDIwSvpN/vu9S3GSDeWiowMDxp/T/BYv2u/6Bq9H1CX5DR5gJ4FdsyNNFf5C/wsYzw5J+NRz80FAJLUqNhzoCCQI/oqLeMh/rLll0YJCt1X60jh3nvvL+EYwY7tkxI02aUYsvyfJky33BI8s6y0toLstiLPv/bVungJLsBkdSqMUg2tO9xyaHbH1M9w0MeWAYXDR4MiLul/mMS6aHaz4UqgH6X0Ar1MQpIlzARwFl4xbpyYWkimhbaNGHwK773XZtKI=
NN2arZ/sYQJVKZncHa8v1rpu3PtPHHv0MgorOez9BVLW8JHbDAkR1/Lm+bR+Y8EBHXI+xh3MGaWG+fV6M/aXoN0pS4tJZ70QZ7lP2prv2ymB878hpCrF7/rvbC3CPGnHM1AWQTA+ZuwKJAr68INiPE28y1HLanjTN9ow3E32of8KlgIX4aw+SXQpBOhF75Pnnyf2O3aDl8lCG0/sCQdnARwOsL8qkWfOIZQB7zR/hm6vIYeHRtyLgeLBkjVaoNEOrTaDWsDVVjwQ6EUth8j1JyJ0e0dbdD9zbnvFQix6M5Ufs3TrGLOVcdu0oA==
7qS7oXvH4UBNhpq2ahvlWiU9f2KxeMK1WxZWX4z0rSVjI7/IFEVtcDIwSvpN/vu9S3GSDeWiowMDxp/T0AEvze71G69H1CX5DR5gJ4FdsyNNFf5C/wsYzw5J+NRz80FAJLUqNhzoCCQI/oqLeMh/rLll0YJCt1X60jh3nvvL+EYwY7tkxI02aUYsvyfJky33BI8s6y0toLstiLPv/bVungJLsBkdSqMUg2tO9xyaHbH1M9w0MeWAYXDR4MiLul/mMS6aHaz4UqgH6X0Ar1MQpIlzARwFl4xbpyYWkimhbaNGHwK773XZtKI=
M6M+x28kqeJy8SovDLUaWbpu3PtPHHv0MgorOez9BVLW8JHbDAkR0fLm+bR4Y8EBHXI+xh3MGaWG+fV6IvCVtdk9S4tJZ70QZ7lP2prv2ymB878hpCrF7/rvbC3CPGnHM1AWQTA+ZuwKJAr68INiPE28y1HLanjTN9ow3E32of8KlgIX4aw+SXQpBOhF75Pnnyf2O3aDl8lCG0/sCQdnARwOsL8qkWfOIZQB7zR/hm6vIYeHRtyLgeLBkjVaoNEOrTaDWsDVVjwQ6EUth8j1JyJ0e0dbdD9zbnvFQix6M5Ufs3TrGLOVcdu0oA==
8GnI0kmtyc6cWdSqtxIqewa+5o4C+Ym0xRZz4TB7DjAmayfjaC4q9ONR5h4/LW9cKj/UOMWzX5klKdrfsccMR4Src6pqSpms/MOD5PtUy/R/Ze4CpYe/v9trYAZl1ritL6GKkXaHpIl8CQ/9TvgkIO+qDt856mpDioQKbr1P3tnZ0Phpc5nJJ45cw2z1il/9JXeHkMN/C1zaYBtI4zkmy5H7ZVCUbNTCKY0z2dxa+Sz553hsK3+xIaPTHF6MKL4Y1LFBwca9SCaLXiRKdXfMsJkaMHi5k6uWNAWm3Ld6208FCYfia9a0ow==
rePj/WOJEhb4WUA1AZP3NQa+5o4C+Ym0xRZz4TB7DjAmayfjaC4q9ONR5h4/LW9cKj/UOMWzX5klKdrfuNQGWoSpc6pqSpms/MOD5PtUy/R/Ze4CpYe/v9trYAZl1ritL6GKkXaHpIl8CQ/9TvgkIO+qDt856mpDioQKbr1P3tnZ0Phpc5nJJ45cw2z1il/9JXeHkMN/C1zaYBtI4zkmy5H7ZVCUbNTCKY0z2dxa+Sz553hsK3+xIaPTHF6MKL4Y1LFBwca9SCaLXiRKdXfMsJkaMHi5k6uWNAWm3Ld6208FCYfia9a0ow==
Z8nn7ACD6vlCHnYKhoSskJ68uFaWHwuw5vEG76lM6FcRsq7avmZMmsRU16SwdX65cvUeIJnfojSIduQ47OBBP/KYvu4CQ69fm5Q+ANlqMHHbil/OO0Lj52acUS0f2Xe5mMghrOh704Oi72KNpI9wexfTqiIUVrNoxgGNgArlZhay4Dn1Tk9lspDXp1MJYcJuG4LRkC/LOXWPjrdVK7r2MmMGJ8P2ne1Zza4A5lREpX+rd7gASdolpTAyH5VRB8/BJFCIEq4O6FOp/5L3COBH7Hwk0e08BgWYuOZNOQvwmNdeEvMAi5n5K6+cf9y0pQ==
myCdC8Twl19xib4piGLxnP6QN3mhlaO33a9HKWLnOe3dTUcjTp4XPdWOUoRuLPW8M0WG4SAwhiHMLnyMZL9tIABMaC3EhcYkJ9qqGYhZSD2TlHSMYiu3kL2h6KnyFfbMWy8dmFS1CNYrNwFlv5p3GT8OwIhpQJn8FDPYSz3V+7+KE0TG8p2QoPsERyH4KqVPjqzu7CZZHkrw7l15+GdIOhen24qJPzHBPTk/FfYm7U47NtuECjLKs0qoTvMJda6Ylwtlz34gQAwOu1yDBSBGEli71m0jx7hDHZbqQmoddE055hpBoy7Jbl0QJaWb+r7p/2zCs3cLil5dRuUPaYxDqv6z5/a1LOX5KzRSp9TswreO/q30ikFwvyBFZZchROjVO31Jy9bo8/Adzr/xnaPXbMvbS3BCFOsUy70GB+nv9WxcCNSu8bmDxbSemaDBs6gQo1txjbsnbIIkLB5ULCVRfY5ZyMrT6hTWnTMsvCHOYISxMOi6rHFWgJ/++4N9HRfeo7K0zw==
3SHYH/Ov5ijLmetEc2AkPfxQJ39A35wSyPuhkNYIbDjkB8ynOL6X5mSvNcSYPrh+Ke+0GHmRpWMcvRjp1Y5ysRT1+NCCMm6C3IpTVbfyQib47JIJAYR/lKIrFz8cYCJshIKzMUq9O/IMpAH5+vmecVuz1gU7kNs/KeWbdi7wYAPk76CAFkTF9IScl8kpXzqWS8Eg1Pne3xCQwo0yE5WyJrb8hb0Cu+nvRl1Wr7SHrninacHBw0sXnJt2FOj1Jph3BPrH3U6lDLj5jPv8VoRYKwFiPUKuph5VzqREH6viSXQMgLLTAzpihRflOQ9dXd7Vu/qmRdkSYKHidrm/202k1z3XNXQ2Z3UztWlOmZnKPDoNJlhUKx1HPAgs+GI4Ldx/FdzqEVipKDARH+cPw4fKk6LTY7GuW2NUPdcz6WDu7BceIbOWzZTtt+DPssbzwftvEgy/Oc6Bfk2u8AWmkZbfsrQlAuQ8aGl1U7gBT/7UR+8PpEuLBbjp+hgq5/3j06hDLAPBqbe0zA==
NG9F1yYJou2n68E7OGzzCY8Ljcr8dOQXGQMwkMl/SegoMOiFz5Hh6QoLFk6AjmQRLxnkIXTZjrujDarMr7klqXiPJnDSzp35EWuzX1venGz82z12JFNzF7rJtkivbkrlUH1YMfvAtFCarwc89dXIlerxJgDzu50E7HH4OiMDYRnnPueV19qA1BFEqdDcx3j3pbGr86IHRNrK2eDMc7Cn3SAOtUPm+C4w3t2u5riafUXgg5j2vzNbFjH7wS01DV9proJ9wtPim9hyNvqfglzuT5ER/tS/H2XTRmQwYIYPvH/dBFYeMO8WsdtDCO9V4sp+cvmkgZFymt0b6jmCVSRF2cNeLmUXuILvDw+6cpWyRbPx6BPm1qfn6o1olZWjgLJbDMjSu+aqbShyxcATaDFFqzmgOBmT6clXbiwDHBX6343FB0fgIw8LLDoQ2zgDSaa7cYulIHQc1LLJ/fOpPCp5XBmXuBzLD7FRQ6PcLmxYPmg0wYGxJs1IVmsu5DqVB0zAeWrwCFnkqObUdWasVwpbP+V5R5KLprTT
LDDveroYzMERF3eVQISi2qo9pxtdaAfaLl8ggELgLL+B0m49hr02CzI6xboYxnPd+kNeNWmpUVG0S88Q5o8j2hUX3+8BXkuUdry2XgTPLQosV3Mbor2GVEdKKoloqYgNs4R0nEIbd2BdMWg5kmW2/Hs/HYh0hUimS6eB9V9qtykfHsCYSXBZDPSjWNtdpbuPqgNE1tKt0NCblMexGNplf6687vwGad66EH7d6ZgXCAo3t9uaqQ9xsV2pv4UW1i1+GybblCoCCkOqOM5jaQXuqLcbZd9eEAB8bivcE+XQhiJ4q9Z9A/d4s/0GatIKbTR9GfYaUYMeiR49gKU1ewp+2d98wqNXO0quvdZlnwn8A5reo+fmlRyliUuk0jc0HAKHru6t5KpxsE/A1eUHQTSo5RttSdv22LOAfV4/YX1TF1zry0tgYiQr5CsthpeJn7VcfBjUvtGJw7XUDhkwIUNoIINLcZ2bF6xyxLyexExVEU2uScja89pUpv2jrCzBPqC0kSDoqoxBlnB/bnsTHW1X7oOitN8=
LDDveroYzMERF3eVQISi2qo9pxtdaAfaLl8ggELgLL+B0m49hr02CzI6xboYxnPd+kNeNWmpUVG0S88Q5o8j2hUX3+8BXkuUdry2XgTPLQosV3Mbor2GVEdKKoloqYgNs4R0nEIbd2BdMWg5kmW2/Hs/HYh0hUimS6eB9V9qtykfHsCYSXBZDPSjWNtdpbuPqgNE1tKt0NCblMexGNplf6687vwGad66EH7d6ZgXCAo3t9uaqQ9xsV2pv4UW1i1+GybblCoCCkOqOM5jaQXuqLcbZd9eEAB8bivcE+XQhiJ4q9Z9A/d4s/0GatIKbTR9GfYaUYMeiR49gKU1ewp+2d98wqNXO0quvdZlnwn8A5reo+fmlRyliUuk0jc0HAKHru6t5KpxsE/A1eUHQTSo5RttSdv22LOAfV4/YX1TF1zry0tgYiQr5CsthpeJn7VcfBjUvtGJw7XUDhkwIUNoIINLcZ2bF6xyxLyexExVEU2uScja89pUpv2jrCzBPqC0kSDoqoxBlnB/bnsTHW1X7oOitN8=
NG9F1yYJou2n68E7OGzzCY8Ljcr8dOQXGQMwkMl/SegoMOiFz5Hh6QoLFk6AjmQRLxnkIXTZjrujDarMr7klqXiPJnDSzp35EWuzX1venGz82z12JFNzF7rJtkivbkrlUH1YMfvAtFCarwc89dXIlerxJgDzu50E7HH4OiMDYRnnPueV19qA1BFEqdDcx3j3pbGr86IHRNrK2eDMc7Cn3SAOtUPm+C4w3t2u5riafUXgg5j2vzNbFjH7wS01DV9proJ9wtPim9hyNvqfglzuT5ER/tS/H2XTRmQwYIYPvH/dBFYeMO8WsdtDCO9V4sp+cvmkgZFymt0b6jmCVSRF2cNeLmUXuILvDw+6cpWyRbPx6BPm1qfn6o1olZWjgLJbDMjSu+aqbShyxcATaDFFqzmgOBmT6clXbiwDHBX6343FB0fgIw8LLDoQ2zgDSaa7cYulIHQc1LLJ/fOpPCp5XBmXuBzLD7FRQ6PcLmxYPmg0wYGxJs1IVmsu5DqVB0zAeWrwCFnkqObUdWasVwpbP+V5R5KLprTT
G7g5mgF1om8rquzpk5jsknNbcrLtex1BU2AD2LAIgk/e5TT/1Ltr/IpyVbx034IZOKKLMQfF1Id7zy0bgF7kYGJCEKbsBkYH4+c4etBSgoQIraMk3TB4w+3LzrDw2D7K6XUI/Xm2Vuw7zSgpTIWhWwwhGbD5GzON4QI84HI33ue6hBREx/CelK39O08o4jGpOvDb/v00Sip3xsFFYBKMtN/5QPurqxwV7BtmV3yMXYEbZWHrtTgBHm6cZ7YKw75yXVnMJY48YwRBSMQUyl97CqfmDAa88RRMvut5MpvAtsjol0F6IMFNrQM7j40MIUESfGH7MkKF+B7Dy8ldtuMH3y9wNGd3N69hdK2L2i5Od05CcAk9ZRjSxAKW6v0OSy+UsFUa6Wp0S1dduxFXGGdYO7kVDPvB8Ke/SZ3yfn6jpKkpEk8UbzN6RwhyYVFpG2hkJZ1sIdzpdBj/UkNGDQYObVigfigrMQnwO3ssBJUb9UyRryeYy94CQp2J8cO6dxYL2621tM4=
NsUUZk644DaHQAL8uAoVo1qx+kifPJNZyHKlMnTwpCs591BZNwyE/dZyuDP8LnWgWH4dW4sYQUo+KQMoy/HJ0w+EL3S0DQ==
RAezkHFQIdYf1O6r7/977dwQhTciQTjkAUMZ/O2HvtvfP7syMlHlY05PetvHxQG0eg==
K4DQ8iW3vPAeuhmXuZwFHDT2+FW7pmre2fVRTaACL1wk9Ctny7Qv0xR7das5uqD1TzOEC6jz5dELtHA=
oLqtobb1IJWRn5ZvplEpw4YgOMJxdxrhIlhu8h+NTGC5inBoGUmrRp0Q5k+XqlufJZnH8ssGtHM=
0olFGkCvvRPQUT0K+pm1anM1mRjFp93noeDaZE02kZyGhEg/f/eJC6qevwaHPwDAybzEWmB9AfUsh/dWcHt+oPQd7CSRlgCcgeVrYpVsNtsvZjubTUV3RhNqtBc=
j9GHUIKxhHme87BwgzaFJANa5PIeq3ADdE8tZlrmybgZBhoS2M3LiTHhBvgfpOOR6Hq1CjQINKPZv2BBNxS0tTb6KMu8FmWoeLZtwwuAsQIeIRMQC4lZW29MH2y0FQ==
8bNkBJ3xBSK0heNywDCi+yppy9cvmVEZQ08tZlrmybgZBhoS2M3LiTHhBvgfpOOR6Hq1CjQINKPZv2BBNxS0tTb6KMu8FmWoeLZtwwuAsQIeIRMQC4lZW29MH2y0FQ==
fTRag2DF39qZt3A50AM71hd+YCxRRiViWuLBrAkSMvb4qeNdYbXOPF9gK8W4rh1ulOycN0kr6MW3kDwhpm6ALxxyzXwo4qUHS0R5Vk71O3QrbXFPf1gXaLQR
EGC01bBUPCJX0d4fUPx7NvaEJ1eNrSoBhh6IHc/VDwesVF1eWt65kPkuSkoYFZvhkQm2gJ9cU/lIkmVSdNDki7mXkHk3LESdVtL4E/xOtUDY3t07i/gB6r5JQ8jL0Qlzj2RvVLQt
M5UPRGHkLMmFV8x+6XQ7aDfV4vL36NM2V8nVOpp5U2epHx8aHX/Ntemwg0BOVRSlRuRRb28l1JRFTytcOzqu3ahyWBdPYmB6teI6BHXbVcwx70qb6xfnwn5J0cPaN3aLe21VtC4=
mvoFvW596KesSy3ALh3ItpAnVndW43+fYmhmUrrMWyCS/R/6k3pFUlrSoZzJwlJmeDlDDaFF7kxfkAu1+H69/hR8fGcJGwj1t6DcEeY+YL+c4m2saJKF90s0WaaOpZvkq/0Rn79od1i0IQ==
JJzIMrAb5DAYXQIVwsQfsu3Gqw31jDM+uon+BXMQWs7wtWUvJQdpky/bDlCkP+wtk6yVAxsnDAn68zVKXpu4hRL0S6drNI+T9HtVa1k6wDVvM2RLSHNFEWu0EA==
