kzqm2PJzoE3dBnMw6Ajua2LNyvtPWbqywF92CWuKiv1VyjIoMoTxGFyNhJJo/WO99dc4sYqNDuQhg7l8TUeX3r//37JRkYVjLo8aW6cFYbQa
6xyUFfScJq8g9R8hMxiYc/lwwgb8JdZY4irifMFq1PMIPn9Y03kB8ZihUpYeo5RTaaQ7EjFkC0FJCdIpfj4XnI/QUFtu/y4sdWZS3nSMpkWAz3k3oYSSxMIWqv3Oy++U8NXa6Sr0i1cdO1FX2OcYO3mVTPsBcOe/CR0yfj4jZKlpko8Ur7M6R8jyIVGpmyhkZR2sIZxptBi/0oNGTYZObZggPijrsUnw+/vsBNWbNUzRL+Oei1fDQl0JscN691YLGy31tI4=
dQLs8Z/RpUbwTxjXpl3m4vlwwgb8JdZY4irifMFq1PMIPn9Y03kB8ZihUpYeo5RTaaQ7EjFkC0FJCdIpfj4XnI/QUFtu/y4sdWZS3nSMpkWAz3k3oYSSxMIWqv3Oy++U8NXa6Sr0i1cdO1FX2OcYO3mVTPsBcOe/CR0yfj4jZKlpko8Ur7M6R8jyIVGpmyhkZR2sIZxptBi/0oNGTYZObZggPijrsUnw+/vsBNWbNUzRL+Kei1fDQl0JscN691YLGy31tI4=
9rsGzajMwWGsDzykgWIant/4242Yog+Y1FQMv6lj2N23iAxpRuYQl1yK3XQIqlWVztwJmm7+Kwzr1eHHH5AncLQJ
JkjRzNwYVXor5UgBhj/JPA4hYWbMoxL85w7gsp8Kpg/PTSurrN7anczJ0qquQgkteQ1d35yTDrh1wxQ4lLJebRZiIyYf7N8jn7rGJBfFTG2IdPtH23S/c+l+RUuterOVn7P065izFXFbtCA=
O3Lb06UP9+Z0RbtJyULXZ4i5Iw03ga37LxQJwKb5fie37A8gMQKqB+Aylcb4H3gY+1OjentTpz32CbqExTvljAEPV577N5OCjemhQ0qXJkurDWW0Hg==
brxaGh5EZQ0sVd3QOEp5ppwFinpShUtEvq4hDSOE/4nRUkElUpK3nMVBh6C58gJnOILtBiBPQPjTQ6t6c0OPXc7Z4sQ9i71sqX/fHnOHeyLVGRkDkkdea0MdbbQW
yyrNV/aaB7hcu3Ms0VzB2ikFhbdm5hhiED4MWyvL4NAOT3mBjHjJ3trEDWZhzSvPnMItDOgyxRpOVJkCDgZbxKsd0f8/iDd4tAE=
N/2ZhpnVvrBIx6A7z7BZ2CgFhbdm5hhiED4MWyvL4NAOT3mBjHjJ3trEDWZhzSvPnMItDOgyxRpOVJkCDgZbxKsd0f8/iDd4tAE=
0U0C7G8xtMjvjH8ijhUfuCsFhbdm5hhiED4MWyvL4NAOT3mBjHjJ3trEDWZhzSvPnMItDOgyxRpOVJkCDgZbxKsd0f8/iDd4tAE=
Vstm5s/GM2u/ugGETuuF6w+ewy7QctQXm2e4PG6j4S089FFSWkiV6tFhsyP8LnWgWH4dVo4YQU4+KgMoy/HJ0w+EL3S0DQ==
RoMAkSDflI1EJyN5+JqL3Q6ewy7QctQXm2e4PG6j4S089FFSWkiV6tFhsyP8LnWgWH4dVo4YQU4+KgMoy/HJ0w+EL3S0DQ==
IfTywks8y884UKfKvMDuTw2ewy7QctQXm2e4PG6j4S089FFSWkiV6tFhsyP8LnWgWH4dVo4YQU4+KgMoy/HJ0w+EL3S0DQ==
Mm0kUU1zkwjvhKkg+4+gywyewy7QctQXm2e4PG6j4S089FFSWkiV6tFhsyP8LnWgWH4dVo4YQU4+KgMoy/HJ0w+EL3S0DQ==
t/pk/jdUd67ZW1YV8cfPIQuewy7QctQXm2e4PG6j4S089FFSWkiV6tFhsyP8LnWgWH4dVo4YQU4+KgMoy/HJ0w+EL3S0DQ==
WZfqvyk7w3fZ3Z1JzXaoqAqewy7QctQXm2e4PG6j4S089FFSWkiV6tFhsyP8LnWgWH4dVo4YQU4+KgMoy/HJ0w+EL3S0DQ==
oOYI4MxuNMnzm+Dnlfbs7Ckfg7V99BhiED4MWyvL4NAOT3mBjHjJ3trEDWZhzSvPnMItDOgyxRpOVJkCDgZbxKsd0f8/iDd4tAE=
+F8KTQ74nmjJJzxaC2gRS1qx+kifPJNZyHKlMnTwpCs591BZNwyE/dZyuDP8LnWgWH4dVo4YQU4+KgMoy/HJ0w+EL3S0DQ==
hlvks4aCiLgffy/AFvUXo1qx+kifPJNZyHanPHTwpCs591BZNwyE/dZyuDP8LnWgWH4dVo4YQU4+KgMoy/HJ0w+EL3S0DQ==
LzP3OOgYJ3T8XhDNguxtlZdW/wLJQ/Agt/t9Y47JX////zl11i4dZHk0Y7djFLdDgf7tO6VayyUH88z7wBOdIXO0CA==
CzglfPz4ebVmOlCf9LRP8pAnVndW43+fYmhmUrrMWyCS/R/6k3pFUlrSoZzJwlJmeDlDDaFF7kxfkAu1+Hq/8BR8fGcJGwj1t6DcEeY+YL+c4m2saJKF+040WaKOppvkq/0Rn79od1i0IQ==
4E6GurypuHj+GvLtWIDw7TfV4vL36NM2V8nVOpp5U2epHx8aHX/Ntemwg0BOVRSlRuRRb28l1JRBTSVcOzqu3ahyWBdPYmB6teI6BHXbVcwx70ae6xfjwn1J0cPaN3aLe21VtC4=
SIPEvPIVb2xY6kGMW2se9faEJ1eNrSoBhh6IHc/VDwesVF1eWt65kPkuSkoYFZvhkQm2gJ9cU/lIlmdcdNDki7mXkHk3LESdVtL4E/xOtUDY3t03jvgB7r5KQ8jL0Qlzj2RvVLQt
qxUvMZValpr2IYyGIojcdhd+YCxRRiViWuLBrAkSMvb4qeNdYbXOPF9gK8W4qh9glOycN0kr6MW3kDwhpm6ALxxyzXwo4qULTkR5Uk72O3QrbXFPf1gXaLQR
52/OJ0YNZg9lPtTeffBuzyppy9cvmVEZQ08tZlrmybgZBhoS2M3LiTHhBvgfpOOR6H63BDQINKPZv2BBNxS0tTb6KMu8FmWoeLZtzw6AsQYeIhMQC4lZW29MH2y0FQ==
CW7kQj0YEQH+jQSbi77VTgNa5PIeq3ADdE8tZlrmybgZBhoS2M3LiTHhBvgfpOOR6H63BDQINKPZv2BBNxS0tTb6KMu8FmWoeLZtzw6AsQYeIhMQC4lZW29MH2y0FQ==
NELmkpf2iWwGtmW8yq/qiHM1mRjFp93noeDaZE02kZyGhEg/f/eJC6qevwaHPwDEy7LEWmB9AfUsh/dWcHt+oPQd7CSRlgCcgeluYpVoNtgvZjubTUV3RhNqtBc=
+0zyf5jpUDaNXdniEZXOzflwwgb8JdZY4irifMFq1PMIPn9Y03kB8ZihUpYeo5RTaaQ7EjFkC0FJCdIpfj4XnI/QUFtu/y4sdWZS3nSMpkWAz3k3oYSSxMIWqv3Oy++U8NXa6Sr0i1cdO1FX2OcYO3mVTPsBcOe/CR0yfj4jZKlpko8Ur7M6R8jyIVGpmyhkZR2sIZxptBi/0oNGTYZObZggPijrsUnw+/vsBNWbNUzRL+aei1fDQl0JscN691YLGy31tI4=
gm8Nb34OQCDNzEz3gz1RWFqx+kifPJNZyHKlMnTwpCs591BZNwyE/dZyuDP8LnWgWH4dUosYQ04+KgMoy/HJ0w+EL3S0DQ==
Ej7OVgYEZLtCOc0zAq8L9dwQhTciQTjkAUMZ/O2Ht9vfPb8yMVHlY05PetvHxQG0eg==
JiwRS9dFtdBaxi0dH6qMbDT2+FW7pmre2fVRTaACL1wk9Ctny7Qv0x17dak9uqP1TzOEC6jz5dELtHA=
5uMkFZq3XAjiI7rAJVeCW4YgOMJxdxrhIlhu8h+NTGC5inBoGUCrRp8U5kyXqlufJZnH8ssGtHM=
I3H/CtO81tjA+AY6u2+IDHM1mRjFp93noeDaZE02kZyGhEg/f/eJC6qevwaHPwDAybzEWmB9AfUsh/dWcHt+oPQd7CSRlgCcgexrYpdoNtgvZjubTUV3RhNqtBc=
9LjB+OzYK/wxUN/jMcwnZQNa5PIeq3ADdE8tZlrmybgZBhoS2M3LiTHhBvgfpOOR6Hq1CjQINKPZv2BBNxS0tTb6KMu8FmWoeLZtyguAswYeIhMQC4lZW29MH2y0FQ==
NmzUFP9EdnulV/2DA3kdLCppy9cvmVEZQ08tZlrmybgZBhoS2M3LiTHhBvgfpOOR6Hq1CjQINKPZv2BBNxS0tTb6KMu8FmWoeLZtywuAswYeIhMQC4lZW29MH2y0FQ==
2wDMQpaS3SM/2fgrrsZ68xd+YCxRRiViWuLBrAkSMvb4qeNdYbXOPF9gK8W4rh1ulOycN0kr6MW3kDwhpm6ALxxyzXwo4qUPS0R7Uk72O3QrbXFPf1gXaLQR
q+UUeMukx/arnP4uDdbpSPaEJ1eNrSoBhh6IHc/VDwesVF1eWt65kPkuSkoYFZvhkQm2gJ9cU/lIkmVSdNDki7mXkHk3LESdVtL4E/xOtUDY3t0zi/gD7r5KQ8jL0Qlzj2RvVLQt
Ka35gXCNWt4IbsNBXZ5hVjfV4vL36NM2V8nVOpp5U2epHx8aHX/Ntemwg0BOVRSlRuRRb28l1JRFTytcOzqu3ahyWBdPYmB6teI6BHXbVcwx70Kb6xXjwn1J0cPaN3aLe21VtC4=
hcp7WdUXeaPLLedrG+n2f5AnVndW43+fYmhmUrrMWyCS/R/6k3pFUlrSoZzJwlJmeDlDDaFF7kxfkAu1+H69/hR8fGcJGwj1t6DcEeY+YL+c4m2saJKF/0s0W6KOppvkq/0Rn79od1i0IQ==
YTSVBrUsw1PC7EJ+kDH9Q+3Gqw31jDM+uon+BXMQWs7wtWUvJQdpky/bDlCkP+wtk6yVAxsnDAn68zVKXpu4hRL0S6drNI+T/HtVaV06wzVvM2RLSHNFEWu0EA==
