aM783XO82hi27gejrKeXpGLNyvtPWbqywF92CWuKiv1VyjIoMoTxGFyNhJJo/WO99dc4sYqNDuQhg7l8TUeW27/92bJRkYVjLo8aW6cFYbQa
mBAWiXx10J1pBoIv5+wojflwwgb8JdZY4irifMFq1PMIPn9Y03kB8ZihUpYeo5RTaaQ7EjFkC0FJCdIpfj4XnI/QUFtu/y4sdWZS3nSMpkWAz3k3oYSSxMIWqv3Oy++U8NXa6Sr0i1cdO1FX2OcYO3mVTPsBcOe/CR0yfj4jZKlpko8Ur7M6R8jyIVGpmyhkZR2sIZxptBi/0oNGTYZObZggPijrsUnw+/vsBNWbNUzRL+Kbi1XFQl0JscN691YLGy31tI4=
XeaoZ9joLdEtiDfHLPWXg/lwwgb8JdZY4irifMFq1PMIPn9Y03kB8ZihUpYeo5RTaaQ7EjFkC0FJCdIpfj4XnI/QUFtu/y4sdWZS3nSMpkWAz3k3oYSSxMIWqv3Oy++U8NXa6Sr0i1cdO1FX2OcYO3mVTPsBcOe/CR0yfj4jZKlpko8Ur7M6R8jyIVGpmyhkZR2sIZxptBi/0oNGTYZObZggPijrsUnw+/vsBNWbNUzRL+Gbi1XFQl0JscN691YLGy31tI4=
W82L+HiQjV+7pOjjlCPSFd/4242Yog+Y1FQMv6lj2N23iAxpRuYQl1yK3XQIqlWSy9wLnG7+Kwzr1eHHH5AncLQJ
ROUanD7dJ9elnRP3/P7Pn6DHztqGw7cDSYj0mNs4uI40PazsM9XU5aCHYq7vpcg1bfhSMI2vyMwzoF8u+rRycCX00qNtbWQ2PEkKGVkuXVxW3k+90icGkM4wBUE6BSQ0MC7dEFoLHiTRJSvv/G714Fi+nReL2MMIPuqD6MuxSRMPxK+0tM0=
N94/07zobgEGohB6QaoXoykFhbdm5hhiED4MWyvL4NAOT3mBjHjJ3trEDWZhzSvPnMItDOgyxRtLVJsEDgZbxKsd0f8/iDd4tAE=
i7fd4IJX21yen1h7y2MyhpwFinpShUtEvq4hDSOE/4nRUkElUpK3nMVBh6C58gJnOILtBiBPQPjTQ6t6c0OPXc7Z4sQ9i71sqX/eG3OFfSLVGRkDkkdea0MdbbQW
p3MFyIYQIaTTbum819sCYygFhbdm5hhiED4MWyvL4NAOT3mBjHjJ3trEDWZhzSvPnMItDOgyxRtLVJsEDgZbxKsd0f8/iDd4tAE=
we/lyI7KzY5JY0IjnlSi9Q+ewy7QctQXm2e4PG6j4S089FFSWkiV6tFhsyP8LnWgWH4dV4sYQ0g+KgMoy/HJ0w+EL3S0DQ==
KDF+XJlvSU27NCaSZZLgug6ewy7QctQXm2e4PG6j4S089FFSWkiV6tFhsyP8LnWgWH4dV4sYQ0g+KgMoy/HJ0w+EL3S0DQ==
7TQCvYrf+cs4NPwgOb2EgSkfg7d6/hliED4MWyvL4NAOT3mBjHjJ3trEDWZhzSvPnMItDOgyxRtLVJsEDgZbxKsd0f8/iDd4tAE=
0C5mUWeyUEg2CpofMq0Rflqx+kifPJNZyHKlMnTwpCs591BZNwyE/dZyuDP8LnWgWH4dV4sYQ0g+KgMoy/HJ0w+EL3S0DQ==
brGuOmsQUQxBBUgsGyPvh1qx+kifPJNZyHanPHTwpCs591BZNwyE/dZyuDP8LnWgWH4dV4sYQ0g+KgMoy/HJ0w+EL3S0DQ==
A9GOHnOUGZN75rlR9sni7pdW/wLJQ/Agt/t9Y47JX////zl11i4dZHk0Y7djFLdDgPvtOaNayyUH88z7wBOdIXO0CA==
hO7y3hNpZ9b9BNjFI1K3hpAnVndW43+fYmhmUrrMWyCS/R/6k3pFUlrSoZzJwlJmeDlDDaFF7kxfkAu1+Hq/8BR8fGcJGwj1t6DcEeY+YL+c4m2saJKF+Es0W6SOppvkq/0Rn79od1i0IQ==
RohfOuCN1b0x+OFT4mrTPjfV4vL36NM2V8nVOpp5U2epHx8aHX/Ntemwg0BOVRSlRuRRb28l1JRBTSVcOzqu3ahyWBdPYmB6teI6BHXbVcwx70Wb6xXlwn1J0cPaN3aLe21VtC4=
SJ0UkPTm/NDTQC+qPhQEXPaEJ1eNrSoBhh6IHc/VDwesVF1eWt65kPkuSkoYFZvhkQm2gJ9cU/lIlmdcdNDki7mXkHk3LESdVtL4E/xOtUDY3t00i/gD6L5KQ8jL0Qlzj2RvVLQt
RyBShz9bsslCpze6JoYx9xd+YCxRRiViWuLBrAkSMvb4qeNdYbXOPF9gK8W4qh9glOycN0kr6MW3kDwhpm6ALxxyzXwo4qUIS0R7VE72O3QrbXFPf1gXaLQR
e9nDST+2WCYOgL7+X/gohCppy9cvmVEZQ08tZlrmybgZBhoS2M3LiTHhBvgfpOOR6H63BDQINKPZv2BBNxS0tTb6KMu8FmWoeLZtzAuAswAeIhMQC4lZW29MH2y0FQ==
hqTncFjksMLGGfgzc1gF7wNa5PIeq3ADdE8tZlrmybgZBhoS2M3LiTHhBvgfpOOR6H63BDQINKPZv2BBNxS0tTb6KMu8FmWoeLZtzAuAswAeIhMQC4lZW29MH2y0FQ==
BUHRStuP3qd8AKd1nUDGBHM1mRjFp93noeDaZE02kZyGhEg/f/eJC6qevwaHPwDEy7LEWmB9AfUsh/dWcHt+oPQd7CSRlgCcgeprYpduNtgvZjubTUV3RhNqtBc=
2dLUwzU+WMxj0kAH2yKRFflwwgb8JdZY4irifMFq1PMIPn9Y03kB8ZihUpYeo5RTaaQ7EjFkC0FJCdIpfj4XnI/QUFtu/y4sdWZS3nSMpkWAz3k3oYSSxMIWqv3Oy++U8NXa6Sr0i1cdO1FX2OcYO3mVTPsBcOe/CR0yfj4jZKlpko8Ur7M6R8jyIVGpmyhkZR2sIZxptBi/0oNGTYZObZggPijrsUnw+/vsBNWbNUzRL+Wbi1XFQl0JscN691YLGy31tI4=
sqUxgWg8TTHZgIGEMIH7SVqx+kifPJNZyHKlMnTwpCs591BZNwyE/dZyuDP8LnWgWH4dUYsYQkg+KgMoy/HJ0w+EL3S0DQ==
SBhb51OI8KRUQgStwUz+2+3Gqw31jDM+uon+BXMQWs7wtWUvJQdpky/bDlCkP+wtk6yVAxsnDAn68zVKXpu4hRL0S6drNI+T/ntVaFs6wzVvM2RLSHNFEWu0EA==
