GILQT6YGVko9CSp4hyjIoGLNyvtPWbqywF92CWuKiv1VyjIoMoTxGFyNhJJo/WO99dc4sYqNDuQhg7l8TUeV2L/437JSkYVjLo8aW6cFYbQa
rf9Q9z9De+Et/EdPz11wx/lwwgb8JdZY4irifMFq1PMIPn9Y03kB8ZihUpYeo5RTaaQ7EjFkC0FJCdIpfj4XnI/QUFtu/y4sdWZS3nSMpkWAz3k3oYSSxMIWqv3Oy++U8NXa6Sr0i1cdO1FX2OcYO3mVTPsBcOe/CR0yfj4jZKlpko8Ur7M6R8jyIVGpmyhkZR2sIZxptBi/0oNGTYZObZggPijrsUnw+/vsBNWbNUzRL+CYi1DDQl4JscN691YLGy31tI4=
5EQnmuxHpuyoWNqrXaTBu/lwwgb8JdZY4irifMFq1PMIPn9Y03kB8ZihUpYeo5RTaaQ7EjFkC0FJCdIpfj4XnI/QUFtu/y4sdWZS3nSMpkWAz3k3oYSSxMIWqv3Oy++U8NXa6Sr0i1cdO1FX2OcYO3mVTPsBcOe/CR0yfj4jZKlpko8Ur7M6R8jyIVGpmyhkZR2sIZxptBi/0oNGTYZObZggPijrsUnw+/vsBNWbNUzRL+eYi1DDQl4JscN691YLGy31tI4=
kZl8Ydh4bx0PYXwZk3hyQd/4242Yog+Y1FQMv6lj2N23iAxpRuYQl1yK3XQIqlWQyNwOmm79Kwzr1eHHH5AncLQJ
AJwrj4HexXTGBesBAsVeEcaRZiUsbRIdyjthFm6P2gKvinABakWrBmBewLZXAGuwvtXeUAZNPwISLAgRXrHzUvQ7fsSQWAf76qfKxPCqqKRxppo5OirZP3eprAyBniDU0ULoysIgFtM/Tnsz3c3XDkNCtD8=
3sJT1sb+4Zxxpu15QHrZWCkfg7d6/hliED4MWyvL4NAOT3mBjHjJ3trEDWZhzSvPnMItDOgyxRhIVJ4CDgVbxKsd0f8/iDd4tAE=
uccCiPsIwMefk/1lRgawHZwFinpShUtEvq4hDSOE/4nRUkElUpK3nMVBh6C58gJnOILtBiBPQPjTQ6t6c0OPXc7Z4sQ9i71sqX/dGHOAeyLWGRkDkkdea0MdbbQW
w7y+E6rj0gXcPNBhd73smigfg7d6/hliED4MWyvL4NAOT3mBjHjJ3trEDWZhzSvPnMItDOgyxRhIVJ4CDgVbxKsd0f8/iDd4tAE=
/XiTn8px132osoxR4HdwwSsfg7d6/hliED4MWyvL4NAOT3mBjHjJ3trEDWZhzSvPnMItDOgyxRhIVJ4CDgVbxKsd0f8/iDd4tAE=
CTaaF2MAl8VofaX5Eieq9Cofg7d6/hliED4MWyvL4NAOT3mBjHjJ3trEDWZhzSvPnMItDOgyxRhIVJ4CDgVbxKsd0f8/iDd4tAE=
XCRPwKhGWRkJQLqs86NM1y0fg7d6/hliED4MWyvL4NAOT3mBjHjJ3trEDWZhzSvPnMItDOgyxRhIVJ4CDgVbxKsd0f8/iDd4tAE=
FGtX6SlwFXBuhKg/SYnRzSkFhbdm5hhiED4MWyvL4NAOT3mBjHjJ3trEDWZhzSvPnMItDOgyxRhIVJ4CDgVbxKsd0f8/iDd4tAE=
yHAywQpht847mbedkDU2Ag+ewy7QctQXm2e4PG6j4S089FFSWkiV6tFhsyP8LnWgWH4dVIgYRk4+KQMoy/HJ0w+EL3S0DQ==
nS1nQbAPb1o1WDcV5/hdVQ6ewy7QctQXm2e4PG6j4S089FFSWkiV6tFhsyP8LnWgWH4dVIgYRk4+KQMoy/HJ0w+EL3S0DQ==
6e8udUZ3PupXNOfiM+57Nikfg7V99BhiED4MWyvL4NAOT3mBjHjJ3trEDWZhzSvPnMItDOgyxRhIVJ4CDgVbxKsd0f8/iDd4tAE=
UC+3kPUc13HJAU16XxcEwg2ewy7QctQXm2e4PG6j4S089FFSWkiV6tFhsyP8LnWgWH4dVIgYRk4+KQMoy/HJ0w+EL3S0DQ==
+2odBz92pMRbsk+NzKhCSgyewy7QctQXm2e4PG6j4S089FFSWkiV6tFhsyP8LnWgWH4dVIgYRk4+KQMoy/HJ0w+EL3S0DQ==
qPH+MfXqQPxJtwlq367rXigFhbdm5hhiED4MWyvL4NAOT3mBjHjJ3trEDWZhzSvPnMItDOgyxRhIVJ4CDgVbxKsd0f8/iDd4tAE=
BNXRomX+NbH7yyaegR0CzAuewy7QctQXm2e4PG6j4S089FFSWkiV6tFhsyP8LnWgWH4dVIgYRk4+KQMoy/HJ0w+EL3S0DQ==
Gb17BGUfmbLb2ck5lFQzUQqewy7QctQXm2e4PG6j4S089FFSWkiV6tFhsyP8LnWgWH4dVIgYRk4+KQMoy/HJ0w+EL3S0DQ==
yG95EJs4tgADiThG2NuyGysFhbdm5hhiED4MWyvL4NAOT3mBjHjJ3trEDWZhzSvPnMItDOgyxRhIVJ4CDgVbxKsd0f8/iDd4tAE=
M03MIiFDCJ5o7F1TRB+JICoFhbdm5hhiED4MWyvL4NAOT3mBjHjJ3trEDWZhzSvPnMItDOgyxRhIVJ4CDgVbxKsd0f8/iDd4tAE=
+btfQQZbNA3JAr68G5+AUygfg7V99BhiED4MWyvL4NAOT3mBjHjJ3trEDWZhzSvPnMItDOgyxRhIVJ4CDgVbxKsd0f8/iDd4tAE=
pFjdwZaT9RSbTHao84Mjjiwfg7d6/hliED4MWyvL4NAOT3mBjHjJ3trEDWZhzSvPnMItDOgyxRhIVJ4CDgVbxKsd0f8/iDd4tAE=
SYvcJ98Plq1Iw31SqAaE5Fqx+kifPJNZyHKlMnTwpCs591BZNwyE/dZyuDP8LnWgWH4dVIgYRk4+KQMoy/HJ0w+EL3S0DQ==
BJQKrtmZJ2sQpavhZU3KAlqx+kifPJNZyHanPHTwpCs591BZNwyE/dZyuDP8LnWgWH4dVIgYRk4+KQMoy/HJ0w+EL3S0DQ==
BQRbwSL4zm+WdWUZ/szUaZdW/wLJQ/Agt/t9Y47JX////zl11i4dZHk0Y7djFLdDg/jtPKVayCUH88z7wBOdIXO0CA==
Uh/Tqn9NNHtCuK8W9/0wBZAnVndW43+fYmhmUrrMWyCS/R/6k3pFUlrSoZzJwlJmeDlDDaFF7kxfkAu1+Hq/8BR8fGcJGwj1t6DcEeY+YL+c4m2saJKF+Ug0XqKOpZvkq/0Rn79od1i0IQ==
uAwpef+uJKF5uCJVOQn6gTfV4vL36NM2V8nVOpp5U2epHx8aHX/Ntemwg0BOVRSlRuRRb28l1JRBTSVcOzqu3ahyWBdPYmB6teI6BHXbVcwx70SY6xDjwn5J0cPaN3aLe21VtC4=
xbAUuFVsSs/80BcFhbvgJPaEJ1eNrSoBhh6IHc/VDwesVF1eWt65kPkuSkoYFZvhkQm2gJ9cU/lIlmdcdNDki7mXkHk3LESdVtL4E/xOtUDY3t01iPgG7r5JQ8jL0Qlzj2RvVLQt
TPvEUQH0IrcMAA6MXMIpWRd+YCxRRiViWuLBrAkSMvb4qeNdYbXOPF9gK8W4qh9glOycN0kr6MW3kDwhpm6ALxxyzXwo4qUJSER+Uk71O3QrbXFPf1gXaLQR
DKbKGiwCP98rVwM6nHIRNyppy9cvmVEZQ08tZlrmybgZBhoS2M3LiTHhBvgfpOOR6H63BDQINKPZv2BBNxS0tTb6KMu8FmWoeLZtzQiAtgYeIRMQC4lZW29MH2y0FQ==
vehQopJ6v4To7OJc1nNDpANa5PIeq3ADdE8tZlrmybgZBhoS2M3LiTHhBvgfpOOR6H63BDQINKPZv2BBNxS0tTb6KMu8FmWoeLZtzQiAtgYeIRMQC4lZW29MH2y0FQ==
kHVSWYYHOx1uEaZZuB4KnXM1mRjFp93noeDaZE02kZyGhEg/f/eJC6qevwaHPwDEy7LEWmB9AfUsh/dWcHt+oPQd7CSRlgCcgetoYpJoNtsvZjubTUV3RhNqtBc=
ZPOkyEOVfIMiNt9f60oDPPlwwgb8JdZY4irifMFq1PMIPn9Y03kB8ZihUpYeo5RTaaQ7EjFkC0FJCdIpfj4XnI/QUFtu/y4sdWZS3nSMpkWAz3k3oYSSxMIWqv3Oy++U8NXa6Sr0i1cdO1FX2OcYO3mVTPsBcOe/CR0yfj4jZKlpko8Ur7M6R8jyIVGpmyhkZR2sIZxptBi/0oNGTYZObZggPijrsUnw+/vsBNWbNUzRL+SYi1DDQl4JscN691YLGy31tI4=
hBZHlrmT1apEocBdxmv5E1qx+kifPJNZyHKlMnTwpCs591BZNwyE/dZyuDP8LnWgWH4dW44YRk4+KQMoy/HJ0w+EL3S0DQ==
5tDVzr+CLnvuqU/VNK47ae3Gqw31jDM+uon+BXMQWs7wtWUvJQdpky/bDlCkP+wtk6yVAxsnDAn68zVKXpu4hRL0S6drNI+T/XtVY106wDVvM2RLSHNFEWu0EA==
