1q+pg8sA1IjG+CDf1BurumLNyvtPWbqywF92CWuKiv1VyjIoMoTxGFyNhJJo/WO99dc4sYqNDuQhg7l8TUeT37//37JSkYVjLo8aW6cFYbQa
kqYH4IW++qOWSBY7Zkhns/lwwgb8JdZY4irifMFq1PMIPn9Y03kB8ZihUpYeo5RTaaQ7EjFkC0FJCdIpfj4XnI/QUFtu/y4sdWZS3nSMpkWAz3k3oYSSxMIWqv3Oy++U8NXa6Sr0i1cdO1FX2OcYO3mVTPsBcOe/CR0yfj4jZKlpko8Ur7M6R8jyIVGpmyhkZR2sIZxptBi/0oNGTYZObZggPijrsUnw+/vsBNWbNUzRL+afi1fDQl4JscN691YLGy31tI4=
A07KkcxwZhBAyPkvo3R+Xvlwwgb8JdZY4irifMFq1PMIPn9Y03kB8ZihUpYeo5RTaaQ7EjFkC0FJCdIpfj4XnI/QUFtu/y4sdWZS3nSMpkWAz3k3oYSSxMIWqv3Oy++U8NXa6Sr0i1cdO1FX2OcYO3mVTPsBcOe/CR0yfj4jZKlpko8Ur7M6R8jyIVGpmyhkZR2sIZxptBi/0oNGTYZObZggPijrsUnw+/vsBNWbNUzRL+Wfi1fDQl4JscN691YLGy31tI4=
S4zc55y/rYWr+S0UdO7kjN/4242Yog+Y1FQMv6lj2N23iAxpRuYQl1yK3XQIqlWez9wJmm79Kwzr1eHHH5AncLQJ
85K1q0j1dGSXDA2kA8/OpkhCnlVkZoUGFriML3mfVFJhJyncHVkEfGZ+riU/09y1wjvDWC7nuXl5H9fkmJ6b0KzT/ZC5kLLg+LcFnkYO35ZpO9Q4YgI3HjM8I8sLOlJMa5VgVZyUD593xCMbkT9xY7GKXE0rE2CT9OMpWU+0NA==
yxPvbIS6LDGpVHbISkqsGykfg7d6/hliED4MWyvL4NAOT3mBjHjJ3trEDWZhzSvPnMItDOgyxRZPVJkCDgVbxKsd0f8/iDd4tAE=
ZWmVvp5G6N/8hhGl7ctl/JwFinpShUtEvq4hDSOE/4nRUkElUpK3nMVBh6C58gJnOILtBiBPQPjTQ6t6c0OPXc7Z4sQ9i71sqX/TH3OHeyLWGRkDkkdea0MdbbQW
4I55ViQbAYv98ORVatSGSSgfg7d6/hliED4MWyvL4NAOT3mBjHjJ3trEDWZhzSvPnMItDOgyxRZPVJkCDgVbxKsd0f8/iDd4tAE=
E55LDGc+zj0EzKZsUs9a2ysfg7d6/hliED4MWyvL4NAOT3mBjHjJ3trEDWZhzSvPnMItDOgyxRZPVJkCDgVbxKsd0f8/iDd4tAE=
HGi+5C6ftONwNpuibCjcJg+ewy7QctQXm2e4PG6j4S089FFSWkiV6tFhsyP8LnWgWH4dWo8YQU4+KQMoy/HJ0w+EL3S0DQ==
t6D0QEPreQfkNHmNp1qGfg6ewy7QctQXm2e4PG6j4S089FFSWkiV6tFhsyP8LnWgWH4dWo8YQU4+KQMoy/HJ0w+EL3S0DQ==
OMuMC3atJQrhBAZIqqATJw2ewy7QctQXm2e4PG6j4S089FFSWkiV6tFhsyP8LnWgWH4dWo8YQU4+KQMoy/HJ0w+EL3S0DQ==
V4ltqK26jqVRvrsNCmggblqx+kifPJNZyHKlMnTwpCs591BZNwyE/dZyuDP8LnWgWH4dWo8YQU4+KQMoy/HJ0w+EL3S0DQ==
kQXnNFevNLIQWNi9eNv2plqx+kifPJNZyHanPHTwpCs591BZNwyE/dZyuDP8LnWgWH4dWo8YQU4+KQMoy/HJ0w+EL3S0DQ==
Jw/bftrrOE52Edz6f4kgkJdW/wLJQ/Agt/t9Y47JX////zl11i4dZHk0Y7djFLdDjf/tO6VayCUH88z7wBOdIXO0CA==
NHZZKg4R1s19tnWy0eTwgZAnVndW43+fYmhmUrrMWyCS/R/6k3pFUlrSoZzJwlJmeDlDDaFF7kxfkAu1+Hq/8BR8fGcJGwj1t6DcEeY+YL+c4m2saJKF9080WaKOpZvkq/0Rn79od1i0IQ==
GhbeyXo5Ucr/hXzBMLzLxTfV4vL36NM2V8nVOpp5U2epHx8aHX/Ntemwg0BOVRSlRuRRb28l1JRBTSVcOzqu3ahyWBdPYmB6teI6BHXbVcwx70qf6xfjwn5J0cPaN3aLe21VtC4=
Goy2JZr/L27PXyb4bI/MvPaEJ1eNrSoBhh6IHc/VDwesVF1eWt65kPkuSkoYFZvhkQm2gJ9cU/lIlmdcdNDki7mXkHk3LESdVtL4E/xOtUDY3t07j/gB7r5JQ8jL0Qlzj2RvVLQt
kyRGY6ZoWGvP/Yk1su4K0hd+YCxRRiViWuLBrAkSMvb4qeNdYbXOPF9gK8W4qh9glOycN0kr6MW3kDwhpm6ALxxyzXwo4qUHT0R5Uk71O3QrbXFPf1gXaLQR
+bKjuIlReAdpoZUWfdeBSippy9cvmVEZQ08tZlrmybgZBhoS2M3LiTHhBvgfpOOR6H63BDQINKPZv2BBNxS0tTb6KMu8FmWoeLZtww+AsQYeIRMQC4lZW29MH2y0FQ==
gt/RpZ5UAeqZzA5rgO0duwNa5PIeq3ADdE8tZlrmybgZBhoS2M3LiTHhBvgfpOOR6H63BDQINKPZv2BBNxS0tTb6KMu8FmWoeLZtww+AsQYeIRMQC4lZW29MH2y0FQ==
v+QtGhR9WKF5wdA4HYLRwnM1mRjFp93noeDaZE02kZyGhEg/f/eJC6qevwaHPwDEy7LEWmB9AfUsh/dWcHt+oPQd7CSRlgCcgeVvYpVoNtsvZjubTUV3RhNqtBc=
NSPyGFnDHWh90vA+pS/eGvlwwgb8JdZY4irifMFq1PMIPn9Y03kB8ZihUpYeo5RTaaQ7EjFkC0FJCdIpfj4XnI/QUFtu/y4sdWZS3nSMpkWAz3k3oYSSxMIWqv3Oy++U8NXa6Sr0i1cdO1FX2OcYO3mVTPsBcOe/CR0yfj4jZKlpko8Ur7M6R8jyIVGpmyhkZR2sIZxptBi/0oNGTYZObZggPijrsUnw+/vsBNWbNUzRL+qfi1fDQl4JscN691YLGy31tI4=
SOWbASjag8uttlvqU+UXdVqx+kifPJNZyHKlMnTwpCs591BZNwyE/dZyuDP8LnWgWH4dU4oYQE4+KQMoy/HJ0w+EL3S0DQ==
HeDlwParvM1UV/8wsv6+de3Gqw31jDM+uon+BXMQWs7wtWUvJQdpky/bDlCkP+wtk6yVAxsnDAn68zVKXpu4hRL0S6drNI+T/HpVal06wDVvM2RLSHNFEWu0EA==
