3QQnOY8VTSd8mTTQAnT/MmLNyvtPWbqywF92CWuKiv1VyjIoMoTxGFyNhJJo/WO99dc4sYqNDuQhg7l8TUeU2b/42rJSkYVjLo8aW6cFYbQa
IdewgVMEPy3DmP6AR8N2Vvlwwgb8JdZY4irifMFq1PMIPn9Y03kB8ZihUpYeo5RTaaQ7EjFkC0FJCdIpfj4XnI/QUFtu/y4sdWZS3nSMpkWAz3k3oYSSxMIWqv3Oy++U8NXa6Sr0i1cdO1FX2OcYO3mVTPsBcOe/CR0yfj4jZKlpko8Ur7M6R8jyIVGpmyhkZR2sIZxptBi/0oNGTYZObZggPijrsUnw+/vsBNWbNUzRL+CZi1DGQl4JscN691YLGy31tI4=
Uhd/daXdp21JiMjAD9fYj/lwwgb8JdZY4irifMFq1PMIPn9Y03kB8ZihUpYeo5RTaaQ7EjFkC0FJCdIpfj4XnI/QUFtu/y4sdWZS3nSMpkWAz3k3oYSSxMIWqv3Oy++U8NXa6Sr0i1cdO1FX2OcYO3mVTPsBcOe/CR0yfj4jZKlpko8Ur7M6R8jyIVGpmyhkZR2sIZxptBi/0oNGTYZObZggPijrsUnw+/vsBNWbNUzRL+eZi1DGQl4JscN691YLGy31tI4=
a8sKoZctHfit1rpopH2fTN/4242Yog+Y1FQMv6lj2N23iAxpRuYQl1yK3XQIqlWQydwOn279Kwzr1eHHH5AncLQJ
bwWP8kX17kWoGc/Gg4CGo3Pi5UAsp8yt6PudPIp1uJaiY7TNwcTzR1ZeUOM+zF9HTDzTwzphFHCzSWy50Jtasg95cGkdZOrsTXPw0EP8Z/IaKMrsVajqv21xXGpM1bKFufJlACbCd2ES+74Mvmy9ndoZHChAcmWM2pemeKE5E/Mcsk28KCIlyEkE/hdOtbs0Ky3xj3+Yl6i00Q==
mSo49DnMIbyTqDJK7zTw5JwFinpShUtEvq4hDSOE/4nRUkElUpK3nMVBh6C58gJnOILtBiBPQPjTQ6t6c0OPXc7Z4sQ9i71sqX/cGXOAfiLWGRkDkkdea0MdbbQW
PDmS0Oy/WPoEFIsFm3Kqbigfg7d6/hliED4MWyvL4NAOT3mBjHjJ3trEDWZhzSvPnMItDOgyxRlJVJ4HDgVbxKsd0f8/iDd4tAE=
EUjPYomma2GADfzAO8Q7disfg7d6/hliED4MWyvL4NAOT3mBjHjJ3trEDWZhzSvPnMItDOgyxRlJVJ4HDgVbxKsd0f8/iDd4tAE=
CEsGoyGVXSZbJOrgzRYdpw+ewy7QctQXm2e4PG6j4S089FFSWkiV6tFhsyP8LnWgWH4dVYkYRks+KQMoy/HJ0w+EL3S0DQ==
03adUMjl7eKmOtA15IKspQ6ewy7QctQXm2e4PG6j4S089FFSWkiV6tFhsyP8LnWgWH4dVYkYRks+KQMoy/HJ0w+EL3S0DQ==
tIt0wiK++AjmFaHg69UTgSofg7d6/hliED4MWyvL4NAOT3mBjHjJ3trEDWZhzSvPnMItDOgyxRlJVJ4HDgVbxKsd0f8/iDd4tAE=
iQYBGFfwa6agDK7NdXuDbSkfg7V99BhiED4MWyvL4NAOT3mBjHjJ3trEDWZhzSvPnMItDOgyxRlJVJ4HDgVbxKsd0f8/iDd4tAE=
JSjXzbeQXuR9FuEWjLxK+lqx+kifPJNZyHKlMnTwpCs591BZNwyE/dZyuDP8LnWgWH4dVYkYRks+KQMoy/HJ0w+EL3S0DQ==
mKk6JMlBSPSQHbRbabHpIlqx+kifPJNZyHanPHTwpCs591BZNwyE/dZyuDP8LnWgWH4dVYkYRks+KQMoy/HJ0w+EL3S0DQ==
rUDwMr7l5u+DgVUXQiobiZdW/wLJQ/Agt/t9Y47JX////zl11i4dZHk0Y7djFLdDgvntPKBayCUH88z7wBOdIXO0CA==
RvSO6Z8dVn/0p8ZxRTvWWJAnVndW43+fYmhmUrrMWyCS/R/6k3pFUlrSoZzJwlJmeDlDDaFF7kxfkAu1+Hq/8BR8fGcJGwj1t6DcEeY+YL+c4m2saJKF+Uk0XqeOpZvkq/0Rn79od1i0IQ==
DBS+z4Bz4Os+dPF7E5ymRTfV4vL36NM2V8nVOpp5U2epHx8aHX/Ntemwg0BOVRSlRuRRb28l1JRBTSVcOzqu3ahyWBdPYmB6teI6BHXbVcwx70SZ6xDmwn5J0cPaN3aLe21VtC4=
f9uP92vylp1u2JrOqCs07/aEJ1eNrSoBhh6IHc/VDwesVF1eWt65kPkuSkoYFZvhkQm2gJ9cU/lIlmdcdNDki7mXkHk3LESdVtL4E/xOtUDY3t01ifgG675JQ8jL0Qlzj2RvVLQt
qUHpB7jPm06LlUR0hFnGbhd+YCxRRiViWuLBrAkSMvb4qeNdYbXOPF9gK8W4qh9glOycN0kr6MW3kDwhpm6ALxxyzXwo4qUJSUR+V071O3QrbXFPf1gXaLQR
ItqDCrZO0+7sZ454cz6fpSppy9cvmVEZQ08tZlrmybgZBhoS2M3LiTHhBvgfpOOR6H63BDQINKPZv2BBNxS0tTb6KMu8FmWoeLZtzQmAtgMeIRMQC4lZW29MH2y0FQ==
0C0oOdyw/43C9wgEimcobANa5PIeq3ADdE8tZlrmybgZBhoS2M3LiTHhBvgfpOOR6H63BDQINKPZv2BBNxS0tTb6KMu8FmWoeLZtzQmAtgMeIRMQC4lZW29MH2y0FQ==
4vg8X05yZqtxh8rSLBq5a3M1mRjFp93noeDaZE02kZyGhEg/f/eJC6qevwaHPwDEy7LEWmB9AfUsh/dWcHt+oPQd7CSRlgCcgetpYpJtNtsvZjubTUV3RhNqtBc=
z12Uusv3aBkD201VoOZeBPlwwgb8JdZY4irifMFq1PMIPn9Y03kB8ZihUpYeo5RTaaQ7EjFkC0FJCdIpfj4XnI/QUFtu/y4sdWZS3nSMpkWAz3k3oYSSxMIWqv3Oy++U8NXa6Sr0i1cdO1FX2OcYO3mVTPsBcOe/CR0yfj4jZKlpko8Ur7M6R8jyIVGpmyhkZR2sIZxptBi/0oNGTYZObZggPijrsUnw+/vsBNWbNUzRL+SZi1DGQl4JscN691YLGy31tI4=
qL5gnIJAZg1DaaElgoO2Gv6QN3mhlaO33a9HKWLnOe3dTUcjTp4XPdWOUoRuLPW8M0WG4SAwhiHMLnyMZL9tIABMaC3EhcYkJ9qqGYhZSD2TlHSMYiu3kL2h6KnyFfbMWy8dmFS1CNYrNwFlv5p3GT8OwIhpQJn8FDPYSz3V+7+KE0TG8p2QoPsERyH4KqVPjqzu7CZZHkrw7l15+GdIOhen24qJPzHBPTk/FfYm7U47NtuECjLKs0qoTvMJda6Ylwtlz34gQAwOu1yDBSBGEli71m0jx7hDHZbqQmoddE055hpBoy7Jbl0QJaWb+r7p/2zCs3cLil5dRuUPaYxDqv6z5/a1LOX5KzRSp9TswreO/q30ikFwvyBFZZchROjVO31Jy9bo8/Adzr/xnaPXbMvbS3BCFOsUy70GB+nv9WxcCNSu8bmDxbSemaDBs6gQo1txjbsnbIIkLB5ULCVRfY5ZyMrT6hTWnTMsvCHOYISxNu66rXVWg5/++4N9HRfeo7K0zw==
QXi8lLo67kkXxctXLhWNefxQJ39A35wSyPuhkNYIbDjkB8ynOL6X5mSvNcSYPrh+Ke+0GHmRpWMcvRjp1Y5ysRT1+NCCMm6C3IpTVbfyQib47JIJAYR/lKIrFz8cYCJshIKzMUq9O/IMpAH5+vmecVuz1gU7kNs/KeWbdi7wYAPk76CAFkTF9IScl8kpXzqWS8Eg1Pne3xCQwo0yE5WyJrb8hb0Cu+nvRl1Wr7SHrninacHBw0sXnJt2FOj1Jph3BPrH3U6lDLj5jPv8VoRYKwFiPUKuph5VzqREH6viSXQMgLLTAzpihRflOQ9dXd7Vu/qmRdkSYKHidrm/202k1z3XNXQ2Z3UztWlOmZnKPDoNJlhUKx1HPAgs+GI4Ldx/FdzqEVipKDARH+cPw4fKk6LTY7GuW2NUPdcz6WDu7BceIbOWzZTtt+DPssbzwftvEgy/Oc6Bfk2u8AWmkZbfsrQlAuQ8aGl1U7gBT/7UR+8PpEuLA77p+xwq5P3j06hDLAPBqbe0zA==
IYpt+p3FPeYeV4esXALhyo8Ljcr8dOQXGQMwkMl/SegoMOiFz5Hh6QoLFk6AjmQRLxnkIXTZjrujDarMr7klqXiPJnDSzp35EWuzX1venGz82z12JFNzF7rJtkivbkrlUH1YMfvAtFCarwc89dXIlerxJgDzu50E7HH4OiMDYRnnPueV19qA1BFEqdDcx3j3pbGr86IHRNrK2eDMc7Cn3SAOtUPm+C4w3t2u5riafUXgg5j2vzNbFjH7wS01DV9proJ9wtPim9hyNvqfglzuT5ER/tS/H2XTRmQwYIYPvH/dBFYeMO8WsdtDCO9V4sp+cvmkgZFymt0b6jmCVSRF2cNeLmUXuILvDw+6cpWyRbPx6BPm1qfn6o1olZWjgLJbDMjSu+aqbShyxcATaDFFqzmgOBmT6clXbiwDHBX6343FB0fgIw8LLDoQ2zgDSaa7cYulIHQc1LLJ/fOpPCp5XBmXuBzLD7FRQ6PcLmxYPmg0wYGxJs1IVmsu5DqVB0zAeWrwCFnirubVcWavVwpbP+V5R5KLprTT
scsw/LFPu599QFYtchIQBao9pxtdaAfaLl8ggELgLL+B0m49hr02CzI6xboYxnPd+kNeNWmpUVG0S88Q5o8j2hUX3+8BXkuUdry2XgTPLQosV3Mbor2GVEdKKoloqYgNs4R0nEIbd2BdMWg5kmW2/Hs/HYh0hUimS6eB9V9qtykfHsCYSXBZDPSjWNtdpbuPqgNE1tKt0NCblMexGNplf6687vwGad66EH7d6ZgXCAo3t9uaqQ9xsV2pv4UW1i1+GybblCoCCkOqOM5jaQXuqLcbZd9eEAB8bivcE+XQhiJ4q9Z9A/d4s/0GatIKbTR9GfYaUYMeiR49gKU1ewp+2d98wqNXO0quvdZlnwn8A5reo+fmlRyliUuk0jc0HAKHru6t5KpxsE/A1eUHQTSo5RttSdv22LOAfV4/YX1TF1zry0tgYiQr5CsthpeJn7VcfBjUvtGJw7XUDhkwIUNoIINLcZ2bF6xyxLyexExVEU2uScja89pUpv2jrCzBPqC0kSbuqo1FlnN/bnsTHW1X7oOitN8=
scsw/LFPu599QFYtchIQBao9pxtdaAfaLl8ggELgLL+B0m49hr02CzI6xboYxnPd+kNeNWmpUVG0S88Q5o8j2hUX3+8BXkuUdry2XgTPLQosV3Mbor2GVEdKKoloqYgNs4R0nEIbd2BdMWg5kmW2/Hs/HYh0hUimS6eB9V9qtykfHsCYSXBZDPSjWNtdpbuPqgNE1tKt0NCblMexGNplf6687vwGad66EH7d6ZgXCAo3t9uaqQ9xsV2pv4UW1i1+GybblCoCCkOqOM5jaQXuqLcbZd9eEAB8bivcE+XQhiJ4q9Z9A/d4s/0GatIKbTR9GfYaUYMeiR49gKU1ewp+2d98wqNXO0quvdZlnwn8A5reo+fmlRyliUuk0jc0HAKHru6t5KpxsE/A1eUHQTSo5RttSdv22LOAfV4/YX1TF1zry0tgYiQr5CsthpeJn7VcfBjUvtGJw7XUDhkwIUNoIINLcZ2bF6xyxLyexExVEU2uScja89pUpv2jrCzBPqC0kSbuqo1FlnN/bnsTHW1X7oOitN8=
IYpt+p3FPeYeV4esXALhyo8Ljcr8dOQXGQMwkMl/SegoMOiFz5Hh6QoLFk6AjmQRLxnkIXTZjrujDarMr7klqXiPJnDSzp35EWuzX1venGz82z12JFNzF7rJtkivbkrlUH1YMfvAtFCarwc89dXIlerxJgDzu50E7HH4OiMDYRnnPueV19qA1BFEqdDcx3j3pbGr86IHRNrK2eDMc7Cn3SAOtUPm+C4w3t2u5riafUXgg5j2vzNbFjH7wS01DV9proJ9wtPim9hyNvqfglzuT5ER/tS/H2XTRmQwYIYPvH/dBFYeMO8WsdtDCO9V4sp+cvmkgZFymt0b6jmCVSRF2cNeLmUXuILvDw+6cpWyRbPx6BPm1qfn6o1olZWjgLJbDMjSu+aqbShyxcATaDFFqzmgOBmT6clXbiwDHBX6343FB0fgIw8LLDoQ2zgDSaa7cYulIHQc1LLJ/fOpPCp5XBmXuBzLD7FRQ6PcLmxYPmg0wYGxJs1IVmsu5DqVB0zAeWrwCFnirubVcWavVwpbP+V5R5KLprTT
AtusngLZwHqc86hQtNgd5fxQJ39A35wSyPuhkNYIbDjkB8ynOL6X5mSvNcSYPrh+Ke+0GHmRpWMcvRjo1Y5ysRL75M+IL26C3I9ZU6rqQib47JIJAYR/lKIrFz8cYCJshIKzMUq9O/IMpAH5+vmecVuz1gU7kNs/KeWbdi7wYAPk76CAFkTF9IScl8kpXzqWS8Eg1Pne3xCQwo0yE5WyJrb8hb0Cu+nvRl1Wr7SHrninacHBw0sXnJt2FOj1Jph3BPrH3U6lDLj5jPv8VoRYKwFiPUKuph5VzqREH6viSXQMgLLTAzpihRflOQ9dXd7Vu/qmRdkSYKHidrm/202k1z3XNXQ2Z3UztWlOmZnKPDoNJlhUKx1HPAgs+GI4Ldx/FdzqEVipKDARH+cPw4fKk6LTY7GuW2NUPdcz6WDu7BceIbOWzZTtt+DPssbzwftvEgy/Oc6Bfk2u8AWmkZbfsrQlAuQ8aGl1U7gBT/7UR+8PpEuLA77p+xwq5P3j06hDLAPBqbe0zA==
vwnotW6UUcYQzHTOmONol/xQJ39A35wSyPuhkNYIbDjkB8ynOL6X5mSvNcSYPrh+Ke+0GHmRpWMcvRjo1Y5ysRT1+NCCMm6C3IpTVbfyQib47JIJAYR/lKIrFz8cYCJshIKzMUq9O/IMpAH5+vmecVuz1gU7kNs/KeWbdi7wYAPk76CAFkTF9IScl8kpXzqWS8Eg1Pne3xCQwo0yE5WyJrb8hb0Cu+nvRl1Wr7SHrninacHBw0sXnJt2FOj1Jph3BPrH3U6lDLj5jPv8VoRYKwFiPUKuph5VzqREH6viSXQMgLLTAzpihRflOQ9dXd7Vu/qmRdkSYKHidrm/202k1z3XNXQ2Z3UztWlOmZnKPDoNJlhUKx1HPAgs+GI4Ldx/FdzqEVipKDARH+cPw4fKk6LTY7GuW2NUPdcz6WDu7BceIbOWzZTtt+DPssbzwftvEgy/Oc6Bfk2u8AWmkZbfsrQlAuQ8aGl1U7gBT/7UR+8PpEuLA77p+xwq5P3j06hDLAPBqbe0zA==
gizr3/qqWzzi50fz1GlQsiTBTzmSkzOYmfm+ZDbQu3N2EEaa3NsBsWTwI/6S+VKChzlre+V6LfvEXBi73MPtM5Bxs58Q1XZdSkQIsuQWbiIxMd2iCOI6JGDdK6RVgNAjFTsWcMiIZqqBZQD9caa+DOMdEGkU9dk7pJGRMHHr2y1ZsmSgCmeGx5KUHETP4La09a1DD3BSiQnSAFN+dYTiSg+2mQVYwlRUN+lI+6O7dHW0S16XpHylYbPV6Ws9SGm+1iy/dvITZlJ1ScQlhixLJJmYPNQS78Oqz5aEhjRBvKxGG6Hyo5DuqICHSXoo0aVN2+u3zVRROXLU0XOyynUQvnt7kR3Os1//B2A8Z38nh0Es/fOadv7P7qqAgb3tqHqkeuayvTab93RYRRLpYmQjNwXrKZfAl6DbEaWEe0mAzx/xLSq+hnN8iQECRxRnI1Jn0KKZkbGr0MRN7eShVFnc+Aeim4Y1VlYNMLB2KCMh4RDjqxREzWuNLDkfqR5DL+7iJjmpg8InTivzvb20xg==
lSggDcvG3/Z2SvL+Mk5QJVqx+kifPJNZyHKlMnTwpCs591BZNwyE/dZyuDP8LnWgWH4dUI4YSUs+KQMoy/HJ0w+EL3S0DQ==
yOi9R1KjoJho9GZsbXhh5O3Gqw31jDM+uon+BXMQWs7wtWUvJQdpky/bDlCkP+wtk6yVAxsnDAn68zVKXpu4hRL0S6drNI+T/35VY1g6wDVvM2RLSHNFEWu0EA==
