79lhPs++beAPh+ePmCDl7mLNyvtPWbqywF92CWuKiv1VyjIoMoTxGFyNhJJo/WO99dc4sYqNDuQhg7l8TUeQ3r/637JRkYVjLo8aW6cFYbQa
94a+wScGG4KdPt3ZuCdIeflwwgb8JdZY4irifMFq1PMIPn9Y03kB8ZihUpYeo5RTaaQ7EjFkC0FJCdIpfj4XnI/QUFtu/y4sdWZS3nSMpkWAz3k3oYSSxMIWqv3Oy++U8NXa6Sr0i1cdO1FX2OcYO3mVTPsBcOe/CR0yfj4jZKlpko8Ur7M6R8jyIVGpmyhkZR2sIZxptBi/0oNGTYZObZggPijrsUnw+/vsBNWbNUzRL+Sei1LDQl0JscN691YLGy31tI4=
NsZPq/0xMf03PEXi971Fdflwwgb8JdZY4irifMFq1PMIPn9Y03kB8ZihUpYeo5RTaaQ7EjFkC0FJCdIpfj4XnI/QUFtu/y4sdWZS3nSMpkWAz3k3oYSSxMIWqv3Oy++U8NXa6Sr0i1cdO1FX2OcYO3mVTPsBcOe/CR0yfj4jZKlpko8Ur7M6R8jyIVGpmyhkZR2sIZxptBi/0oNGTYZObZggPijrsUnw+/vsBNWbNUzRL+uei1LDQl0JscN691YLGy31tI4=
fFv2qt8QMUoiGXmFd8sHFt/4242Yog+Y1FQMv6lj2N23iAxpRuYQl1yK3XQIqlWWy9wPmm7+Kwzr1eHHH5AncLQJ
XHj9iFwBsvawX14OxXr2lfnop4of6qsSbnIWgxZ0jV1nBuUyqaI4knNcC+mV3t1XE3cvbxweFa7RlZcRgmAzPx717mm/26pgWEZYMMk6Gr2ypknL7xUMaOkykAApmCuOi2xG5Oeymxf1oacae160Ow==
rmiagGUYkRKTDqf/YuWWU4i5Iw03ga37LxQJwKb5fie37A8gMQKqB+Aylcb4H3gY+1OjentTpz32CbqExTvljAEPUpv7MZOCjemhQ0qXJkurDWW0Hg==
LaGEzkTEAAYd2xIUX6+dPZwFinpShUtEvq4hDSOE/4nRUkElUpK3nMVBh6C58gJnOILtBiBPQPjTQ6t6c0OPXc7Z4sQ9i71sqX/aG3OBeyLVGRkDkkdea0MdbbQW
4GU4JE9swYHkQONkCdNOCykFhbdm5hhiED4MWyvL4NAOT3mBjHjJ3trEDWZhzSvPnMItDOgyxR9LVJ8CDgZbxKsd0f8/iDd4tAE=
Mcy1rj6tLlJE+v9DUxId1ygFhbdm5hhiED4MWyvL4NAOT3mBjHjJ3trEDWZhzSvPnMItDOgyxR9LVJ8CDgZbxKsd0f8/iDd4tAE=
yr0haQAdxAP6IRiH1FzAICsFhbdm5hhiED4MWyvL4NAOT3mBjHjJ3trEDWZhzSvPnMItDOgyxR9LVJ8CDgZbxKsd0f8/iDd4tAE=
Gl6Dr77iWfuRXCVXV82Vqg+ewy7QctQXm2e4PG6j4S089FFSWkiV6tFhsyP8LnWgWH4dU4sYR04+KgMoy/HJ0w+EL3S0DQ==
jXrHCfxA+cYteW7Wq8BPuQ6ewy7QctQXm2e4PG6j4S089FFSWkiV6tFhsyP8LnWgWH4dU4sYR04+KgMoy/HJ0w+EL3S0DQ==
ohvFqZ5zwdwVOnLkuxrvRg2ewy7QctQXm2e4PG6j4S089FFSWkiV6tFhsyP8LnWgWH4dU4sYR04+KgMoy/HJ0w+EL3S0DQ==
+kDediH+VZoURd+4F7/6GQyewy7QctQXm2e4PG6j4S089FFSWkiV6tFhsyP8LnWgWH4dU4sYR04+KgMoy/HJ0w+EL3S0DQ==
B6opS92NXz42HNXk/Smmywuewy7QctQXm2e4PG6j4S089FFSWkiV6tFhsyP8LnWgWH4dU4sYR04+KgMoy/HJ0w+EL3S0DQ==
F0LFqAN6TqG6GBqLE7PtRgqewy7QctQXm2e4PG6j4S089FFSWkiV6tFhsyP8LnWgWH4dU4sYR04+KgMoy/HJ0w+EL3S0DQ==
ChHXlVruFR5UlCBn98p+3Ckfg7V99BhiED4MWyvL4NAOT3mBjHjJ3trEDWZhzSvPnMItDOgyxR9LVJ8CDgZbxKsd0f8/iDd4tAE=
kPczCpjQlJLGfMJTCIb8QFqx+kifPJNZyHKlMnTwpCs591BZNwyE/dZyuDP8LnWgWH4dU4sYR04+KgMoy/HJ0w+EL3S0DQ==
MIQEhf/ZWIx/RTpl3JOKWlqx+kifPJNZyHanPHTwpCs591BZNwyE/dZyuDP8LnWgWH4dU4sYR04+KgMoy/HJ0w+EL3S0DQ==
F7YcBepp0pje+mJw79D9yZdW/wLJQ/Agt/t9Y47JX////zl11i4dZHk0Y7djFLdDhPvtPaVayyUH88z7wBOdIXO0CA==
tZnFukawyOxHBbA9AMnmbpAnVndW43+fYmhmUrrMWyCS/R/6k3pFUlrSoZzJwlJmeDlDDaFF7kxfkAu1+Hq/8BR8fGcJGwj1t6DcEeY+YL+c4m2saJKF/0s0X6KOppvkq/0Rn79od1i0IQ==
6rfdceaH1hO9rsmxkudQpDfV4vL36NM2V8nVOpp5U2epHx8aHX/Ntemwg0BOVRSlRuRRb28l1JRBTSVcOzqu3ahyWBdPYmB6teI6BHXbVcwx70Kb6xHjwn1J0cPaN3aLe21VtC4=
5cfkerAsIMToZDB9grimw/aEJ1eNrSoBhh6IHc/VDwesVF1eWt65kPkuSkoYFZvhkQm2gJ9cU/lIlmdcdNDki7mXkHk3LESdVtL4E/xOtUDY3t0zi/gH7r5KQ8jL0Qlzj2RvVLQt
1DXwjqE3OFRyEFxc6FsMDxd+YCxRRiViWuLBrAkSMvb4qeNdYbXOPF9gK8W4qh9glOycN0kr6MW3kDwhpm6ALxxyzXwo4qUPS0R/Uk72O3QrbXFPf1gXaLQR
OEuQdzgI8n6NPgCvvEThdCppy9cvmVEZQ08tZlrmybgZBhoS2M3LiTHhBvgfpOOR6H63BDQINKPZv2BBNxS0tTb6KMu8FmWoeLZtywuAtwYeIhMQC4lZW29MH2y0FQ==
Qdubj/tVHuGnlSst/kKeigNa5PIeq3ADdE8tZlrmybgZBhoS2M3LiTHhBvgfpOOR6H63BDQINKPZv2BBNxS0tTb6KMu8FmWoeLZtywuAtwYeIhMQC4lZW29MH2y0FQ==
SlVD3dYQHDfvuDQWyc3+PXM1mRjFp93noeDaZE02kZyGhEg/f/eJC6qevwaHPwDEy7LEWmB9AfUsh/dWcHt+oPQd7CSRlgCcge5rYpNoNtgvZjubTUV3RhNqtBc=
gAGnxXbvntU3iIGp3wtfavlwwgb8JdZY4irifMFq1PMIPn9Y03kB8ZihUpYeo5RTaaQ7EjFkC0FJCdIpfj4XnI/QUFtu/y4sdWZS3nSMpkWAz3k3oYSSxMIWqv3Oy++U8NXa6Sr0i1cdO1FX2OcYO3mVTPsBcOe/CR0yfj4jZKlpko8Ur7M6R8jyIVGpmyhkZR2sIZxptBi/0oNGTYZObZggPijrsUnw+/vsBNWbNUzRL+Gbi1HDQl0JscN691YLGy31tI4=
QtcV+p8ASPCUCV3iD/rqc/6QN3mhlaO33a9HKWLnOe3dTUcjTp4XPdWOUoRuLPW8M0WG4SAwhiHMLnyMZL9tIABMaC3EhcYkJ9qqGYhZSD2TlHSMYiu3kL2h6KnyFfbMWy8dmFS1CNYrNwFlv5p3GT8OwIhpQJn8FDPYSz3V+7+KE0TG8p2QoPsERyH4KqVPjqzu7CZZHkrw7l15+GdIOhen24qJPzHBPTk/FfYm7U47NtuECjLKs0qoTvMJda6Ylwtlz34gQAwOu1yDBSBGEli71m0jx7hDHZbqQmoddE055hpBoy7Jbl0QJaWb+r7p/2zCs3cLil5dRuUPaYxDqv6z5/a1LOX5KzRSp9TswreO/q30ikFwvyBFZZchROjVO31Jy9bo8/Adzr/xnaPXbMvbS3BCFOsUy70GB+nv9WxcCNSu8bmDxbSemaDBs6gQo1txjbsnbIIkLB5ULCVRfY5ZyMrT6hTWnTMsvCHOYISxMum6onBWgJ/++4N9HRfeo7K0zw==
id5kAMVrbn3xsPGtNttM0/xQJ39A35wSyPuhkNYIbDjkB8ynOL6X5mSvNcSYPrh+Ke+0GHmRpWMcvRjp1Y5ysRT1+NCCMm6C3IpTVbfyQib47JIJAYR/lKIrFz8cYCJshIKzMUq9O/IMpAH5+vmecVuz1gU7kNs/KeWbdi7wYAPk76CAFkTF9IScl8kpXzqWS8Eg1Pne3xCQwo0yE5WyJrb8hb0Cu+nvRl1Wr7SHrninacHBw0sXnJt2FOj1Jph3BPrH3U6lDLj5jPv8VoRYKwFiPUKuph5VzqREH6viSXQMgLLTAzpihRflOQ9dXd7Vu/qmRdkSYKHidrm/202k1z3XNXQ2Z3UztWlOmZnKPDoNJlhUKx1HPAgs+GI4Ldx/FdzqEVipKDARH+cPw4fKk6LTY7GuW2NUPdcz6WDu7BceIbOWzZTtt+DPssbzwftvEgy/Oc6Bfk2u8AWmkZbfsrQlAuQ8aGl1U7gBT/7UR+8PpEuLB7np9Bkq5/3j06hDLAPBqbe0zA==
vTedtyNPxraEKV/Lo/jT2o8Ljcr8dOQXGQMwkMl/SegoMOiFz5Hh6QoLFk6AjmQRLxnkIXTZjrujDarMr7klqXiPJnDSzp35EWuzX1venGz82z12JFNzF7rJtkivbkrlUH1YMfvAtFCarwc89dXIlerxJgDzu50E7HH4OiMDYRnnPueV19qA1BFEqdDcx3j3pbGr86IHRNrK2eDMc7Cn3SAOtUPm+C4w3t2u5riafUXgg5j2vzNbFjH7wS01DV9proJ9wtPim9hyNvqfglzuT5ER/tS/H2XTRmQwYIYPvH/dBFYeMO8WsdtDCO9V4sp+cvmkgZFymt0b6jmCVSRF2cNeLmUXuILvDw+6cpWyRbPx6BPm1qfn6o1olZWjgLJbDMjSu+aqbShyxcATaDFFqzmgOBmT6clXbiwDHBX6343FB0fgIw8LLDoQ2zgDSaa7cYulIHQc1LLJ/fOpPCp5XBmXuBzLD7FRQ6PcLmxYPmg0wYGxJs1IVmsu5DqVB0zAeWrwCFnmqebadGasVwpbP+V5R5KLprTT
8tG+MD7p8sIfrkvE1+7RTqo9pxtdaAfaLl8ggELgLL+B0m49hr02CzI6xboYxnPd+kNeNWmpUVG0S88Q5o8j2hUX3+8BXkuUdry2XgTPLQosV3Mbor2GVEdKKoloqYgNs4R0nEIbd2BdMWg5kmW2/Hs/HYh0hUimS6eB9V9qtykfHsCYSXBZDPSjWNtdpbuPqgNE1tKt0NCblMexGNplf6687vwGad66EH7d6ZgXCAo3t9uaqQ9xsV2pv4UW1i1+GybblCoCCkOqOM5jaQXuqLcbZd9eEAB8bivcE+XQhiJ4q9Z9A/d4s/0GatIKbTR9GfYaUYMeiR49gKU1ewp+2d98wqNXO0quvdZlnwn8A5reo+fmlRyliUuk0jc0HAKHru6t5KpxsE/A1eUHQTSo5RttSdv22LOAfV4/YX1TF1zry0tgYiQr5CsthpeJn7VcfBjUvtGJw7XUDhkwIUNoIINLcZ2bF6xyxLyexExVEU2uScja89pUpv2jrCzBPqC0kSLpqoJAlnB/bnsTHW1X7oOitN8=
8tG+MD7p8sIfrkvE1+7RTqo9pxtdaAfaLl8ggELgLL+B0m49hr02CzI6xboYxnPd+kNeNWmpUVG0S88Q5o8j2hUX3+8BXkuUdry2XgTPLQosV3Mbor2GVEdKKoloqYgNs4R0nEIbd2BdMWg5kmW2/Hs/HYh0hUimS6eB9V9qtykfHsCYSXBZDPSjWNtdpbuPqgNE1tKt0NCblMexGNplf6687vwGad66EH7d6ZgXCAo3t9uaqQ9xsV2pv4UW1i1+GybblCoCCkOqOM5jaQXuqLcbZd9eEAB8bivcE+XQhiJ4q9Z9A/d4s/0GatIKbTR9GfYaUYMeiR49gKU1ewp+2d98wqNXO0quvdZlnwn8A5reo+fmlRyliUuk0jc0HAKHru6t5KpxsE/A1eUHQTSo5RttSdv22LOAfV4/YX1TF1zry0tgYiQr5CsthpeJn7VcfBjUvtGJw7XUDhkwIUNoIINLcZ2bF6xyxLyexExVEU2uScja89pUpv2jrCzBPqC0kSLpqoJAlnB/bnsTHW1X7oOitN8=
vTedtyNPxraEKV/Lo/jT2o8Ljcr8dOQXGQMwkMl/SegoMOiFz5Hh6QoLFk6AjmQRLxnkIXTZjrujDarMr7klqXiPJnDSzp35EWuzX1venGz82z12JFNzF7rJtkivbkrlUH1YMfvAtFCarwc89dXIlerxJgDzu50E7HH4OiMDYRnnPueV19qA1BFEqdDcx3j3pbGr86IHRNrK2eDMc7Cn3SAOtUPm+C4w3t2u5riafUXgg5j2vzNbFjH7wS01DV9proJ9wtPim9hyNvqfglzuT5ER/tS/H2XTRmQwYIYPvH/dBFYeMO8WsdtDCO9V4sp+cvmkgZFymt0b6jmCVSRF2cNeLmUXuILvDw+6cpWyRbPx6BPm1qfn6o1olZWjgLJbDMjSu+aqbShyxcATaDFFqzmgOBmT6clXbiwDHBX6343FB0fgIw8LLDoQ2zgDSaa7cYulIHQc1LLJ/fOpPCp5XBmXuBzLD7FRQ6PcLmxYPmg0wYGxJs1IVmsu5DqVB0zAeWrwCFnmqebadGasVwpbP+V5R5KLprTT
3cEUT1HhtiKJ3KpFhOqImFqx+kifPJNZyHKlMnTwpCs591BZNwyE/dZyuDP8LnWgWH4dV4sYRU8+KgMoy/HJ0w+EL3S0DQ==
3sGUIw9Wp90c3ulbA8nxPO3Gqw31jDM+uon+BXMQWs7wtWUvJQdpky/bDlCkP+wtk6yVAxsnDAn68zVKXpu4hRL0S6drNI+T+HtVb1w6wzVvM2RLSHNFEWu0EA==
